[0.020s] Invoking command in '/home/student/aruco_realsense/build/workcell_description': AMENT_PREFIX_PATH=/home/student/aruco_realsense/install/realsense2_description:/home/student/aruco_realsense/install/ur_description:/home/student/aruco_realsense/install/realsense2_camera_msgs:${AMENT_PREFIX_PATH} CMAKE_PREFIX_PATH=/home/student/aruco_realsense/install/realsense2_description:/home/student/aruco_realsense/install/ur_description:/home/student/aruco_realsense/install/realsense2_camera_msgs:/opt/ros/galactic LD_LIBRARY_PATH=/home/student/aruco_realsense/install/realsense2_camera_msgs/lib:/opt/ros/galactic/opt/yaml_cpp_vendor/lib:/opt/ros/galactic/opt/rviz_ogre_vendor/lib:/opt/ros/galactic/lib/x86_64-linux-gnu:/opt/ros/galactic/lib:/usr/local/cuda-11.1/lib64: PYTHONPATH=/home/student/aruco_realsense/install/realsense2_camera_msgs/lib/python3.8/site-packages:${PYTHONPATH} /usr/bin/cmake /home/student/aruco_realsense/src/ur5e_workcell_bringup/workcell_description -DCMAKE_INSTALL_PREFIX=/home/student/aruco_realsense/install/workcell_description
[0.078s] -- The C compiler identification is GNU 9.4.0
[0.126s] -- The CXX compiler identification is GNU 9.4.0
[0.130s] -- Check for working C compiler: /usr/bin/cc
[0.193s] -- Check for working C compiler: /usr/bin/cc -- works
[0.193s] -- Detecting C compiler ABI info
[0.256s] -- Detecting C compiler ABI info - done
[0.265s] -- Detecting C compile features
[0.266s] -- Detecting C compile features - done
[0.268s] -- Check for working CXX compiler: /usr/bin/c++
[0.345s] -- Check for working CXX compiler: /usr/bin/c++ -- works
[0.346s] -- Detecting CXX compiler ABI info
[0.412s] -- Detecting CXX compiler ABI info - done
[0.422s] -- Detecting CXX compile features
[0.423s] -- Detecting CXX compile features - done
[0.424s] -- Found ament_cmake: 1.1.5 (/opt/ros/galactic/share/ament_cmake/cmake)
[0.445s] -- Found PythonInterp: /usr/bin/python3 (found suitable version "3.8.10", minimum required is "3") 
[0.445s] -- Using PYTHON_EXECUTABLE: /usr/bin/python3
[0.508s] -- Found rclcpp: 9.2.1 (/opt/ros/galactic/share/rclcpp/cmake)
[0.547s] -- Using all available rosidl_typesupport_c: rosidl_typesupport_fastrtps_c;rosidl_typesupport_introspection_c
[0.552s] -- Found rosidl_adapter: 2.2.2 (/opt/ros/galactic/share/rosidl_adapter/cmake)
[0.617s] -- Found OpenSSL: /usr/lib/x86_64-linux-gnu/libcrypto.so (found version "1.1.1f")  
[0.642s] -- Found FastRTPS: /opt/ros/galactic/include  
[0.706s] -- Using all available rosidl_typesupport_cpp: rosidl_typesupport_fastrtps_cpp;rosidl_typesupport_introspection_cpp
[0.756s] -- Found rmw_implementation_cmake: 3.3.1 (/opt/ros/galactic/share/rmw_implementation_cmake/cmake)
[0.759s] -- Found rmw_cyclonedds_cpp: 0.22.5 (/opt/ros/galactic/share/rmw_cyclonedds_cpp/cmake)
[0.776s] -- Using RMW implementation 'rmw_cyclonedds_cpp' as default
[0.776s] -- Looking for pthread.h
[0.886s] -- Looking for pthread.h - found
[0.886s] -- Performing Test CMAKE_HAVE_LIBC_PTHREAD
[0.954s] -- Performing Test CMAKE_HAVE_LIBC_PTHREAD - Failed
[0.954s] -- Looking for pthread_create in pthreads
[1.008s] -- Looking for pthread_create in pthreads - not found
[1.008s] -- Looking for pthread_create in pthread
[1.100s] -- Looking for pthread_create in pthread - found
[1.102s] -- Found Threads: TRUE  
[1.249s] -- Found rclpy: 1.9.1 (/opt/ros/galactic/share/rclpy/cmake)
[1.249s] -- Found ur_description: 2.0.0 (/home/student/aruco_realsense/install/ur_description/share/ur_description/cmake)
[1.249s] -- Found realsense2_description: 3.2.3 (/home/student/aruco_realsense/install/realsense2_description/share/realsense2_description/cmake)
[1.250s] -- Found ament_lint_auto: 0.10.7 (/opt/ros/galactic/share/ament_lint_auto/cmake)
[1.310s] -- Added test 'flake8' to check Python code syntax and style conventions
[1.311s] -- Added test 'lint_cmake' to check CMake code style
[1.311s] -- Added test 'pep257' to check Python code against some of the style conventions in PEP 257
[1.312s] -- Added test 'xmllint' to check XML markup files
[1.315s] -- Configuring done
[1.317s] -- Generating done
[1.318s] -- Build files have been written to: /home/student/aruco_realsense/build/workcell_description
[1.324s] Invoked command in '/home/student/aruco_realsense/build/workcell_description' returned '0': AMENT_PREFIX_PATH=/home/student/aruco_realsense/install/realsense2_description:/home/student/aruco_realsense/install/ur_description:/home/student/aruco_realsense/install/realsense2_camera_msgs:${AMENT_PREFIX_PATH} CMAKE_PREFIX_PATH=/home/student/aruco_realsense/install/realsense2_description:/home/student/aruco_realsense/install/ur_description:/home/student/aruco_realsense/install/realsense2_camera_msgs:/opt/ros/galactic LD_LIBRARY_PATH=/home/student/aruco_realsense/install/realsense2_camera_msgs/lib:/opt/ros/galactic/opt/yaml_cpp_vendor/lib:/opt/ros/galactic/opt/rviz_ogre_vendor/lib:/opt/ros/galactic/lib/x86_64-linux-gnu:/opt/ros/galactic/lib:/usr/local/cuda-11.1/lib64: PYTHONPATH=/home/student/aruco_realsense/install/realsense2_camera_msgs/lib/python3.8/site-packages:${PYTHONPATH} /usr/bin/cmake /home/student/aruco_realsense/src/ur5e_workcell_bringup/workcell_description -DCMAKE_INSTALL_PREFIX=/home/student/aruco_realsense/install/workcell_description
[1.326s] Invoking command in '/home/student/aruco_realsense/build/workcell_description': AMENT_PREFIX_PATH=/home/student/aruco_realsense/install/realsense2_description:/home/student/aruco_realsense/install/ur_description:/home/student/aruco_realsense/install/realsense2_camera_msgs:${AMENT_PREFIX_PATH} CMAKE_PREFIX_PATH=/home/student/aruco_realsense/install/realsense2_description:/home/student/aruco_realsense/install/ur_description:/home/student/aruco_realsense/install/realsense2_camera_msgs:/opt/ros/galactic LD_LIBRARY_PATH=/home/student/aruco_realsense/install/realsense2_camera_msgs/lib:/opt/ros/galactic/opt/yaml_cpp_vendor/lib:/opt/ros/galactic/opt/rviz_ogre_vendor/lib:/opt/ros/galactic/lib/x86_64-linux-gnu:/opt/ros/galactic/lib:/usr/local/cuda-11.1/lib64: PYTHONPATH=/home/student/aruco_realsense/install/realsense2_camera_msgs/lib/python3.8/site-packages:${PYTHONPATH} /usr/bin/cmake --build /home/student/aruco_realsense/build/workcell_description -- -j12 -l12
[1.362s] Invoked command in '/home/student/aruco_realsense/build/workcell_description' returned '0': AMENT_PREFIX_PATH=/home/student/aruco_realsense/install/realsense2_description:/home/student/aruco_realsense/install/ur_description:/home/student/aruco_realsense/install/realsense2_camera_msgs:${AMENT_PREFIX_PATH} CMAKE_PREFIX_PATH=/home/student/aruco_realsense/install/realsense2_description:/home/student/aruco_realsense/install/ur_description:/home/student/aruco_realsense/install/realsense2_camera_msgs:/opt/ros/galactic LD_LIBRARY_PATH=/home/student/aruco_realsense/install/realsense2_camera_msgs/lib:/opt/ros/galactic/opt/yaml_cpp_vendor/lib:/opt/ros/galactic/opt/rviz_ogre_vendor/lib:/opt/ros/galactic/lib/x86_64-linux-gnu:/opt/ros/galactic/lib:/usr/local/cuda-11.1/lib64: PYTHONPATH=/home/student/aruco_realsense/install/realsense2_camera_msgs/lib/python3.8/site-packages:${PYTHONPATH} /usr/bin/cmake --build /home/student/aruco_realsense/build/workcell_description -- -j12 -l12
[1.385s] Invoking command in '/home/student/aruco_realsense/build/workcell_description': AMENT_PREFIX_PATH=/home/student/aruco_realsense/install/realsense2_description:/home/student/aruco_realsense/install/ur_description:/home/student/aruco_realsense/install/realsense2_camera_msgs:${AMENT_PREFIX_PATH} CMAKE_PREFIX_PATH=/home/student/aruco_realsense/install/realsense2_description:/home/student/aruco_realsense/install/ur_description:/home/student/aruco_realsense/install/realsense2_camera_msgs:/opt/ros/galactic LD_LIBRARY_PATH=/home/student/aruco_realsense/install/realsense2_camera_msgs/lib:/opt/ros/galactic/opt/yaml_cpp_vendor/lib:/opt/ros/galactic/opt/rviz_ogre_vendor/lib:/opt/ros/galactic/lib/x86_64-linux-gnu:/opt/ros/galactic/lib:/usr/local/cuda-11.1/lib64: PYTHONPATH=/home/student/aruco_realsense/install/realsense2_camera_msgs/lib/python3.8/site-packages:${PYTHONPATH} /usr/bin/cmake --install /home/student/aruco_realsense/build/workcell_description
[1.393s] -- Install configuration: ""
[1.393s] -- Installing: /home/student/aruco_realsense/install/workcell_description/share/workcell_description//launch
[1.393s] -- Installing: /home/student/aruco_realsense/install/workcell_description/share/workcell_description//launch/simulation.launch.py
[1.393s] -- Installing: /home/student/aruco_realsense/install/workcell_description/share/workcell_description//launch/workcell_bringup.launch.py
[1.394s] -- Installing: /home/student/aruco_realsense/install/workcell_description/share/workcell_description//launch/gazebo_bringup.launch.py
[1.394s] -- Installing: /home/student/aruco_realsense/install/workcell_description/share/workcell_description//urdf
[1.394s] -- Installing: /home/student/aruco_realsense/install/workcell_description/share/workcell_description//urdf/workcell.urdf.xacro
[1.394s] -- Installing: /home/student/aruco_realsense/install/workcell_description/share/workcell_description//urdf/workcell.urdf
[1.394s] -- Installing: /home/student/aruco_realsense/install/workcell_description/share/workcell_description//urdf/robot.xacro
[1.394s] -- Installing: /home/student/aruco_realsense/install/workcell_description/share/workcell_description//urdf/camera.xacro
[1.394s] -- Installing: /home/student/aruco_realsense/install/workcell_description/share/workcell_description//urdf/grippy.xacro
[1.394s] -- Installing: /home/student/aruco_realsense/install/workcell_description/share/workcell_description//urdf/gazebo_control.xacro
[1.394s] -- Installing: /home/student/aruco_realsense/install/workcell_description/share/workcell_description//urdf/robotcell.xacro
[1.394s] -- Installing: /home/student/aruco_realsense/install/workcell_description/share/workcell_description//urdf/shunk_egp50.xacro
[1.395s] -- Installing: /home/student/aruco_realsense/install/workcell_description/share/workcell_description//urdf/gripper.xacro
[1.395s] -- Installing: /home/student/aruco_realsense/install/workcell_description/share/workcell_description//urdf/inertial_macros.xacro
[1.395s] -- Installing: /home/student/aruco_realsense/install/workcell_description/share/workcell_description//meshes
[1.395s] -- Installing: /home/student/aruco_realsense/install/workcell_description/share/workcell_description//meshes/Gripper.stl
[1.395s] -- Installing: /home/student/aruco_realsense/install/workcell_description/share/workcell_description//meshes/Pincer_1.stl
[1.395s] -- Installing: /home/student/aruco_realsense/install/workcell_description/share/workcell_description//meshes/Robotcell.stl
[1.395s] -- Installing: /home/student/aruco_realsense/install/workcell_description/share/workcell_description//meshes/Pincer_2.stl
[1.396s] -- Installing: /home/student/aruco_realsense/install/workcell_description/share/workcell_description//config
[1.396s] -- Installing: /home/student/aruco_realsense/install/workcell_description/share/workcell_description//config/config.rviz
[1.396s] CMake Error at cmake_install.cmake:41 (file):
[1.396s]   file INSTALL cannot find
[1.396s]   "/home/student/aruco_realsense/src/ur5e_workcell_bringup/workcell_description/world":
[1.397s]   No such file or directory.
[1.397s] 
[1.397s] 
[1.398s] Invoked command in '/home/student/aruco_realsense/build/workcell_description' returned '1': AMENT_PREFIX_PATH=/home/student/aruco_realsense/install/realsense2_description:/home/student/aruco_realsense/install/ur_description:/home/student/aruco_realsense/install/realsense2_camera_msgs:${AMENT_PREFIX_PATH} CMAKE_PREFIX_PATH=/home/student/aruco_realsense/install/realsense2_description:/home/student/aruco_realsense/install/ur_description:/home/student/aruco_realsense/install/realsense2_camera_msgs:/opt/ros/galactic LD_LIBRARY_PATH=/home/student/aruco_realsense/install/realsense2_camera_msgs/lib:/opt/ros/galactic/opt/yaml_cpp_vendor/lib:/opt/ros/galactic/opt/rviz_ogre_vendor/lib:/opt/ros/galactic/lib/x86_64-linux-gnu:/opt/ros/galactic/lib:/usr/local/cuda-11.1/lib64: PYTHONPATH=/home/student/aruco_realsense/install/realsense2_camera_msgs/lib/python3.8/site-packages:${PYTHONPATH} /usr/bin/cmake --install /home/student/aruco_realsense/build/workcell_description
