running egg_info
creating ../../build/aruco_rs2/aruco_rs2.egg-info
writing ../../build/aruco_rs2/aruco_rs2.egg-info/PKG-INFO
writing dependency_links to ../../build/aruco_rs2/aruco_rs2.egg-info/dependency_links.txt
writing entry points to ../../build/aruco_rs2/aruco_rs2.egg-info/entry_points.txt
writing requirements to ../../build/aruco_rs2/aruco_rs2.egg-info/requires.txt
writing top-level names to ../../build/aruco_rs2/aruco_rs2.egg-info/top_level.txt
writing manifest file '../../build/aruco_rs2/aruco_rs2.egg-info/SOURCES.txt'
reading manifest file '../../build/aruco_rs2/aruco_rs2.egg-info/SOURCES.txt'
writing manifest file '../../build/aruco_rs2/aruco_rs2.egg-info/SOURCES.txt'
running build
running build_py
creating /home/student/aruco_realsense/build/aruco_rs2/build
creating /home/student/aruco_realsense/build/aruco_rs2/build/lib
creating /home/student/aruco_realsense/build/aruco_rs2/build/lib/aruco_rs2
copying aruco_rs2/__init__.py -> /home/student/aruco_realsense/build/aruco_rs2/build/lib/aruco_rs2
running install
running install_lib
creating /home/student/aruco_realsense/install/aruco_rs2/lib/python3.8/site-packages/aruco_rs2
copying /home/student/aruco_realsense/build/aruco_rs2/build/lib/aruco_rs2/__init__.py -> /home/student/aruco_realsense/install/aruco_rs2/lib/python3.8/site-packages/aruco_rs2
byte-compiling /home/student/aruco_realsense/install/aruco_rs2/lib/python3.8/site-packages/aruco_rs2/__init__.py to __init__.cpython-38.pyc
running install_data
creating /home/student/aruco_realsense/install/aruco_rs2/share/ament_index
creating /home/student/aruco_realsense/install/aruco_rs2/share/ament_index/resource_index
creating /home/student/aruco_realsense/install/aruco_rs2/share/ament_index/resource_index/packages
copying resource/aruco_rs2 -> /home/student/aruco_realsense/install/aruco_rs2/share/ament_index/resource_index/packages
copying package.xml -> /home/student/aruco_realsense/install/aruco_rs2/share/aruco_rs2
copying launch/rs_aruco.launch.py -> /home/student/aruco_realsense/install/aruco_rs2/share/aruco_rs2
running install_egg_info
Copying ../../build/aruco_rs2/aruco_rs2.egg-info to /home/student/aruco_realsense/install/aruco_rs2/lib/python3.8/site-packages/aruco_rs2-0.0.0-py3.8.egg-info
running install_scripts
writing list of installed files to '/home/student/aruco_realsense/build/aruco_rs2/install.log'
