[0.018s] Invoking command in '/home/student/aruco_realsense/build/realsense2_camera': CMAKE_PREFIX_PATH=/home/student/aruco_realsense/install/realsense2_camera_msgs:/home/student/aruco_realsense/install/aruco_rs:/home/student/aruco_realsense/install/ros2_aruco_interfaces:/home/student/aruco_realsense/install/realsense2_description:/home/student/aruco_realsense/install/realsense2_camera:/home/student/aruco_realsense/install/aruco_rs2:/home/student/aruco_realsense/install/ros2_aruco:/opt/ros/galactic LD_LIBRARY_PATH=/home/student/aruco_realsense/install/realsense2_camera_msgs/lib:/home/student/aruco_realsense/install/ros2_aruco_interfaces/lib:/home/student/aruco_realsense/install/realsense2_camera/lib:/opt/ros/galactic/opt/yaml_cpp_vendor/lib:/opt/ros/galactic/opt/rviz_ogre_vendor/lib:/opt/ros/galactic/lib/x86_64-linux-gnu:/opt/ros/galactic/lib:/usr/local/cuda-11.1/lib64: PYTHONPATH=/home/student/aruco_realsense/install/realsense2_camera_msgs/lib/python3.8/site-packages:/home/student/aruco_realsense/install/aruco_rs2/lib/python3.8/site-packages:/home/student/aruco_realsense/install/ros2_aruco_interfaces/lib/python3.8/site-packages:/home/student/aruco_realsense/install/ros2_aruco/lib/python3.8/site-packages:/opt/ros/galactic/lib/python3.8/site-packages /usr/bin/cmake /home/student/aruco_realsense/src/realsense-ros/realsense2_camera -DCMAKE_INSTALL_PREFIX=/home/student/aruco_realsense/install/realsense2_camera
[0.064s] -- The C compiler identification is GNU 9.4.0
[0.108s] -- The CXX compiler identification is GNU 9.4.0
[0.112s] -- Check for working C compiler: /usr/bin/cc
[0.170s] -- Check for working C compiler: /usr/bin/cc -- works
[0.171s] -- Detecting C compiler ABI info
[0.229s] -- Detecting C compiler ABI info - done
[0.238s] -- Detecting C compile features
[0.239s] -- Detecting C compile features - done
[0.241s] -- Check for working CXX compiler: /usr/bin/c++
[0.308s] -- Check for working CXX compiler: /usr/bin/c++ -- works
[0.309s] -- Detecting CXX compiler ABI info
[0.376s] -- Detecting CXX compiler ABI info - done
[0.387s] -- Detecting CXX compile features
[0.388s] -- Detecting CXX compile features - done
[0.388s] -- Create Release Build.
[0.390s] -- Found ament_cmake: 1.1.5 (/opt/ros/galactic/share/ament_cmake/cmake)
[0.412s] -- Found PythonInterp: /usr/bin/python3 (found suitable version "3.8.10", minimum required is "3") 
[0.412s] -- Using PYTHON_EXECUTABLE: /usr/bin/python3
[0.490s] -- Found builtin_interfaces: 1.0.3 (/opt/ros/galactic/share/builtin_interfaces/cmake)
[0.517s] -- Using all available rosidl_typesupport_c: rosidl_typesupport_fastrtps_c;rosidl_typesupport_introspection_c
[0.522s] -- Found rosidl_adapter: 2.2.2 (/opt/ros/galactic/share/rosidl_adapter/cmake)
[0.604s] -- Found OpenSSL: /usr/lib/x86_64-linux-gnu/libcrypto.so (found version "1.1.1f")  
[0.630s] -- Found FastRTPS: /opt/ros/galactic/include  
[0.705s] -- Using all available rosidl_typesupport_cpp: rosidl_typesupport_fastrtps_cpp;rosidl_typesupport_introspection_cpp
[0.731s] -- Found cv_bridge: 2.2.1 (/opt/ros/galactic/share/cv_bridge/cmake)
[0.748s] -- Found image_transport: 2.3.1 (/opt/ros/galactic/share/image_transport/cmake)
[0.800s] -- Found rmw_implementation_cmake: 3.3.1 (/opt/ros/galactic/share/rmw_implementation_cmake/cmake)
[0.803s] -- Found rmw_cyclonedds_cpp: 0.22.5 (/opt/ros/galactic/share/rmw_cyclonedds_cpp/cmake)
[0.820s] -- Using RMW implementation 'rmw_cyclonedds_cpp' as default
[0.821s] -- Looking for pthread.h
[0.880s] -- Looking for pthread.h - found
[0.880s] -- Performing Test CMAKE_HAVE_LIBC_PTHREAD
[0.967s] -- Performing Test CMAKE_HAVE_LIBC_PTHREAD - Failed
[0.968s] -- Looking for pthread_create in pthreads
[1.037s] -- Looking for pthread_create in pthreads - not found
[1.037s] -- Looking for pthread_create in pthread
[1.119s] -- Looking for pthread_create in pthread - found
[1.120s] -- Found Threads: TRUE  
[1.434s] -- Found rclcpp_components: 9.2.1 (/opt/ros/galactic/share/rclcpp_components/cmake)
[1.481s] -- Found realsense2_camera_msgs: 3.2.3 (/home/student/aruco_realsense/install/realsense2_camera_msgs/share/realsense2_camera_msgs/cmake)
[1.515s] -- Found std_srvs: 2.2.4 (/opt/ros/galactic/share/std_srvs/cmake)
[1.525s] -- Found nav_msgs: 2.2.4 (/opt/ros/galactic/share/nav_msgs/cmake)
[1.593s] -- Found tf2_ros: 0.17.3 (/opt/ros/galactic/share/tf2_ros/cmake)
[1.856s] -- Found diagnostic_updater: 2.1.3 (/opt/ros/galactic/share/diagnostic_updater/cmake)
[1.914s] -- Build for ROS2 Galactic
[1.987s] -- Found ament_lint_auto: 0.10.7 (/opt/ros/galactic/share/ament_lint_auto/cmake)
[1.992s] -- Found OpenCV: /usr (found version "4.2.0") 
[2.064s] -- Added test 'copyright' to check source files copyright and LICENSE
[2.066s] -- Added test 'cppcheck' to perform static code analysis on C / C++ code
[2.066s] -- Configured cppcheck include dirs: /home/student/aruco_realsense/src/realsense-ros/realsense2_camera/include
[2.066s] -- Configured cppcheck exclude dirs and/or files: 
[2.068s] -- Added test 'cpplint' to check C / C++ code against the Google style
[2.068s] -- Configured cpplint exclude dirs and/or files: 
[2.069s] -- Added test 'flake8' to check Python code syntax and style conventions
[2.069s] -- Added test 'lint_cmake' to check CMake code style
[2.070s] -- Added test 'pep257' to check Python code against some of the style conventions in PEP 257
[2.072s] -- Added test 'uncrustify' to check C / C++ code style
[2.072s] -- Configured uncrustify additional arguments: 
[2.073s] -- Added test 'xmllint' to check XML markup files
[2.078s] -- Configuring done
[2.113s] -- Generating done
[2.115s] -- Build files have been written to: /home/student/aruco_realsense/build/realsense2_camera
[2.123s] Invoked command in '/home/student/aruco_realsense/build/realsense2_camera' returned '0': CMAKE_PREFIX_PATH=/home/student/aruco_realsense/install/realsense2_camera_msgs:/home/student/aruco_realsense/install/aruco_rs:/home/student/aruco_realsense/install/ros2_aruco_interfaces:/home/student/aruco_realsense/install/realsense2_description:/home/student/aruco_realsense/install/realsense2_camera:/home/student/aruco_realsense/install/aruco_rs2:/home/student/aruco_realsense/install/ros2_aruco:/opt/ros/galactic LD_LIBRARY_PATH=/home/student/aruco_realsense/install/realsense2_camera_msgs/lib:/home/student/aruco_realsense/install/ros2_aruco_interfaces/lib:/home/student/aruco_realsense/install/realsense2_camera/lib:/opt/ros/galactic/opt/yaml_cpp_vendor/lib:/opt/ros/galactic/opt/rviz_ogre_vendor/lib:/opt/ros/galactic/lib/x86_64-linux-gnu:/opt/ros/galactic/lib:/usr/local/cuda-11.1/lib64: PYTHONPATH=/home/student/aruco_realsense/install/realsense2_camera_msgs/lib/python3.8/site-packages:/home/student/aruco_realsense/install/aruco_rs2/lib/python3.8/site-packages:/home/student/aruco_realsense/install/ros2_aruco_interfaces/lib/python3.8/site-packages:/home/student/aruco_realsense/install/ros2_aruco/lib/python3.8/site-packages:/opt/ros/galactic/lib/python3.8/site-packages /usr/bin/cmake /home/student/aruco_realsense/src/realsense-ros/realsense2_camera -DCMAKE_INSTALL_PREFIX=/home/student/aruco_realsense/install/realsense2_camera
[2.125s] Invoking command in '/home/student/aruco_realsense/build/realsense2_camera': CMAKE_PREFIX_PATH=/home/student/aruco_realsense/install/realsense2_camera_msgs:/home/student/aruco_realsense/install/aruco_rs:/home/student/aruco_realsense/install/ros2_aruco_interfaces:/home/student/aruco_realsense/install/realsense2_description:/home/student/aruco_realsense/install/realsense2_camera:/home/student/aruco_realsense/install/aruco_rs2:/home/student/aruco_realsense/install/ros2_aruco:/opt/ros/galactic LD_LIBRARY_PATH=/home/student/aruco_realsense/install/realsense2_camera_msgs/lib:/home/student/aruco_realsense/install/ros2_aruco_interfaces/lib:/home/student/aruco_realsense/install/realsense2_camera/lib:/opt/ros/galactic/opt/yaml_cpp_vendor/lib:/opt/ros/galactic/opt/rviz_ogre_vendor/lib:/opt/ros/galactic/lib/x86_64-linux-gnu:/opt/ros/galactic/lib:/usr/local/cuda-11.1/lib64: PYTHONPATH=/home/student/aruco_realsense/install/realsense2_camera_msgs/lib/python3.8/site-packages:/home/student/aruco_realsense/install/aruco_rs2/lib/python3.8/site-packages:/home/student/aruco_realsense/install/ros2_aruco_interfaces/lib/python3.8/site-packages:/home/student/aruco_realsense/install/ros2_aruco/lib/python3.8/site-packages:/opt/ros/galactic/lib/python3.8/site-packages /usr/bin/cmake --build /home/student/aruco_realsense/build/realsense2_camera -- -j12 -l12
[2.160s] [35m[1mScanning dependencies of target realsense2_camera_node[0m
[2.161s] [35m[1mScanning dependencies of target realsense2_camera[0m
[2.197s] [ 12%] [32mBuilding CXX object CMakeFiles/realsense2_camera_node.dir/rclcpp_components/node_main_realsense2_camera_node.cpp.o[0m
[2.249s] [ 50%] [32mBuilding CXX object CMakeFiles/realsense2_camera.dir/src/t265_realsense_node.cpp.o[0m
[2.250s] [ 50%] [32mBuilding CXX object CMakeFiles/realsense2_camera.dir/src/base_realsense_node.cpp.o[0m
[2.250s] [ 50%] [32mBuilding CXX object CMakeFiles/realsense2_camera.dir/src/dynamic_params.cpp.o[0m
[2.252s] [ 62%] [32mBuilding CXX object CMakeFiles/realsense2_camera.dir/src/realsense_node_factory.cpp.o[0m
[2.254s] [ 75%] [32mBuilding CXX object CMakeFiles/realsense2_camera.dir/src/ros_param_backend_foxy.cpp.o[0m
[5.603s] [ 87%] [32m[1mLinking CXX executable realsense2_camera_node[0m
[5.747s] [ 87%] Built target realsense2_camera_node
[25.526s] [100%] [32m[1mLinking CXX shared library librealsense2_camera.so[0m
[26.039s] [100%] Built target realsense2_camera
[26.112s] Invoked command in '/home/student/aruco_realsense/build/realsense2_camera' returned '0': CMAKE_PREFIX_PATH=/home/student/aruco_realsense/install/realsense2_camera_msgs:/home/student/aruco_realsense/install/aruco_rs:/home/student/aruco_realsense/install/ros2_aruco_interfaces:/home/student/aruco_realsense/install/realsense2_description:/home/student/aruco_realsense/install/realsense2_camera:/home/student/aruco_realsense/install/aruco_rs2:/home/student/aruco_realsense/install/ros2_aruco:/opt/ros/galactic LD_LIBRARY_PATH=/home/student/aruco_realsense/install/realsense2_camera_msgs/lib:/home/student/aruco_realsense/install/ros2_aruco_interfaces/lib:/home/student/aruco_realsense/install/realsense2_camera/lib:/opt/ros/galactic/opt/yaml_cpp_vendor/lib:/opt/ros/galactic/opt/rviz_ogre_vendor/lib:/opt/ros/galactic/lib/x86_64-linux-gnu:/opt/ros/galactic/lib:/usr/local/cuda-11.1/lib64: PYTHONPATH=/home/student/aruco_realsense/install/realsense2_camera_msgs/lib/python3.8/site-packages:/home/student/aruco_realsense/install/aruco_rs2/lib/python3.8/site-packages:/home/student/aruco_realsense/install/ros2_aruco_interfaces/lib/python3.8/site-packages:/home/student/aruco_realsense/install/ros2_aruco/lib/python3.8/site-packages:/opt/ros/galactic/lib/python3.8/site-packages /usr/bin/cmake --build /home/student/aruco_realsense/build/realsense2_camera -- -j12 -l12
[26.201s] Invoking command in '/home/student/aruco_realsense/build/realsense2_camera': CMAKE_PREFIX_PATH=/home/student/aruco_realsense/install/realsense2_camera_msgs:/home/student/aruco_realsense/install/aruco_rs:/home/student/aruco_realsense/install/ros2_aruco_interfaces:/home/student/aruco_realsense/install/realsense2_description:/home/student/aruco_realsense/install/realsense2_camera:/home/student/aruco_realsense/install/aruco_rs2:/home/student/aruco_realsense/install/ros2_aruco:/opt/ros/galactic LD_LIBRARY_PATH=/home/student/aruco_realsense/install/realsense2_camera_msgs/lib:/home/student/aruco_realsense/install/ros2_aruco_interfaces/lib:/home/student/aruco_realsense/install/realsense2_camera/lib:/opt/ros/galactic/opt/yaml_cpp_vendor/lib:/opt/ros/galactic/opt/rviz_ogre_vendor/lib:/opt/ros/galactic/lib/x86_64-linux-gnu:/opt/ros/galactic/lib:/usr/local/cuda-11.1/lib64: PYTHONPATH=/home/student/aruco_realsense/install/realsense2_camera_msgs/lib/python3.8/site-packages:/home/student/aruco_realsense/install/aruco_rs2/lib/python3.8/site-packages:/home/student/aruco_realsense/install/ros2_aruco_interfaces/lib/python3.8/site-packages:/home/student/aruco_realsense/install/ros2_aruco/lib/python3.8/site-packages:/opt/ros/galactic/lib/python3.8/site-packages /usr/bin/cmake --install /home/student/aruco_realsense/build/realsense2_camera
[26.226s] -- Install configuration: "Release"
[26.226s] -- Installing: /home/student/aruco_realsense/install/realsense2_camera/lib/realsense2_camera/realsense2_camera_node
[26.227s] -- Set runtime path of "/home/student/aruco_realsense/install/realsense2_camera/lib/realsense2_camera/realsense2_camera_node" to ""
[26.228s] -- Installing: /home/student/aruco_realsense/install/realsense2_camera/lib/librealsense2_camera.so
[26.233s] -- Set runtime path of "/home/student/aruco_realsense/install/realsense2_camera/lib/librealsense2_camera.so" to ""
[26.233s] -- Installing: /home/student/aruco_realsense/install/realsense2_camera/include
[26.234s] -- Installing: /home/student/aruco_realsense/install/realsense2_camera/include/realsense_node_factory.h
[26.234s] -- Installing: /home/student/aruco_realsense/install/realsense2_camera/include/base_realsense_node.h
[26.234s] -- Installing: /home/student/aruco_realsense/install/realsense2_camera/include/dynamic_params.h
[26.234s] -- Installing: /home/student/aruco_realsense/install/realsense2_camera/include/ros_param_backend.h
[26.234s] -- Installing: /home/student/aruco_realsense/install/realsense2_camera/include/constants.h
[26.235s] -- Installing: /home/student/aruco_realsense/install/realsense2_camera/include/t265_realsense_node.h
[26.235s] -- Installing: /home/student/aruco_realsense/install/realsense2_camera/share/realsense2_camera/launch
[26.235s] -- Installing: /home/student/aruco_realsense/install/realsense2_camera/share/realsense2_camera/launch/rs_launch.py
[26.235s] -- Installing: /home/student/aruco_realsense/install/realsense2_camera/share/realsense2_camera/launch/demo_pointcloud_launch.py
[26.235s] -- Installing: /home/student/aruco_realsense/install/realsense2_camera/share/realsense2_camera/launch/rs_t265_launch.py
[26.236s] -- Installing: /home/student/aruco_realsense/install/realsense2_camera/share/realsense2_camera/launch/demo_t265_launch.py
[26.236s] -- Installing: /home/student/aruco_realsense/install/realsense2_camera/share/realsense2_camera/launch/rs_d400_and_t265_launch.py
[26.236s] -- Installing: /home/student/aruco_realsense/install/realsense2_camera/share/realsense2_camera/launch/rs_multi_camera_launch.py
[26.236s] -- Installing: /home/student/aruco_realsense/install/realsense2_camera/share/realsense2_camera/launch/default.rviz
[26.236s] -- Installing: /home/student/aruco_realsense/install/realsense2_camera/share/realsense2_camera/config
[26.236s] -- Installing: /home/student/aruco_realsense/install/realsense2_camera/share/realsense2_camera/config/d435i.yaml
[26.236s] -- Installing: /home/student/aruco_realsense/install/realsense2_camera/share/realsense2_camera/rviz
[26.237s] -- Installing: /home/student/aruco_realsense/install/realsense2_camera/share/realsense2_camera/rviz/pointcloud.rviz
[26.237s] -- Installing: /home/student/aruco_realsense/install/realsense2_camera/share/realsense2_camera/rviz/t265.rviz
[26.237s] -- Installing: /home/student/aruco_realsense/install/realsense2_camera/share/realsense2_camera/environment/library_path.sh
[26.237s] -- Installing: /home/student/aruco_realsense/install/realsense2_camera/share/realsense2_camera/environment/library_path.dsv
[26.237s] -- Installing: /home/student/aruco_realsense/install/realsense2_camera/share/ament_index/resource_index/package_run_dependencies/realsense2_camera
[26.237s] -- Installing: /home/student/aruco_realsense/install/realsense2_camera/share/ament_index/resource_index/parent_prefix_path/realsense2_camera
[26.237s] -- Installing: /home/student/aruco_realsense/install/realsense2_camera/share/realsense2_camera/environment/ament_prefix_path.sh
[26.238s] -- Installing: /home/student/aruco_realsense/install/realsense2_camera/share/realsense2_camera/environment/ament_prefix_path.dsv
[26.238s] -- Installing: /home/student/aruco_realsense/install/realsense2_camera/share/realsense2_camera/environment/path.sh
[26.238s] -- Installing: /home/student/aruco_realsense/install/realsense2_camera/share/realsense2_camera/environment/path.dsv
[26.238s] -- Installing: /home/student/aruco_realsense/install/realsense2_camera/share/realsense2_camera/local_setup.bash
[26.238s] -- Installing: /home/student/aruco_realsense/install/realsense2_camera/share/realsense2_camera/local_setup.sh
[26.239s] -- Installing: /home/student/aruco_realsense/install/realsense2_camera/share/realsense2_camera/local_setup.zsh
[26.239s] -- Installing: /home/student/aruco_realsense/install/realsense2_camera/share/realsense2_camera/local_setup.dsv
[26.239s] -- Installing: /home/student/aruco_realsense/install/realsense2_camera/share/realsense2_camera/package.dsv
[26.239s] -- Installing: /home/student/aruco_realsense/install/realsense2_camera/share/ament_index/resource_index/packages/realsense2_camera
[26.240s] -- Installing: /home/student/aruco_realsense/install/realsense2_camera/share/ament_index/resource_index/rclcpp_components/realsense2_camera
[26.240s] -- Installing: /home/student/aruco_realsense/install/realsense2_camera/share/realsense2_camera/cmake/ament_cmake_export_include_directories-extras.cmake
[26.240s] -- Installing: /home/student/aruco_realsense/install/realsense2_camera/share/realsense2_camera/cmake/ament_cmake_export_libraries-extras.cmake
[26.240s] -- Installing: /home/student/aruco_realsense/install/realsense2_camera/share/realsense2_camera/cmake/ament_cmake_export_dependencies-extras.cmake
[26.241s] -- Installing: /home/student/aruco_realsense/install/realsense2_camera/share/realsense2_camera/cmake/realsense2_cameraConfig.cmake
[26.241s] -- Installing: /home/student/aruco_realsense/install/realsense2_camera/share/realsense2_camera/cmake/realsense2_cameraConfig-version.cmake
[26.241s] -- Installing: /home/student/aruco_realsense/install/realsense2_camera/share/realsense2_camera/package.xml
[26.246s] Invoked command in '/home/student/aruco_realsense/build/realsense2_camera' returned '0': CMAKE_PREFIX_PATH=/home/student/aruco_realsense/install/realsense2_camera_msgs:/home/student/aruco_realsense/install/aruco_rs:/home/student/aruco_realsense/install/ros2_aruco_interfaces:/home/student/aruco_realsense/install/realsense2_description:/home/student/aruco_realsense/install/realsense2_camera:/home/student/aruco_realsense/install/aruco_rs2:/home/student/aruco_realsense/install/ros2_aruco:/opt/ros/galactic LD_LIBRARY_PATH=/home/student/aruco_realsense/install/realsense2_camera_msgs/lib:/home/student/aruco_realsense/install/ros2_aruco_interfaces/lib:/home/student/aruco_realsense/install/realsense2_camera/lib:/opt/ros/galactic/opt/yaml_cpp_vendor/lib:/opt/ros/galactic/opt/rviz_ogre_vendor/lib:/opt/ros/galactic/lib/x86_64-linux-gnu:/opt/ros/galactic/lib:/usr/local/cuda-11.1/lib64: PYTHONPATH=/home/student/aruco_realsense/install/realsense2_camera_msgs/lib/python3.8/site-packages:/home/student/aruco_realsense/install/aruco_rs2/lib/python3.8/site-packages:/home/student/aruco_realsense/install/ros2_aruco_interfaces/lib/python3.8/site-packages:/home/student/aruco_realsense/install/ros2_aruco/lib/python3.8/site-packages:/opt/ros/galactic/lib/python3.8/site-packages /usr/bin/cmake --install /home/student/aruco_realsense/build/realsense2_camera
