[0.012s] Invoking command in '/home/student/aruco_realsense/build/realsense2_description': AMENT_PREFIX_PATH=/home/student/aruco_realsense/install/realsense2_camera_msgs:${AMENT_PREFIX_PATH} CMAKE_PREFIX_PATH=/home/student/aruco_realsense/install/realsense2_camera_msgs:/opt/ros/galactic LD_LIBRARY_PATH=/home/student/aruco_realsense/install/realsense2_camera_msgs/lib:/opt/ros/galactic/opt/yaml_cpp_vendor/lib:/opt/ros/galactic/opt/rviz_ogre_vendor/lib:/opt/ros/galactic/lib/x86_64-linux-gnu:/opt/ros/galactic/lib:/usr/local/cuda-11.1/lib64: PYTHONPATH=/home/student/aruco_realsense/install/realsense2_camera_msgs/lib/python3.8/site-packages:${PYTHONPATH} /usr/bin/cmake /home/student/aruco_realsense/src/realsense-ros/realsense2_description -DCMAKE_INSTALL_PREFIX=/home/student/aruco_realsense/install/realsense2_description
[0.057s] -- The C compiler identification is GNU 9.4.0
[0.102s] -- The CXX compiler identification is GNU 9.4.0
[0.105s] -- Check for working C compiler: /usr/bin/cc
[0.161s] -- Check for working C compiler: /usr/bin/cc -- works
[0.161s] -- Detecting C compiler ABI info
[0.217s] -- Detecting C compiler ABI info - done
[0.227s] -- Detecting C compile features
[0.227s] -- Detecting C compile features - done
[0.230s] -- Check for working CXX compiler: /usr/bin/c++
[0.295s] -- Check for working CXX compiler: /usr/bin/c++ -- works
[0.296s] -- Detecting CXX compiler ABI info
[0.369s] -- Detecting CXX compiler ABI info - done
[0.381s] -- Detecting CXX compile features
[0.382s] -- Detecting CXX compile features - done
[0.384s] -- Found ament_cmake: 1.1.5 (/opt/ros/galactic/share/ament_cmake/cmake)
[0.408s] -- Found PythonInterp: /usr/bin/python3 (found suitable version "3.8.10", minimum required is "3") 
[0.408s] -- Using PYTHON_EXECUTABLE: /usr/bin/python3
[0.524s] -- Configuring done
[0.526s] -- Generating done
[0.526s] -- Build files have been written to: /home/student/aruco_realsense/build/realsense2_description
[0.530s] Invoked command in '/home/student/aruco_realsense/build/realsense2_description' returned '0': AMENT_PREFIX_PATH=/home/student/aruco_realsense/install/realsense2_camera_msgs:${AMENT_PREFIX_PATH} CMAKE_PREFIX_PATH=/home/student/aruco_realsense/install/realsense2_camera_msgs:/opt/ros/galactic LD_LIBRARY_PATH=/home/student/aruco_realsense/install/realsense2_camera_msgs/lib:/opt/ros/galactic/opt/yaml_cpp_vendor/lib:/opt/ros/galactic/opt/rviz_ogre_vendor/lib:/opt/ros/galactic/lib/x86_64-linux-gnu:/opt/ros/galactic/lib:/usr/local/cuda-11.1/lib64: PYTHONPATH=/home/student/aruco_realsense/install/realsense2_camera_msgs/lib/python3.8/site-packages:${PYTHONPATH} /usr/bin/cmake /home/student/aruco_realsense/src/realsense-ros/realsense2_description -DCMAKE_INSTALL_PREFIX=/home/student/aruco_realsense/install/realsense2_description
[0.532s] Invoking command in '/home/student/aruco_realsense/build/realsense2_description': AMENT_PREFIX_PATH=/home/student/aruco_realsense/install/realsense2_camera_msgs:${AMENT_PREFIX_PATH} CMAKE_PREFIX_PATH=/home/student/aruco_realsense/install/realsense2_camera_msgs:/opt/ros/galactic LD_LIBRARY_PATH=/home/student/aruco_realsense/install/realsense2_camera_msgs/lib:/opt/ros/galactic/opt/yaml_cpp_vendor/lib:/opt/ros/galactic/opt/rviz_ogre_vendor/lib:/opt/ros/galactic/lib/x86_64-linux-gnu:/opt/ros/galactic/lib:/usr/local/cuda-11.1/lib64: PYTHONPATH=/home/student/aruco_realsense/install/realsense2_camera_msgs/lib/python3.8/site-packages:${PYTHONPATH} /usr/bin/cmake --build /home/student/aruco_realsense/build/realsense2_description -- -j12 -l12
[0.566s] Invoked command in '/home/student/aruco_realsense/build/realsense2_description' returned '0': AMENT_PREFIX_PATH=/home/student/aruco_realsense/install/realsense2_camera_msgs:${AMENT_PREFIX_PATH} CMAKE_PREFIX_PATH=/home/student/aruco_realsense/install/realsense2_camera_msgs:/opt/ros/galactic LD_LIBRARY_PATH=/home/student/aruco_realsense/install/realsense2_camera_msgs/lib:/opt/ros/galactic/opt/yaml_cpp_vendor/lib:/opt/ros/galactic/opt/rviz_ogre_vendor/lib:/opt/ros/galactic/lib/x86_64-linux-gnu:/opt/ros/galactic/lib:/usr/local/cuda-11.1/lib64: PYTHONPATH=/home/student/aruco_realsense/install/realsense2_camera_msgs/lib/python3.8/site-packages:${PYTHONPATH} /usr/bin/cmake --build /home/student/aruco_realsense/build/realsense2_description -- -j12 -l12
[0.586s] Invoking command in '/home/student/aruco_realsense/build/realsense2_description': AMENT_PREFIX_PATH=/home/student/aruco_realsense/install/realsense2_camera_msgs:${AMENT_PREFIX_PATH} CMAKE_PREFIX_PATH=/home/student/aruco_realsense/install/realsense2_camera_msgs:/opt/ros/galactic LD_LIBRARY_PATH=/home/student/aruco_realsense/install/realsense2_camera_msgs/lib:/opt/ros/galactic/opt/yaml_cpp_vendor/lib:/opt/ros/galactic/opt/rviz_ogre_vendor/lib:/opt/ros/galactic/lib/x86_64-linux-gnu:/opt/ros/galactic/lib:/usr/local/cuda-11.1/lib64: PYTHONPATH=/home/student/aruco_realsense/install/realsense2_camera_msgs/lib/python3.8/site-packages:${PYTHONPATH} /usr/bin/cmake --install /home/student/aruco_realsense/build/realsense2_description
[0.593s] -- Install configuration: ""
[0.593s] -- Installing: /home/student/aruco_realsense/install/realsense2_description/share/realsense2_description/launch
[0.593s] -- Installing: /home/student/aruco_realsense/install/realsense2_description/share/realsense2_description/launch/launch_utils.py
[0.593s] -- Installing: /home/student/aruco_realsense/install/realsense2_description/share/realsense2_description/launch/view_model.launch.py
[0.594s] -- Installing: /home/student/aruco_realsense/install/realsense2_description/share/realsense2_description/meshes
[0.594s] -- Installing: /home/student/aruco_realsense/install/realsense2_description/share/realsense2_description/meshes/d435.dae
[0.617s] -- Installing: /home/student/aruco_realsense/install/realsense2_description/share/realsense2_description/meshes/l515.dae
[0.842s] -- Installing: /home/student/aruco_realsense/install/realsense2_description/share/realsense2_description/meshes/d415.stl
[0.870s] -- Installing: /home/student/aruco_realsense/install/realsense2_description/share/realsense2_description/meshes/plug_collision.stl
[0.870s] -- Installing: /home/student/aruco_realsense/install/realsense2_description/share/realsense2_description/meshes/plug.stl
[0.871s] -- Installing: /home/student/aruco_realsense/install/realsense2_description/share/realsense2_description/meshes/d455.stl
[0.874s] -- Installing: /home/student/aruco_realsense/install/realsense2_description/share/realsense2_description/rviz
[0.874s] -- Installing: /home/student/aruco_realsense/install/realsense2_description/share/realsense2_description/rviz/urdf.rviz
[0.874s] -- Installing: /home/student/aruco_realsense/install/realsense2_description/share/realsense2_description/urdf
[0.874s] -- Installing: /home/student/aruco_realsense/install/realsense2_description/share/realsense2_description/urdf/_d435i.urdf.xacro
[0.875s] -- Installing: /home/student/aruco_realsense/install/realsense2_description/share/realsense2_description/urdf/_d435i_imu_modules.urdf.xacro
[0.875s] -- Installing: /home/student/aruco_realsense/install/realsense2_description/share/realsense2_description/urdf/_d415.urdf.xacro
[0.875s] -- Installing: /home/student/aruco_realsense/install/realsense2_description/share/realsense2_description/urdf/_d435.urdf.xacro
[0.875s] -- Installing: /home/student/aruco_realsense/install/realsense2_description/share/realsense2_description/urdf/_usb_plug.urdf.xacro
[0.876s] -- Installing: /home/student/aruco_realsense/install/realsense2_description/share/realsense2_description/urdf/test_d435i_camera.urdf.xacro
[0.876s] -- Installing: /home/student/aruco_realsense/install/realsense2_description/share/realsense2_description/urdf/_r430.urdf.xacro
[0.876s] -- Installing: /home/student/aruco_realsense/install/realsense2_description/share/realsense2_description/urdf/test_r410_camera.urdf.xacro
[0.876s] -- Installing: /home/student/aruco_realsense/install/realsense2_description/share/realsense2_description/urdf/test_d435_camera.urdf.xacro
[0.876s] -- Installing: /home/student/aruco_realsense/install/realsense2_description/share/realsense2_description/urdf/test_d415_camera.urdf.xacro
[0.877s] -- Installing: /home/student/aruco_realsense/install/realsense2_description/share/realsense2_description/urdf/test_l515_camera.urdf.xacro
[0.877s] -- Installing: /home/student/aruco_realsense/install/realsense2_description/share/realsense2_description/urdf/_r410.urdf.xacro
[0.877s] -- Installing: /home/student/aruco_realsense/install/realsense2_description/share/realsense2_description/urdf/test_r430_camera.urdf.xacro
[0.877s] -- Installing: /home/student/aruco_realsense/install/realsense2_description/share/realsense2_description/urdf/test_d435_multiple_cameras.urdf.xacro
[0.877s] -- Installing: /home/student/aruco_realsense/install/realsense2_description/share/realsense2_description/urdf/_materials.urdf.xacro
[0.877s] -- Installing: /home/student/aruco_realsense/install/realsense2_description/share/realsense2_description/urdf/_l515.urdf.xacro
[0.878s] -- Installing: /home/student/aruco_realsense/install/realsense2_description/share/realsense2_description/urdf/test_d455_camera.urdf.xacro
[0.878s] -- Installing: /home/student/aruco_realsense/install/realsense2_description/share/realsense2_description/urdf/_d455.urdf.xacro
[0.878s] -- Installing: /home/student/aruco_realsense/install/realsense2_description/share/ament_index/resource_index/package_run_dependencies/realsense2_description
[0.878s] -- Installing: /home/student/aruco_realsense/install/realsense2_description/share/ament_index/resource_index/parent_prefix_path/realsense2_description
[0.879s] -- Installing: /home/student/aruco_realsense/install/realsense2_description/share/realsense2_description/environment/ament_prefix_path.sh
[0.879s] -- Installing: /home/student/aruco_realsense/install/realsense2_description/share/realsense2_description/environment/ament_prefix_path.dsv
[0.879s] -- Installing: /home/student/aruco_realsense/install/realsense2_description/share/realsense2_description/environment/path.sh
[0.879s] -- Installing: /home/student/aruco_realsense/install/realsense2_description/share/realsense2_description/environment/path.dsv
[0.879s] -- Installing: /home/student/aruco_realsense/install/realsense2_description/share/realsense2_description/local_setup.bash
[0.879s] -- Installing: /home/student/aruco_realsense/install/realsense2_description/share/realsense2_description/local_setup.sh
[0.879s] -- Installing: /home/student/aruco_realsense/install/realsense2_description/share/realsense2_description/local_setup.zsh
[0.879s] -- Installing: /home/student/aruco_realsense/install/realsense2_description/share/realsense2_description/local_setup.dsv
[0.880s] -- Installing: /home/student/aruco_realsense/install/realsense2_description/share/realsense2_description/package.dsv
[0.880s] -- Installing: /home/student/aruco_realsense/install/realsense2_description/share/ament_index/resource_index/packages/realsense2_description
[0.880s] -- Installing: /home/student/aruco_realsense/install/realsense2_description/share/realsense2_description/cmake/realsense2_descriptionConfig.cmake
[0.880s] -- Installing: /home/student/aruco_realsense/install/realsense2_description/share/realsense2_description/cmake/realsense2_descriptionConfig-version.cmake
[0.880s] -- Installing: /home/student/aruco_realsense/install/realsense2_description/share/realsense2_description/package.xml
[0.884s] Invoked command in '/home/student/aruco_realsense/build/realsense2_description' returned '0': AMENT_PREFIX_PATH=/home/student/aruco_realsense/install/realsense2_camera_msgs:${AMENT_PREFIX_PATH} CMAKE_PREFIX_PATH=/home/student/aruco_realsense/install/realsense2_camera_msgs:/opt/ros/galactic LD_LIBRARY_PATH=/home/student/aruco_realsense/install/realsense2_camera_msgs/lib:/opt/ros/galactic/opt/yaml_cpp_vendor/lib:/opt/ros/galactic/opt/rviz_ogre_vendor/lib:/opt/ros/galactic/lib/x86_64-linux-gnu:/opt/ros/galactic/lib:/usr/local/cuda-11.1/lib64: PYTHONPATH=/home/student/aruco_realsense/install/realsense2_camera_msgs/lib/python3.8/site-packages:${PYTHONPATH} /usr/bin/cmake --install /home/student/aruco_realsense/build/realsense2_description
