[0.419s] Invoking command in '/home/student/aruco_realsense/build/ros2_aruco_interfaces': /usr/bin/cmake /home/student/aruco_realsense/src/ros2_aruco/ros2_aruco_interfaces -DCMAKE_INSTALL_PREFIX=/home/student/aruco_realsense/install/ros2_aruco_interfaces
[0.482s] -- The C compiler identification is GNU 9.4.0
[0.537s] -- The CXX compiler identification is GNU 9.4.0
[0.544s] -- Check for working C compiler: /usr/bin/cc
[0.613s] -- Check for working C compiler: /usr/bin/cc -- works
[0.615s] -- Detecting C compiler ABI info
[0.685s] -- Detecting C compiler ABI info - done
[0.696s] -- Detecting C compile features
[0.697s] -- Detecting C compile features - done
[0.699s] -- Check for working CXX compiler: /usr/bin/c++
[0.774s] -- Check for working CXX compiler: /usr/bin/c++ -- works
[0.775s] -- Detecting CXX compiler ABI info
[0.843s] -- Detecting CXX compiler ABI info - done
[0.854s] -- Detecting CXX compile features
[0.855s] -- Detecting CXX compile features - done
[0.864s] CMake Error at CMakeLists.txt:19 (find_package):
[0.865s]   By not providing "Findament_cmake.cmake" in CMAKE_MODULE_PATH this project
[0.865s]   has asked CMake to find a package configuration file provided by
[0.865s]   "ament_cmake", but CMake did not find one.
[0.865s] 
[0.865s]   Could not find a package configuration file provided by "ament_cmake" with
[0.865s]   any of the following names:
[0.865s] 
[0.865s]     ament_cmakeConfig.cmake
[0.866s]     ament_cmake-config.cmake
[0.866s] 
[0.866s]   Add the installation prefix of "ament_cmake" to CMAKE_PREFIX_PATH or set
[0.866s]   "ament_cmake_DIR" to a directory containing one of the above files.  If
[0.866s]   "ament_cmake" provides a separate development package or SDK, be sure it
[0.866s]   has been installed.
[0.866s] 
[0.866s] 
[0.866s] -- Configuring incomplete, errors occurred!
[0.866s] See also "/home/student/aruco_realsense/build/ros2_aruco_interfaces/CMakeFiles/CMakeOutput.log".
