-- Install configuration: ""
-- Up-to-date: /home/student/aruco_realsense/install/workcell_description/share/workcell_description//launch
-- Up-to-date: /home/student/aruco_realsense/install/workcell_description/share/workcell_description//launch/simulation.launch.py
-- Up-to-date: /home/student/aruco_realsense/install/workcell_description/share/workcell_description//launch/workcell_bringup.launch.py
-- Up-to-date: /home/student/aruco_realsense/install/workcell_description/share/workcell_description//launch/gazebo_bringup.launch.py
-- Up-to-date: /home/student/aruco_realsense/install/workcell_description/share/workcell_description//urdf
-- Up-to-date: /home/student/aruco_realsense/install/workcell_description/share/workcell_description//urdf/workcell.urdf.xacro
-- Up-to-date: /home/student/aruco_realsense/install/workcell_description/share/workcell_description//urdf/workcell.urdf
-- Up-to-date: /home/student/aruco_realsense/install/workcell_description/share/workcell_description//urdf/robot.xacro
-- Up-to-date: /home/student/aruco_realsense/install/workcell_description/share/workcell_description//urdf/camera.xacro
-- Up-to-date: /home/student/aruco_realsense/install/workcell_description/share/workcell_description//urdf/grippy.xacro
-- Up-to-date: /home/student/aruco_realsense/install/workcell_description/share/workcell_description//urdf/gazebo_control.xacro
-- Up-to-date: /home/student/aruco_realsense/install/workcell_description/share/workcell_description//urdf/robotcell.xacro
-- Up-to-date: /home/student/aruco_realsense/install/workcell_description/share/workcell_description//urdf/shunk_egp50.xacro
-- Up-to-date: /home/student/aruco_realsense/install/workcell_description/share/workcell_description//urdf/gripper.xacro
-- Up-to-date: /home/student/aruco_realsense/install/workcell_description/share/workcell_description//urdf/inertial_macros.xacro
-- Up-to-date: /home/student/aruco_realsense/install/workcell_description/share/workcell_description//meshes
-- Up-to-date: /home/student/aruco_realsense/install/workcell_description/share/workcell_description//meshes/Gripper.stl
-- Up-to-date: /home/student/aruco_realsense/install/workcell_description/share/workcell_description//meshes/Pincer_1.stl
-- Up-to-date: /home/student/aruco_realsense/install/workcell_description/share/workcell_description//meshes/Robotcell.stl
-- Up-to-date: /home/student/aruco_realsense/install/workcell_description/share/workcell_description//meshes/Pincer_2.stl
-- Up-to-date: /home/student/aruco_realsense/install/workcell_description/share/workcell_description//config
-- Up-to-date: /home/student/aruco_realsense/install/workcell_description/share/workcell_description//config/config.rviz
-- Up-to-date: /home/student/aruco_realsense/install/workcell_description/share/ament_index/resource_index/package_run_dependencies/workcell_description
-- Up-to-date: /home/student/aruco_realsense/install/workcell_description/share/ament_index/resource_index/parent_prefix_path/workcell_description
-- Up-to-date: /home/student/aruco_realsense/install/workcell_description/share/workcell_description/environment/ament_prefix_path.sh
-- Up-to-date: /home/student/aruco_realsense/install/workcell_description/share/workcell_description/environment/ament_prefix_path.dsv
-- Up-to-date: /home/student/aruco_realsense/install/workcell_description/share/workcell_description/environment/path.sh
-- Up-to-date: /home/student/aruco_realsense/install/workcell_description/share/workcell_description/environment/path.dsv
-- Up-to-date: /home/student/aruco_realsense/install/workcell_description/share/workcell_description/local_setup.bash
-- Up-to-date: /home/student/aruco_realsense/install/workcell_description/share/workcell_description/local_setup.sh
-- Up-to-date: /home/student/aruco_realsense/install/workcell_description/share/workcell_description/local_setup.zsh
-- Up-to-date: /home/student/aruco_realsense/install/workcell_description/share/workcell_description/local_setup.dsv
-- Installing: /home/student/aruco_realsense/install/workcell_description/share/workcell_description/package.dsv
-- Up-to-date: /home/student/aruco_realsense/install/workcell_description/share/ament_index/resource_index/packages/workcell_description
-- Up-to-date: /home/student/aruco_realsense/install/workcell_description/share/workcell_description/cmake/workcell_descriptionConfig.cmake
-- Up-to-date: /home/student/aruco_realsense/install/workcell_description/share/workcell_description/cmake/workcell_descriptionConfig-version.cmake
-- Up-to-date: /home/student/aruco_realsense/install/workcell_description/share/workcell_description/package.xml
