[0.086s] Invoking command in '/home/student/aruco_realsense/build/ur_description': CMAKE_PREFIX_PATH=${CMAKE_PREFIX_PATH}:/home/student/aruco_realsense/install/ros2_aruco:/home/student/aruco_realsense/install/aruco_rs2:/opt/ros/galactic /usr/bin/cmake --build /home/student/aruco_realsense/build/ur_description -- -j12 -l12
[0.600s] Invoked command in '/home/student/aruco_realsense/build/ur_description' returned '0': CMAKE_PREFIX_PATH=${CMAKE_PREFIX_PATH}:/home/student/aruco_realsense/install/ros2_aruco:/home/student/aruco_realsense/install/aruco_rs2:/opt/ros/galactic /usr/bin/cmake --build /home/student/aruco_realsense/build/ur_description -- -j12 -l12
[0.656s] Invoking command in '/home/student/aruco_realsense/build/ur_description': CMAKE_PREFIX_PATH=${CMAKE_PREFIX_PATH}:/home/student/aruco_realsense/install/ros2_aruco:/home/student/aruco_realsense/install/aruco_rs2:/opt/ros/galactic /usr/bin/cmake --install /home/student/aruco_realsense/build/ur_description
[0.667s] -- Install configuration: ""
[0.667s] -- Up-to-date: /home/student/aruco_realsense/install/ur_description/share/ur_description/config
[0.668s] -- Up-to-date: /home/student/aruco_realsense/install/ur_description/share/ur_description/config/ur3e
[0.668s] -- Up-to-date: /home/student/aruco_realsense/install/ur_description/share/ur_description/config/ur3e/visual_parameters.yaml
[0.668s] -- Up-to-date: /home/student/aruco_realsense/install/ur_description/share/ur_description/config/ur3e/joint_limits.yaml
[0.668s] -- Up-to-date: /home/student/aruco_realsense/install/ur_description/share/ur_description/config/ur3e/physical_parameters.yaml
[0.669s] -- Up-to-date: /home/student/aruco_realsense/install/ur_description/share/ur_description/config/ur3e/default_kinematics.yaml
[0.669s] -- Up-to-date: /home/student/aruco_realsense/install/ur_description/share/ur_description/config/ur16e
[0.669s] -- Up-to-date: /home/student/aruco_realsense/install/ur_description/share/ur_description/config/ur16e/visual_parameters.yaml
[0.669s] -- Up-to-date: /home/student/aruco_realsense/install/ur_description/share/ur_description/config/ur16e/joint_limits.yaml
[0.669s] -- Up-to-date: /home/student/aruco_realsense/install/ur_description/share/ur_description/config/ur16e/physical_parameters.yaml
[0.669s] -- Up-to-date: /home/student/aruco_realsense/install/ur_description/share/ur_description/config/ur16e/default_kinematics.yaml
[0.669s] -- Up-to-date: /home/student/aruco_realsense/install/ur_description/share/ur_description/config/ur10e
[0.669s] -- Up-to-date: /home/student/aruco_realsense/install/ur_description/share/ur_description/config/ur10e/visual_parameters.yaml
[0.670s] -- Up-to-date: /home/student/aruco_realsense/install/ur_description/share/ur_description/config/ur10e/joint_limits.yaml
[0.670s] -- Up-to-date: /home/student/aruco_realsense/install/ur_description/share/ur_description/config/ur10e/physical_parameters.yaml
[0.670s] -- Up-to-date: /home/student/aruco_realsense/install/ur_description/share/ur_description/config/ur10e/default_kinematics.yaml
[0.670s] -- Up-to-date: /home/student/aruco_realsense/install/ur_description/share/ur_description/config/initial_positions.yaml
[0.670s] -- Up-to-date: /home/student/aruco_realsense/install/ur_description/share/ur_description/config/ur3
[0.670s] -- Up-to-date: /home/student/aruco_realsense/install/ur_description/share/ur_description/config/ur3/visual_parameters.yaml
[0.670s] -- Up-to-date: /home/student/aruco_realsense/install/ur_description/share/ur_description/config/ur3/joint_limits.yaml
[0.670s] -- Up-to-date: /home/student/aruco_realsense/install/ur_description/share/ur_description/config/ur3/physical_parameters.yaml
[0.671s] -- Up-to-date: /home/student/aruco_realsense/install/ur_description/share/ur_description/config/ur3/default_kinematics.yaml
[0.671s] -- Up-to-date: /home/student/aruco_realsense/install/ur_description/share/ur_description/config/ur5e
[0.671s] -- Up-to-date: /home/student/aruco_realsense/install/ur_description/share/ur_description/config/ur5e/visual_parameters.yaml
[0.671s] -- Up-to-date: /home/student/aruco_realsense/install/ur_description/share/ur_description/config/ur5e/joint_limits.yaml
[0.671s] -- Up-to-date: /home/student/aruco_realsense/install/ur_description/share/ur_description/config/ur5e/physical_parameters.yaml
[0.671s] -- Up-to-date: /home/student/aruco_realsense/install/ur_description/share/ur_description/config/ur5e/default_kinematics.yaml
[0.671s] -- Up-to-date: /home/student/aruco_realsense/install/ur_description/share/ur_description/config/ur5
[0.671s] -- Up-to-date: /home/student/aruco_realsense/install/ur_description/share/ur_description/config/ur5/visual_parameters.yaml
[0.672s] -- Up-to-date: /home/student/aruco_realsense/install/ur_description/share/ur_description/config/ur5/joint_limits.yaml
[0.674s] -- Up-to-date: /home/student/aruco_realsense/install/ur_description/share/ur_description/config/ur5/physical_parameters.yaml
[0.674s] -- Up-to-date: /home/student/aruco_realsense/install/ur_description/share/ur_description/config/ur5/default_kinematics.yaml
[0.675s] -- Up-to-date: /home/student/aruco_realsense/install/ur_description/share/ur_description/config/ur10
[0.675s] -- Up-to-date: /home/student/aruco_realsense/install/ur_description/share/ur_description/config/ur10/visual_parameters.yaml
[0.675s] -- Up-to-date: /home/student/aruco_realsense/install/ur_description/share/ur_description/config/ur10/joint_limits.yaml
[0.675s] -- Up-to-date: /home/student/aruco_realsense/install/ur_description/share/ur_description/config/ur10/physical_parameters.yaml
[0.675s] -- Up-to-date: /home/student/aruco_realsense/install/ur_description/share/ur_description/config/ur10/default_kinematics.yaml
[0.675s] -- Up-to-date: /home/student/aruco_realsense/install/ur_description/share/ur_description/launch
[0.676s] -- Up-to-date: /home/student/aruco_realsense/install/ur_description/share/ur_description/launch/view_ur.launch.py
[0.678s] -- Up-to-date: /home/student/aruco_realsense/install/ur_description/share/ur_description/meshes
[0.679s] -- Up-to-date: /home/student/aruco_realsense/install/ur_description/share/ur_description/meshes/ur3e
[0.680s] -- Up-to-date: /home/student/aruco_realsense/install/ur_description/share/ur_description/meshes/ur3e/collision
[0.680s] -- Up-to-date: /home/student/aruco_realsense/install/ur_description/share/ur_description/meshes/ur3e/collision/shoulder.stl
[0.680s] -- Up-to-date: /home/student/aruco_realsense/install/ur_description/share/ur_description/meshes/ur3e/collision/wrist3.stl
[0.681s] -- Up-to-date: /home/student/aruco_realsense/install/ur_description/share/ur_description/meshes/ur3e/collision/wrist1.stl
[0.681s] -- Up-to-date: /home/student/aruco_realsense/install/ur_description/share/ur_description/meshes/ur3e/collision/wrist2.stl
[0.681s] -- Up-to-date: /home/student/aruco_realsense/install/ur_description/share/ur_description/meshes/ur3e/collision/forearm.stl
[0.682s] -- Up-to-date: /home/student/aruco_realsense/install/ur_description/share/ur_description/meshes/ur3e/collision/upperarm.stl
[0.683s] -- Up-to-date: /home/student/aruco_realsense/install/ur_description/share/ur_description/meshes/ur3e/collision/base.stl
[0.683s] -- Up-to-date: /home/student/aruco_realsense/install/ur_description/share/ur_description/meshes/ur3e/visual
[0.683s] -- Up-to-date: /home/student/aruco_realsense/install/ur_description/share/ur_description/meshes/ur3e/visual/shoulder.dae
[0.684s] -- Up-to-date: /home/student/aruco_realsense/install/ur_description/share/ur_description/meshes/ur3e/visual/base.dae
[0.684s] -- Up-to-date: /home/student/aruco_realsense/install/ur_description/share/ur_description/meshes/ur3e/visual/wrist2.dae
[0.684s] -- Up-to-date: /home/student/aruco_realsense/install/ur_description/share/ur_description/meshes/ur3e/visual/wrist3.dae
[0.684s] -- Up-to-date: /home/student/aruco_realsense/install/ur_description/share/ur_description/meshes/ur3e/visual/wrist1.dae
[0.685s] -- Up-to-date: /home/student/aruco_realsense/install/ur_description/share/ur_description/meshes/ur3e/visual/upperarm.dae
[0.685s] -- Up-to-date: /home/student/aruco_realsense/install/ur_description/share/ur_description/meshes/ur3e/visual/forearm.dae
[0.685s] -- Up-to-date: /home/student/aruco_realsense/install/ur_description/share/ur_description/meshes/ur16e
[0.685s] -- Up-to-date: /home/student/aruco_realsense/install/ur_description/share/ur_description/meshes/ur16e/collision
[0.685s] -- Up-to-date: /home/student/aruco_realsense/install/ur_description/share/ur_description/meshes/ur16e/collision/forearm.stl
[0.685s] -- Up-to-date: /home/student/aruco_realsense/install/ur_description/share/ur_description/meshes/ur16e/collision/upperarm.stl
[0.686s] -- Up-to-date: /home/student/aruco_realsense/install/ur_description/share/ur_description/meshes/ur16e/visual
[0.686s] -- Up-to-date: /home/student/aruco_realsense/install/ur_description/share/ur_description/meshes/ur16e/visual/upperarm.dae
[0.686s] -- Up-to-date: /home/student/aruco_realsense/install/ur_description/share/ur_description/meshes/ur16e/visual/forearm.dae
[0.686s] -- Up-to-date: /home/student/aruco_realsense/install/ur_description/share/ur_description/meshes/ur10e
[0.686s] -- Up-to-date: /home/student/aruco_realsense/install/ur_description/share/ur_description/meshes/ur10e/collision
[0.686s] -- Up-to-date: /home/student/aruco_realsense/install/ur_description/share/ur_description/meshes/ur10e/collision/shoulder.stl
[0.686s] -- Up-to-date: /home/student/aruco_realsense/install/ur_description/share/ur_description/meshes/ur10e/collision/wrist3.stl
[0.686s] -- Up-to-date: /home/student/aruco_realsense/install/ur_description/share/ur_description/meshes/ur10e/collision/wrist1.stl
[0.687s] -- Up-to-date: /home/student/aruco_realsense/install/ur_description/share/ur_description/meshes/ur10e/collision/wrist2.stl
[0.687s] -- Up-to-date: /home/student/aruco_realsense/install/ur_description/share/ur_description/meshes/ur10e/collision/forearm.stl
[0.687s] -- Up-to-date: /home/student/aruco_realsense/install/ur_description/share/ur_description/meshes/ur10e/collision/upperarm.stl
[0.687s] -- Up-to-date: /home/student/aruco_realsense/install/ur_description/share/ur_description/meshes/ur10e/collision/base.stl
[0.687s] -- Up-to-date: /home/student/aruco_realsense/install/ur_description/share/ur_description/meshes/ur10e/visual
[0.698s] -- Up-to-date: /home/student/aruco_realsense/install/ur_description/share/ur_description/meshes/ur10e/visual/shoulder.dae
[0.700s] -- Up-to-date: /home/student/aruco_realsense/install/ur_description/share/ur_description/meshes/ur10e/visual/base.dae
[0.700s] -- Up-to-date: /home/student/aruco_realsense/install/ur_description/share/ur_description/meshes/ur10e/visual/wrist2.dae
[0.702s] -- Up-to-date: /home/student/aruco_realsense/install/ur_description/share/ur_description/meshes/ur10e/visual/wrist3.dae
[0.706s] -- Up-to-date: /home/student/aruco_realsense/install/ur_description/share/ur_description/meshes/ur10e/visual/wrist1.dae
[0.707s] -- Up-to-date: /home/student/aruco_realsense/install/ur_description/share/ur_description/meshes/ur10e/visual/upperarm.dae
[0.707s] -- Up-to-date: /home/student/aruco_realsense/install/ur_description/share/ur_description/meshes/ur10e/visual/forearm.dae
[0.707s] -- Up-to-date: /home/student/aruco_realsense/install/ur_description/share/ur_description/meshes/ur3
[0.708s] -- Up-to-date: /home/student/aruco_realsense/install/ur_description/share/ur_description/meshes/ur3/collision
[0.708s] -- Up-to-date: /home/student/aruco_realsense/install/ur_description/share/ur_description/meshes/ur3/collision/shoulder.stl
[0.708s] -- Up-to-date: /home/student/aruco_realsense/install/ur_description/share/ur_description/meshes/ur3/collision/wrist3.stl
[0.710s] -- Up-to-date: /home/student/aruco_realsense/install/ur_description/share/ur_description/meshes/ur3/collision/wrist1.stl
[0.710s] -- Up-to-date: /home/student/aruco_realsense/install/ur_description/share/ur_description/meshes/ur3/collision/wrist2.stl
[0.710s] -- Up-to-date: /home/student/aruco_realsense/install/ur_description/share/ur_description/meshes/ur3/collision/forearm.stl
[0.710s] -- Up-to-date: /home/student/aruco_realsense/install/ur_description/share/ur_description/meshes/ur3/collision/upperarm.stl
[0.710s] -- Up-to-date: /home/student/aruco_realsense/install/ur_description/share/ur_description/meshes/ur3/collision/base.stl
[0.711s] -- Up-to-date: /home/student/aruco_realsense/install/ur_description/share/ur_description/meshes/ur3/visual
[0.711s] -- Up-to-date: /home/student/aruco_realsense/install/ur_description/share/ur_description/meshes/ur3/visual/shoulder.dae
[0.711s] -- Up-to-date: /home/student/aruco_realsense/install/ur_description/share/ur_description/meshes/ur3/visual/base.dae
[0.711s] -- Up-to-date: /home/student/aruco_realsense/install/ur_description/share/ur_description/meshes/ur3/visual/wrist2.dae
[0.711s] -- Up-to-date: /home/student/aruco_realsense/install/ur_description/share/ur_description/meshes/ur3/visual/wrist3.dae
[0.712s] -- Up-to-date: /home/student/aruco_realsense/install/ur_description/share/ur_description/meshes/ur3/visual/wrist1.dae
[0.712s] -- Up-to-date: /home/student/aruco_realsense/install/ur_description/share/ur_description/meshes/ur3/visual/upperarm.dae
[0.712s] -- Up-to-date: /home/student/aruco_realsense/install/ur_description/share/ur_description/meshes/ur3/visual/forearm.dae
[0.712s] -- Up-to-date: /home/student/aruco_realsense/install/ur_description/share/ur_description/meshes/ur5e
[0.712s] -- Up-to-date: /home/student/aruco_realsense/install/ur_description/share/ur_description/meshes/ur5e/collision
[0.712s] -- Up-to-date: /home/student/aruco_realsense/install/ur_description/share/ur_description/meshes/ur5e/collision/shoulder.stl
[0.714s] -- Up-to-date: /home/student/aruco_realsense/install/ur_description/share/ur_description/meshes/ur5e/collision/wrist3.stl
[0.714s] -- Up-to-date: /home/student/aruco_realsense/install/ur_description/share/ur_description/meshes/ur5e/collision/wrist1.stl
[0.714s] -- Up-to-date: /home/student/aruco_realsense/install/ur_description/share/ur_description/meshes/ur5e/collision/wrist2.stl
[0.716s] -- Up-to-date: /home/student/aruco_realsense/install/ur_description/share/ur_description/meshes/ur5e/collision/forearm.stl
[0.716s] -- Up-to-date: /home/student/aruco_realsense/install/ur_description/share/ur_description/meshes/ur5e/collision/upperarm.stl
[0.716s] -- Up-to-date: /home/student/aruco_realsense/install/ur_description/share/ur_description/meshes/ur5e/collision/base.stl
[0.718s] -- Up-to-date: /home/student/aruco_realsense/install/ur_description/share/ur_description/meshes/ur5e/visual
[0.718s] -- Up-to-date: /home/student/aruco_realsense/install/ur_description/share/ur_description/meshes/ur5e/visual/shoulder.dae
[0.718s] -- Up-to-date: /home/student/aruco_realsense/install/ur_description/share/ur_description/meshes/ur5e/visual/base.dae
[0.718s] -- Up-to-date: /home/student/aruco_realsense/install/ur_description/share/ur_description/meshes/ur5e/visual/wrist2.dae
[0.719s] -- Up-to-date: /home/student/aruco_realsense/install/ur_description/share/ur_description/meshes/ur5e/visual/wrist3.dae
[0.720s] -- Up-to-date: /home/student/aruco_realsense/install/ur_description/share/ur_description/meshes/ur5e/visual/wrist1.dae
[0.720s] -- Up-to-date: /home/student/aruco_realsense/install/ur_description/share/ur_description/meshes/ur5e/visual/upperarm.dae
[0.720s] -- Up-to-date: /home/student/aruco_realsense/install/ur_description/share/ur_description/meshes/ur5e/visual/forearm.dae
[0.721s] -- Up-to-date: /home/student/aruco_realsense/install/ur_description/share/ur_description/meshes/ur5
[0.723s] -- Up-to-date: /home/student/aruco_realsense/install/ur_description/share/ur_description/meshes/ur5/collision
[0.724s] -- Up-to-date: /home/student/aruco_realsense/install/ur_description/share/ur_description/meshes/ur5/collision/shoulder.stl
[0.724s] -- Up-to-date: /home/student/aruco_realsense/install/ur_description/share/ur_description/meshes/ur5/collision/wrist3.stl
[0.724s] -- Up-to-date: /home/student/aruco_realsense/install/ur_description/share/ur_description/meshes/ur5/collision/wrist1.stl
[0.724s] -- Up-to-date: /home/student/aruco_realsense/install/ur_description/share/ur_description/meshes/ur5/collision/wrist2.stl
[0.724s] -- Up-to-date: /home/student/aruco_realsense/install/ur_description/share/ur_description/meshes/ur5/collision/forearm.stl
[0.725s] -- Up-to-date: /home/student/aruco_realsense/install/ur_description/share/ur_description/meshes/ur5/collision/upperarm.stl
[0.726s] -- Up-to-date: /home/student/aruco_realsense/install/ur_description/share/ur_description/meshes/ur5/collision/base.stl
[0.726s] -- Up-to-date: /home/student/aruco_realsense/install/ur_description/share/ur_description/meshes/ur5/visual
[0.726s] -- Up-to-date: /home/student/aruco_realsense/install/ur_description/share/ur_description/meshes/ur5/visual/shoulder.dae
[0.726s] -- Up-to-date: /home/student/aruco_realsense/install/ur_description/share/ur_description/meshes/ur5/visual/base.dae
[0.726s] -- Up-to-date: /home/student/aruco_realsense/install/ur_description/share/ur_description/meshes/ur5/visual/wrist2.dae
[0.726s] -- Up-to-date: /home/student/aruco_realsense/install/ur_description/share/ur_description/meshes/ur5/visual/wrist3.dae
[0.726s] -- Up-to-date: /home/student/aruco_realsense/install/ur_description/share/ur_description/meshes/ur5/visual/wrist1.dae
[0.727s] -- Up-to-date: /home/student/aruco_realsense/install/ur_description/share/ur_description/meshes/ur5/visual/upperarm.dae
[0.727s] -- Up-to-date: /home/student/aruco_realsense/install/ur_description/share/ur_description/meshes/ur5/visual/forearm.dae
[0.727s] -- Up-to-date: /home/student/aruco_realsense/install/ur_description/share/ur_description/meshes/ur10
[0.727s] -- Up-to-date: /home/student/aruco_realsense/install/ur_description/share/ur_description/meshes/ur10/collision
[0.727s] -- Up-to-date: /home/student/aruco_realsense/install/ur_description/share/ur_description/meshes/ur10/collision/shoulder.stl
[0.727s] -- Up-to-date: /home/student/aruco_realsense/install/ur_description/share/ur_description/meshes/ur10/collision/wrist3.stl
[0.727s] -- Up-to-date: /home/student/aruco_realsense/install/ur_description/share/ur_description/meshes/ur10/collision/wrist1.stl
[0.728s] -- Up-to-date: /home/student/aruco_realsense/install/ur_description/share/ur_description/meshes/ur10/collision/wrist2.stl
[0.728s] -- Up-to-date: /home/student/aruco_realsense/install/ur_description/share/ur_description/meshes/ur10/collision/forearm.stl
[0.728s] -- Up-to-date: /home/student/aruco_realsense/install/ur_description/share/ur_description/meshes/ur10/collision/upperarm.stl
[0.728s] -- Up-to-date: /home/student/aruco_realsense/install/ur_description/share/ur_description/meshes/ur10/collision/base.stl
[0.728s] -- Up-to-date: /home/student/aruco_realsense/install/ur_description/share/ur_description/meshes/ur10/visual
[0.728s] -- Up-to-date: /home/student/aruco_realsense/install/ur_description/share/ur_description/meshes/ur10/visual/shoulder.dae
[0.728s] -- Up-to-date: /home/student/aruco_realsense/install/ur_description/share/ur_description/meshes/ur10/visual/base.dae
[0.729s] -- Up-to-date: /home/student/aruco_realsense/install/ur_description/share/ur_description/meshes/ur10/visual/wrist2.dae
[0.729s] -- Up-to-date: /home/student/aruco_realsense/install/ur_description/share/ur_description/meshes/ur10/visual/wrist3.dae
[0.729s] -- Up-to-date: /home/student/aruco_realsense/install/ur_description/share/ur_description/meshes/ur10/visual/wrist1.dae
[0.729s] -- Up-to-date: /home/student/aruco_realsense/install/ur_description/share/ur_description/meshes/ur10/visual/upperarm.dae
[0.730s] -- Up-to-date: /home/student/aruco_realsense/install/ur_description/share/ur_description/meshes/ur10/visual/forearm.dae
[0.730s] -- Up-to-date: /home/student/aruco_realsense/install/ur_description/share/ur_description/rviz
[0.732s] -- Up-to-date: /home/student/aruco_realsense/install/ur_description/share/ur_description/rviz/view_robot.rviz
[0.735s] -- Up-to-date: /home/student/aruco_realsense/install/ur_description/share/ur_description/urdf
[0.735s] -- Up-to-date: /home/student/aruco_realsense/install/ur_description/share/ur_description/urdf/ur.urdf.xacro
[0.736s] -- Up-to-date: /home/student/aruco_realsense/install/ur_description/share/ur_description/urdf/ur.ros2_control.xacro
[0.736s] -- Up-to-date: /home/student/aruco_realsense/install/ur_description/share/ur_description/urdf/inc
[0.737s] -- Up-to-date: /home/student/aruco_realsense/install/ur_description/share/ur_description/urdf/inc/ur_transmissions.xacro
[0.737s] -- Up-to-date: /home/student/aruco_realsense/install/ur_description/share/ur_description/urdf/inc/ur_common.xacro
[0.737s] -- Up-to-date: /home/student/aruco_realsense/install/ur_description/share/ur_description/urdf/ur_macro.xacro
[0.737s] -- Up-to-date: /home/student/aruco_realsense/install/ur_description/share/ur_description/test
[0.737s] -- Up-to-date: /home/student/aruco_realsense/install/ur_description/share/ur_description/test/test_view_ur_launch.py
[0.738s] -- Up-to-date: /home/student/aruco_realsense/install/ur_description/share/ur_description/test/test_ur_urdf_xacro.py
[0.738s] -- Up-to-date: /home/student/aruco_realsense/install/ur_description/share/ament_index/resource_index/package_run_dependencies/ur_description
[0.738s] -- Up-to-date: /home/student/aruco_realsense/install/ur_description/share/ament_index/resource_index/parent_prefix_path/ur_description
[0.738s] -- Up-to-date: /home/student/aruco_realsense/install/ur_description/share/ur_description/environment/ament_prefix_path.sh
[0.738s] -- Up-to-date: /home/student/aruco_realsense/install/ur_description/share/ur_description/environment/ament_prefix_path.dsv
[0.738s] -- Up-to-date: /home/student/aruco_realsense/install/ur_description/share/ur_description/environment/path.sh
[0.738s] -- Up-to-date: /home/student/aruco_realsense/install/ur_description/share/ur_description/environment/path.dsv
[0.738s] -- Up-to-date: /home/student/aruco_realsense/install/ur_description/share/ur_description/local_setup.bash
[0.738s] -- Up-to-date: /home/student/aruco_realsense/install/ur_description/share/ur_description/local_setup.sh
[0.738s] -- Up-to-date: /home/student/aruco_realsense/install/ur_description/share/ur_description/local_setup.zsh
[0.738s] -- Up-to-date: /home/student/aruco_realsense/install/ur_description/share/ur_description/local_setup.dsv
[0.738s] -- Installing: /home/student/aruco_realsense/install/ur_description/share/ur_description/package.dsv
[0.739s] -- Up-to-date: /home/student/aruco_realsense/install/ur_description/share/ament_index/resource_index/packages/ur_description
[0.739s] -- Up-to-date: /home/student/aruco_realsense/install/ur_description/share/ur_description/cmake/ur_descriptionConfig.cmake
[0.739s] -- Up-to-date: /home/student/aruco_realsense/install/ur_description/share/ur_description/cmake/ur_descriptionConfig-version.cmake
[0.739s] -- Up-to-date: /home/student/aruco_realsense/install/ur_description/share/ur_description/package.xml
[0.739s] Invoked command in '/home/student/aruco_realsense/build/ur_description' returned '0': CMAKE_PREFIX_PATH=${CMAKE_PREFIX_PATH}:/home/student/aruco_realsense/install/ros2_aruco:/home/student/aruco_realsense/install/aruco_rs2:/opt/ros/galactic /usr/bin/cmake --install /home/student/aruco_realsense/build/ur_description
