[0.088s] Invoking command in '/home/student/aruco_realsense/build/realsense2_camera_msgs': /usr/bin/cmake /home/student/aruco_realsense/src/realsense-ros/realsense2_camera_msgs -DCMAKE_INSTALL_PREFIX=/home/student/aruco_realsense/install/realsense2_camera_msgs
[0.443s] -- Configuring incomplete, errors occurred!
[0.443s] See also "/home/student/aruco_realsense/build/realsense2_camera_msgs/CMakeFiles/CMakeOutput.log".
[0.445s] CMake Error at CMakeLists.txt:13 (find_package):
[0.446s]   By not providing "Findament_cmake.cmake" in CMAKE_MODULE_PATH this project
[0.447s]   has asked CMake to find a package configuration file provided by
[0.448s]   "ament_cmake", but CMake did not find one.
[0.448s] 
[0.449s]   Could not find a package configuration file provided by "ament_cmake" with
[0.450s]   any of the following names:
[0.450s] 
[0.451s]     ament_cmakeConfig.cmake
[0.452s]     ament_cmake-config.cmake
[0.453s] 
[0.454s]   Add the installation prefix of "ament_cmake" to CMAKE_PREFIX_PATH or set
[0.455s]   "ament_cmake_DIR" to a directory containing one of the above files.  If
[0.455s]   "ament_cmake" provides a separate development package or SDK, be sure it
[0.455s]   has been installed.
[0.456s] 
[0.456s] 
[0.456s] Invoked command in '/home/student/aruco_realsense/build/realsense2_camera_msgs' returned '1': /usr/bin/cmake /home/student/aruco_realsense/src/realsense-ros/realsense2_camera_msgs -DCMAKE_INSTALL_PREFIX=/home/student/aruco_realsense/install/realsense2_camera_msgs
