[0.085s] Invoking command in '/home/student/aruco_realsense/build/realsense2_camera_msgs': CMAKE_PREFIX_PATH=${CMAKE_PREFIX_PATH}:/home/student/aruco_realsense/install/aruco_rs2:/home/student/aruco_realsense/install/ros2_aruco:/opt/ros/galactic /usr/bin/cmake --build /home/student/aruco_realsense/build/realsense2_camera_msgs -- -j12 -l12
[0.513s] [  1%] Built target realsense2_camera_msgs__cpp
[0.513s] [ 12%] Built target realsense2_camera_msgs__rosidl_generator_c
[0.513s] [ 56%] Built target realsense2_camera_msgs__rosidl_typesupport_c
[0.514s] [ 56%] Built target realsense2_camera_msgs__rosidl_typesupport_introspection_c
[0.514s] [ 56%] Built target realsense2_camera_msgs__rosidl_typesupport_introspection_cpp
[0.514s] [ 56%] Built target realsense2_camera_msgs__rosidl_typesupport_cpp
[0.514s] [ 67%] Built target realsense2_camera_msgs__rosidl_typesupport_fastrtps_cpp
[0.515s] [ 78%] Built target realsense2_camera_msgs__rosidl_typesupport_fastrtps_c
[0.516s] [ 78%] Built target realsense2_camera_msgs
[0.516s] [ 80%] Built target realsense2_camera_msgs__py
[0.518s] [ 89%] Built target realsense2_camera_msgs__python
[0.521s] [100%] Built target realsense2_camera_msgs__rosidl_typesupport_fastrtps_c__pyext
[0.522s] [100%] Built target realsense2_camera_msgs__rosidl_typesupport_c__pyext
[0.522s] [100%] Built target realsense2_camera_msgs__rosidl_typesupport_introspection_c__pyext
[0.526s] Invoked command in '/home/student/aruco_realsense/build/realsense2_camera_msgs' returned '0': CMAKE_PREFIX_PATH=${CMAKE_PREFIX_PATH}:/home/student/aruco_realsense/install/aruco_rs2:/home/student/aruco_realsense/install/ros2_aruco:/opt/ros/galactic /usr/bin/cmake --build /home/student/aruco_realsense/build/realsense2_camera_msgs -- -j12 -l12
[0.634s] Invoking command in '/home/student/aruco_realsense/build/realsense2_camera_msgs': CMAKE_PREFIX_PATH=${CMAKE_PREFIX_PATH}:/home/student/aruco_realsense/install/aruco_rs2:/home/student/aruco_realsense/install/ros2_aruco:/opt/ros/galactic /usr/bin/cmake --install /home/student/aruco_realsense/build/realsense2_camera_msgs
[0.643s] -- Install configuration: ""
[0.643s] -- Up-to-date: /home/student/aruco_realsense/install/realsense2_camera_msgs/share/ament_index/resource_index/rosidl_interfaces/realsense2_camera_msgs
[0.644s] -- Up-to-date: /home/student/aruco_realsense/install/realsense2_camera_msgs/include/realsense2_camera_msgs
[0.644s] -- Up-to-date: /home/student/aruco_realsense/install/realsense2_camera_msgs/include/realsense2_camera_msgs/srv
[0.644s] -- Up-to-date: /home/student/aruco_realsense/install/realsense2_camera_msgs/include/realsense2_camera_msgs/srv/detail
[0.644s] -- Up-to-date: /home/student/aruco_realsense/install/realsense2_camera_msgs/include/realsense2_camera_msgs/srv/detail/device_info__functions.c
[0.644s] -- Up-to-date: /home/student/aruco_realsense/install/realsense2_camera_msgs/include/realsense2_camera_msgs/srv/detail/device_info__functions.h
[0.645s] -- Up-to-date: /home/student/aruco_realsense/install/realsense2_camera_msgs/include/realsense2_camera_msgs/srv/detail/device_info__struct.h
[0.645s] -- Up-to-date: /home/student/aruco_realsense/install/realsense2_camera_msgs/include/realsense2_camera_msgs/srv/detail/device_info__type_support.h
[0.645s] -- Up-to-date: /home/student/aruco_realsense/install/realsense2_camera_msgs/include/realsense2_camera_msgs/srv/device_info.h
[0.645s] -- Up-to-date: /home/student/aruco_realsense/install/realsense2_camera_msgs/include/realsense2_camera_msgs/msg
[0.645s] -- Up-to-date: /home/student/aruco_realsense/install/realsense2_camera_msgs/include/realsense2_camera_msgs/msg/detail
[0.645s] -- Up-to-date: /home/student/aruco_realsense/install/realsense2_camera_msgs/include/realsense2_camera_msgs/msg/detail/imu_info__functions.h
[0.646s] -- Up-to-date: /home/student/aruco_realsense/install/realsense2_camera_msgs/include/realsense2_camera_msgs/msg/detail/imu_info__functions.c
[0.646s] -- Up-to-date: /home/student/aruco_realsense/install/realsense2_camera_msgs/include/realsense2_camera_msgs/msg/detail/extrinsics__struct.h
[0.646s] -- Up-to-date: /home/student/aruco_realsense/install/realsense2_camera_msgs/include/realsense2_camera_msgs/msg/detail/metadata__functions.h
[0.646s] -- Up-to-date: /home/student/aruco_realsense/install/realsense2_camera_msgs/include/realsense2_camera_msgs/msg/detail/metadata__functions.c
[0.646s] -- Up-to-date: /home/student/aruco_realsense/install/realsense2_camera_msgs/include/realsense2_camera_msgs/msg/detail/extrinsics__functions.h
[0.647s] -- Up-to-date: /home/student/aruco_realsense/install/realsense2_camera_msgs/include/realsense2_camera_msgs/msg/detail/metadata__type_support.h
[0.647s] -- Up-to-date: /home/student/aruco_realsense/install/realsense2_camera_msgs/include/realsense2_camera_msgs/msg/detail/imu_info__type_support.h
[0.647s] -- Up-to-date: /home/student/aruco_realsense/install/realsense2_camera_msgs/include/realsense2_camera_msgs/msg/detail/extrinsics__type_support.h
[0.647s] -- Up-to-date: /home/student/aruco_realsense/install/realsense2_camera_msgs/include/realsense2_camera_msgs/msg/detail/imu_info__struct.h
[0.647s] -- Up-to-date: /home/student/aruco_realsense/install/realsense2_camera_msgs/include/realsense2_camera_msgs/msg/detail/metadata__struct.h
[0.647s] -- Up-to-date: /home/student/aruco_realsense/install/realsense2_camera_msgs/include/realsense2_camera_msgs/msg/detail/extrinsics__functions.c
[0.648s] -- Up-to-date: /home/student/aruco_realsense/install/realsense2_camera_msgs/include/realsense2_camera_msgs/msg/imu_info.h
[0.648s] -- Up-to-date: /home/student/aruco_realsense/install/realsense2_camera_msgs/include/realsense2_camera_msgs/msg/rosidl_generator_c__visibility_control.h
[0.648s] -- Up-to-date: /home/student/aruco_realsense/install/realsense2_camera_msgs/include/realsense2_camera_msgs/msg/metadata.h
[0.648s] -- Up-to-date: /home/student/aruco_realsense/install/realsense2_camera_msgs/include/realsense2_camera_msgs/msg/extrinsics.h
[0.648s] -- Up-to-date: /home/student/aruco_realsense/install/realsense2_camera_msgs/share/realsense2_camera_msgs/environment/library_path.sh
[0.648s] -- Up-to-date: /home/student/aruco_realsense/install/realsense2_camera_msgs/share/realsense2_camera_msgs/environment/library_path.dsv
[0.649s] -- Up-to-date: /home/student/aruco_realsense/install/realsense2_camera_msgs/lib/librealsense2_camera_msgs__rosidl_generator_c.so
[0.649s] -- Up-to-date: /home/student/aruco_realsense/install/realsense2_camera_msgs/include/realsense2_camera_msgs
[0.649s] -- Up-to-date: /home/student/aruco_realsense/install/realsense2_camera_msgs/include/realsense2_camera_msgs/srv
[0.649s] -- Up-to-date: /home/student/aruco_realsense/install/realsense2_camera_msgs/include/realsense2_camera_msgs/srv/detail
[0.649s] -- Up-to-date: /home/student/aruco_realsense/install/realsense2_camera_msgs/include/realsense2_camera_msgs/srv/detail/device_info__rosidl_typesupport_fastrtps_c.h
[0.649s] -- Up-to-date: /home/student/aruco_realsense/install/realsense2_camera_msgs/include/realsense2_camera_msgs/msg
[0.649s] -- Up-to-date: /home/student/aruco_realsense/install/realsense2_camera_msgs/include/realsense2_camera_msgs/msg/detail
[0.650s] -- Up-to-date: /home/student/aruco_realsense/install/realsense2_camera_msgs/include/realsense2_camera_msgs/msg/detail/extrinsics__rosidl_typesupport_fastrtps_c.h
[0.650s] -- Up-to-date: /home/student/aruco_realsense/install/realsense2_camera_msgs/include/realsense2_camera_msgs/msg/detail/imu_info__rosidl_typesupport_fastrtps_c.h
[0.650s] -- Up-to-date: /home/student/aruco_realsense/install/realsense2_camera_msgs/include/realsense2_camera_msgs/msg/detail/metadata__rosidl_typesupport_fastrtps_c.h
[0.650s] -- Up-to-date: /home/student/aruco_realsense/install/realsense2_camera_msgs/include/realsense2_camera_msgs/msg/rosidl_typesupport_fastrtps_c__visibility_control.h
[0.650s] -- Up-to-date: /home/student/aruco_realsense/install/realsense2_camera_msgs/lib/librealsense2_camera_msgs__rosidl_typesupport_fastrtps_c.so
[0.650s] -- Up-to-date: /home/student/aruco_realsense/install/realsense2_camera_msgs/include/realsense2_camera_msgs
[0.650s] -- Up-to-date: /home/student/aruco_realsense/install/realsense2_camera_msgs/include/realsense2_camera_msgs/srv
[0.651s] -- Up-to-date: /home/student/aruco_realsense/install/realsense2_camera_msgs/include/realsense2_camera_msgs/srv/detail
[0.651s] -- Up-to-date: /home/student/aruco_realsense/install/realsense2_camera_msgs/include/realsense2_camera_msgs/srv/detail/device_info__rosidl_typesupport_fastrtps_cpp.hpp
[0.651s] -- Up-to-date: /home/student/aruco_realsense/install/realsense2_camera_msgs/include/realsense2_camera_msgs/srv/detail/dds_fastrtps
[0.651s] -- Up-to-date: /home/student/aruco_realsense/install/realsense2_camera_msgs/include/realsense2_camera_msgs/msg
[0.651s] -- Up-to-date: /home/student/aruco_realsense/install/realsense2_camera_msgs/include/realsense2_camera_msgs/msg/rosidl_typesupport_fastrtps_cpp__visibility_control.h
[0.651s] -- Up-to-date: /home/student/aruco_realsense/install/realsense2_camera_msgs/include/realsense2_camera_msgs/msg/detail
[0.651s] -- Up-to-date: /home/student/aruco_realsense/install/realsense2_camera_msgs/include/realsense2_camera_msgs/msg/detail/metadata__rosidl_typesupport_fastrtps_cpp.hpp
[0.651s] -- Up-to-date: /home/student/aruco_realsense/install/realsense2_camera_msgs/include/realsense2_camera_msgs/msg/detail/imu_info__rosidl_typesupport_fastrtps_cpp.hpp
[0.652s] -- Up-to-date: /home/student/aruco_realsense/install/realsense2_camera_msgs/include/realsense2_camera_msgs/msg/detail/extrinsics__rosidl_typesupport_fastrtps_cpp.hpp
[0.652s] -- Up-to-date: /home/student/aruco_realsense/install/realsense2_camera_msgs/include/realsense2_camera_msgs/msg/detail/dds_fastrtps
[0.652s] -- Up-to-date: /home/student/aruco_realsense/install/realsense2_camera_msgs/lib/librealsense2_camera_msgs__rosidl_typesupport_fastrtps_cpp.so
[0.652s] -- Up-to-date: /home/student/aruco_realsense/install/realsense2_camera_msgs/include/realsense2_camera_msgs
[0.652s] -- Up-to-date: /home/student/aruco_realsense/install/realsense2_camera_msgs/include/realsense2_camera_msgs/srv
[0.652s] -- Up-to-date: /home/student/aruco_realsense/install/realsense2_camera_msgs/include/realsense2_camera_msgs/srv/detail
[0.652s] -- Up-to-date: /home/student/aruco_realsense/install/realsense2_camera_msgs/include/realsense2_camera_msgs/srv/detail/device_info__rosidl_typesupport_introspection_c.h
[0.653s] -- Up-to-date: /home/student/aruco_realsense/install/realsense2_camera_msgs/include/realsense2_camera_msgs/srv/detail/device_info__type_support.c
[0.653s] -- Up-to-date: /home/student/aruco_realsense/install/realsense2_camera_msgs/include/realsense2_camera_msgs/msg
[0.653s] -- Up-to-date: /home/student/aruco_realsense/install/realsense2_camera_msgs/include/realsense2_camera_msgs/msg/detail
[0.653s] -- Up-to-date: /home/student/aruco_realsense/install/realsense2_camera_msgs/include/realsense2_camera_msgs/msg/detail/extrinsics__rosidl_typesupport_introspection_c.h
[0.653s] -- Up-to-date: /home/student/aruco_realsense/install/realsense2_camera_msgs/include/realsense2_camera_msgs/msg/detail/imu_info__type_support.c
[0.653s] -- Up-to-date: /home/student/aruco_realsense/install/realsense2_camera_msgs/include/realsense2_camera_msgs/msg/detail/imu_info__rosidl_typesupport_introspection_c.h
[0.653s] -- Up-to-date: /home/student/aruco_realsense/install/realsense2_camera_msgs/include/realsense2_camera_msgs/msg/detail/metadata__type_support.c
[0.654s] -- Up-to-date: /home/student/aruco_realsense/install/realsense2_camera_msgs/include/realsense2_camera_msgs/msg/detail/extrinsics__type_support.c
[0.654s] -- Up-to-date: /home/student/aruco_realsense/install/realsense2_camera_msgs/include/realsense2_camera_msgs/msg/detail/metadata__rosidl_typesupport_introspection_c.h
[0.654s] -- Up-to-date: /home/student/aruco_realsense/install/realsense2_camera_msgs/include/realsense2_camera_msgs/msg/rosidl_typesupport_introspection_c__visibility_control.h
[0.654s] -- Up-to-date: /home/student/aruco_realsense/install/realsense2_camera_msgs/lib/librealsense2_camera_msgs__rosidl_typesupport_introspection_c.so
[0.654s] -- Up-to-date: /home/student/aruco_realsense/install/realsense2_camera_msgs/lib/librealsense2_camera_msgs__rosidl_typesupport_c.so
[0.654s] -- Up-to-date: /home/student/aruco_realsense/install/realsense2_camera_msgs/include/realsense2_camera_msgs
[0.654s] -- Up-to-date: /home/student/aruco_realsense/install/realsense2_camera_msgs/include/realsense2_camera_msgs/srv
[0.655s] -- Up-to-date: /home/student/aruco_realsense/install/realsense2_camera_msgs/include/realsense2_camera_msgs/srv/detail
[0.655s] -- Up-to-date: /home/student/aruco_realsense/install/realsense2_camera_msgs/include/realsense2_camera_msgs/srv/detail/device_info__traits.hpp
[0.655s] -- Up-to-date: /home/student/aruco_realsense/install/realsense2_camera_msgs/include/realsense2_camera_msgs/srv/detail/device_info__builder.hpp
[0.655s] -- Up-to-date: /home/student/aruco_realsense/install/realsense2_camera_msgs/include/realsense2_camera_msgs/srv/detail/device_info__struct.hpp
[0.655s] -- Up-to-date: /home/student/aruco_realsense/install/realsense2_camera_msgs/include/realsense2_camera_msgs/srv/device_info.hpp
[0.655s] -- Up-to-date: /home/student/aruco_realsense/install/realsense2_camera_msgs/include/realsense2_camera_msgs/msg
[0.655s] -- Up-to-date: /home/student/aruco_realsense/install/realsense2_camera_msgs/include/realsense2_camera_msgs/msg/detail
[0.656s] -- Up-to-date: /home/student/aruco_realsense/install/realsense2_camera_msgs/include/realsense2_camera_msgs/msg/detail/extrinsics__struct.hpp
[0.656s] -- Up-to-date: /home/student/aruco_realsense/install/realsense2_camera_msgs/include/realsense2_camera_msgs/msg/detail/imu_info__traits.hpp
[0.656s] -- Up-to-date: /home/student/aruco_realsense/install/realsense2_camera_msgs/include/realsense2_camera_msgs/msg/detail/metadata__struct.hpp
[0.656s] -- Up-to-date: /home/student/aruco_realsense/install/realsense2_camera_msgs/include/realsense2_camera_msgs/msg/detail/extrinsics__traits.hpp
[0.656s] -- Up-to-date: /home/student/aruco_realsense/install/realsense2_camera_msgs/include/realsense2_camera_msgs/msg/detail/imu_info__struct.hpp
[0.656s] -- Up-to-date: /home/student/aruco_realsense/install/realsense2_camera_msgs/include/realsense2_camera_msgs/msg/detail/imu_info__builder.hpp
[0.656s] -- Up-to-date: /home/student/aruco_realsense/install/realsense2_camera_msgs/include/realsense2_camera_msgs/msg/detail/metadata__builder.hpp
[0.656s] -- Up-to-date: /home/student/aruco_realsense/install/realsense2_camera_msgs/include/realsense2_camera_msgs/msg/detail/metadata__traits.hpp
[0.657s] -- Up-to-date: /home/student/aruco_realsense/install/realsense2_camera_msgs/include/realsense2_camera_msgs/msg/detail/extrinsics__builder.hpp
[0.657s] -- Up-to-date: /home/student/aruco_realsense/install/realsense2_camera_msgs/include/realsense2_camera_msgs/msg/imu_info.hpp
[0.657s] -- Up-to-date: /home/student/aruco_realsense/install/realsense2_camera_msgs/include/realsense2_camera_msgs/msg/extrinsics.hpp
[0.657s] -- Up-to-date: /home/student/aruco_realsense/install/realsense2_camera_msgs/include/realsense2_camera_msgs/msg/metadata.hpp
[0.657s] -- Up-to-date: /home/student/aruco_realsense/install/realsense2_camera_msgs/include/realsense2_camera_msgs
[0.657s] -- Up-to-date: /home/student/aruco_realsense/install/realsense2_camera_msgs/include/realsense2_camera_msgs/srv
[0.657s] -- Up-to-date: /home/student/aruco_realsense/install/realsense2_camera_msgs/include/realsense2_camera_msgs/srv/detail
[0.658s] -- Up-to-date: /home/student/aruco_realsense/install/realsense2_camera_msgs/include/realsense2_camera_msgs/srv/detail/device_info__type_support.cpp
[0.658s] -- Up-to-date: /home/student/aruco_realsense/install/realsense2_camera_msgs/include/realsense2_camera_msgs/srv/detail/device_info__rosidl_typesupport_introspection_cpp.hpp
[0.658s] -- Up-to-date: /home/student/aruco_realsense/install/realsense2_camera_msgs/include/realsense2_camera_msgs/msg
[0.658s] -- Up-to-date: /home/student/aruco_realsense/install/realsense2_camera_msgs/include/realsense2_camera_msgs/msg/detail
[0.658s] -- Up-to-date: /home/student/aruco_realsense/install/realsense2_camera_msgs/include/realsense2_camera_msgs/msg/detail/metadata__type_support.cpp
[0.658s] -- Up-to-date: /home/student/aruco_realsense/install/realsense2_camera_msgs/include/realsense2_camera_msgs/msg/detail/extrinsics__rosidl_typesupport_introspection_cpp.hpp
[0.658s] -- Up-to-date: /home/student/aruco_realsense/install/realsense2_camera_msgs/include/realsense2_camera_msgs/msg/detail/imu_info__rosidl_typesupport_introspection_cpp.hpp
[0.659s] -- Up-to-date: /home/student/aruco_realsense/install/realsense2_camera_msgs/include/realsense2_camera_msgs/msg/detail/metadata__rosidl_typesupport_introspection_cpp.hpp
[0.659s] -- Up-to-date: /home/student/aruco_realsense/install/realsense2_camera_msgs/include/realsense2_camera_msgs/msg/detail/extrinsics__type_support.cpp
[0.659s] -- Up-to-date: /home/student/aruco_realsense/install/realsense2_camera_msgs/include/realsense2_camera_msgs/msg/detail/imu_info__type_support.cpp
[0.659s] -- Up-to-date: /home/student/aruco_realsense/install/realsense2_camera_msgs/lib/librealsense2_camera_msgs__rosidl_typesupport_introspection_cpp.so
[0.659s] -- Up-to-date: /home/student/aruco_realsense/install/realsense2_camera_msgs/lib/librealsense2_camera_msgs__rosidl_typesupport_cpp.so
[0.659s] -- Up-to-date: /home/student/aruco_realsense/install/realsense2_camera_msgs/share/realsense2_camera_msgs/environment/pythonpath.sh
[0.659s] -- Up-to-date: /home/student/aruco_realsense/install/realsense2_camera_msgs/share/realsense2_camera_msgs/environment/pythonpath.dsv
[0.659s] -- Up-to-date: /home/student/aruco_realsense/install/realsense2_camera_msgs/lib/python3.8/site-packages/realsense2_camera_msgs/__init__.py
[0.681s] -- Up-to-date: /home/student/aruco_realsense/install/realsense2_camera_msgs/lib/python3.8/site-packages/realsense2_camera_msgs/msg
[0.682s] -- Up-to-date: /home/student/aruco_realsense/install/realsense2_camera_msgs/lib/python3.8/site-packages/realsense2_camera_msgs/msg/_extrinsics.py
[0.682s] -- Up-to-date: /home/student/aruco_realsense/install/realsense2_camera_msgs/lib/python3.8/site-packages/realsense2_camera_msgs/msg/__init__.py
[0.682s] -- Up-to-date: /home/student/aruco_realsense/install/realsense2_camera_msgs/lib/python3.8/site-packages/realsense2_camera_msgs/msg/_imu_info_s.c
[0.682s] -- Up-to-date: /home/student/aruco_realsense/install/realsense2_camera_msgs/lib/python3.8/site-packages/realsense2_camera_msgs/msg/_metadata_s.c
[0.682s] -- Up-to-date: /home/student/aruco_realsense/install/realsense2_camera_msgs/lib/python3.8/site-packages/realsense2_camera_msgs/msg/_imu_info.py
[0.682s] -- Up-to-date: /home/student/aruco_realsense/install/realsense2_camera_msgs/lib/python3.8/site-packages/realsense2_camera_msgs/msg/_extrinsics_s.c
[0.682s] -- Up-to-date: /home/student/aruco_realsense/install/realsense2_camera_msgs/lib/python3.8/site-packages/realsense2_camera_msgs/msg/_metadata.py
[0.683s] -- Up-to-date: /home/student/aruco_realsense/install/realsense2_camera_msgs/lib/python3.8/site-packages/realsense2_camera_msgs/srv
[0.683s] -- Up-to-date: /home/student/aruco_realsense/install/realsense2_camera_msgs/lib/python3.8/site-packages/realsense2_camera_msgs/srv/_device_info.py
[0.683s] -- Up-to-date: /home/student/aruco_realsense/install/realsense2_camera_msgs/lib/python3.8/site-packages/realsense2_camera_msgs/srv/__init__.py
[0.683s] -- Up-to-date: /home/student/aruco_realsense/install/realsense2_camera_msgs/lib/python3.8/site-packages/realsense2_camera_msgs/srv/_device_info_s.c
[0.683s] -- Up-to-date: /home/student/aruco_realsense/install/realsense2_camera_msgs/lib/python3.8/site-packages/realsense2_camera_msgs/realsense2_camera_msgs_s__rosidl_typesupport_fastrtps_c.cpython-38-x86_64-linux-gnu.so
[0.683s] -- Up-to-date: /home/student/aruco_realsense/install/realsense2_camera_msgs/lib/python3.8/site-packages/realsense2_camera_msgs/realsense2_camera_msgs_s__rosidl_typesupport_introspection_c.cpython-38-x86_64-linux-gnu.so
[0.684s] -- Up-to-date: /home/student/aruco_realsense/install/realsense2_camera_msgs/lib/python3.8/site-packages/realsense2_camera_msgs/realsense2_camera_msgs_s__rosidl_typesupport_c.cpython-38-x86_64-linux-gnu.so
[0.684s] -- Up-to-date: /home/student/aruco_realsense/install/realsense2_camera_msgs/lib/librealsense2_camera_msgs__python.so
[0.684s] -- Up-to-date: /home/student/aruco_realsense/install/realsense2_camera_msgs/share/realsense2_camera_msgs/msg/IMUInfo.idl
[0.685s] -- Up-to-date: /home/student/aruco_realsense/install/realsense2_camera_msgs/share/realsense2_camera_msgs/msg/Extrinsics.idl
[0.685s] -- Up-to-date: /home/student/aruco_realsense/install/realsense2_camera_msgs/share/realsense2_camera_msgs/msg/Metadata.idl
[0.685s] -- Up-to-date: /home/student/aruco_realsense/install/realsense2_camera_msgs/share/realsense2_camera_msgs/srv/DeviceInfo.idl
[0.685s] -- Up-to-date: /home/student/aruco_realsense/install/realsense2_camera_msgs/share/realsense2_camera_msgs/msg/IMUInfo.msg
[0.685s] -- Up-to-date: /home/student/aruco_realsense/install/realsense2_camera_msgs/share/realsense2_camera_msgs/msg/Extrinsics.msg
[0.686s] -- Up-to-date: /home/student/aruco_realsense/install/realsense2_camera_msgs/share/realsense2_camera_msgs/msg/Metadata.msg
[0.686s] -- Up-to-date: /home/student/aruco_realsense/install/realsense2_camera_msgs/share/realsense2_camera_msgs/srv/DeviceInfo.srv
[0.686s] -- Up-to-date: /home/student/aruco_realsense/install/realsense2_camera_msgs/share/realsense2_camera_msgs/srv/DeviceInfo_Request.msg
[0.686s] -- Up-to-date: /home/student/aruco_realsense/install/realsense2_camera_msgs/share/realsense2_camera_msgs/srv/DeviceInfo_Response.msg
[0.686s] -- Up-to-date: /home/student/aruco_realsense/install/realsense2_camera_msgs/share/ament_index/resource_index/package_run_dependencies/realsense2_camera_msgs
[0.686s] -- Up-to-date: /home/student/aruco_realsense/install/realsense2_camera_msgs/share/ament_index/resource_index/parent_prefix_path/realsense2_camera_msgs
[0.687s] -- Up-to-date: /home/student/aruco_realsense/install/realsense2_camera_msgs/share/realsense2_camera_msgs/environment/ament_prefix_path.sh
[0.687s] -- Up-to-date: /home/student/aruco_realsense/install/realsense2_camera_msgs/share/realsense2_camera_msgs/environment/ament_prefix_path.dsv
[0.687s] -- Up-to-date: /home/student/aruco_realsense/install/realsense2_camera_msgs/share/realsense2_camera_msgs/environment/path.sh
[0.687s] -- Up-to-date: /home/student/aruco_realsense/install/realsense2_camera_msgs/share/realsense2_camera_msgs/environment/path.dsv
[0.687s] -- Up-to-date: /home/student/aruco_realsense/install/realsense2_camera_msgs/share/realsense2_camera_msgs/local_setup.bash
[0.687s] -- Up-to-date: /home/student/aruco_realsense/install/realsense2_camera_msgs/share/realsense2_camera_msgs/local_setup.sh
[0.687s] -- Up-to-date: /home/student/aruco_realsense/install/realsense2_camera_msgs/share/realsense2_camera_msgs/local_setup.zsh
[0.688s] -- Up-to-date: /home/student/aruco_realsense/install/realsense2_camera_msgs/share/realsense2_camera_msgs/local_setup.dsv
[0.688s] -- Installing: /home/student/aruco_realsense/install/realsense2_camera_msgs/share/realsense2_camera_msgs/package.dsv
[0.688s] -- Up-to-date: /home/student/aruco_realsense/install/realsense2_camera_msgs/share/ament_index/resource_index/packages/realsense2_camera_msgs
[0.688s] -- Up-to-date: /home/student/aruco_realsense/install/realsense2_camera_msgs/share/realsense2_camera_msgs/cmake/realsense2_camera_msgs__rosidl_generator_cExport.cmake
[0.688s] -- Up-to-date: /home/student/aruco_realsense/install/realsense2_camera_msgs/share/realsense2_camera_msgs/cmake/realsense2_camera_msgs__rosidl_generator_cExport-noconfig.cmake
[0.688s] -- Up-to-date: /home/student/aruco_realsense/install/realsense2_camera_msgs/share/realsense2_camera_msgs/cmake/realsense2_camera_msgs__rosidl_typesupport_introspection_cExport.cmake
[0.688s] -- Up-to-date: /home/student/aruco_realsense/install/realsense2_camera_msgs/share/realsense2_camera_msgs/cmake/realsense2_camera_msgs__rosidl_typesupport_introspection_cExport-noconfig.cmake
[0.689s] -- Up-to-date: /home/student/aruco_realsense/install/realsense2_camera_msgs/share/realsense2_camera_msgs/cmake/realsense2_camera_msgs__rosidl_typesupport_cExport.cmake
[0.689s] -- Up-to-date: /home/student/aruco_realsense/install/realsense2_camera_msgs/share/realsense2_camera_msgs/cmake/realsense2_camera_msgs__rosidl_typesupport_cExport-noconfig.cmake
[0.689s] -- Up-to-date: /home/student/aruco_realsense/install/realsense2_camera_msgs/share/realsense2_camera_msgs/cmake/realsense2_camera_msgs__rosidl_generator_cppExport.cmake
[0.689s] -- Up-to-date: /home/student/aruco_realsense/install/realsense2_camera_msgs/share/realsense2_camera_msgs/cmake/realsense2_camera_msgs__rosidl_typesupport_introspection_cppExport.cmake
[0.689s] -- Up-to-date: /home/student/aruco_realsense/install/realsense2_camera_msgs/share/realsense2_camera_msgs/cmake/realsense2_camera_msgs__rosidl_typesupport_introspection_cppExport-noconfig.cmake
[0.690s] -- Up-to-date: /home/student/aruco_realsense/install/realsense2_camera_msgs/share/realsense2_camera_msgs/cmake/realsense2_camera_msgs__rosidl_typesupport_cppExport.cmake
[0.690s] -- Up-to-date: /home/student/aruco_realsense/install/realsense2_camera_msgs/share/realsense2_camera_msgs/cmake/realsense2_camera_msgs__rosidl_typesupport_cppExport-noconfig.cmake
[0.691s] -- Up-to-date: /home/student/aruco_realsense/install/realsense2_camera_msgs/share/realsense2_camera_msgs/cmake/rosidl_cmake-extras.cmake
[0.692s] -- Up-to-date: /home/student/aruco_realsense/install/realsense2_camera_msgs/share/realsense2_camera_msgs/cmake/ament_cmake_export_dependencies-extras.cmake
[0.692s] -- Up-to-date: /home/student/aruco_realsense/install/realsense2_camera_msgs/share/realsense2_camera_msgs/cmake/ament_cmake_export_libraries-extras.cmake
[0.692s] -- Up-to-date: /home/student/aruco_realsense/install/realsense2_camera_msgs/share/realsense2_camera_msgs/cmake/ament_cmake_export_targets-extras.cmake
[0.693s] -- Up-to-date: /home/student/aruco_realsense/install/realsense2_camera_msgs/share/realsense2_camera_msgs/cmake/ament_cmake_export_include_directories-extras.cmake
[0.693s] -- Up-to-date: /home/student/aruco_realsense/install/realsense2_camera_msgs/share/realsense2_camera_msgs/cmake/rosidl_cmake_export_typesupport_libraries-extras.cmake
[0.694s] -- Up-to-date: /home/student/aruco_realsense/install/realsense2_camera_msgs/share/realsense2_camera_msgs/cmake/rosidl_cmake_export_typesupport_targets-extras.cmake
[0.694s] -- Up-to-date: /home/student/aruco_realsense/install/realsense2_camera_msgs/share/realsense2_camera_msgs/cmake/realsense2_camera_msgsConfig.cmake
[0.694s] -- Up-to-date: /home/student/aruco_realsense/install/realsense2_camera_msgs/share/realsense2_camera_msgs/cmake/realsense2_camera_msgsConfig-version.cmake
[0.695s] -- Up-to-date: /home/student/aruco_realsense/install/realsense2_camera_msgs/share/realsense2_camera_msgs/package.xml
[0.695s] Invoked command in '/home/student/aruco_realsense/build/realsense2_camera_msgs' returned '0': CMAKE_PREFIX_PATH=${CMAKE_PREFIX_PATH}:/home/student/aruco_realsense/install/aruco_rs2:/home/student/aruco_realsense/install/ros2_aruco:/opt/ros/galactic /usr/bin/cmake --install /home/student/aruco_realsense/build/realsense2_camera_msgs
