[0.121s] DEBUG:colcon:Command line arguments: ['/usr/bin/colcon', 'build']
[0.121s] DEBUG:colcon:Parsed command line arguments: Namespace(allow_overriding=[], ament_cmake_args=None, base_paths=['.'], build_base='build', catkin_cmake_args=None, catkin_skip_building_tests=False, cmake_args=None, cmake_clean_cache=False, cmake_clean_first=False, cmake_force_configure=False, cmake_target=None, cmake_target_skip_unavailable=False, continue_on_error=False, event_handlers=None, executor='parallel', ignore_user_meta=False, install_base='install', log_base=None, log_level=None, main=<bound method BuildVerb.main of <colcon_core.verb.build.BuildVerb object at 0x7f4100739340>>, merge_install=False, metas=['./colcon.meta'], packages_above=None, packages_above_and_dependencies=None, packages_above_depth=None, packages_end=None, packages_ignore=None, packages_ignore_regex=None, packages_select=None, packages_select_build_failed=False, packages_select_by_dep=None, packages_select_regex=None, packages_select_test_failures=False, packages_skip=None, packages_skip_build_finished=False, packages_skip_by_dep=None, packages_skip_regex=None, packages_skip_test_passed=False, packages_skip_up_to=None, packages_start=None, packages_up_to=None, packages_up_to_regex=None, parallel_workers=12, paths=None, symlink_install=False, test_result_base=None, verb_extension=<colcon_core.verb.build.BuildVerb object at 0x7f4100739340>, verb_name='build', verb_parser=<colcon_defaults.argument_parser.defaults.DefaultArgumentsDecorator object at 0x7f4100739880>)
[0.142s] Level 1:colcon.colcon_core.package_discovery:discover_packages(colcon_meta) check parameters
[0.142s] Level 1:colcon.colcon_core.package_discovery:discover_packages(recursive) check parameters
[0.142s] Level 1:colcon.colcon_core.package_discovery:discover_packages(ignore) check parameters
[0.142s] Level 1:colcon.colcon_core.package_discovery:discover_packages(path) check parameters
[0.142s] Level 1:colcon.colcon_core.package_discovery:discover_packages(colcon_meta) discover
[0.142s] Level 1:colcon.colcon_core.package_discovery:discover_packages(recursive) discover
[0.142s] INFO:colcon.colcon_core.package_discovery:Crawling recursively for packages in '/home/student/aruco_realsense'
[0.142s] Level 1:colcon.colcon_core.package_identification:_identify(.) by extensions ['ignore', 'ignore_ament_install']
[0.142s] Level 1:colcon.colcon_core.package_identification:_identify(.) by extension 'ignore'
[0.143s] Level 1:colcon.colcon_core.package_identification:_identify(.) by extension 'ignore_ament_install'
[0.143s] Level 1:colcon.colcon_core.package_identification:_identify(.) by extensions ['colcon_pkg']
[0.143s] Level 1:colcon.colcon_core.package_identification:_identify(.) by extension 'colcon_pkg'
[0.143s] Level 1:colcon.colcon_core.package_identification:_identify(.) by extensions ['colcon_meta']
[0.143s] Level 1:colcon.colcon_core.package_identification:_identify(.) by extension 'colcon_meta'
[0.143s] Level 1:colcon.colcon_core.package_identification:_identify(.) by extensions ['ros']
[0.143s] Level 1:colcon.colcon_core.package_identification:_identify(.) by extension 'ros'
[0.152s] Level 1:colcon.colcon_core.package_identification:_identify(.) by extensions ['cmake', 'python']
[0.152s] Level 1:colcon.colcon_core.package_identification:_identify(.) by extension 'cmake'
[0.152s] Level 1:colcon.colcon_core.package_identification:_identify(.) by extension 'python'
[0.152s] Level 1:colcon.colcon_core.package_identification:_identify(.) by extensions ['python_setup_py']
[0.152s] Level 1:colcon.colcon_core.package_identification:_identify(.) by extension 'python_setup_py'
[0.152s] Level 1:colcon.colcon_core.package_identification:_identify(build) by extensions ['ignore', 'ignore_ament_install']
[0.152s] Level 1:colcon.colcon_core.package_identification:_identify(build) by extension 'ignore'
[0.152s] Level 1:colcon.colcon_core.package_identification:_identify(build) ignored
[0.152s] Level 1:colcon.colcon_core.package_identification:_identify(calibration) by extensions ['ignore', 'ignore_ament_install']
[0.152s] Level 1:colcon.colcon_core.package_identification:_identify(calibration) by extension 'ignore'
[0.152s] Level 1:colcon.colcon_core.package_identification:_identify(calibration) by extension 'ignore_ament_install'
[0.152s] Level 1:colcon.colcon_core.package_identification:_identify(calibration) by extensions ['colcon_pkg']
[0.152s] Level 1:colcon.colcon_core.package_identification:_identify(calibration) by extension 'colcon_pkg'
[0.152s] Level 1:colcon.colcon_core.package_identification:_identify(calibration) by extensions ['colcon_meta']
[0.152s] Level 1:colcon.colcon_core.package_identification:_identify(calibration) by extension 'colcon_meta'
[0.153s] Level 1:colcon.colcon_core.package_identification:_identify(calibration) by extensions ['ros']
[0.153s] Level 1:colcon.colcon_core.package_identification:_identify(calibration) by extension 'ros'
[0.153s] Level 1:colcon.colcon_core.package_identification:_identify(calibration) by extensions ['cmake', 'python']
[0.153s] Level 1:colcon.colcon_core.package_identification:_identify(calibration) by extension 'cmake'
[0.153s] Level 1:colcon.colcon_core.package_identification:_identify(calibration) by extension 'python'
[0.153s] Level 1:colcon.colcon_core.package_identification:_identify(calibration) by extensions ['python_setup_py']
[0.153s] Level 1:colcon.colcon_core.package_identification:_identify(calibration) by extension 'python_setup_py'
[0.153s] Level 1:colcon.colcon_core.package_identification:_identify(install) by extensions ['ignore', 'ignore_ament_install']
[0.153s] Level 1:colcon.colcon_core.package_identification:_identify(install) by extension 'ignore'
[0.153s] Level 1:colcon.colcon_core.package_identification:_identify(install) ignored
[0.153s] Level 1:colcon.colcon_core.package_identification:_identify(log) by extensions ['ignore', 'ignore_ament_install']
[0.153s] Level 1:colcon.colcon_core.package_identification:_identify(log) by extension 'ignore'
[0.153s] Level 1:colcon.colcon_core.package_identification:_identify(log) ignored
[0.153s] Level 1:colcon.colcon_core.package_identification:_identify(src) by extensions ['ignore', 'ignore_ament_install']
[0.153s] Level 1:colcon.colcon_core.package_identification:_identify(src) by extension 'ignore'
[0.153s] Level 1:colcon.colcon_core.package_identification:_identify(src) by extension 'ignore_ament_install'
[0.153s] Level 1:colcon.colcon_core.package_identification:_identify(src) by extensions ['colcon_pkg']
[0.153s] Level 1:colcon.colcon_core.package_identification:_identify(src) by extension 'colcon_pkg'
[0.153s] Level 1:colcon.colcon_core.package_identification:_identify(src) by extensions ['colcon_meta']
[0.154s] Level 1:colcon.colcon_core.package_identification:_identify(src) by extension 'colcon_meta'
[0.154s] Level 1:colcon.colcon_core.package_identification:_identify(src) by extensions ['ros']
[0.154s] Level 1:colcon.colcon_core.package_identification:_identify(src) by extension 'ros'
[0.154s] Level 1:colcon.colcon_core.package_identification:_identify(src) by extensions ['cmake', 'python']
[0.154s] Level 1:colcon.colcon_core.package_identification:_identify(src) by extension 'cmake'
[0.154s] Level 1:colcon.colcon_core.package_identification:_identify(src) by extension 'python'
[0.154s] Level 1:colcon.colcon_core.package_identification:_identify(src) by extensions ['python_setup_py']
[0.154s] Level 1:colcon.colcon_core.package_identification:_identify(src) by extension 'python_setup_py'
[0.154s] Level 1:colcon.colcon_core.package_identification:_identify(src/aruco_rs2) by extensions ['ignore', 'ignore_ament_install']
[0.154s] Level 1:colcon.colcon_core.package_identification:_identify(src/aruco_rs2) by extension 'ignore'
[0.154s] Level 1:colcon.colcon_core.package_identification:_identify(src/aruco_rs2) by extension 'ignore_ament_install'
[0.154s] Level 1:colcon.colcon_core.package_identification:_identify(src/aruco_rs2) by extensions ['colcon_pkg']
[0.154s] Level 1:colcon.colcon_core.package_identification:_identify(src/aruco_rs2) by extension 'colcon_pkg'
[0.154s] Level 1:colcon.colcon_core.package_identification:_identify(src/aruco_rs2) by extensions ['colcon_meta']
[0.154s] Level 1:colcon.colcon_core.package_identification:_identify(src/aruco_rs2) by extension 'colcon_meta'
[0.154s] Level 1:colcon.colcon_core.package_identification:_identify(src/aruco_rs2) by extensions ['ros']
[0.154s] Level 1:colcon.colcon_core.package_identification:_identify(src/aruco_rs2) by extension 'ros'
[0.156s] DEBUG:colcon.colcon_core.package_identification:Package 'src/aruco_rs2' with type 'ros.ament_python' and name 'aruco_rs2'
[0.156s] Level 1:colcon.colcon_core.package_identification:_identify(src/realsense-ros) by extensions ['ignore', 'ignore_ament_install']
[0.156s] Level 1:colcon.colcon_core.package_identification:_identify(src/realsense-ros) by extension 'ignore'
[0.156s] Level 1:colcon.colcon_core.package_identification:_identify(src/realsense-ros) by extension 'ignore_ament_install'
[0.156s] Level 1:colcon.colcon_core.package_identification:_identify(src/realsense-ros) by extensions ['colcon_pkg']
[0.156s] Level 1:colcon.colcon_core.package_identification:_identify(src/realsense-ros) by extension 'colcon_pkg'
[0.156s] Level 1:colcon.colcon_core.package_identification:_identify(src/realsense-ros) by extensions ['colcon_meta']
[0.156s] Level 1:colcon.colcon_core.package_identification:_identify(src/realsense-ros) by extension 'colcon_meta'
[0.156s] Level 1:colcon.colcon_core.package_identification:_identify(src/realsense-ros) by extensions ['ros']
[0.157s] Level 1:colcon.colcon_core.package_identification:_identify(src/realsense-ros) by extension 'ros'
[0.157s] Level 1:colcon.colcon_core.package_identification:_identify(src/realsense-ros) by extensions ['cmake', 'python']
[0.157s] Level 1:colcon.colcon_core.package_identification:_identify(src/realsense-ros) by extension 'cmake'
[0.157s] Level 1:colcon.colcon_core.package_identification:_identify(src/realsense-ros) by extension 'python'
[0.157s] Level 1:colcon.colcon_core.package_identification:_identify(src/realsense-ros) by extensions ['python_setup_py']
[0.157s] Level 1:colcon.colcon_core.package_identification:_identify(src/realsense-ros) by extension 'python_setup_py'
[0.157s] Level 1:colcon.colcon_core.package_identification:_identify(src/realsense-ros/realsense2_camera) by extensions ['ignore', 'ignore_ament_install']
[0.157s] Level 1:colcon.colcon_core.package_identification:_identify(src/realsense-ros/realsense2_camera) by extension 'ignore'
[0.157s] Level 1:colcon.colcon_core.package_identification:_identify(src/realsense-ros/realsense2_camera) by extension 'ignore_ament_install'
[0.157s] Level 1:colcon.colcon_core.package_identification:_identify(src/realsense-ros/realsense2_camera) by extensions ['colcon_pkg']
[0.157s] Level 1:colcon.colcon_core.package_identification:_identify(src/realsense-ros/realsense2_camera) by extension 'colcon_pkg'
[0.157s] Level 1:colcon.colcon_core.package_identification:_identify(src/realsense-ros/realsense2_camera) by extensions ['colcon_meta']
[0.157s] Level 1:colcon.colcon_core.package_identification:_identify(src/realsense-ros/realsense2_camera) by extension 'colcon_meta'
[0.157s] Level 1:colcon.colcon_core.package_identification:_identify(src/realsense-ros/realsense2_camera) by extensions ['ros']
[0.157s] Level 1:colcon.colcon_core.package_identification:_identify(src/realsense-ros/realsense2_camera) by extension 'ros'
[0.159s] DEBUG:colcon.colcon_core.package_identification:Package 'src/realsense-ros/realsense2_camera' with type 'ros.ament_cmake' and name 'realsense2_camera'
[0.159s] Level 1:colcon.colcon_core.package_identification:_identify(src/realsense-ros/realsense2_camera_msgs) by extensions ['ignore', 'ignore_ament_install']
[0.159s] Level 1:colcon.colcon_core.package_identification:_identify(src/realsense-ros/realsense2_camera_msgs) by extension 'ignore'
[0.159s] Level 1:colcon.colcon_core.package_identification:_identify(src/realsense-ros/realsense2_camera_msgs) by extension 'ignore_ament_install'
[0.159s] Level 1:colcon.colcon_core.package_identification:_identify(src/realsense-ros/realsense2_camera_msgs) by extensions ['colcon_pkg']
[0.159s] Level 1:colcon.colcon_core.package_identification:_identify(src/realsense-ros/realsense2_camera_msgs) by extension 'colcon_pkg'
[0.159s] Level 1:colcon.colcon_core.package_identification:_identify(src/realsense-ros/realsense2_camera_msgs) by extensions ['colcon_meta']
[0.159s] Level 1:colcon.colcon_core.package_identification:_identify(src/realsense-ros/realsense2_camera_msgs) by extension 'colcon_meta'
[0.159s] Level 1:colcon.colcon_core.package_identification:_identify(src/realsense-ros/realsense2_camera_msgs) by extensions ['ros']
[0.159s] Level 1:colcon.colcon_core.package_identification:_identify(src/realsense-ros/realsense2_camera_msgs) by extension 'ros'
[0.160s] DEBUG:colcon.colcon_core.package_identification:Package 'src/realsense-ros/realsense2_camera_msgs' with type 'ros.ament_cmake' and name 'realsense2_camera_msgs'
[0.160s] Level 1:colcon.colcon_core.package_identification:_identify(src/realsense-ros/realsense2_description) by extensions ['ignore', 'ignore_ament_install']
[0.160s] Level 1:colcon.colcon_core.package_identification:_identify(src/realsense-ros/realsense2_description) by extension 'ignore'
[0.160s] Level 1:colcon.colcon_core.package_identification:_identify(src/realsense-ros/realsense2_description) by extension 'ignore_ament_install'
[0.160s] Level 1:colcon.colcon_core.package_identification:_identify(src/realsense-ros/realsense2_description) by extensions ['colcon_pkg']
[0.160s] Level 1:colcon.colcon_core.package_identification:_identify(src/realsense-ros/realsense2_description) by extension 'colcon_pkg'
[0.160s] Level 1:colcon.colcon_core.package_identification:_identify(src/realsense-ros/realsense2_description) by extensions ['colcon_meta']
[0.160s] Level 1:colcon.colcon_core.package_identification:_identify(src/realsense-ros/realsense2_description) by extension 'colcon_meta'
[0.160s] Level 1:colcon.colcon_core.package_identification:_identify(src/realsense-ros/realsense2_description) by extensions ['ros']
[0.160s] Level 1:colcon.colcon_core.package_identification:_identify(src/realsense-ros/realsense2_description) by extension 'ros'
[0.161s] DEBUG:colcon.colcon_core.package_identification:Package 'src/realsense-ros/realsense2_description' with type 'ros.ament_cmake' and name 'realsense2_description'
[0.161s] Level 1:colcon.colcon_core.package_identification:_identify(src/ros2_aruco) by extensions ['ignore', 'ignore_ament_install']
[0.161s] Level 1:colcon.colcon_core.package_identification:_identify(src/ros2_aruco) by extension 'ignore'
[0.161s] Level 1:colcon.colcon_core.package_identification:_identify(src/ros2_aruco) by extension 'ignore_ament_install'
[0.161s] Level 1:colcon.colcon_core.package_identification:_identify(src/ros2_aruco) by extensions ['colcon_pkg']
[0.161s] Level 1:colcon.colcon_core.package_identification:_identify(src/ros2_aruco) by extension 'colcon_pkg'
[0.161s] Level 1:colcon.colcon_core.package_identification:_identify(src/ros2_aruco) by extensions ['colcon_meta']
[0.161s] Level 1:colcon.colcon_core.package_identification:_identify(src/ros2_aruco) by extension 'colcon_meta'
[0.161s] Level 1:colcon.colcon_core.package_identification:_identify(src/ros2_aruco) by extensions ['ros']
[0.161s] Level 1:colcon.colcon_core.package_identification:_identify(src/ros2_aruco) by extension 'ros'
[0.161s] Level 1:colcon.colcon_core.package_identification:_identify(src/ros2_aruco) by extensions ['cmake', 'python']
[0.161s] Level 1:colcon.colcon_core.package_identification:_identify(src/ros2_aruco) by extension 'cmake'
[0.161s] Level 1:colcon.colcon_core.package_identification:_identify(src/ros2_aruco) by extension 'python'
[0.161s] Level 1:colcon.colcon_core.package_identification:_identify(src/ros2_aruco) by extensions ['python_setup_py']
[0.161s] Level 1:colcon.colcon_core.package_identification:_identify(src/ros2_aruco) by extension 'python_setup_py'
[0.162s] Level 1:colcon.colcon_core.package_identification:_identify(src/ros2_aruco/ros2_aruco) by extensions ['ignore', 'ignore_ament_install']
[0.162s] Level 1:colcon.colcon_core.package_identification:_identify(src/ros2_aruco/ros2_aruco) by extension 'ignore'
[0.162s] Level 1:colcon.colcon_core.package_identification:_identify(src/ros2_aruco/ros2_aruco) by extension 'ignore_ament_install'
[0.162s] Level 1:colcon.colcon_core.package_identification:_identify(src/ros2_aruco/ros2_aruco) by extensions ['colcon_pkg']
[0.162s] Level 1:colcon.colcon_core.package_identification:_identify(src/ros2_aruco/ros2_aruco) by extension 'colcon_pkg'
[0.162s] Level 1:colcon.colcon_core.package_identification:_identify(src/ros2_aruco/ros2_aruco) by extensions ['colcon_meta']
[0.162s] Level 1:colcon.colcon_core.package_identification:_identify(src/ros2_aruco/ros2_aruco) by extension 'colcon_meta'
[0.162s] Level 1:colcon.colcon_core.package_identification:_identify(src/ros2_aruco/ros2_aruco) by extensions ['ros']
[0.162s] Level 1:colcon.colcon_core.package_identification:_identify(src/ros2_aruco/ros2_aruco) by extension 'ros'
[0.162s] DEBUG:colcon.colcon_core.package_identification:Package 'src/ros2_aruco/ros2_aruco' with type 'ros.ament_python' and name 'ros2_aruco'
[0.162s] Level 1:colcon.colcon_core.package_identification:_identify(src/ros2_aruco/ros2_aruco_interfaces) by extensions ['ignore', 'ignore_ament_install']
[0.163s] Level 1:colcon.colcon_core.package_identification:_identify(src/ros2_aruco/ros2_aruco_interfaces) by extension 'ignore'
[0.163s] Level 1:colcon.colcon_core.package_identification:_identify(src/ros2_aruco/ros2_aruco_interfaces) by extension 'ignore_ament_install'
[0.163s] Level 1:colcon.colcon_core.package_identification:_identify(src/ros2_aruco/ros2_aruco_interfaces) by extensions ['colcon_pkg']
[0.163s] Level 1:colcon.colcon_core.package_identification:_identify(src/ros2_aruco/ros2_aruco_interfaces) by extension 'colcon_pkg'
[0.163s] Level 1:colcon.colcon_core.package_identification:_identify(src/ros2_aruco/ros2_aruco_interfaces) by extensions ['colcon_meta']
[0.163s] Level 1:colcon.colcon_core.package_identification:_identify(src/ros2_aruco/ros2_aruco_interfaces) by extension 'colcon_meta'
[0.163s] Level 1:colcon.colcon_core.package_identification:_identify(src/ros2_aruco/ros2_aruco_interfaces) by extensions ['ros']
[0.163s] Level 1:colcon.colcon_core.package_identification:_identify(src/ros2_aruco/ros2_aruco_interfaces) by extension 'ros'
[0.163s] DEBUG:colcon.colcon_core.package_identification:Package 'src/ros2_aruco/ros2_aruco_interfaces' with type 'ros.ament_cmake' and name 'ros2_aruco_interfaces'
[0.163s] Level 1:colcon.colcon_core.package_discovery:discover_packages(recursive) using defaults
[0.163s] Level 1:colcon.colcon_core.package_discovery:discover_packages(ignore) discover
[0.163s] Level 1:colcon.colcon_core.package_discovery:discover_packages(ignore) using defaults
[0.163s] Level 1:colcon.colcon_core.package_discovery:discover_packages(path) discover
[0.163s] Level 1:colcon.colcon_core.package_discovery:discover_packages(path) using defaults
[0.187s] Level 1:colcon.colcon_core.package_discovery:discover_packages(prefix_path) check parameters
[0.187s] Level 1:colcon.colcon_core.package_discovery:discover_packages(prefix_path) discover
[0.188s] WARNING:colcon.colcon_ros.prefix_path.ament:The path '/home/student/aruco_realsense/install/aruco_rs' in the environment variable AMENT_PREFIX_PATH doesn't exist
[0.189s] WARNING:colcon.colcon_ros.prefix_path.catkin:The path '/home/student/aruco_realsense/install/aruco_rs' in the environment variable CMAKE_PREFIX_PATH doesn't exist
[0.190s] DEBUG:colcon.colcon_installed_package_information.package_discovery:Found 6 installed packages in /home/student/aruco_realsense/install
[0.191s] DEBUG:colcon.colcon_installed_package_information.package_discovery:Found 277 installed packages in /opt/ros/galactic
[0.192s] Level 1:colcon.colcon_core.package_discovery:discover_packages(prefix_path) using defaults
[0.259s] Level 5:colcon.colcon_core.verb:set package 'aruco_rs2' build argument 'cmake_args' from command line to 'None'
[0.259s] Level 5:colcon.colcon_core.verb:set package 'aruco_rs2' build argument 'cmake_target' from command line to 'None'
[0.259s] Level 5:colcon.colcon_core.verb:set package 'aruco_rs2' build argument 'cmake_target_skip_unavailable' from command line to 'False'
[0.259s] Level 5:colcon.colcon_core.verb:set package 'aruco_rs2' build argument 'cmake_clean_cache' from command line to 'False'
[0.259s] Level 5:colcon.colcon_core.verb:set package 'aruco_rs2' build argument 'cmake_clean_first' from command line to 'False'
[0.259s] Level 5:colcon.colcon_core.verb:set package 'aruco_rs2' build argument 'cmake_force_configure' from command line to 'False'
[0.259s] Level 5:colcon.colcon_core.verb:set package 'aruco_rs2' build argument 'ament_cmake_args' from command line to 'None'
[0.259s] Level 5:colcon.colcon_core.verb:set package 'aruco_rs2' build argument 'catkin_cmake_args' from command line to 'None'
[0.259s] Level 5:colcon.colcon_core.verb:set package 'aruco_rs2' build argument 'catkin_skip_building_tests' from command line to 'False'
[0.259s] DEBUG:colcon.colcon_core.verb:Building package 'aruco_rs2' with the following arguments: {'ament_cmake_args': None, 'build_base': '/home/student/aruco_realsense/build/aruco_rs2', 'catkin_cmake_args': None, 'catkin_skip_building_tests': False, 'cmake_args': None, 'cmake_clean_cache': False, 'cmake_clean_first': False, 'cmake_force_configure': False, 'cmake_target': None, 'cmake_target_skip_unavailable': False, 'install_base': '/home/student/aruco_realsense/install/aruco_rs2', 'merge_install': False, 'path': '/home/student/aruco_realsense/src/aruco_rs2', 'symlink_install': False, 'test_result_base': None}
[0.260s] Level 5:colcon.colcon_core.verb:set package 'realsense2_camera_msgs' build argument 'cmake_args' from command line to 'None'
[0.260s] Level 5:colcon.colcon_core.verb:set package 'realsense2_camera_msgs' build argument 'cmake_target' from command line to 'None'
[0.260s] Level 5:colcon.colcon_core.verb:set package 'realsense2_camera_msgs' build argument 'cmake_target_skip_unavailable' from command line to 'False'
[0.260s] Level 5:colcon.colcon_core.verb:set package 'realsense2_camera_msgs' build argument 'cmake_clean_cache' from command line to 'False'
[0.260s] Level 5:colcon.colcon_core.verb:set package 'realsense2_camera_msgs' build argument 'cmake_clean_first' from command line to 'False'
[0.260s] Level 5:colcon.colcon_core.verb:set package 'realsense2_camera_msgs' build argument 'cmake_force_configure' from command line to 'False'
[0.260s] Level 5:colcon.colcon_core.verb:set package 'realsense2_camera_msgs' build argument 'ament_cmake_args' from command line to 'None'
[0.260s] Level 5:colcon.colcon_core.verb:set package 'realsense2_camera_msgs' build argument 'catkin_cmake_args' from command line to 'None'
[0.260s] Level 5:colcon.colcon_core.verb:set package 'realsense2_camera_msgs' build argument 'catkin_skip_building_tests' from command line to 'False'
[0.260s] DEBUG:colcon.colcon_core.verb:Building package 'realsense2_camera_msgs' with the following arguments: {'ament_cmake_args': None, 'build_base': '/home/student/aruco_realsense/build/realsense2_camera_msgs', 'catkin_cmake_args': None, 'catkin_skip_building_tests': False, 'cmake_args': None, 'cmake_clean_cache': False, 'cmake_clean_first': False, 'cmake_force_configure': False, 'cmake_target': None, 'cmake_target_skip_unavailable': False, 'install_base': '/home/student/aruco_realsense/install/realsense2_camera_msgs', 'merge_install': False, 'path': '/home/student/aruco_realsense/src/realsense-ros/realsense2_camera_msgs', 'symlink_install': False, 'test_result_base': None}
[0.261s] Level 5:colcon.colcon_core.verb:set package 'ros2_aruco' build argument 'cmake_args' from command line to 'None'
[0.261s] Level 5:colcon.colcon_core.verb:set package 'ros2_aruco' build argument 'cmake_target' from command line to 'None'
[0.261s] Level 5:colcon.colcon_core.verb:set package 'ros2_aruco' build argument 'cmake_target_skip_unavailable' from command line to 'False'
[0.261s] Level 5:colcon.colcon_core.verb:set package 'ros2_aruco' build argument 'cmake_clean_cache' from command line to 'False'
[0.261s] Level 5:colcon.colcon_core.verb:set package 'ros2_aruco' build argument 'cmake_clean_first' from command line to 'False'
[0.261s] Level 5:colcon.colcon_core.verb:set package 'ros2_aruco' build argument 'cmake_force_configure' from command line to 'False'
[0.261s] Level 5:colcon.colcon_core.verb:set package 'ros2_aruco' build argument 'ament_cmake_args' from command line to 'None'
[0.261s] Level 5:colcon.colcon_core.verb:set package 'ros2_aruco' build argument 'catkin_cmake_args' from command line to 'None'
[0.261s] Level 5:colcon.colcon_core.verb:set package 'ros2_aruco' build argument 'catkin_skip_building_tests' from command line to 'False'
[0.261s] DEBUG:colcon.colcon_core.verb:Building package 'ros2_aruco' with the following arguments: {'ament_cmake_args': None, 'build_base': '/home/student/aruco_realsense/build/ros2_aruco', 'catkin_cmake_args': None, 'catkin_skip_building_tests': False, 'cmake_args': None, 'cmake_clean_cache': False, 'cmake_clean_first': False, 'cmake_force_configure': False, 'cmake_target': None, 'cmake_target_skip_unavailable': False, 'install_base': '/home/student/aruco_realsense/install/ros2_aruco', 'merge_install': False, 'path': '/home/student/aruco_realsense/src/ros2_aruco/ros2_aruco', 'symlink_install': False, 'test_result_base': None}
[0.262s] Level 5:colcon.colcon_core.verb:set package 'ros2_aruco_interfaces' build argument 'cmake_args' from command line to 'None'
[0.262s] Level 5:colcon.colcon_core.verb:set package 'ros2_aruco_interfaces' build argument 'cmake_target' from command line to 'None'
[0.262s] Level 5:colcon.colcon_core.verb:set package 'ros2_aruco_interfaces' build argument 'cmake_target_skip_unavailable' from command line to 'False'
[0.262s] Level 5:colcon.colcon_core.verb:set package 'ros2_aruco_interfaces' build argument 'cmake_clean_cache' from command line to 'False'
[0.262s] Level 5:colcon.colcon_core.verb:set package 'ros2_aruco_interfaces' build argument 'cmake_clean_first' from command line to 'False'
[0.262s] Level 5:colcon.colcon_core.verb:set package 'ros2_aruco_interfaces' build argument 'cmake_force_configure' from command line to 'False'
[0.263s] Level 5:colcon.colcon_core.verb:set package 'ros2_aruco_interfaces' build argument 'ament_cmake_args' from command line to 'None'
[0.263s] Level 5:colcon.colcon_core.verb:set package 'ros2_aruco_interfaces' build argument 'catkin_cmake_args' from command line to 'None'
[0.263s] Level 5:colcon.colcon_core.verb:set package 'ros2_aruco_interfaces' build argument 'catkin_skip_building_tests' from command line to 'False'
[0.263s] DEBUG:colcon.colcon_core.verb:Building package 'ros2_aruco_interfaces' with the following arguments: {'ament_cmake_args': None, 'build_base': '/home/student/aruco_realsense/build/ros2_aruco_interfaces', 'catkin_cmake_args': None, 'catkin_skip_building_tests': False, 'cmake_args': None, 'cmake_clean_cache': False, 'cmake_clean_first': False, 'cmake_force_configure': False, 'cmake_target': None, 'cmake_target_skip_unavailable': False, 'install_base': '/home/student/aruco_realsense/install/ros2_aruco_interfaces', 'merge_install': False, 'path': '/home/student/aruco_realsense/src/ros2_aruco/ros2_aruco_interfaces', 'symlink_install': False, 'test_result_base': None}
[0.263s] Level 5:colcon.colcon_core.verb:set package 'realsense2_camera' build argument 'cmake_args' from command line to 'None'
[0.263s] Level 5:colcon.colcon_core.verb:set package 'realsense2_camera' build argument 'cmake_target' from command line to 'None'
[0.263s] Level 5:colcon.colcon_core.verb:set package 'realsense2_camera' build argument 'cmake_target_skip_unavailable' from command line to 'False'
[0.264s] Level 5:colcon.colcon_core.verb:set package 'realsense2_camera' build argument 'cmake_clean_cache' from command line to 'False'
[0.264s] Level 5:colcon.colcon_core.verb:set package 'realsense2_camera' build argument 'cmake_clean_first' from command line to 'False'
[0.264s] Level 5:colcon.colcon_core.verb:set package 'realsense2_camera' build argument 'cmake_force_configure' from command line to 'False'
[0.264s] Level 5:colcon.colcon_core.verb:set package 'realsense2_camera' build argument 'ament_cmake_args' from command line to 'None'
[0.264s] Level 5:colcon.colcon_core.verb:set package 'realsense2_camera' build argument 'catkin_cmake_args' from command line to 'None'
[0.264s] Level 5:colcon.colcon_core.verb:set package 'realsense2_camera' build argument 'catkin_skip_building_tests' from command line to 'False'
[0.264s] DEBUG:colcon.colcon_core.verb:Building package 'realsense2_camera' with the following arguments: {'ament_cmake_args': None, 'build_base': '/home/student/aruco_realsense/build/realsense2_camera', 'catkin_cmake_args': None, 'catkin_skip_building_tests': False, 'cmake_args': None, 'cmake_clean_cache': False, 'cmake_clean_first': False, 'cmake_force_configure': False, 'cmake_target': None, 'cmake_target_skip_unavailable': False, 'install_base': '/home/student/aruco_realsense/install/realsense2_camera', 'merge_install': False, 'path': '/home/student/aruco_realsense/src/realsense-ros/realsense2_camera', 'symlink_install': False, 'test_result_base': None}
[0.265s] Level 5:colcon.colcon_core.verb:set package 'realsense2_description' build argument 'cmake_args' from command line to 'None'
[0.265s] Level 5:colcon.colcon_core.verb:set package 'realsense2_description' build argument 'cmake_target' from command line to 'None'
[0.265s] Level 5:colcon.colcon_core.verb:set package 'realsense2_description' build argument 'cmake_target_skip_unavailable' from command line to 'False'
[0.265s] Level 5:colcon.colcon_core.verb:set package 'realsense2_description' build argument 'cmake_clean_cache' from command line to 'False'
[0.265s] Level 5:colcon.colcon_core.verb:set package 'realsense2_description' build argument 'cmake_clean_first' from command line to 'False'
[0.265s] Level 5:colcon.colcon_core.verb:set package 'realsense2_description' build argument 'cmake_force_configure' from command line to 'False'
[0.265s] Level 5:colcon.colcon_core.verb:set package 'realsense2_description' build argument 'ament_cmake_args' from command line to 'None'
[0.265s] Level 5:colcon.colcon_core.verb:set package 'realsense2_description' build argument 'catkin_cmake_args' from command line to 'None'
[0.265s] Level 5:colcon.colcon_core.verb:set package 'realsense2_description' build argument 'catkin_skip_building_tests' from command line to 'False'
[0.265s] DEBUG:colcon.colcon_core.verb:Building package 'realsense2_description' with the following arguments: {'ament_cmake_args': None, 'build_base': '/home/student/aruco_realsense/build/realsense2_description', 'catkin_cmake_args': None, 'catkin_skip_building_tests': False, 'cmake_args': None, 'cmake_clean_cache': False, 'cmake_clean_first': False, 'cmake_force_configure': False, 'cmake_target': None, 'cmake_target_skip_unavailable': False, 'install_base': '/home/student/aruco_realsense/install/realsense2_description', 'merge_install': False, 'path': '/home/student/aruco_realsense/src/realsense-ros/realsense2_description', 'symlink_install': False, 'test_result_base': None}
[0.265s] INFO:colcon.colcon_core.executor:Executing jobs using 'parallel' executor
[0.269s] DEBUG:colcon.colcon_parallel_executor.executor.parallel:run_until_complete
[0.269s] INFO:colcon.colcon_ros.task.ament_cmake.build:Building ROS package in '/home/student/aruco_realsense/src/realsense-ros/realsense2_camera_msgs' with build type 'ament_cmake'
[0.269s] INFO:colcon.colcon_cmake.task.cmake.build:Building CMake package in '/home/student/aruco_realsense/src/realsense-ros/realsense2_camera_msgs'
[0.273s] INFO:colcon.colcon_core.plugin_system:Skipping extension 'colcon_core.shell.bat': Not used on non-Windows systems
[0.273s] INFO:colcon.colcon_core.shell:Skip shell extension 'powershell' for command environment: Not usable outside of PowerShell
[0.273s] DEBUG:colcon.colcon_core.shell:Skip shell extension 'dsv' for command environment
[0.279s] INFO:colcon.colcon_ros.task.ament_python.build:Building ROS package in '/home/student/aruco_realsense/src/aruco_rs2' with build type 'ament_python'
[0.279s] Level 1:colcon.colcon_core.shell:create_environment_hook('aruco_rs2', 'ament_prefix_path')
[0.281s] INFO:colcon.colcon_core.shell:Creating environment hook '/home/student/aruco_realsense/install/aruco_rs2/share/aruco_rs2/hook/ament_prefix_path.ps1'
[0.282s] INFO:colcon.colcon_core.shell:Creating environment descriptor '/home/student/aruco_realsense/install/aruco_rs2/share/aruco_rs2/hook/ament_prefix_path.dsv'
[0.282s] INFO:colcon.colcon_core.shell:Creating environment hook '/home/student/aruco_realsense/install/aruco_rs2/share/aruco_rs2/hook/ament_prefix_path.sh'
[0.284s] INFO:colcon.colcon_core.shell:Skip shell extension 'powershell' for command environment: Not usable outside of PowerShell
[0.284s] DEBUG:colcon.colcon_core.shell:Skip shell extension 'dsv' for command environment
[0.289s] INFO:colcon.colcon_ros.task.ament_python.build:Building ROS package in '/home/student/aruco_realsense/src/ros2_aruco/ros2_aruco' with build type 'ament_python'
[0.290s] Level 1:colcon.colcon_core.shell:create_environment_hook('ros2_aruco', 'ament_prefix_path')
[0.291s] INFO:colcon.colcon_core.shell:Creating environment hook '/home/student/aruco_realsense/install/ros2_aruco/share/ros2_aruco/hook/ament_prefix_path.ps1'
[0.292s] INFO:colcon.colcon_core.shell:Creating environment descriptor '/home/student/aruco_realsense/install/ros2_aruco/share/ros2_aruco/hook/ament_prefix_path.dsv'
[0.292s] INFO:colcon.colcon_core.shell:Creating environment hook '/home/student/aruco_realsense/install/ros2_aruco/share/ros2_aruco/hook/ament_prefix_path.sh'
[0.293s] INFO:colcon.colcon_core.shell:Skip shell extension 'powershell' for command environment: Not usable outside of PowerShell
[0.294s] DEBUG:colcon.colcon_core.shell:Skip shell extension 'dsv' for command environment
[0.339s] INFO:colcon.colcon_ros.task.ament_cmake.build:Building ROS package in '/home/student/aruco_realsense/src/ros2_aruco/ros2_aruco_interfaces' with build type 'ament_cmake'
[0.340s] INFO:colcon.colcon_cmake.task.cmake.build:Building CMake package in '/home/student/aruco_realsense/src/ros2_aruco/ros2_aruco_interfaces'
[0.342s] INFO:colcon.colcon_core.shell:Skip shell extension 'powershell' for command environment: Not usable outside of PowerShell
[0.342s] DEBUG:colcon.colcon_core.shell:Skip shell extension 'dsv' for command environment
[0.357s] DEBUG:colcon.colcon_core.event_handler.log_command:Invoking command in '/home/student/aruco_realsense/build/realsense2_camera_msgs': CMAKE_PREFIX_PATH=${CMAKE_PREFIX_PATH}:/home/student/aruco_realsense/install/aruco_rs2:/home/student/aruco_realsense/install/ros2_aruco:/opt/ros/galactic /usr/bin/cmake --build /home/student/aruco_realsense/build/realsense2_camera_msgs -- -j12 -l12
[0.564s] INFO:colcon.colcon_core.task.python.build:Building Python package in '/home/student/aruco_realsense/src/aruco_rs2'
[0.566s] INFO:colcon.colcon_core.shell:Skip shell extension 'powershell' for command environment: Not usable outside of PowerShell
[0.566s] DEBUG:colcon.colcon_core.shell:Skip shell extension 'dsv' for command environment
[0.767s] INFO:colcon.colcon_core.task.python.build:Building Python package in '/home/student/aruco_realsense/src/ros2_aruco/ros2_aruco'
[0.769s] INFO:colcon.colcon_core.shell:Skip shell extension 'powershell' for command environment: Not usable outside of PowerShell
[0.769s] DEBUG:colcon.colcon_core.shell:Skip shell extension 'dsv' for command environment
[0.786s] DEBUG:colcon.colcon_core.event_handler.log_command:Invoking command in '/home/student/aruco_realsense/build/ros2_aruco_interfaces': CMAKE_PREFIX_PATH=${CMAKE_PREFIX_PATH}:/home/student/aruco_realsense/install/aruco_rs2:/home/student/aruco_realsense/install/ros2_aruco:/opt/ros/galactic /usr/bin/cmake --build /home/student/aruco_realsense/build/ros2_aruco_interfaces -- -j12 -l12
[0.788s] DEBUG:colcon.colcon_core.event_handler.log_command:Invoked command in '/home/student/aruco_realsense/build/realsense2_camera_msgs' returned '0': CMAKE_PREFIX_PATH=${CMAKE_PREFIX_PATH}:/home/student/aruco_realsense/install/aruco_rs2:/home/student/aruco_realsense/install/ros2_aruco:/opt/ros/galactic /usr/bin/cmake --build /home/student/aruco_realsense/build/realsense2_camera_msgs -- -j12 -l12
[0.900s] DEBUG:colcon.colcon_core.event_handler.log_command:Invoking command in '/home/student/aruco_realsense/build/realsense2_camera_msgs': CMAKE_PREFIX_PATH=${CMAKE_PREFIX_PATH}:/home/student/aruco_realsense/install/aruco_rs2:/home/student/aruco_realsense/install/ros2_aruco:/opt/ros/galactic /usr/bin/cmake --install /home/student/aruco_realsense/build/realsense2_camera_msgs
[0.956s] Level 1:colcon.colcon_core.environment:create_environment_scripts_only(realsense2_camera_msgs)
[0.960s] DEBUG:colcon.colcon_core.event_handler.log_command:Invoked command in '/home/student/aruco_realsense/build/realsense2_camera_msgs' returned '0': CMAKE_PREFIX_PATH=${CMAKE_PREFIX_PATH}:/home/student/aruco_realsense/install/aruco_rs2:/home/student/aruco_realsense/install/ros2_aruco:/opt/ros/galactic /usr/bin/cmake --install /home/student/aruco_realsense/build/realsense2_camera_msgs
[0.963s] Level 1:colcon.colcon_core.environment:checking '/home/student/aruco_realsense/install/realsense2_camera_msgs' for CMake module files
[0.964s] Level 1:colcon.colcon_core.environment:checking '/home/student/aruco_realsense/install/realsense2_camera_msgs' for CMake config files
[0.964s] Level 1:colcon.colcon_core.shell:create_environment_hook('realsense2_camera_msgs', 'cmake_prefix_path')
[0.965s] INFO:colcon.colcon_core.shell:Creating environment hook '/home/student/aruco_realsense/install/realsense2_camera_msgs/share/realsense2_camera_msgs/hook/cmake_prefix_path.ps1'
[0.966s] INFO:colcon.colcon_core.shell:Creating environment descriptor '/home/student/aruco_realsense/install/realsense2_camera_msgs/share/realsense2_camera_msgs/hook/cmake_prefix_path.dsv'
[0.966s] INFO:colcon.colcon_core.shell:Creating environment hook '/home/student/aruco_realsense/install/realsense2_camera_msgs/share/realsense2_camera_msgs/hook/cmake_prefix_path.sh'
[0.967s] Level 1:colcon.colcon_core.environment:checking '/home/student/aruco_realsense/install/realsense2_camera_msgs/lib'
[0.967s] Level 1:colcon.colcon_core.shell:create_environment_hook('realsense2_camera_msgs', 'ld_library_path_lib')
[0.969s] INFO:colcon.colcon_core.shell:Creating environment hook '/home/student/aruco_realsense/install/realsense2_camera_msgs/share/realsense2_camera_msgs/hook/ld_library_path_lib.ps1'
[0.969s] INFO:colcon.colcon_core.shell:Creating environment descriptor '/home/student/aruco_realsense/install/realsense2_camera_msgs/share/realsense2_camera_msgs/hook/ld_library_path_lib.dsv'
[0.970s] INFO:colcon.colcon_core.shell:Creating environment hook '/home/student/aruco_realsense/install/realsense2_camera_msgs/share/realsense2_camera_msgs/hook/ld_library_path_lib.sh'
[0.970s] Level 1:colcon.colcon_core.environment:checking '/home/student/aruco_realsense/install/realsense2_camera_msgs/bin'
[0.970s] Level 1:colcon.colcon_core.environment:checking '/home/student/aruco_realsense/install/realsense2_camera_msgs/lib/pkgconfig/realsense2_camera_msgs.pc'
[0.971s] Level 1:colcon.colcon_core.environment:checking '/home/student/aruco_realsense/install/realsense2_camera_msgs/lib/python3.8/site-packages'
[0.971s] Level 1:colcon.colcon_core.shell:create_environment_hook('realsense2_camera_msgs', 'pythonpath')
[0.972s] INFO:colcon.colcon_core.shell:Creating environment hook '/home/student/aruco_realsense/install/realsense2_camera_msgs/share/realsense2_camera_msgs/hook/pythonpath.ps1'
[0.973s] INFO:colcon.colcon_core.shell:Creating environment descriptor '/home/student/aruco_realsense/install/realsense2_camera_msgs/share/realsense2_camera_msgs/hook/pythonpath.dsv'
[0.973s] INFO:colcon.colcon_core.shell:Creating environment hook '/home/student/aruco_realsense/install/realsense2_camera_msgs/share/realsense2_camera_msgs/hook/pythonpath.sh'
[0.974s] Level 1:colcon.colcon_core.environment:checking '/home/student/aruco_realsense/install/realsense2_camera_msgs/bin'
[0.975s] INFO:colcon.colcon_core.shell:Creating package script '/home/student/aruco_realsense/install/realsense2_camera_msgs/share/realsense2_camera_msgs/package.ps1'
[0.976s] INFO:colcon.colcon_core.shell:Creating package descriptor '/home/student/aruco_realsense/install/realsense2_camera_msgs/share/realsense2_camera_msgs/package.dsv'
[0.976s] INFO:colcon.colcon_core.shell:Creating package script '/home/student/aruco_realsense/install/realsense2_camera_msgs/share/realsense2_camera_msgs/package.sh'
[0.977s] INFO:colcon.colcon_core.shell:Creating package script '/home/student/aruco_realsense/install/realsense2_camera_msgs/share/realsense2_camera_msgs/package.bash'
[0.978s] INFO:colcon.colcon_core.shell:Creating package script '/home/student/aruco_realsense/install/realsense2_camera_msgs/share/realsense2_camera_msgs/package.zsh'
[0.978s] Level 1:colcon.colcon_core.environment:create_file_with_runtime_dependencies(/home/student/aruco_realsense/install/realsense2_camera_msgs/share/colcon-core/packages/realsense2_camera_msgs)
[1.031s] DEBUG:colcon.colcon_core.event_handler.log_command:Invoked command in '/home/student/aruco_realsense/build/ros2_aruco_interfaces' returned '0': CMAKE_PREFIX_PATH=${CMAKE_PREFIX_PATH}:/home/student/aruco_realsense/install/aruco_rs2:/home/student/aruco_realsense/install/ros2_aruco:/opt/ros/galactic /usr/bin/cmake --build /home/student/aruco_realsense/build/ros2_aruco_interfaces -- -j12 -l12
[1.074s] Level 1:colcon.colcon_core.environment:create_environment_scripts_only(realsense2_camera_msgs)
[1.077s] Level 1:colcon.colcon_core.environment:checking '/home/student/aruco_realsense/install/realsense2_camera_msgs' for CMake module files
[1.078s] Level 1:colcon.colcon_core.environment:checking '/home/student/aruco_realsense/install/realsense2_camera_msgs' for CMake config files
[1.079s] Level 1:colcon.colcon_core.shell:create_environment_hook('realsense2_camera_msgs', 'cmake_prefix_path')
[1.081s] INFO:colcon.colcon_core.shell:Creating environment hook '/home/student/aruco_realsense/install/realsense2_camera_msgs/share/realsense2_camera_msgs/hook/cmake_prefix_path.ps1'
[1.082s] INFO:colcon.colcon_core.shell:Creating environment descriptor '/home/student/aruco_realsense/install/realsense2_camera_msgs/share/realsense2_camera_msgs/hook/cmake_prefix_path.dsv'
[1.082s] INFO:colcon.colcon_core.shell:Creating environment hook '/home/student/aruco_realsense/install/realsense2_camera_msgs/share/realsense2_camera_msgs/hook/cmake_prefix_path.sh'
[1.083s] Level 1:colcon.colcon_core.environment:checking '/home/student/aruco_realsense/install/realsense2_camera_msgs/lib'
[1.083s] Level 1:colcon.colcon_core.shell:create_environment_hook('realsense2_camera_msgs', 'ld_library_path_lib')
[1.085s] INFO:colcon.colcon_core.shell:Creating environment hook '/home/student/aruco_realsense/install/realsense2_camera_msgs/share/realsense2_camera_msgs/hook/ld_library_path_lib.ps1'
[1.086s] INFO:colcon.colcon_core.shell:Creating environment descriptor '/home/student/aruco_realsense/install/realsense2_camera_msgs/share/realsense2_camera_msgs/hook/ld_library_path_lib.dsv'
[1.086s] INFO:colcon.colcon_core.shell:Creating environment hook '/home/student/aruco_realsense/install/realsense2_camera_msgs/share/realsense2_camera_msgs/hook/ld_library_path_lib.sh'
[1.087s] Level 1:colcon.colcon_core.environment:checking '/home/student/aruco_realsense/install/realsense2_camera_msgs/bin'
[1.087s] Level 1:colcon.colcon_core.environment:checking '/home/student/aruco_realsense/install/realsense2_camera_msgs/lib/pkgconfig/realsense2_camera_msgs.pc'
[1.087s] Level 1:colcon.colcon_core.environment:checking '/home/student/aruco_realsense/install/realsense2_camera_msgs/lib/python3.8/site-packages'
[1.087s] Level 1:colcon.colcon_core.shell:create_environment_hook('realsense2_camera_msgs', 'pythonpath')
[1.090s] INFO:colcon.colcon_core.shell:Creating environment hook '/home/student/aruco_realsense/install/realsense2_camera_msgs/share/realsense2_camera_msgs/hook/pythonpath.ps1'
[1.090s] INFO:colcon.colcon_core.shell:Creating environment descriptor '/home/student/aruco_realsense/install/realsense2_camera_msgs/share/realsense2_camera_msgs/hook/pythonpath.dsv'
[1.090s] INFO:colcon.colcon_core.shell:Creating environment hook '/home/student/aruco_realsense/install/realsense2_camera_msgs/share/realsense2_camera_msgs/hook/pythonpath.sh'
[1.091s] Level 1:colcon.colcon_core.environment:checking '/home/student/aruco_realsense/install/realsense2_camera_msgs/bin'
[1.094s] INFO:colcon.colcon_core.shell:Creating package script '/home/student/aruco_realsense/install/realsense2_camera_msgs/share/realsense2_camera_msgs/package.ps1'
[1.095s] INFO:colcon.colcon_core.shell:Creating package descriptor '/home/student/aruco_realsense/install/realsense2_camera_msgs/share/realsense2_camera_msgs/package.dsv'
[1.095s] INFO:colcon.colcon_core.shell:Creating package script '/home/student/aruco_realsense/install/realsense2_camera_msgs/share/realsense2_camera_msgs/package.sh'
[1.096s] INFO:colcon.colcon_core.shell:Creating package script '/home/student/aruco_realsense/install/realsense2_camera_msgs/share/realsense2_camera_msgs/package.bash'
[1.097s] INFO:colcon.colcon_core.shell:Creating package script '/home/student/aruco_realsense/install/realsense2_camera_msgs/share/realsense2_camera_msgs/package.zsh'
[1.097s] Level 1:colcon.colcon_core.environment:create_file_with_runtime_dependencies(/home/student/aruco_realsense/install/realsense2_camera_msgs/share/colcon-core/packages/realsense2_camera_msgs)
[1.098s] INFO:colcon.colcon_ros.task.ament_cmake.build:Building ROS package in '/home/student/aruco_realsense/src/realsense-ros/realsense2_camera' with build type 'ament_cmake'
[1.098s] INFO:colcon.colcon_cmake.task.cmake.build:Building CMake package in '/home/student/aruco_realsense/src/realsense-ros/realsense2_camera'
[1.101s] INFO:colcon.colcon_core.shell:Skip shell extension 'powershell' for command environment: Not usable outside of PowerShell
[1.101s] DEBUG:colcon.colcon_core.shell:Skip shell extension 'dsv' for command environment
[1.111s] INFO:colcon.colcon_ros.task.ament_cmake.build:Building ROS package in '/home/student/aruco_realsense/src/realsense-ros/realsense2_description' with build type 'ament_cmake'
[1.112s] INFO:colcon.colcon_cmake.task.cmake.build:Building CMake package in '/home/student/aruco_realsense/src/realsense-ros/realsense2_description'
[1.115s] INFO:colcon.colcon_core.shell:Skip shell extension 'powershell' for command environment: Not usable outside of PowerShell
[1.115s] DEBUG:colcon.colcon_core.shell:Skip shell extension 'dsv' for command environment
[1.128s] DEBUG:colcon.colcon_core.event_handler.log_command:Invoking command in '/home/student/aruco_realsense/build/ros2_aruco_interfaces': CMAKE_PREFIX_PATH=${CMAKE_PREFIX_PATH}:/home/student/aruco_realsense/install/aruco_rs2:/home/student/aruco_realsense/install/ros2_aruco:/opt/ros/galactic /usr/bin/cmake --install /home/student/aruco_realsense/build/ros2_aruco_interfaces
[1.134s] DEBUG:colcon.colcon_core.event_handler.log_command:Invoking command in '/home/student/aruco_realsense/build/realsense2_camera': CMAKE_PREFIX_PATH=/home/student/aruco_realsense/install/realsense2_camera_msgs:/home/student/aruco_realsense/install/aruco_rs:/home/student/aruco_realsense/install/ros2_aruco_interfaces:/home/student/aruco_realsense/install/realsense2_description:/home/student/aruco_realsense/install/realsense2_camera:/home/student/aruco_realsense/install/aruco_rs2:/home/student/aruco_realsense/install/ros2_aruco:/opt/ros/galactic LD_LIBRARY_PATH=/home/student/aruco_realsense/install/realsense2_camera_msgs/lib:/home/student/aruco_realsense/install/ros2_aruco_interfaces/lib:/home/student/aruco_realsense/install/realsense2_camera/lib:/opt/ros/galactic/opt/yaml_cpp_vendor/lib:/opt/ros/galactic/opt/rviz_ogre_vendor/lib:/opt/ros/galactic/lib/x86_64-linux-gnu:/opt/ros/galactic/lib:/usr/local/cuda-11.1/lib64: PYTHONPATH=/home/student/aruco_realsense/install/realsense2_camera_msgs/lib/python3.8/site-packages:/home/student/aruco_realsense/install/aruco_rs2/lib/python3.8/site-packages:/home/student/aruco_realsense/install/ros2_aruco_interfaces/lib/python3.8/site-packages:/home/student/aruco_realsense/install/ros2_aruco/lib/python3.8/site-packages:/opt/ros/galactic/lib/python3.8/site-packages /usr/bin/cmake --build /home/student/aruco_realsense/build/realsense2_camera -- -j12 -l12
[1.141s] DEBUG:colcon.colcon_core.event_handler.log_command:Invoking command in '/home/student/aruco_realsense/build/realsense2_description': CMAKE_PREFIX_PATH=/home/student/aruco_realsense/install/realsense2_camera_msgs:/home/student/aruco_realsense/install/aruco_rs:/home/student/aruco_realsense/install/ros2_aruco_interfaces:/home/student/aruco_realsense/install/realsense2_description:/home/student/aruco_realsense/install/realsense2_camera:/home/student/aruco_realsense/install/aruco_rs2:/home/student/aruco_realsense/install/ros2_aruco:/opt/ros/galactic LD_LIBRARY_PATH=/home/student/aruco_realsense/install/realsense2_camera_msgs/lib:/home/student/aruco_realsense/install/ros2_aruco_interfaces/lib:/home/student/aruco_realsense/install/realsense2_camera/lib:/opt/ros/galactic/opt/yaml_cpp_vendor/lib:/opt/ros/galactic/opt/rviz_ogre_vendor/lib:/opt/ros/galactic/lib/x86_64-linux-gnu:/opt/ros/galactic/lib:/usr/local/cuda-11.1/lib64: PYTHONPATH=/home/student/aruco_realsense/install/realsense2_camera_msgs/lib/python3.8/site-packages:/home/student/aruco_realsense/install/aruco_rs2/lib/python3.8/site-packages:/home/student/aruco_realsense/install/ros2_aruco_interfaces/lib/python3.8/site-packages:/home/student/aruco_realsense/install/ros2_aruco/lib/python3.8/site-packages:/opt/ros/galactic/lib/python3.8/site-packages /usr/bin/cmake --build /home/student/aruco_realsense/build/realsense2_description -- -j12 -l12
[1.184s] DEBUG:colcon.colcon_core.event_handler.log_command:Invoked command in '/home/student/aruco_realsense/build/realsense2_description' returned '0': CMAKE_PREFIX_PATH=/home/student/aruco_realsense/install/realsense2_camera_msgs:/home/student/aruco_realsense/install/aruco_rs:/home/student/aruco_realsense/install/ros2_aruco_interfaces:/home/student/aruco_realsense/install/realsense2_description:/home/student/aruco_realsense/install/realsense2_camera:/home/student/aruco_realsense/install/aruco_rs2:/home/student/aruco_realsense/install/ros2_aruco:/opt/ros/galactic LD_LIBRARY_PATH=/home/student/aruco_realsense/install/realsense2_camera_msgs/lib:/home/student/aruco_realsense/install/ros2_aruco_interfaces/lib:/home/student/aruco_realsense/install/realsense2_camera/lib:/opt/ros/galactic/opt/yaml_cpp_vendor/lib:/opt/ros/galactic/opt/rviz_ogre_vendor/lib:/opt/ros/galactic/lib/x86_64-linux-gnu:/opt/ros/galactic/lib:/usr/local/cuda-11.1/lib64: PYTHONPATH=/home/student/aruco_realsense/install/realsense2_camera_msgs/lib/python3.8/site-packages:/home/student/aruco_realsense/install/aruco_rs2/lib/python3.8/site-packages:/home/student/aruco_realsense/install/ros2_aruco_interfaces/lib/python3.8/site-packages:/home/student/aruco_realsense/install/ros2_aruco/lib/python3.8/site-packages:/opt/ros/galactic/lib/python3.8/site-packages /usr/bin/cmake --build /home/student/aruco_realsense/build/realsense2_description -- -j12 -l12
[1.190s] Level 1:colcon.colcon_core.environment:create_environment_scripts_only(ros2_aruco_interfaces)
[1.193s] Level 1:colcon.colcon_core.environment:checking '/home/student/aruco_realsense/install/ros2_aruco_interfaces' for CMake module files
[1.194s] Level 1:colcon.colcon_core.environment:checking '/home/student/aruco_realsense/install/ros2_aruco_interfaces' for CMake config files
[1.196s] Level 1:colcon.colcon_core.shell:create_environment_hook('ros2_aruco_interfaces', 'cmake_prefix_path')
[1.198s] INFO:colcon.colcon_core.shell:Creating environment hook '/home/student/aruco_realsense/install/ros2_aruco_interfaces/share/ros2_aruco_interfaces/hook/cmake_prefix_path.ps1'
[1.199s] INFO:colcon.colcon_core.shell:Creating environment descriptor '/home/student/aruco_realsense/install/ros2_aruco_interfaces/share/ros2_aruco_interfaces/hook/cmake_prefix_path.dsv'
[1.200s] INFO:colcon.colcon_core.shell:Creating environment hook '/home/student/aruco_realsense/install/ros2_aruco_interfaces/share/ros2_aruco_interfaces/hook/cmake_prefix_path.sh'
[1.201s] Level 1:colcon.colcon_core.environment:checking '/home/student/aruco_realsense/install/ros2_aruco_interfaces/lib'
[1.201s] DEBUG:colcon.colcon_core.event_handler.log_command:Invoked command in '/home/student/aruco_realsense/build/ros2_aruco_interfaces' returned '0': CMAKE_PREFIX_PATH=${CMAKE_PREFIX_PATH}:/home/student/aruco_realsense/install/aruco_rs2:/home/student/aruco_realsense/install/ros2_aruco:/opt/ros/galactic /usr/bin/cmake --install /home/student/aruco_realsense/build/ros2_aruco_interfaces
[1.201s] Level 1:colcon.colcon_core.shell:create_environment_hook('ros2_aruco_interfaces', 'ld_library_path_lib')
[1.204s] INFO:colcon.colcon_core.shell:Creating environment hook '/home/student/aruco_realsense/install/ros2_aruco_interfaces/share/ros2_aruco_interfaces/hook/ld_library_path_lib.ps1'
[1.205s] INFO:colcon.colcon_core.shell:Creating environment descriptor '/home/student/aruco_realsense/install/ros2_aruco_interfaces/share/ros2_aruco_interfaces/hook/ld_library_path_lib.dsv'
[1.205s] INFO:colcon.colcon_core.shell:Creating environment hook '/home/student/aruco_realsense/install/ros2_aruco_interfaces/share/ros2_aruco_interfaces/hook/ld_library_path_lib.sh'
[1.206s] Level 1:colcon.colcon_core.environment:checking '/home/student/aruco_realsense/install/ros2_aruco_interfaces/bin'
[1.206s] Level 1:colcon.colcon_core.environment:checking '/home/student/aruco_realsense/install/ros2_aruco_interfaces/lib/pkgconfig/ros2_aruco_interfaces.pc'
[1.207s] Level 1:colcon.colcon_core.environment:checking '/home/student/aruco_realsense/install/ros2_aruco_interfaces/lib/python3.8/site-packages'
[1.207s] Level 1:colcon.colcon_core.shell:create_environment_hook('ros2_aruco_interfaces', 'pythonpath')
[1.209s] INFO:colcon.colcon_core.shell:Creating environment hook '/home/student/aruco_realsense/install/ros2_aruco_interfaces/share/ros2_aruco_interfaces/hook/pythonpath.ps1'
[1.210s] INFO:colcon.colcon_core.shell:Creating environment descriptor '/home/student/aruco_realsense/install/ros2_aruco_interfaces/share/ros2_aruco_interfaces/hook/pythonpath.dsv'
[1.211s] INFO:colcon.colcon_core.shell:Creating environment hook '/home/student/aruco_realsense/install/ros2_aruco_interfaces/share/ros2_aruco_interfaces/hook/pythonpath.sh'
[1.212s] Level 1:colcon.colcon_core.environment:checking '/home/student/aruco_realsense/install/ros2_aruco_interfaces/bin'
[1.214s] INFO:colcon.colcon_core.shell:Creating package script '/home/student/aruco_realsense/install/ros2_aruco_interfaces/share/ros2_aruco_interfaces/package.ps1'
[1.215s] INFO:colcon.colcon_core.shell:Creating package descriptor '/home/student/aruco_realsense/install/ros2_aruco_interfaces/share/ros2_aruco_interfaces/package.dsv'
[1.216s] INFO:colcon.colcon_core.shell:Creating package script '/home/student/aruco_realsense/install/ros2_aruco_interfaces/share/ros2_aruco_interfaces/package.sh'
[1.216s] INFO:colcon.colcon_core.shell:Creating package script '/home/student/aruco_realsense/install/ros2_aruco_interfaces/share/ros2_aruco_interfaces/package.bash'
[1.217s] INFO:colcon.colcon_core.shell:Creating package script '/home/student/aruco_realsense/install/ros2_aruco_interfaces/share/ros2_aruco_interfaces/package.zsh'
[1.217s] Level 1:colcon.colcon_core.environment:create_file_with_runtime_dependencies(/home/student/aruco_realsense/install/ros2_aruco_interfaces/share/colcon-core/packages/ros2_aruco_interfaces)
[1.227s] DEBUG:colcon.colcon_core.event_handler.log_command:Invoking command in '/home/student/aruco_realsense/build/realsense2_description': CMAKE_PREFIX_PATH=/home/student/aruco_realsense/install/realsense2_camera_msgs:/home/student/aruco_realsense/install/aruco_rs:/home/student/aruco_realsense/install/ros2_aruco_interfaces:/home/student/aruco_realsense/install/realsense2_description:/home/student/aruco_realsense/install/realsense2_camera:/home/student/aruco_realsense/install/aruco_rs2:/home/student/aruco_realsense/install/ros2_aruco:/opt/ros/galactic LD_LIBRARY_PATH=/home/student/aruco_realsense/install/realsense2_camera_msgs/lib:/home/student/aruco_realsense/install/ros2_aruco_interfaces/lib:/home/student/aruco_realsense/install/realsense2_camera/lib:/opt/ros/galactic/opt/yaml_cpp_vendor/lib:/opt/ros/galactic/opt/rviz_ogre_vendor/lib:/opt/ros/galactic/lib/x86_64-linux-gnu:/opt/ros/galactic/lib:/usr/local/cuda-11.1/lib64: PYTHONPATH=/home/student/aruco_realsense/install/realsense2_camera_msgs/lib/python3.8/site-packages:/home/student/aruco_realsense/install/aruco_rs2/lib/python3.8/site-packages:/home/student/aruco_realsense/install/ros2_aruco_interfaces/lib/python3.8/site-packages:/home/student/aruco_realsense/install/ros2_aruco/lib/python3.8/site-packages:/opt/ros/galactic/lib/python3.8/site-packages /usr/bin/cmake --install /home/student/aruco_realsense/build/realsense2_description
[1.244s] Level 1:colcon.colcon_core.environment:create_environment_scripts_only(realsense2_description)
[1.248s] Level 1:colcon.colcon_core.environment:checking '/home/student/aruco_realsense/install/realsense2_description' for CMake module files
[1.250s] Level 1:colcon.colcon_core.environment:checking '/home/student/aruco_realsense/install/realsense2_description' for CMake config files
[1.251s] Level 1:colcon.colcon_core.shell:create_environment_hook('realsense2_description', 'cmake_prefix_path')
[1.253s] INFO:colcon.colcon_core.shell:Creating environment hook '/home/student/aruco_realsense/install/realsense2_description/share/realsense2_description/hook/cmake_prefix_path.ps1'
[1.254s] INFO:colcon.colcon_core.shell:Creating environment descriptor '/home/student/aruco_realsense/install/realsense2_description/share/realsense2_description/hook/cmake_prefix_path.dsv'
[1.254s] INFO:colcon.colcon_core.shell:Creating environment hook '/home/student/aruco_realsense/install/realsense2_description/share/realsense2_description/hook/cmake_prefix_path.sh'
[1.255s] DEBUG:colcon.colcon_core.event_handler.log_command:Invoked command in '/home/student/aruco_realsense/build/realsense2_description' returned '0': CMAKE_PREFIX_PATH=/home/student/aruco_realsense/install/realsense2_camera_msgs:/home/student/aruco_realsense/install/aruco_rs:/home/student/aruco_realsense/install/ros2_aruco_interfaces:/home/student/aruco_realsense/install/realsense2_description:/home/student/aruco_realsense/install/realsense2_camera:/home/student/aruco_realsense/install/aruco_rs2:/home/student/aruco_realsense/install/ros2_aruco:/opt/ros/galactic LD_LIBRARY_PATH=/home/student/aruco_realsense/install/realsense2_camera_msgs/lib:/home/student/aruco_realsense/install/ros2_aruco_interfaces/lib:/home/student/aruco_realsense/install/realsense2_camera/lib:/opt/ros/galactic/opt/yaml_cpp_vendor/lib:/opt/ros/galactic/opt/rviz_ogre_vendor/lib:/opt/ros/galactic/lib/x86_64-linux-gnu:/opt/ros/galactic/lib:/usr/local/cuda-11.1/lib64: PYTHONPATH=/home/student/aruco_realsense/install/realsense2_camera_msgs/lib/python3.8/site-packages:/home/student/aruco_realsense/install/aruco_rs2/lib/python3.8/site-packages:/home/student/aruco_realsense/install/ros2_aruco_interfaces/lib/python3.8/site-packages:/home/student/aruco_realsense/install/ros2_aruco/lib/python3.8/site-packages:/opt/ros/galactic/lib/python3.8/site-packages /usr/bin/cmake --install /home/student/aruco_realsense/build/realsense2_description
[1.255s] Level 1:colcon.colcon_core.environment:checking '/home/student/aruco_realsense/install/realsense2_description/bin'
[1.255s] Level 1:colcon.colcon_core.environment:checking '/home/student/aruco_realsense/install/realsense2_description/lib/pkgconfig/realsense2_description.pc'
[1.255s] Level 1:colcon.colcon_core.environment:checking '/home/student/aruco_realsense/install/realsense2_description/lib/python3.8/site-packages'
[1.256s] Level 1:colcon.colcon_core.environment:checking '/home/student/aruco_realsense/install/realsense2_description/bin'
[1.257s] INFO:colcon.colcon_core.shell:Creating package script '/home/student/aruco_realsense/install/realsense2_description/share/realsense2_description/package.ps1'
[1.257s] INFO:colcon.colcon_core.shell:Creating package descriptor '/home/student/aruco_realsense/install/realsense2_description/share/realsense2_description/package.dsv'
[1.258s] INFO:colcon.colcon_core.shell:Creating package script '/home/student/aruco_realsense/install/realsense2_description/share/realsense2_description/package.sh'
[1.258s] INFO:colcon.colcon_core.shell:Creating package script '/home/student/aruco_realsense/install/realsense2_description/share/realsense2_description/package.bash'
[1.258s] INFO:colcon.colcon_core.shell:Creating package script '/home/student/aruco_realsense/install/realsense2_description/share/realsense2_description/package.zsh'
[1.259s] Level 1:colcon.colcon_core.environment:create_file_with_runtime_dependencies(/home/student/aruco_realsense/install/realsense2_description/share/colcon-core/packages/realsense2_description)
[1.269s] DEBUG:colcon.colcon_core.event_handler.log_command:Invoking command in '/home/student/aruco_realsense/src/ros2_aruco/ros2_aruco': PYTHONPATH=/home/student/aruco_realsense/install/ros2_aruco/lib/python3.8/site-packages:${PYTHONPATH} /usr/bin/python3 setup.py egg_info --egg-base ../../../build/ros2_aruco build --build-base /home/student/aruco_realsense/build/ros2_aruco/build install --prefix /home/student/aruco_realsense/install/ros2_aruco --record /home/student/aruco_realsense/build/ros2_aruco/install.log --single-version-externally-managed
[1.272s] DEBUG:colcon.colcon_core.event_handler.log_command:Invoked command in '/home/student/aruco_realsense/build/realsense2_camera' returned '0': CMAKE_PREFIX_PATH=/home/student/aruco_realsense/install/realsense2_camera_msgs:/home/student/aruco_realsense/install/aruco_rs:/home/student/aruco_realsense/install/ros2_aruco_interfaces:/home/student/aruco_realsense/install/realsense2_description:/home/student/aruco_realsense/install/realsense2_camera:/home/student/aruco_realsense/install/aruco_rs2:/home/student/aruco_realsense/install/ros2_aruco:/opt/ros/galactic LD_LIBRARY_PATH=/home/student/aruco_realsense/install/realsense2_camera_msgs/lib:/home/student/aruco_realsense/install/ros2_aruco_interfaces/lib:/home/student/aruco_realsense/install/realsense2_camera/lib:/opt/ros/galactic/opt/yaml_cpp_vendor/lib:/opt/ros/galactic/opt/rviz_ogre_vendor/lib:/opt/ros/galactic/lib/x86_64-linux-gnu:/opt/ros/galactic/lib:/usr/local/cuda-11.1/lib64: PYTHONPATH=/home/student/aruco_realsense/install/realsense2_camera_msgs/lib/python3.8/site-packages:/home/student/aruco_realsense/install/aruco_rs2/lib/python3.8/site-packages:/home/student/aruco_realsense/install/ros2_aruco_interfaces/lib/python3.8/site-packages:/home/student/aruco_realsense/install/ros2_aruco/lib/python3.8/site-packages:/opt/ros/galactic/lib/python3.8/site-packages /usr/bin/cmake --build /home/student/aruco_realsense/build/realsense2_camera -- -j12 -l12
[1.277s] Level 1:colcon.colcon_core.environment:create_environment_scripts_only(ros2_aruco_interfaces)
[1.281s] Level 1:colcon.colcon_core.environment:checking '/home/student/aruco_realsense/install/ros2_aruco_interfaces' for CMake module files
[1.282s] Level 1:colcon.colcon_core.environment:checking '/home/student/aruco_realsense/install/ros2_aruco_interfaces' for CMake config files
[1.282s] Level 1:colcon.colcon_core.shell:create_environment_hook('ros2_aruco_interfaces', 'cmake_prefix_path')
[1.284s] INFO:colcon.colcon_core.shell:Creating environment hook '/home/student/aruco_realsense/install/ros2_aruco_interfaces/share/ros2_aruco_interfaces/hook/cmake_prefix_path.ps1'
[1.285s] INFO:colcon.colcon_core.shell:Creating environment descriptor '/home/student/aruco_realsense/install/ros2_aruco_interfaces/share/ros2_aruco_interfaces/hook/cmake_prefix_path.dsv'
[1.285s] INFO:colcon.colcon_core.shell:Creating environment hook '/home/student/aruco_realsense/install/ros2_aruco_interfaces/share/ros2_aruco_interfaces/hook/cmake_prefix_path.sh'
[1.285s] Level 1:colcon.colcon_core.environment:checking '/home/student/aruco_realsense/install/ros2_aruco_interfaces/lib'
[1.286s] Level 1:colcon.colcon_core.shell:create_environment_hook('ros2_aruco_interfaces', 'ld_library_path_lib')
[1.287s] INFO:colcon.colcon_core.shell:Creating environment hook '/home/student/aruco_realsense/install/ros2_aruco_interfaces/share/ros2_aruco_interfaces/hook/ld_library_path_lib.ps1'
[1.287s] INFO:colcon.colcon_core.shell:Creating environment descriptor '/home/student/aruco_realsense/install/ros2_aruco_interfaces/share/ros2_aruco_interfaces/hook/ld_library_path_lib.dsv'
[1.287s] INFO:colcon.colcon_core.shell:Creating environment hook '/home/student/aruco_realsense/install/ros2_aruco_interfaces/share/ros2_aruco_interfaces/hook/ld_library_path_lib.sh'
[1.288s] Level 1:colcon.colcon_core.environment:checking '/home/student/aruco_realsense/install/ros2_aruco_interfaces/bin'
[1.288s] Level 1:colcon.colcon_core.environment:checking '/home/student/aruco_realsense/install/ros2_aruco_interfaces/lib/pkgconfig/ros2_aruco_interfaces.pc'
[1.288s] Level 1:colcon.colcon_core.environment:checking '/home/student/aruco_realsense/install/ros2_aruco_interfaces/lib/python3.8/site-packages'
[1.288s] Level 1:colcon.colcon_core.shell:create_environment_hook('ros2_aruco_interfaces', 'pythonpath')
[1.289s] INFO:colcon.colcon_core.shell:Creating environment hook '/home/student/aruco_realsense/install/ros2_aruco_interfaces/share/ros2_aruco_interfaces/hook/pythonpath.ps1'
[1.290s] INFO:colcon.colcon_core.shell:Creating environment descriptor '/home/student/aruco_realsense/install/ros2_aruco_interfaces/share/ros2_aruco_interfaces/hook/pythonpath.dsv'
[1.290s] INFO:colcon.colcon_core.shell:Creating environment hook '/home/student/aruco_realsense/install/ros2_aruco_interfaces/share/ros2_aruco_interfaces/hook/pythonpath.sh'
[1.291s] Level 1:colcon.colcon_core.environment:checking '/home/student/aruco_realsense/install/ros2_aruco_interfaces/bin'
[1.292s] INFO:colcon.colcon_core.shell:Creating package script '/home/student/aruco_realsense/install/ros2_aruco_interfaces/share/ros2_aruco_interfaces/package.ps1'
[1.293s] INFO:colcon.colcon_core.shell:Creating package descriptor '/home/student/aruco_realsense/install/ros2_aruco_interfaces/share/ros2_aruco_interfaces/package.dsv'
[1.293s] INFO:colcon.colcon_core.shell:Creating package script '/home/student/aruco_realsense/install/ros2_aruco_interfaces/share/ros2_aruco_interfaces/package.sh'
[1.294s] INFO:colcon.colcon_core.shell:Creating package script '/home/student/aruco_realsense/install/ros2_aruco_interfaces/share/ros2_aruco_interfaces/package.bash'
[1.294s] INFO:colcon.colcon_core.shell:Creating package script '/home/student/aruco_realsense/install/ros2_aruco_interfaces/share/ros2_aruco_interfaces/package.zsh'
[1.295s] Level 1:colcon.colcon_core.environment:create_file_with_runtime_dependencies(/home/student/aruco_realsense/install/ros2_aruco_interfaces/share/colcon-core/packages/ros2_aruco_interfaces)
[1.301s] Level 1:colcon.colcon_core.environment:create_environment_scripts_only(realsense2_description)
[1.303s] Level 1:colcon.colcon_core.environment:checking '/home/student/aruco_realsense/install/realsense2_description' for CMake module files
[1.305s] DEBUG:colcon.colcon_core.event_handler.log_command:Invoking command in '/home/student/aruco_realsense/src/aruco_rs2': PYTHONPATH=/home/student/aruco_realsense/install/aruco_rs2/lib/python3.8/site-packages:${PYTHONPATH} /usr/bin/python3 setup.py egg_info --egg-base ../../build/aruco_rs2 build --build-base /home/student/aruco_realsense/build/aruco_rs2/build install --prefix /home/student/aruco_realsense/install/aruco_rs2 --record /home/student/aruco_realsense/build/aruco_rs2/install.log --single-version-externally-managed
[1.305s] Level 1:colcon.colcon_core.environment:checking '/home/student/aruco_realsense/install/realsense2_description' for CMake config files
[1.305s] Level 1:colcon.colcon_core.shell:create_environment_hook('realsense2_description', 'cmake_prefix_path')
[1.306s] INFO:colcon.colcon_core.shell:Creating environment hook '/home/student/aruco_realsense/install/realsense2_description/share/realsense2_description/hook/cmake_prefix_path.ps1'
[1.307s] INFO:colcon.colcon_core.shell:Creating environment descriptor '/home/student/aruco_realsense/install/realsense2_description/share/realsense2_description/hook/cmake_prefix_path.dsv'
[1.308s] INFO:colcon.colcon_core.shell:Creating environment hook '/home/student/aruco_realsense/install/realsense2_description/share/realsense2_description/hook/cmake_prefix_path.sh'
[1.308s] Level 1:colcon.colcon_core.environment:checking '/home/student/aruco_realsense/install/realsense2_description/bin'
[1.308s] Level 1:colcon.colcon_core.environment:checking '/home/student/aruco_realsense/install/realsense2_description/lib/pkgconfig/realsense2_description.pc'
[1.308s] Level 1:colcon.colcon_core.environment:checking '/home/student/aruco_realsense/install/realsense2_description/lib/python3.8/site-packages'
[1.309s] Level 1:colcon.colcon_core.environment:checking '/home/student/aruco_realsense/install/realsense2_description/bin'
[1.310s] INFO:colcon.colcon_core.shell:Creating package script '/home/student/aruco_realsense/install/realsense2_description/share/realsense2_description/package.ps1'
[1.310s] INFO:colcon.colcon_core.shell:Creating package descriptor '/home/student/aruco_realsense/install/realsense2_description/share/realsense2_description/package.dsv'
[1.311s] INFO:colcon.colcon_core.shell:Creating package script '/home/student/aruco_realsense/install/realsense2_description/share/realsense2_description/package.sh'
[1.311s] INFO:colcon.colcon_core.shell:Creating package script '/home/student/aruco_realsense/install/realsense2_description/share/realsense2_description/package.bash'
[1.311s] INFO:colcon.colcon_core.shell:Creating package script '/home/student/aruco_realsense/install/realsense2_description/share/realsense2_description/package.zsh'
[1.312s] Level 1:colcon.colcon_core.environment:create_file_with_runtime_dependencies(/home/student/aruco_realsense/install/realsense2_description/share/colcon-core/packages/realsense2_description)
[1.317s] DEBUG:colcon.colcon_core.event_handler.log_command:Invoking command in '/home/student/aruco_realsense/build/realsense2_camera': CMAKE_PREFIX_PATH=/home/student/aruco_realsense/install/realsense2_camera_msgs:/home/student/aruco_realsense/install/aruco_rs:/home/student/aruco_realsense/install/ros2_aruco_interfaces:/home/student/aruco_realsense/install/realsense2_description:/home/student/aruco_realsense/install/realsense2_camera:/home/student/aruco_realsense/install/aruco_rs2:/home/student/aruco_realsense/install/ros2_aruco:/opt/ros/galactic LD_LIBRARY_PATH=/home/student/aruco_realsense/install/realsense2_camera_msgs/lib:/home/student/aruco_realsense/install/ros2_aruco_interfaces/lib:/home/student/aruco_realsense/install/realsense2_camera/lib:/opt/ros/galactic/opt/yaml_cpp_vendor/lib:/opt/ros/galactic/opt/rviz_ogre_vendor/lib:/opt/ros/galactic/lib/x86_64-linux-gnu:/opt/ros/galactic/lib:/usr/local/cuda-11.1/lib64: PYTHONPATH=/home/student/aruco_realsense/install/realsense2_camera_msgs/lib/python3.8/site-packages:/home/student/aruco_realsense/install/aruco_rs2/lib/python3.8/site-packages:/home/student/aruco_realsense/install/ros2_aruco_interfaces/lib/python3.8/site-packages:/home/student/aruco_realsense/install/ros2_aruco/lib/python3.8/site-packages:/opt/ros/galactic/lib/python3.8/site-packages /usr/bin/cmake --install /home/student/aruco_realsense/build/realsense2_camera
[1.329s] Level 1:colcon.colcon_core.environment:create_environment_scripts_only(realsense2_camera)
[1.332s] Level 1:colcon.colcon_core.environment:checking '/home/student/aruco_realsense/install/realsense2_camera' for CMake module files
[1.332s] DEBUG:colcon.colcon_core.event_handler.log_command:Invoked command in '/home/student/aruco_realsense/build/realsense2_camera' returned '0': CMAKE_PREFIX_PATH=/home/student/aruco_realsense/install/realsense2_camera_msgs:/home/student/aruco_realsense/install/aruco_rs:/home/student/aruco_realsense/install/ros2_aruco_interfaces:/home/student/aruco_realsense/install/realsense2_description:/home/student/aruco_realsense/install/realsense2_camera:/home/student/aruco_realsense/install/aruco_rs2:/home/student/aruco_realsense/install/ros2_aruco:/opt/ros/galactic LD_LIBRARY_PATH=/home/student/aruco_realsense/install/realsense2_camera_msgs/lib:/home/student/aruco_realsense/install/ros2_aruco_interfaces/lib:/home/student/aruco_realsense/install/realsense2_camera/lib:/opt/ros/galactic/opt/yaml_cpp_vendor/lib:/opt/ros/galactic/opt/rviz_ogre_vendor/lib:/opt/ros/galactic/lib/x86_64-linux-gnu:/opt/ros/galactic/lib:/usr/local/cuda-11.1/lib64: PYTHONPATH=/home/student/aruco_realsense/install/realsense2_camera_msgs/lib/python3.8/site-packages:/home/student/aruco_realsense/install/aruco_rs2/lib/python3.8/site-packages:/home/student/aruco_realsense/install/ros2_aruco_interfaces/lib/python3.8/site-packages:/home/student/aruco_realsense/install/ros2_aruco/lib/python3.8/site-packages:/opt/ros/galactic/lib/python3.8/site-packages /usr/bin/cmake --install /home/student/aruco_realsense/build/realsense2_camera
[1.333s] Level 1:colcon.colcon_core.environment:checking '/home/student/aruco_realsense/install/realsense2_camera' for CMake config files
[1.333s] Level 1:colcon.colcon_core.shell:create_environment_hook('realsense2_camera', 'cmake_prefix_path')
[1.334s] INFO:colcon.colcon_core.shell:Creating environment hook '/home/student/aruco_realsense/install/realsense2_camera/share/realsense2_camera/hook/cmake_prefix_path.ps1'
[1.335s] INFO:colcon.colcon_core.shell:Creating environment descriptor '/home/student/aruco_realsense/install/realsense2_camera/share/realsense2_camera/hook/cmake_prefix_path.dsv'
[1.335s] INFO:colcon.colcon_core.shell:Creating environment hook '/home/student/aruco_realsense/install/realsense2_camera/share/realsense2_camera/hook/cmake_prefix_path.sh'
[1.336s] Level 1:colcon.colcon_core.environment:checking '/home/student/aruco_realsense/install/realsense2_camera/lib'
[1.336s] Level 1:colcon.colcon_core.shell:create_environment_hook('realsense2_camera', 'ld_library_path_lib')
[1.337s] INFO:colcon.colcon_core.shell:Creating environment hook '/home/student/aruco_realsense/install/realsense2_camera/share/realsense2_camera/hook/ld_library_path_lib.ps1'
[1.337s] INFO:colcon.colcon_core.shell:Creating environment descriptor '/home/student/aruco_realsense/install/realsense2_camera/share/realsense2_camera/hook/ld_library_path_lib.dsv'
[1.338s] INFO:colcon.colcon_core.shell:Creating environment hook '/home/student/aruco_realsense/install/realsense2_camera/share/realsense2_camera/hook/ld_library_path_lib.sh'
[1.338s] Level 1:colcon.colcon_core.environment:checking '/home/student/aruco_realsense/install/realsense2_camera/bin'
[1.338s] Level 1:colcon.colcon_core.environment:checking '/home/student/aruco_realsense/install/realsense2_camera/lib/pkgconfig/realsense2_camera.pc'
[1.338s] Level 1:colcon.colcon_core.environment:checking '/home/student/aruco_realsense/install/realsense2_camera/lib/python3.8/site-packages'
[1.338s] Level 1:colcon.colcon_core.environment:checking '/home/student/aruco_realsense/install/realsense2_camera/bin'
[1.340s] INFO:colcon.colcon_core.shell:Creating package script '/home/student/aruco_realsense/install/realsense2_camera/share/realsense2_camera/package.ps1'
[1.341s] INFO:colcon.colcon_core.shell:Creating package descriptor '/home/student/aruco_realsense/install/realsense2_camera/share/realsense2_camera/package.dsv'
[1.341s] INFO:colcon.colcon_core.shell:Creating package script '/home/student/aruco_realsense/install/realsense2_camera/share/realsense2_camera/package.sh'
[1.341s] INFO:colcon.colcon_core.shell:Creating package script '/home/student/aruco_realsense/install/realsense2_camera/share/realsense2_camera/package.bash'
[1.342s] INFO:colcon.colcon_core.shell:Creating package script '/home/student/aruco_realsense/install/realsense2_camera/share/realsense2_camera/package.zsh'
[1.342s] Level 1:colcon.colcon_core.environment:create_file_with_runtime_dependencies(/home/student/aruco_realsense/install/realsense2_camera/share/colcon-core/packages/realsense2_camera)
[1.375s] Level 1:colcon.colcon_core.environment:create_environment_scripts_only(realsense2_camera)
[1.377s] Level 1:colcon.colcon_core.environment:checking '/home/student/aruco_realsense/install/realsense2_camera' for CMake module files
[1.378s] Level 1:colcon.colcon_core.environment:checking '/home/student/aruco_realsense/install/realsense2_camera' for CMake config files
[1.378s] Level 1:colcon.colcon_core.shell:create_environment_hook('realsense2_camera', 'cmake_prefix_path')
[1.380s] INFO:colcon.colcon_core.shell:Creating environment hook '/home/student/aruco_realsense/install/realsense2_camera/share/realsense2_camera/hook/cmake_prefix_path.ps1'
[1.380s] INFO:colcon.colcon_core.shell:Creating environment descriptor '/home/student/aruco_realsense/install/realsense2_camera/share/realsense2_camera/hook/cmake_prefix_path.dsv'
[1.381s] INFO:colcon.colcon_core.shell:Creating environment hook '/home/student/aruco_realsense/install/realsense2_camera/share/realsense2_camera/hook/cmake_prefix_path.sh'
[1.381s] Level 1:colcon.colcon_core.environment:checking '/home/student/aruco_realsense/install/realsense2_camera/lib'
[1.381s] Level 1:colcon.colcon_core.shell:create_environment_hook('realsense2_camera', 'ld_library_path_lib')
[1.382s] INFO:colcon.colcon_core.shell:Creating environment hook '/home/student/aruco_realsense/install/realsense2_camera/share/realsense2_camera/hook/ld_library_path_lib.ps1'
[1.383s] INFO:colcon.colcon_core.shell:Creating environment descriptor '/home/student/aruco_realsense/install/realsense2_camera/share/realsense2_camera/hook/ld_library_path_lib.dsv'
[1.383s] INFO:colcon.colcon_core.shell:Creating environment hook '/home/student/aruco_realsense/install/realsense2_camera/share/realsense2_camera/hook/ld_library_path_lib.sh'
[1.383s] Level 1:colcon.colcon_core.environment:checking '/home/student/aruco_realsense/install/realsense2_camera/bin'
[1.383s] Level 1:colcon.colcon_core.environment:checking '/home/student/aruco_realsense/install/realsense2_camera/lib/pkgconfig/realsense2_camera.pc'
[1.383s] Level 1:colcon.colcon_core.environment:checking '/home/student/aruco_realsense/install/realsense2_camera/lib/python3.8/site-packages'
[1.384s] Level 1:colcon.colcon_core.environment:checking '/home/student/aruco_realsense/install/realsense2_camera/bin'
[1.385s] INFO:colcon.colcon_core.shell:Creating package script '/home/student/aruco_realsense/install/realsense2_camera/share/realsense2_camera/package.ps1'
[1.385s] INFO:colcon.colcon_core.shell:Creating package descriptor '/home/student/aruco_realsense/install/realsense2_camera/share/realsense2_camera/package.dsv'
[1.386s] INFO:colcon.colcon_core.shell:Creating package script '/home/student/aruco_realsense/install/realsense2_camera/share/realsense2_camera/package.sh'
[1.386s] INFO:colcon.colcon_core.shell:Creating package script '/home/student/aruco_realsense/install/realsense2_camera/share/realsense2_camera/package.bash'
[1.387s] INFO:colcon.colcon_core.shell:Creating package script '/home/student/aruco_realsense/install/realsense2_camera/share/realsense2_camera/package.zsh'
[1.387s] Level 1:colcon.colcon_core.environment:create_file_with_runtime_dependencies(/home/student/aruco_realsense/install/realsense2_camera/share/colcon-core/packages/realsense2_camera)
[1.555s] Level 1:colcon.colcon_core.environment:checking '/home/student/aruco_realsense/install/ros2_aruco' for CMake module files
[1.556s] DEBUG:colcon.colcon_core.event_handler.log_command:Invoked command in '/home/student/aruco_realsense/src/ros2_aruco/ros2_aruco' returned '0': PYTHONPATH=/home/student/aruco_realsense/install/ros2_aruco/lib/python3.8/site-packages:${PYTHONPATH} /usr/bin/python3 setup.py egg_info --egg-base ../../../build/ros2_aruco build --build-base /home/student/aruco_realsense/build/ros2_aruco/build install --prefix /home/student/aruco_realsense/install/ros2_aruco --record /home/student/aruco_realsense/build/ros2_aruco/install.log --single-version-externally-managed
[1.556s] Level 1:colcon.colcon_core.environment:checking '/home/student/aruco_realsense/install/ros2_aruco' for CMake config files
[1.557s] Level 1:colcon.colcon_core.environment:checking '/home/student/aruco_realsense/install/ros2_aruco/lib'
[1.557s] Level 1:colcon.colcon_core.environment:checking '/home/student/aruco_realsense/install/ros2_aruco/bin'
[1.557s] Level 1:colcon.colcon_core.environment:checking '/home/student/aruco_realsense/install/ros2_aruco/lib/pkgconfig/ros2_aruco.pc'
[1.557s] Level 1:colcon.colcon_core.environment:checking '/home/student/aruco_realsense/install/ros2_aruco/lib/python3.8/site-packages'
[1.557s] Level 1:colcon.colcon_core.shell:create_environment_hook('ros2_aruco', 'pythonpath')
[1.558s] INFO:colcon.colcon_core.shell:Creating environment hook '/home/student/aruco_realsense/install/ros2_aruco/share/ros2_aruco/hook/pythonpath.ps1'
[1.559s] INFO:colcon.colcon_core.shell:Creating environment descriptor '/home/student/aruco_realsense/install/ros2_aruco/share/ros2_aruco/hook/pythonpath.dsv'
[1.559s] INFO:colcon.colcon_core.shell:Creating environment hook '/home/student/aruco_realsense/install/ros2_aruco/share/ros2_aruco/hook/pythonpath.sh'
[1.559s] Level 1:colcon.colcon_core.environment:checking '/home/student/aruco_realsense/install/ros2_aruco/bin'
[1.559s] Level 1:colcon.colcon_core.environment:create_environment_scripts_only(ros2_aruco)
[1.560s] INFO:colcon.colcon_core.shell:Creating package script '/home/student/aruco_realsense/install/ros2_aruco/share/ros2_aruco/package.ps1'
[1.561s] INFO:colcon.colcon_core.shell:Creating package descriptor '/home/student/aruco_realsense/install/ros2_aruco/share/ros2_aruco/package.dsv'
[1.561s] INFO:colcon.colcon_core.shell:Creating package script '/home/student/aruco_realsense/install/ros2_aruco/share/ros2_aruco/package.sh'
[1.561s] INFO:colcon.colcon_core.shell:Creating package script '/home/student/aruco_realsense/install/ros2_aruco/share/ros2_aruco/package.bash'
[1.562s] INFO:colcon.colcon_core.shell:Creating package script '/home/student/aruco_realsense/install/ros2_aruco/share/ros2_aruco/package.zsh'
[1.562s] Level 1:colcon.colcon_core.environment:create_file_with_runtime_dependencies(/home/student/aruco_realsense/install/ros2_aruco/share/colcon-core/packages/ros2_aruco)
[1.581s] Level 1:colcon.colcon_core.environment:checking '/home/student/aruco_realsense/install/aruco_rs2' for CMake module files
[1.581s] DEBUG:colcon.colcon_core.event_handler.log_command:Invoked command in '/home/student/aruco_realsense/src/aruco_rs2' returned '0': PYTHONPATH=/home/student/aruco_realsense/install/aruco_rs2/lib/python3.8/site-packages:${PYTHONPATH} /usr/bin/python3 setup.py egg_info --egg-base ../../build/aruco_rs2 build --build-base /home/student/aruco_realsense/build/aruco_rs2/build install --prefix /home/student/aruco_realsense/install/aruco_rs2 --record /home/student/aruco_realsense/build/aruco_rs2/install.log --single-version-externally-managed
[1.581s] Level 1:colcon.colcon_core.environment:checking '/home/student/aruco_realsense/install/aruco_rs2' for CMake config files
[1.582s] Level 1:colcon.colcon_core.environment:checking '/home/student/aruco_realsense/install/aruco_rs2/lib'
[1.582s] Level 1:colcon.colcon_core.environment:checking '/home/student/aruco_realsense/install/aruco_rs2/bin'
[1.582s] Level 1:colcon.colcon_core.environment:checking '/home/student/aruco_realsense/install/aruco_rs2/lib/pkgconfig/aruco_rs2.pc'
[1.582s] Level 1:colcon.colcon_core.environment:checking '/home/student/aruco_realsense/install/aruco_rs2/lib/python3.8/site-packages'
[1.582s] Level 1:colcon.colcon_core.shell:create_environment_hook('aruco_rs2', 'pythonpath')
[1.583s] INFO:colcon.colcon_core.shell:Creating environment hook '/home/student/aruco_realsense/install/aruco_rs2/share/aruco_rs2/hook/pythonpath.ps1'
[1.583s] INFO:colcon.colcon_core.shell:Creating environment descriptor '/home/student/aruco_realsense/install/aruco_rs2/share/aruco_rs2/hook/pythonpath.dsv'
[1.584s] INFO:colcon.colcon_core.shell:Creating environment hook '/home/student/aruco_realsense/install/aruco_rs2/share/aruco_rs2/hook/pythonpath.sh'
[1.584s] Level 1:colcon.colcon_core.environment:checking '/home/student/aruco_realsense/install/aruco_rs2/bin'
[1.584s] Level 1:colcon.colcon_core.environment:create_environment_scripts_only(aruco_rs2)
[1.585s] INFO:colcon.colcon_core.shell:Creating package script '/home/student/aruco_realsense/install/aruco_rs2/share/aruco_rs2/package.ps1'
[1.586s] INFO:colcon.colcon_core.shell:Creating package descriptor '/home/student/aruco_realsense/install/aruco_rs2/share/aruco_rs2/package.dsv'
[1.586s] INFO:colcon.colcon_core.shell:Creating package script '/home/student/aruco_realsense/install/aruco_rs2/share/aruco_rs2/package.sh'
[1.586s] INFO:colcon.colcon_core.shell:Creating package script '/home/student/aruco_realsense/install/aruco_rs2/share/aruco_rs2/package.bash'
[1.586s] INFO:colcon.colcon_core.shell:Creating package script '/home/student/aruco_realsense/install/aruco_rs2/share/aruco_rs2/package.zsh'
[1.587s] Level 1:colcon.colcon_core.environment:create_file_with_runtime_dependencies(/home/student/aruco_realsense/install/aruco_rs2/share/colcon-core/packages/aruco_rs2)
[1.587s] DEBUG:colcon.colcon_parallel_executor.executor.parallel:closing loop
[1.587s] DEBUG:colcon.colcon_parallel_executor.executor.parallel:loop closed
[1.587s] DEBUG:colcon.colcon_parallel_executor.executor.parallel:run_until_complete finished with '0'
[1.587s] DEBUG:colcon.colcon_core.event_reactor:joining thread
[1.594s] INFO:colcon.colcon_core.plugin_system:Skipping extension 'colcon_notification.desktop_notification.terminal_notifier': Not used on non-Darwin systems
[1.594s] INFO:colcon.colcon_core.plugin_system:Skipping extension 'colcon_notification.desktop_notification.win32': Not used on non-Windows systems
[1.594s] INFO:colcon.colcon_notification.desktop_notification:Sending desktop notification using 'notify2'
[1.606s] DEBUG:colcon.colcon_core.event_reactor:joined thread
[1.607s] INFO:colcon.colcon_core.shell:Creating prefix script '/home/student/aruco_realsense/install/local_setup.ps1'
[1.608s] INFO:colcon.colcon_core.shell:Creating prefix util module '/home/student/aruco_realsense/install/_local_setup_util_ps1.py'
[1.609s] INFO:colcon.colcon_core.shell:Creating prefix chain script '/home/student/aruco_realsense/install/setup.ps1'
[1.610s] INFO:colcon.colcon_core.shell:Creating prefix script '/home/student/aruco_realsense/install/local_setup.sh'
[1.611s] INFO:colcon.colcon_core.shell:Creating prefix util module '/home/student/aruco_realsense/install/_local_setup_util_sh.py'
[1.611s] INFO:colcon.colcon_core.shell:Creating prefix chain script '/home/student/aruco_realsense/install/setup.sh'
[1.612s] INFO:colcon.colcon_core.shell:Creating prefix script '/home/student/aruco_realsense/install/local_setup.bash'
[1.613s] INFO:colcon.colcon_core.shell:Creating prefix chain script '/home/student/aruco_realsense/install/setup.bash'
[1.614s] INFO:colcon.colcon_core.shell:Creating prefix script '/home/student/aruco_realsense/install/local_setup.zsh'
[1.614s] INFO:colcon.colcon_core.shell:Creating prefix chain script '/home/student/aruco_realsense/install/setup.zsh'
