[0.027s] Invoking command in '/home/student/aruco_realsense/build/realsense2_description': CMAKE_PREFIX_PATH=/home/student/aruco_realsense/install/realsense2_camera_msgs:/home/student/aruco_realsense/install/workcell_description:/home/student/aruco_realsense/install/ur_description:/home/student/aruco_realsense/install/ros2_aruco_interfaces:/home/student/aruco_realsense/install/realsense2_description:/home/student/aruco_realsense/install/realsense2_camera:/home/student/aruco_realsense/install/ros2_aruco:/home/student/aruco_realsense/install/aruco_rs2:/opt/ros/galactic LD_LIBRARY_PATH=/home/student/aruco_realsense/install/realsense2_camera_msgs/lib:/home/student/aruco_realsense/install/ros2_aruco_interfaces/lib:/home/student/aruco_realsense/install/realsense2_camera/lib:/opt/ros/galactic/opt/yaml_cpp_vendor/lib:/opt/ros/galactic/opt/rviz_ogre_vendor/lib:/opt/ros/galactic/lib/x86_64-linux-gnu:/opt/ros/galactic/lib:/usr/local/cuda-11.1/lib64: PYTHONPATH=/home/student/aruco_realsense/install/realsense2_camera_msgs/lib/python3.8/site-packages:/home/student/aruco_realsense/install/ros2_aruco_interfaces/lib/python3.8/site-packages:/home/student/aruco_realsense/install/ros2_aruco/lib/python3.8/site-packages:/home/student/aruco_realsense/install/aruco_rs2/lib/python3.8/site-packages:/opt/ros/galactic/lib/python3.8/site-packages /usr/bin/cmake --build /home/student/aruco_realsense/build/realsense2_description -- -j12 -l12
[0.119s] Invoked command in '/home/student/aruco_realsense/build/realsense2_description' returned '0': CMAKE_PREFIX_PATH=/home/student/aruco_realsense/install/realsense2_camera_msgs:/home/student/aruco_realsense/install/workcell_description:/home/student/aruco_realsense/install/ur_description:/home/student/aruco_realsense/install/ros2_aruco_interfaces:/home/student/aruco_realsense/install/realsense2_description:/home/student/aruco_realsense/install/realsense2_camera:/home/student/aruco_realsense/install/ros2_aruco:/home/student/aruco_realsense/install/aruco_rs2:/opt/ros/galactic LD_LIBRARY_PATH=/home/student/aruco_realsense/install/realsense2_camera_msgs/lib:/home/student/aruco_realsense/install/ros2_aruco_interfaces/lib:/home/student/aruco_realsense/install/realsense2_camera/lib:/opt/ros/galactic/opt/yaml_cpp_vendor/lib:/opt/ros/galactic/opt/rviz_ogre_vendor/lib:/opt/ros/galactic/lib/x86_64-linux-gnu:/opt/ros/galactic/lib:/usr/local/cuda-11.1/lib64: PYTHONPATH=/home/student/aruco_realsense/install/realsense2_camera_msgs/lib/python3.8/site-packages:/home/student/aruco_realsense/install/ros2_aruco_interfaces/lib/python3.8/site-packages:/home/student/aruco_realsense/install/ros2_aruco/lib/python3.8/site-packages:/home/student/aruco_realsense/install/aruco_rs2/lib/python3.8/site-packages:/opt/ros/galactic/lib/python3.8/site-packages /usr/bin/cmake --build /home/student/aruco_realsense/build/realsense2_description -- -j12 -l12
[0.348s] Invoking command in '/home/student/aruco_realsense/build/realsense2_description': CMAKE_PREFIX_PATH=/home/student/aruco_realsense/install/realsense2_camera_msgs:/home/student/aruco_realsense/install/workcell_description:/home/student/aruco_realsense/install/ur_description:/home/student/aruco_realsense/install/ros2_aruco_interfaces:/home/student/aruco_realsense/install/realsense2_description:/home/student/aruco_realsense/install/realsense2_camera:/home/student/aruco_realsense/install/ros2_aruco:/home/student/aruco_realsense/install/aruco_rs2:/opt/ros/galactic LD_LIBRARY_PATH=/home/student/aruco_realsense/install/realsense2_camera_msgs/lib:/home/student/aruco_realsense/install/ros2_aruco_interfaces/lib:/home/student/aruco_realsense/install/realsense2_camera/lib:/opt/ros/galactic/opt/yaml_cpp_vendor/lib:/opt/ros/galactic/opt/rviz_ogre_vendor/lib:/opt/ros/galactic/lib/x86_64-linux-gnu:/opt/ros/galactic/lib:/usr/local/cuda-11.1/lib64: PYTHONPATH=/home/student/aruco_realsense/install/realsense2_camera_msgs/lib/python3.8/site-packages:/home/student/aruco_realsense/install/ros2_aruco_interfaces/lib/python3.8/site-packages:/home/student/aruco_realsense/install/ros2_aruco/lib/python3.8/site-packages:/home/student/aruco_realsense/install/aruco_rs2/lib/python3.8/site-packages:/opt/ros/galactic/lib/python3.8/site-packages /usr/bin/cmake --install /home/student/aruco_realsense/build/realsense2_description
[0.397s] -- Install configuration: ""
[0.399s] -- Up-to-date: /home/student/aruco_realsense/install/realsense2_description/share/realsense2_description/launch
[0.401s] -- Up-to-date: /home/student/aruco_realsense/install/realsense2_description/share/realsense2_description/launch/launch_utils.py
[0.402s] -- Up-to-date: /home/student/aruco_realsense/install/realsense2_description/share/realsense2_description/launch/view_model.launch.py
[0.403s] -- Up-to-date: /home/student/aruco_realsense/install/realsense2_description/share/realsense2_description/meshes
[0.404s] -- Up-to-date: /home/student/aruco_realsense/install/realsense2_description/share/realsense2_description/meshes/d435.dae
[0.405s] -- Up-to-date: /home/student/aruco_realsense/install/realsense2_description/share/realsense2_description/meshes/l515.dae
[0.406s] -- Up-to-date: /home/student/aruco_realsense/install/realsense2_description/share/realsense2_description/meshes/d415.stl
[0.407s] -- Up-to-date: /home/student/aruco_realsense/install/realsense2_description/share/realsense2_description/meshes/plug_collision.stl
[0.408s] -- Up-to-date: /home/student/aruco_realsense/install/realsense2_description/share/realsense2_description/meshes/plug.stl
[0.409s] -- Up-to-date: /home/student/aruco_realsense/install/realsense2_description/share/realsense2_description/meshes/d455.stl
[0.410s] -- Up-to-date: /home/student/aruco_realsense/install/realsense2_description/share/realsense2_description/rviz
[0.411s] -- Up-to-date: /home/student/aruco_realsense/install/realsense2_description/share/realsense2_description/rviz/urdf.rviz
[0.411s] -- Up-to-date: /home/student/aruco_realsense/install/realsense2_description/share/realsense2_description/urdf
[0.412s] -- Up-to-date: /home/student/aruco_realsense/install/realsense2_description/share/realsense2_description/urdf/_d435i.urdf.xacro
[0.421s] -- Up-to-date: /home/student/aruco_realsense/install/realsense2_description/share/realsense2_description/urdf/_d435i_imu_modules.urdf.xacro
[0.431s] -- Up-to-date: /home/student/aruco_realsense/install/realsense2_description/share/realsense2_description/urdf/_d415.urdf.xacro
[0.432s] -- Up-to-date: /home/student/aruco_realsense/install/realsense2_description/share/realsense2_description/urdf/_d435.urdf.xacro
[0.433s] -- Up-to-date: /home/student/aruco_realsense/install/realsense2_description/share/realsense2_description/urdf/_usb_plug.urdf.xacro
[0.434s] -- Up-to-date: /home/student/aruco_realsense/install/realsense2_description/share/realsense2_description/urdf/test_d435i_camera.urdf.xacro
[0.435s] -- Up-to-date: /home/student/aruco_realsense/install/realsense2_description/share/realsense2_description/urdf/_r430.urdf.xacro
[0.436s] -- Up-to-date: /home/student/aruco_realsense/install/realsense2_description/share/realsense2_description/urdf/test_r410_camera.urdf.xacro
[0.437s] -- Up-to-date: /home/student/aruco_realsense/install/realsense2_description/share/realsense2_description/urdf/test_d435_camera.urdf.xacro
[0.438s] -- Up-to-date: /home/student/aruco_realsense/install/realsense2_description/share/realsense2_description/urdf/test_d415_camera.urdf.xacro
[0.439s] -- Up-to-date: /home/student/aruco_realsense/install/realsense2_description/share/realsense2_description/urdf/test_l515_camera.urdf.xacro
[0.440s] -- Up-to-date: /home/student/aruco_realsense/install/realsense2_description/share/realsense2_description/urdf/_r410.urdf.xacro
[0.441s] -- Up-to-date: /home/student/aruco_realsense/install/realsense2_description/share/realsense2_description/urdf/test_r430_camera.urdf.xacro
[0.442s] -- Up-to-date: /home/student/aruco_realsense/install/realsense2_description/share/realsense2_description/urdf/test_d435_multiple_cameras.urdf.xacro
[0.443s] -- Up-to-date: /home/student/aruco_realsense/install/realsense2_description/share/realsense2_description/urdf/_materials.urdf.xacro
[0.443s] -- Up-to-date: /home/student/aruco_realsense/install/realsense2_description/share/realsense2_description/urdf/_l515.urdf.xacro
[0.444s] -- Up-to-date: /home/student/aruco_realsense/install/realsense2_description/share/realsense2_description/urdf/test_d455_camera.urdf.xacro
[0.445s] -- Up-to-date: /home/student/aruco_realsense/install/realsense2_description/share/realsense2_description/urdf/_d455.urdf.xacro
[0.445s] -- Up-to-date: /home/student/aruco_realsense/install/realsense2_description/share/ament_index/resource_index/package_run_dependencies/realsense2_description
[0.446s] -- Up-to-date: /home/student/aruco_realsense/install/realsense2_description/share/ament_index/resource_index/parent_prefix_path/realsense2_description
[0.452s] -- Up-to-date: /home/student/aruco_realsense/install/realsense2_description/share/realsense2_description/environment/ament_prefix_path.sh
[0.456s] -- Up-to-date: /home/student/aruco_realsense/install/realsense2_description/share/realsense2_description/environment/ament_prefix_path.dsv
[0.457s] -- Up-to-date: /home/student/aruco_realsense/install/realsense2_description/share/realsense2_description/environment/path.sh
[0.459s] -- Up-to-date: /home/student/aruco_realsense/install/realsense2_description/share/realsense2_description/environment/path.dsv
[0.459s] -- Up-to-date: /home/student/aruco_realsense/install/realsense2_description/share/realsense2_description/local_setup.bash
[0.461s] -- Up-to-date: /home/student/aruco_realsense/install/realsense2_description/share/realsense2_description/local_setup.sh
[0.463s] -- Up-to-date: /home/student/aruco_realsense/install/realsense2_description/share/realsense2_description/local_setup.zsh
[0.465s] -- Up-to-date: /home/student/aruco_realsense/install/realsense2_description/share/realsense2_description/local_setup.dsv
[0.467s] -- Installing: /home/student/aruco_realsense/install/realsense2_description/share/realsense2_description/package.dsv
[0.468s] -- Up-to-date: /home/student/aruco_realsense/install/realsense2_description/share/ament_index/resource_index/packages/realsense2_description
[0.470s] -- Up-to-date: /home/student/aruco_realsense/install/realsense2_description/share/realsense2_description/cmake/realsense2_descriptionConfig.cmake
[0.472s] -- Up-to-date: /home/student/aruco_realsense/install/realsense2_description/share/realsense2_description/cmake/realsense2_descriptionConfig-version.cmake
[0.486s] -- Up-to-date: /home/student/aruco_realsense/install/realsense2_description/share/realsense2_description/package.xml
[0.489s] Invoked command in '/home/student/aruco_realsense/build/realsense2_description' returned '0': CMAKE_PREFIX_PATH=/home/student/aruco_realsense/install/realsense2_camera_msgs:/home/student/aruco_realsense/install/workcell_description:/home/student/aruco_realsense/install/ur_description:/home/student/aruco_realsense/install/ros2_aruco_interfaces:/home/student/aruco_realsense/install/realsense2_description:/home/student/aruco_realsense/install/realsense2_camera:/home/student/aruco_realsense/install/ros2_aruco:/home/student/aruco_realsense/install/aruco_rs2:/opt/ros/galactic LD_LIBRARY_PATH=/home/student/aruco_realsense/install/realsense2_camera_msgs/lib:/home/student/aruco_realsense/install/ros2_aruco_interfaces/lib:/home/student/aruco_realsense/install/realsense2_camera/lib:/opt/ros/galactic/opt/yaml_cpp_vendor/lib:/opt/ros/galactic/opt/rviz_ogre_vendor/lib:/opt/ros/galactic/lib/x86_64-linux-gnu:/opt/ros/galactic/lib:/usr/local/cuda-11.1/lib64: PYTHONPATH=/home/student/aruco_realsense/install/realsense2_camera_msgs/lib/python3.8/site-packages:/home/student/aruco_realsense/install/ros2_aruco_interfaces/lib/python3.8/site-packages:/home/student/aruco_realsense/install/ros2_aruco/lib/python3.8/site-packages:/home/student/aruco_realsense/install/aruco_rs2/lib/python3.8/site-packages:/opt/ros/galactic/lib/python3.8/site-packages /usr/bin/cmake --install /home/student/aruco_realsense/build/realsense2_description
