[1.014s] Invoking command in '/home/student/aruco_realsense/src/aruco_rs2': PYTHONPATH=/home/student/aruco_realsense/install/aruco_rs2/lib/python3.8/site-packages:${PYTHONPATH} /usr/bin/python3 setup.py egg_info --egg-base ../../build/aruco_rs2 build --build-base /home/student/aruco_realsense/build/aruco_rs2/build install --prefix /home/student/aruco_realsense/install/aruco_rs2 --record /home/student/aruco_realsense/build/aruco_rs2/install.log --single-version-externally-managed
[1.222s] running egg_info
[1.223s] writing ../../build/aruco_rs2/aruco_rs2.egg-info/PKG-INFO
[1.223s] writing dependency_links to ../../build/aruco_rs2/aruco_rs2.egg-info/dependency_links.txt
[1.224s] writing entry points to ../../build/aruco_rs2/aruco_rs2.egg-info/entry_points.txt
[1.224s] writing requirements to ../../build/aruco_rs2/aruco_rs2.egg-info/requires.txt
[1.224s] writing top-level names to ../../build/aruco_rs2/aruco_rs2.egg-info/top_level.txt
[1.255s] reading manifest file '../../build/aruco_rs2/aruco_rs2.egg-info/SOURCES.txt'
[1.256s] writing manifest file '../../build/aruco_rs2/aruco_rs2.egg-info/SOURCES.txt'
[1.256s] running build
[1.256s] running build_py
[1.256s] running install
[1.257s] running install_lib
[1.258s] running install_data
[1.259s] copying launch/rs_aruco.launch.py -> /home/student/aruco_realsense/install/aruco_rs2/share/aruco_rs2
[1.259s] running install_egg_info
[1.260s] removing '/home/student/aruco_realsense/install/aruco_rs2/lib/python3.8/site-packages/aruco_rs2-0.0.0-py3.8.egg-info' (and everything under it)
[1.260s] Copying ../../build/aruco_rs2/aruco_rs2.egg-info to /home/student/aruco_realsense/install/aruco_rs2/lib/python3.8/site-packages/aruco_rs2-0.0.0-py3.8.egg-info
[1.261s] running install_scripts
[1.276s] writing list of installed files to '/home/student/aruco_realsense/build/aruco_rs2/install.log'
[1.296s] Invoked command in '/home/student/aruco_realsense/src/aruco_rs2' returned '0': PYTHONPATH=/home/student/aruco_realsense/install/aruco_rs2/lib/python3.8/site-packages:${PYTHONPATH} /usr/bin/python3 setup.py egg_info --egg-base ../../build/aruco_rs2 build --build-base /home/student/aruco_realsense/build/aruco_rs2/build install --prefix /home/student/aruco_realsense/install/aruco_rs2 --record /home/student/aruco_realsense/build/aruco_rs2/install.log --single-version-externally-managed
