[0.115s] DEBUG:colcon:Command line arguments: ['/usr/bin/colcon', 'build']
[0.115s] DEBUG:colcon:Parsed command line arguments: Namespace(allow_overriding=[], ament_cmake_args=None, base_paths=['.'], build_base='build', catkin_cmake_args=None, catkin_skip_building_tests=False, cmake_args=None, cmake_clean_cache=False, cmake_clean_first=False, cmake_force_configure=False, cmake_target=None, cmake_target_skip_unavailable=False, continue_on_error=False, event_handlers=None, executor='parallel', ignore_user_meta=False, install_base='install', log_base=None, log_level=None, main=<bound method BuildVerb.main of <colcon_core.verb.build.BuildVerb object at 0x7f5291343eb0>>, merge_install=False, metas=['./colcon.meta'], packages_above=None, packages_above_and_dependencies=None, packages_above_depth=None, packages_end=None, packages_ignore=None, packages_ignore_regex=None, packages_select=None, packages_select_build_failed=False, packages_select_by_dep=None, packages_select_regex=None, packages_select_test_failures=False, packages_skip=None, packages_skip_build_finished=False, packages_skip_by_dep=None, packages_skip_regex=None, packages_skip_test_passed=False, packages_skip_up_to=None, packages_start=None, packages_up_to=None, packages_up_to_regex=None, parallel_workers=12, paths=None, symlink_install=False, test_result_base=None, verb_extension=<colcon_core.verb.build.BuildVerb object at 0x7f5291343eb0>, verb_name='build', verb_parser=<colcon_defaults.argument_parser.defaults.DefaultArgumentsDecorator object at 0x7f52913e5460>)
[0.135s] Level 1:colcon.colcon_core.package_discovery:discover_packages(colcon_meta) check parameters
[0.135s] Level 1:colcon.colcon_core.package_discovery:discover_packages(recursive) check parameters
[0.135s] Level 1:colcon.colcon_core.package_discovery:discover_packages(ignore) check parameters
[0.135s] Level 1:colcon.colcon_core.package_discovery:discover_packages(path) check parameters
[0.135s] Level 1:colcon.colcon_core.package_discovery:discover_packages(colcon_meta) discover
[0.135s] Level 1:colcon.colcon_core.package_discovery:discover_packages(recursive) discover
[0.135s] INFO:colcon.colcon_core.package_discovery:Crawling recursively for packages in '/home/student/aruco_realsense'
[0.135s] Level 1:colcon.colcon_core.package_identification:_identify(.) by extensions ['ignore', 'ignore_ament_install']
[0.136s] Level 1:colcon.colcon_core.package_identification:_identify(.) by extension 'ignore'
[0.136s] Level 1:colcon.colcon_core.package_identification:_identify(.) by extension 'ignore_ament_install'
[0.136s] Level 1:colcon.colcon_core.package_identification:_identify(.) by extensions ['colcon_pkg']
[0.136s] Level 1:colcon.colcon_core.package_identification:_identify(.) by extension 'colcon_pkg'
[0.136s] Level 1:colcon.colcon_core.package_identification:_identify(.) by extensions ['colcon_meta']
[0.136s] Level 1:colcon.colcon_core.package_identification:_identify(.) by extension 'colcon_meta'
[0.136s] Level 1:colcon.colcon_core.package_identification:_identify(.) by extensions ['ros']
[0.136s] Level 1:colcon.colcon_core.package_identification:_identify(.) by extension 'ros'
[0.146s] Level 1:colcon.colcon_core.package_identification:_identify(.) by extensions ['cmake', 'python']
[0.146s] Level 1:colcon.colcon_core.package_identification:_identify(.) by extension 'cmake'
[0.146s] Level 1:colcon.colcon_core.package_identification:_identify(.) by extension 'python'
[0.146s] Level 1:colcon.colcon_core.package_identification:_identify(.) by extensions ['python_setup_py']
[0.146s] Level 1:colcon.colcon_core.package_identification:_identify(.) by extension 'python_setup_py'
[0.146s] Level 1:colcon.colcon_core.package_identification:_identify(build) by extensions ['ignore', 'ignore_ament_install']
[0.146s] Level 1:colcon.colcon_core.package_identification:_identify(build) by extension 'ignore'
[0.146s] Level 1:colcon.colcon_core.package_identification:_identify(build) ignored
[0.146s] Level 1:colcon.colcon_core.package_identification:_identify(calibration) by extensions ['ignore', 'ignore_ament_install']
[0.146s] Level 1:colcon.colcon_core.package_identification:_identify(calibration) by extension 'ignore'
[0.146s] Level 1:colcon.colcon_core.package_identification:_identify(calibration) by extension 'ignore_ament_install'
[0.146s] Level 1:colcon.colcon_core.package_identification:_identify(calibration) by extensions ['colcon_pkg']
[0.146s] Level 1:colcon.colcon_core.package_identification:_identify(calibration) by extension 'colcon_pkg'
[0.146s] Level 1:colcon.colcon_core.package_identification:_identify(calibration) by extensions ['colcon_meta']
[0.146s] Level 1:colcon.colcon_core.package_identification:_identify(calibration) by extension 'colcon_meta'
[0.146s] Level 1:colcon.colcon_core.package_identification:_identify(calibration) by extensions ['ros']
[0.146s] Level 1:colcon.colcon_core.package_identification:_identify(calibration) by extension 'ros'
[0.147s] Level 1:colcon.colcon_core.package_identification:_identify(calibration) by extensions ['cmake', 'python']
[0.147s] Level 1:colcon.colcon_core.package_identification:_identify(calibration) by extension 'cmake'
[0.147s] Level 1:colcon.colcon_core.package_identification:_identify(calibration) by extension 'python'
[0.147s] Level 1:colcon.colcon_core.package_identification:_identify(calibration) by extensions ['python_setup_py']
[0.147s] Level 1:colcon.colcon_core.package_identification:_identify(calibration) by extension 'python_setup_py'
[0.147s] Level 1:colcon.colcon_core.package_identification:_identify(install) by extensions ['ignore', 'ignore_ament_install']
[0.147s] Level 1:colcon.colcon_core.package_identification:_identify(install) by extension 'ignore'
[0.147s] Level 1:colcon.colcon_core.package_identification:_identify(install) ignored
[0.147s] Level 1:colcon.colcon_core.package_identification:_identify(log) by extensions ['ignore', 'ignore_ament_install']
[0.147s] Level 1:colcon.colcon_core.package_identification:_identify(log) by extension 'ignore'
[0.147s] Level 1:colcon.colcon_core.package_identification:_identify(log) ignored
[0.147s] Level 1:colcon.colcon_core.package_identification:_identify(src) by extensions ['ignore', 'ignore_ament_install']
[0.147s] Level 1:colcon.colcon_core.package_identification:_identify(src) by extension 'ignore'
[0.147s] Level 1:colcon.colcon_core.package_identification:_identify(src) by extension 'ignore_ament_install'
[0.147s] Level 1:colcon.colcon_core.package_identification:_identify(src) by extensions ['colcon_pkg']
[0.147s] Level 1:colcon.colcon_core.package_identification:_identify(src) by extension 'colcon_pkg'
[0.147s] Level 1:colcon.colcon_core.package_identification:_identify(src) by extensions ['colcon_meta']
[0.147s] Level 1:colcon.colcon_core.package_identification:_identify(src) by extension 'colcon_meta'
[0.147s] Level 1:colcon.colcon_core.package_identification:_identify(src) by extensions ['ros']
[0.147s] Level 1:colcon.colcon_core.package_identification:_identify(src) by extension 'ros'
[0.147s] Level 1:colcon.colcon_core.package_identification:_identify(src) by extensions ['cmake', 'python']
[0.148s] Level 1:colcon.colcon_core.package_identification:_identify(src) by extension 'cmake'
[0.148s] Level 1:colcon.colcon_core.package_identification:_identify(src) by extension 'python'
[0.148s] Level 1:colcon.colcon_core.package_identification:_identify(src) by extensions ['python_setup_py']
[0.148s] Level 1:colcon.colcon_core.package_identification:_identify(src) by extension 'python_setup_py'
[0.148s] Level 1:colcon.colcon_core.package_identification:_identify(src/aruco_rs2) by extensions ['ignore', 'ignore_ament_install']
[0.148s] Level 1:colcon.colcon_core.package_identification:_identify(src/aruco_rs2) by extension 'ignore'
[0.148s] Level 1:colcon.colcon_core.package_identification:_identify(src/aruco_rs2) by extension 'ignore_ament_install'
[0.148s] Level 1:colcon.colcon_core.package_identification:_identify(src/aruco_rs2) by extensions ['colcon_pkg']
[0.148s] Level 1:colcon.colcon_core.package_identification:_identify(src/aruco_rs2) by extension 'colcon_pkg'
[0.148s] Level 1:colcon.colcon_core.package_identification:_identify(src/aruco_rs2) by extensions ['colcon_meta']
[0.148s] Level 1:colcon.colcon_core.package_identification:_identify(src/aruco_rs2) by extension 'colcon_meta'
[0.148s] Level 1:colcon.colcon_core.package_identification:_identify(src/aruco_rs2) by extensions ['ros']
[0.148s] Level 1:colcon.colcon_core.package_identification:_identify(src/aruco_rs2) by extension 'ros'
[0.150s] DEBUG:colcon.colcon_core.package_identification:Package 'src/aruco_rs2' with type 'ros.ament_python' and name 'aruco_rs2'
[0.150s] Level 1:colcon.colcon_core.package_identification:_identify(src/realsense-ros) by extensions ['ignore', 'ignore_ament_install']
[0.150s] Level 1:colcon.colcon_core.package_identification:_identify(src/realsense-ros) by extension 'ignore'
[0.150s] Level 1:colcon.colcon_core.package_identification:_identify(src/realsense-ros) by extension 'ignore_ament_install'
[0.150s] Level 1:colcon.colcon_core.package_identification:_identify(src/realsense-ros) by extensions ['colcon_pkg']
[0.150s] Level 1:colcon.colcon_core.package_identification:_identify(src/realsense-ros) by extension 'colcon_pkg'
[0.150s] Level 1:colcon.colcon_core.package_identification:_identify(src/realsense-ros) by extensions ['colcon_meta']
[0.150s] Level 1:colcon.colcon_core.package_identification:_identify(src/realsense-ros) by extension 'colcon_meta'
[0.150s] Level 1:colcon.colcon_core.package_identification:_identify(src/realsense-ros) by extensions ['ros']
[0.150s] Level 1:colcon.colcon_core.package_identification:_identify(src/realsense-ros) by extension 'ros'
[0.150s] Level 1:colcon.colcon_core.package_identification:_identify(src/realsense-ros) by extensions ['cmake', 'python']
[0.150s] Level 1:colcon.colcon_core.package_identification:_identify(src/realsense-ros) by extension 'cmake'
[0.150s] Level 1:colcon.colcon_core.package_identification:_identify(src/realsense-ros) by extension 'python'
[0.150s] Level 1:colcon.colcon_core.package_identification:_identify(src/realsense-ros) by extensions ['python_setup_py']
[0.150s] Level 1:colcon.colcon_core.package_identification:_identify(src/realsense-ros) by extension 'python_setup_py'
[0.150s] Level 1:colcon.colcon_core.package_identification:_identify(src/realsense-ros/realsense2_camera) by extensions ['ignore', 'ignore_ament_install']
[0.151s] Level 1:colcon.colcon_core.package_identification:_identify(src/realsense-ros/realsense2_camera) by extension 'ignore'
[0.151s] Level 1:colcon.colcon_core.package_identification:_identify(src/realsense-ros/realsense2_camera) by extension 'ignore_ament_install'
[0.151s] Level 1:colcon.colcon_core.package_identification:_identify(src/realsense-ros/realsense2_camera) by extensions ['colcon_pkg']
[0.151s] Level 1:colcon.colcon_core.package_identification:_identify(src/realsense-ros/realsense2_camera) by extension 'colcon_pkg'
[0.151s] Level 1:colcon.colcon_core.package_identification:_identify(src/realsense-ros/realsense2_camera) by extensions ['colcon_meta']
[0.151s] Level 1:colcon.colcon_core.package_identification:_identify(src/realsense-ros/realsense2_camera) by extension 'colcon_meta'
[0.151s] Level 1:colcon.colcon_core.package_identification:_identify(src/realsense-ros/realsense2_camera) by extensions ['ros']
[0.151s] Level 1:colcon.colcon_core.package_identification:_identify(src/realsense-ros/realsense2_camera) by extension 'ros'
[0.152s] DEBUG:colcon.colcon_core.package_identification:Package 'src/realsense-ros/realsense2_camera' with type 'ros.ament_cmake' and name 'realsense2_camera'
[0.152s] Level 1:colcon.colcon_core.package_identification:_identify(src/realsense-ros/realsense2_camera_msgs) by extensions ['ignore', 'ignore_ament_install']
[0.153s] Level 1:colcon.colcon_core.package_identification:_identify(src/realsense-ros/realsense2_camera_msgs) by extension 'ignore'
[0.153s] Level 1:colcon.colcon_core.package_identification:_identify(src/realsense-ros/realsense2_camera_msgs) by extension 'ignore_ament_install'
[0.153s] Level 1:colcon.colcon_core.package_identification:_identify(src/realsense-ros/realsense2_camera_msgs) by extensions ['colcon_pkg']
[0.153s] Level 1:colcon.colcon_core.package_identification:_identify(src/realsense-ros/realsense2_camera_msgs) by extension 'colcon_pkg'
[0.153s] Level 1:colcon.colcon_core.package_identification:_identify(src/realsense-ros/realsense2_camera_msgs) by extensions ['colcon_meta']
[0.153s] Level 1:colcon.colcon_core.package_identification:_identify(src/realsense-ros/realsense2_camera_msgs) by extension 'colcon_meta'
[0.153s] Level 1:colcon.colcon_core.package_identification:_identify(src/realsense-ros/realsense2_camera_msgs) by extensions ['ros']
[0.153s] Level 1:colcon.colcon_core.package_identification:_identify(src/realsense-ros/realsense2_camera_msgs) by extension 'ros'
[0.153s] DEBUG:colcon.colcon_core.package_identification:Package 'src/realsense-ros/realsense2_camera_msgs' with type 'ros.ament_cmake' and name 'realsense2_camera_msgs'
[0.153s] Level 1:colcon.colcon_core.package_identification:_identify(src/realsense-ros/realsense2_description) by extensions ['ignore', 'ignore_ament_install']
[0.153s] Level 1:colcon.colcon_core.package_identification:_identify(src/realsense-ros/realsense2_description) by extension 'ignore'
[0.153s] Level 1:colcon.colcon_core.package_identification:_identify(src/realsense-ros/realsense2_description) by extension 'ignore_ament_install'
[0.153s] Level 1:colcon.colcon_core.package_identification:_identify(src/realsense-ros/realsense2_description) by extensions ['colcon_pkg']
[0.154s] Level 1:colcon.colcon_core.package_identification:_identify(src/realsense-ros/realsense2_description) by extension 'colcon_pkg'
[0.154s] Level 1:colcon.colcon_core.package_identification:_identify(src/realsense-ros/realsense2_description) by extensions ['colcon_meta']
[0.154s] Level 1:colcon.colcon_core.package_identification:_identify(src/realsense-ros/realsense2_description) by extension 'colcon_meta'
[0.154s] Level 1:colcon.colcon_core.package_identification:_identify(src/realsense-ros/realsense2_description) by extensions ['ros']
[0.154s] Level 1:colcon.colcon_core.package_identification:_identify(src/realsense-ros/realsense2_description) by extension 'ros'
[0.154s] DEBUG:colcon.colcon_core.package_identification:Package 'src/realsense-ros/realsense2_description' with type 'ros.ament_cmake' and name 'realsense2_description'
[0.154s] Level 1:colcon.colcon_core.package_identification:_identify(src/ros2_aruco) by extensions ['ignore', 'ignore_ament_install']
[0.154s] Level 1:colcon.colcon_core.package_identification:_identify(src/ros2_aruco) by extension 'ignore'
[0.154s] Level 1:colcon.colcon_core.package_identification:_identify(src/ros2_aruco) by extension 'ignore_ament_install'
[0.154s] Level 1:colcon.colcon_core.package_identification:_identify(src/ros2_aruco) by extensions ['colcon_pkg']
[0.155s] Level 1:colcon.colcon_core.package_identification:_identify(src/ros2_aruco) by extension 'colcon_pkg'
[0.155s] Level 1:colcon.colcon_core.package_identification:_identify(src/ros2_aruco) by extensions ['colcon_meta']
[0.155s] Level 1:colcon.colcon_core.package_identification:_identify(src/ros2_aruco) by extension 'colcon_meta'
[0.155s] Level 1:colcon.colcon_core.package_identification:_identify(src/ros2_aruco) by extensions ['ros']
[0.155s] Level 1:colcon.colcon_core.package_identification:_identify(src/ros2_aruco) by extension 'ros'
[0.155s] Level 1:colcon.colcon_core.package_identification:_identify(src/ros2_aruco) by extensions ['cmake', 'python']
[0.155s] Level 1:colcon.colcon_core.package_identification:_identify(src/ros2_aruco) by extension 'cmake'
[0.155s] Level 1:colcon.colcon_core.package_identification:_identify(src/ros2_aruco) by extension 'python'
[0.155s] Level 1:colcon.colcon_core.package_identification:_identify(src/ros2_aruco) by extensions ['python_setup_py']
[0.155s] Level 1:colcon.colcon_core.package_identification:_identify(src/ros2_aruco) by extension 'python_setup_py'
[0.155s] Level 1:colcon.colcon_core.package_identification:_identify(src/ros2_aruco/ros2_aruco) by extensions ['ignore', 'ignore_ament_install']
[0.155s] Level 1:colcon.colcon_core.package_identification:_identify(src/ros2_aruco/ros2_aruco) by extension 'ignore'
[0.155s] Level 1:colcon.colcon_core.package_identification:_identify(src/ros2_aruco/ros2_aruco) by extension 'ignore_ament_install'
[0.155s] Level 1:colcon.colcon_core.package_identification:_identify(src/ros2_aruco/ros2_aruco) by extensions ['colcon_pkg']
[0.155s] Level 1:colcon.colcon_core.package_identification:_identify(src/ros2_aruco/ros2_aruco) by extension 'colcon_pkg'
[0.155s] Level 1:colcon.colcon_core.package_identification:_identify(src/ros2_aruco/ros2_aruco) by extensions ['colcon_meta']
[0.155s] Level 1:colcon.colcon_core.package_identification:_identify(src/ros2_aruco/ros2_aruco) by extension 'colcon_meta'
[0.155s] Level 1:colcon.colcon_core.package_identification:_identify(src/ros2_aruco/ros2_aruco) by extensions ['ros']
[0.155s] Level 1:colcon.colcon_core.package_identification:_identify(src/ros2_aruco/ros2_aruco) by extension 'ros'
[0.156s] DEBUG:colcon.colcon_core.package_identification:Package 'src/ros2_aruco/ros2_aruco' with type 'ros.ament_python' and name 'ros2_aruco'
[0.156s] Level 1:colcon.colcon_core.package_identification:_identify(src/ros2_aruco/ros2_aruco_interfaces) by extensions ['ignore', 'ignore_ament_install']
[0.156s] Level 1:colcon.colcon_core.package_identification:_identify(src/ros2_aruco/ros2_aruco_interfaces) by extension 'ignore'
[0.156s] Level 1:colcon.colcon_core.package_identification:_identify(src/ros2_aruco/ros2_aruco_interfaces) by extension 'ignore_ament_install'
[0.156s] Level 1:colcon.colcon_core.package_identification:_identify(src/ros2_aruco/ros2_aruco_interfaces) by extensions ['colcon_pkg']
[0.156s] Level 1:colcon.colcon_core.package_identification:_identify(src/ros2_aruco/ros2_aruco_interfaces) by extension 'colcon_pkg'
[0.156s] Level 1:colcon.colcon_core.package_identification:_identify(src/ros2_aruco/ros2_aruco_interfaces) by extensions ['colcon_meta']
[0.156s] Level 1:colcon.colcon_core.package_identification:_identify(src/ros2_aruco/ros2_aruco_interfaces) by extension 'colcon_meta'
[0.156s] Level 1:colcon.colcon_core.package_identification:_identify(src/ros2_aruco/ros2_aruco_interfaces) by extensions ['ros']
[0.156s] Level 1:colcon.colcon_core.package_identification:_identify(src/ros2_aruco/ros2_aruco_interfaces) by extension 'ros'
[0.157s] DEBUG:colcon.colcon_core.package_identification:Package 'src/ros2_aruco/ros2_aruco_interfaces' with type 'ros.ament_cmake' and name 'ros2_aruco_interfaces'
[0.157s] Level 1:colcon.colcon_core.package_discovery:discover_packages(recursive) using defaults
[0.157s] Level 1:colcon.colcon_core.package_discovery:discover_packages(ignore) discover
[0.157s] Level 1:colcon.colcon_core.package_discovery:discover_packages(ignore) using defaults
[0.157s] Level 1:colcon.colcon_core.package_discovery:discover_packages(path) discover
[0.157s] Level 1:colcon.colcon_core.package_discovery:discover_packages(path) using defaults
[0.181s] Level 1:colcon.colcon_core.package_discovery:discover_packages(prefix_path) check parameters
[0.181s] Level 1:colcon.colcon_core.package_discovery:discover_packages(prefix_path) discover
[0.182s] WARNING:colcon.colcon_ros.prefix_path.ament:The path '/home/student/aruco_realsense/install/aruco_rs2' in the environment variable AMENT_PREFIX_PATH doesn't exist
[0.182s] WARNING:colcon.colcon_ros.prefix_path.ament:The path '/home/student/aruco_realsense/install/aruco_rs' in the environment variable AMENT_PREFIX_PATH doesn't exist
[0.182s] WARNING:colcon.colcon_ros.prefix_path.ament:The path '/home/student/aruco_realsense/install/ros2_aruco_interfaces' in the environment variable AMENT_PREFIX_PATH doesn't exist
[0.182s] WARNING:colcon.colcon_ros.prefix_path.ament:The path '/home/student/aruco_realsense/install/ros2_aruco' in the environment variable AMENT_PREFIX_PATH doesn't exist
[0.182s] WARNING:colcon.colcon_ros.prefix_path.ament:The path '/home/student/aruco_realsense/install/realsense2_description' in the environment variable AMENT_PREFIX_PATH doesn't exist
[0.182s] WARNING:colcon.colcon_ros.prefix_path.ament:The path '/home/student/aruco_realsense/install/realsense2_camera' in the environment variable AMENT_PREFIX_PATH doesn't exist
[0.182s] WARNING:colcon.colcon_ros.prefix_path.ament:The path '/home/student/aruco_realsense/install/realsense2_camera_msgs' in the environment variable AMENT_PREFIX_PATH doesn't exist
[0.182s] WARNING:colcon.colcon_ros.prefix_path.catkin:The path '/home/student/aruco_realsense/install/aruco_rs' in the environment variable CMAKE_PREFIX_PATH doesn't exist
[0.182s] WARNING:colcon.colcon_ros.prefix_path.catkin:The path '/home/student/aruco_realsense/install/ros2_aruco_interfaces' in the environment variable CMAKE_PREFIX_PATH doesn't exist
[0.182s] WARNING:colcon.colcon_ros.prefix_path.catkin:The path '/home/student/aruco_realsense/install/realsense2_description' in the environment variable CMAKE_PREFIX_PATH doesn't exist
[0.182s] WARNING:colcon.colcon_ros.prefix_path.catkin:The path '/home/student/aruco_realsense/install/realsense2_camera' in the environment variable CMAKE_PREFIX_PATH doesn't exist
[0.182s] WARNING:colcon.colcon_ros.prefix_path.catkin:The path '/home/student/aruco_realsense/install/realsense2_camera_msgs' in the environment variable CMAKE_PREFIX_PATH doesn't exist
[0.183s] DEBUG:colcon.colcon_installed_package_information.package_discovery:Found 0 installed packages in /home/student/aruco_realsense/install
[0.185s] DEBUG:colcon.colcon_installed_package_information.package_discovery:Found 277 installed packages in /opt/ros/galactic
[0.186s] Level 1:colcon.colcon_core.package_discovery:discover_packages(prefix_path) using defaults
[0.248s] Level 5:colcon.colcon_core.verb:set package 'aruco_rs2' build argument 'cmake_args' from command line to 'None'
[0.248s] Level 5:colcon.colcon_core.verb:set package 'aruco_rs2' build argument 'cmake_target' from command line to 'None'
[0.248s] Level 5:colcon.colcon_core.verb:set package 'aruco_rs2' build argument 'cmake_target_skip_unavailable' from command line to 'False'
[0.248s] Level 5:colcon.colcon_core.verb:set package 'aruco_rs2' build argument 'cmake_clean_cache' from command line to 'False'
[0.248s] Level 5:colcon.colcon_core.verb:set package 'aruco_rs2' build argument 'cmake_clean_first' from command line to 'False'
[0.248s] Level 5:colcon.colcon_core.verb:set package 'aruco_rs2' build argument 'cmake_force_configure' from command line to 'False'
[0.248s] Level 5:colcon.colcon_core.verb:set package 'aruco_rs2' build argument 'ament_cmake_args' from command line to 'None'
[0.248s] Level 5:colcon.colcon_core.verb:set package 'aruco_rs2' build argument 'catkin_cmake_args' from command line to 'None'
[0.248s] Level 5:colcon.colcon_core.verb:set package 'aruco_rs2' build argument 'catkin_skip_building_tests' from command line to 'False'
[0.248s] DEBUG:colcon.colcon_core.verb:Building package 'aruco_rs2' with the following arguments: {'ament_cmake_args': None, 'build_base': '/home/student/aruco_realsense/build/aruco_rs2', 'catkin_cmake_args': None, 'catkin_skip_building_tests': False, 'cmake_args': None, 'cmake_clean_cache': False, 'cmake_clean_first': False, 'cmake_force_configure': False, 'cmake_target': None, 'cmake_target_skip_unavailable': False, 'install_base': '/home/student/aruco_realsense/install/aruco_rs2', 'merge_install': False, 'path': '/home/student/aruco_realsense/src/aruco_rs2', 'symlink_install': False, 'test_result_base': None}
[0.249s] Level 5:colcon.colcon_core.verb:set package 'realsense2_camera_msgs' build argument 'cmake_args' from command line to 'None'
[0.249s] Level 5:colcon.colcon_core.verb:set package 'realsense2_camera_msgs' build argument 'cmake_target' from command line to 'None'
[0.249s] Level 5:colcon.colcon_core.verb:set package 'realsense2_camera_msgs' build argument 'cmake_target_skip_unavailable' from command line to 'False'
[0.249s] Level 5:colcon.colcon_core.verb:set package 'realsense2_camera_msgs' build argument 'cmake_clean_cache' from command line to 'False'
[0.249s] Level 5:colcon.colcon_core.verb:set package 'realsense2_camera_msgs' build argument 'cmake_clean_first' from command line to 'False'
[0.249s] Level 5:colcon.colcon_core.verb:set package 'realsense2_camera_msgs' build argument 'cmake_force_configure' from command line to 'False'
[0.249s] Level 5:colcon.colcon_core.verb:set package 'realsense2_camera_msgs' build argument 'ament_cmake_args' from command line to 'None'
[0.249s] Level 5:colcon.colcon_core.verb:set package 'realsense2_camera_msgs' build argument 'catkin_cmake_args' from command line to 'None'
[0.249s] Level 5:colcon.colcon_core.verb:set package 'realsense2_camera_msgs' build argument 'catkin_skip_building_tests' from command line to 'False'
[0.249s] DEBUG:colcon.colcon_core.verb:Building package 'realsense2_camera_msgs' with the following arguments: {'ament_cmake_args': None, 'build_base': '/home/student/aruco_realsense/build/realsense2_camera_msgs', 'catkin_cmake_args': None, 'catkin_skip_building_tests': False, 'cmake_args': None, 'cmake_clean_cache': False, 'cmake_clean_first': False, 'cmake_force_configure': False, 'cmake_target': None, 'cmake_target_skip_unavailable': False, 'install_base': '/home/student/aruco_realsense/install/realsense2_camera_msgs', 'merge_install': False, 'path': '/home/student/aruco_realsense/src/realsense-ros/realsense2_camera_msgs', 'symlink_install': False, 'test_result_base': None}
[0.250s] Level 5:colcon.colcon_core.verb:set package 'ros2_aruco' build argument 'cmake_args' from command line to 'None'
[0.250s] Level 5:colcon.colcon_core.verb:set package 'ros2_aruco' build argument 'cmake_target' from command line to 'None'
[0.250s] Level 5:colcon.colcon_core.verb:set package 'ros2_aruco' build argument 'cmake_target_skip_unavailable' from command line to 'False'
[0.250s] Level 5:colcon.colcon_core.verb:set package 'ros2_aruco' build argument 'cmake_clean_cache' from command line to 'False'
[0.250s] Level 5:colcon.colcon_core.verb:set package 'ros2_aruco' build argument 'cmake_clean_first' from command line to 'False'
[0.250s] Level 5:colcon.colcon_core.verb:set package 'ros2_aruco' build argument 'cmake_force_configure' from command line to 'False'
[0.250s] Level 5:colcon.colcon_core.verb:set package 'ros2_aruco' build argument 'ament_cmake_args' from command line to 'None'
[0.250s] Level 5:colcon.colcon_core.verb:set package 'ros2_aruco' build argument 'catkin_cmake_args' from command line to 'None'
[0.250s] Level 5:colcon.colcon_core.verb:set package 'ros2_aruco' build argument 'catkin_skip_building_tests' from command line to 'False'
[0.250s] DEBUG:colcon.colcon_core.verb:Building package 'ros2_aruco' with the following arguments: {'ament_cmake_args': None, 'build_base': '/home/student/aruco_realsense/build/ros2_aruco', 'catkin_cmake_args': None, 'catkin_skip_building_tests': False, 'cmake_args': None, 'cmake_clean_cache': False, 'cmake_clean_first': False, 'cmake_force_configure': False, 'cmake_target': None, 'cmake_target_skip_unavailable': False, 'install_base': '/home/student/aruco_realsense/install/ros2_aruco', 'merge_install': False, 'path': '/home/student/aruco_realsense/src/ros2_aruco/ros2_aruco', 'symlink_install': False, 'test_result_base': None}
[0.251s] Level 5:colcon.colcon_core.verb:set package 'ros2_aruco_interfaces' build argument 'cmake_args' from command line to 'None'
[0.251s] Level 5:colcon.colcon_core.verb:set package 'ros2_aruco_interfaces' build argument 'cmake_target' from command line to 'None'
[0.251s] Level 5:colcon.colcon_core.verb:set package 'ros2_aruco_interfaces' build argument 'cmake_target_skip_unavailable' from command line to 'False'
[0.251s] Level 5:colcon.colcon_core.verb:set package 'ros2_aruco_interfaces' build argument 'cmake_clean_cache' from command line to 'False'
[0.251s] Level 5:colcon.colcon_core.verb:set package 'ros2_aruco_interfaces' build argument 'cmake_clean_first' from command line to 'False'
[0.251s] Level 5:colcon.colcon_core.verb:set package 'ros2_aruco_interfaces' build argument 'cmake_force_configure' from command line to 'False'
[0.251s] Level 5:colcon.colcon_core.verb:set package 'ros2_aruco_interfaces' build argument 'ament_cmake_args' from command line to 'None'
[0.251s] Level 5:colcon.colcon_core.verb:set package 'ros2_aruco_interfaces' build argument 'catkin_cmake_args' from command line to 'None'
[0.251s] Level 5:colcon.colcon_core.verb:set package 'ros2_aruco_interfaces' build argument 'catkin_skip_building_tests' from command line to 'False'
[0.251s] DEBUG:colcon.colcon_core.verb:Building package 'ros2_aruco_interfaces' with the following arguments: {'ament_cmake_args': None, 'build_base': '/home/student/aruco_realsense/build/ros2_aruco_interfaces', 'catkin_cmake_args': None, 'catkin_skip_building_tests': False, 'cmake_args': None, 'cmake_clean_cache': False, 'cmake_clean_first': False, 'cmake_force_configure': False, 'cmake_target': None, 'cmake_target_skip_unavailable': False, 'install_base': '/home/student/aruco_realsense/install/ros2_aruco_interfaces', 'merge_install': False, 'path': '/home/student/aruco_realsense/src/ros2_aruco/ros2_aruco_interfaces', 'symlink_install': False, 'test_result_base': None}
[0.252s] Level 5:colcon.colcon_core.verb:set package 'realsense2_camera' build argument 'cmake_args' from command line to 'None'
[0.252s] Level 5:colcon.colcon_core.verb:set package 'realsense2_camera' build argument 'cmake_target' from command line to 'None'
[0.252s] Level 5:colcon.colcon_core.verb:set package 'realsense2_camera' build argument 'cmake_target_skip_unavailable' from command line to 'False'
[0.252s] Level 5:colcon.colcon_core.verb:set package 'realsense2_camera' build argument 'cmake_clean_cache' from command line to 'False'
[0.252s] Level 5:colcon.colcon_core.verb:set package 'realsense2_camera' build argument 'cmake_clean_first' from command line to 'False'
[0.252s] Level 5:colcon.colcon_core.verb:set package 'realsense2_camera' build argument 'cmake_force_configure' from command line to 'False'
[0.252s] Level 5:colcon.colcon_core.verb:set package 'realsense2_camera' build argument 'ament_cmake_args' from command line to 'None'
[0.252s] Level 5:colcon.colcon_core.verb:set package 'realsense2_camera' build argument 'catkin_cmake_args' from command line to 'None'
[0.252s] Level 5:colcon.colcon_core.verb:set package 'realsense2_camera' build argument 'catkin_skip_building_tests' from command line to 'False'
[0.252s] DEBUG:colcon.colcon_core.verb:Building package 'realsense2_camera' with the following arguments: {'ament_cmake_args': None, 'build_base': '/home/student/aruco_realsense/build/realsense2_camera', 'catkin_cmake_args': None, 'catkin_skip_building_tests': False, 'cmake_args': None, 'cmake_clean_cache': False, 'cmake_clean_first': False, 'cmake_force_configure': False, 'cmake_target': None, 'cmake_target_skip_unavailable': False, 'install_base': '/home/student/aruco_realsense/install/realsense2_camera', 'merge_install': False, 'path': '/home/student/aruco_realsense/src/realsense-ros/realsense2_camera', 'symlink_install': False, 'test_result_base': None}
[0.253s] Level 5:colcon.colcon_core.verb:set package 'realsense2_description' build argument 'cmake_args' from command line to 'None'
[0.253s] Level 5:colcon.colcon_core.verb:set package 'realsense2_description' build argument 'cmake_target' from command line to 'None'
[0.253s] Level 5:colcon.colcon_core.verb:set package 'realsense2_description' build argument 'cmake_target_skip_unavailable' from command line to 'False'
[0.253s] Level 5:colcon.colcon_core.verb:set package 'realsense2_description' build argument 'cmake_clean_cache' from command line to 'False'
[0.253s] Level 5:colcon.colcon_core.verb:set package 'realsense2_description' build argument 'cmake_clean_first' from command line to 'False'
[0.253s] Level 5:colcon.colcon_core.verb:set package 'realsense2_description' build argument 'cmake_force_configure' from command line to 'False'
[0.253s] Level 5:colcon.colcon_core.verb:set package 'realsense2_description' build argument 'ament_cmake_args' from command line to 'None'
[0.253s] Level 5:colcon.colcon_core.verb:set package 'realsense2_description' build argument 'catkin_cmake_args' from command line to 'None'
[0.253s] Level 5:colcon.colcon_core.verb:set package 'realsense2_description' build argument 'catkin_skip_building_tests' from command line to 'False'
[0.253s] DEBUG:colcon.colcon_core.verb:Building package 'realsense2_description' with the following arguments: {'ament_cmake_args': None, 'build_base': '/home/student/aruco_realsense/build/realsense2_description', 'catkin_cmake_args': None, 'catkin_skip_building_tests': False, 'cmake_args': None, 'cmake_clean_cache': False, 'cmake_clean_first': False, 'cmake_force_configure': False, 'cmake_target': None, 'cmake_target_skip_unavailable': False, 'install_base': '/home/student/aruco_realsense/install/realsense2_description', 'merge_install': False, 'path': '/home/student/aruco_realsense/src/realsense-ros/realsense2_description', 'symlink_install': False, 'test_result_base': None}
[0.254s] INFO:colcon.colcon_core.executor:Executing jobs using 'parallel' executor
[0.257s] DEBUG:colcon.colcon_parallel_executor.executor.parallel:run_until_complete
[0.257s] INFO:colcon.colcon_ros.task.ament_cmake.build:Building ROS package in '/home/student/aruco_realsense/src/realsense-ros/realsense2_camera_msgs' with build type 'ament_cmake'
[0.257s] INFO:colcon.colcon_cmake.task.cmake.build:Building CMake package in '/home/student/aruco_realsense/src/realsense-ros/realsense2_camera_msgs'
[0.261s] INFO:colcon.colcon_core.plugin_system:Skipping extension 'colcon_core.shell.bat': Not used on non-Windows systems
[0.261s] INFO:colcon.colcon_core.shell:Skip shell extension 'powershell' for command environment: Not usable outside of PowerShell
[0.261s] DEBUG:colcon.colcon_core.shell:Skip shell extension 'dsv' for command environment
[0.266s] INFO:colcon.colcon_ros.task.ament_python.build:Building ROS package in '/home/student/aruco_realsense/src/aruco_rs2' with build type 'ament_python'
[0.266s] Level 1:colcon.colcon_core.shell:create_environment_hook('aruco_rs2', 'ament_prefix_path')
[0.267s] INFO:colcon.colcon_core.shell:Creating environment hook '/home/student/aruco_realsense/install/aruco_rs2/share/aruco_rs2/hook/ament_prefix_path.ps1'
[0.268s] INFO:colcon.colcon_core.shell:Creating environment descriptor '/home/student/aruco_realsense/install/aruco_rs2/share/aruco_rs2/hook/ament_prefix_path.dsv'
[0.269s] INFO:colcon.colcon_core.shell:Creating environment hook '/home/student/aruco_realsense/install/aruco_rs2/share/aruco_rs2/hook/ament_prefix_path.sh'
[0.270s] INFO:colcon.colcon_core.shell:Skip shell extension 'powershell' for command environment: Not usable outside of PowerShell
[0.270s] DEBUG:colcon.colcon_core.shell:Skip shell extension 'dsv' for command environment
[0.335s] INFO:colcon.colcon_ros.task.ament_python.build:Building ROS package in '/home/student/aruco_realsense/src/ros2_aruco/ros2_aruco' with build type 'ament_python'
[0.336s] Level 1:colcon.colcon_core.shell:create_environment_hook('ros2_aruco', 'ament_prefix_path')
[0.339s] INFO:colcon.colcon_core.shell:Creating environment hook '/home/student/aruco_realsense/install/ros2_aruco/share/ros2_aruco/hook/ament_prefix_path.ps1'
[0.341s] INFO:colcon.colcon_core.shell:Creating environment descriptor '/home/student/aruco_realsense/install/ros2_aruco/share/ros2_aruco/hook/ament_prefix_path.dsv'
[0.341s] INFO:colcon.colcon_core.shell:Creating environment hook '/home/student/aruco_realsense/install/ros2_aruco/share/ros2_aruco/hook/ament_prefix_path.sh'
[0.345s] INFO:colcon.colcon_core.shell:Skip shell extension 'powershell' for command environment: Not usable outside of PowerShell
[0.345s] DEBUG:colcon.colcon_core.shell:Skip shell extension 'dsv' for command environment
[0.356s] INFO:colcon.colcon_ros.task.ament_cmake.build:Building ROS package in '/home/student/aruco_realsense/src/ros2_aruco/ros2_aruco_interfaces' with build type 'ament_cmake'
[0.356s] INFO:colcon.colcon_cmake.task.cmake.build:Building CMake package in '/home/student/aruco_realsense/src/ros2_aruco/ros2_aruco_interfaces'
[0.360s] INFO:colcon.colcon_core.shell:Skip shell extension 'powershell' for command environment: Not usable outside of PowerShell
[0.360s] DEBUG:colcon.colcon_core.shell:Skip shell extension 'dsv' for command environment
[0.381s] DEBUG:colcon.colcon_core.event_handler.log_command:Invoking command in '/home/student/aruco_realsense/build/realsense2_camera_msgs': CMAKE_PREFIX_PATH=${CMAKE_PREFIX_PATH}:/home/student/aruco_realsense/install/aruco_rs2:/home/student/aruco_realsense/install/ros2_aruco:/opt/ros/galactic /usr/bin/cmake /home/student/aruco_realsense/src/realsense-ros/realsense2_camera_msgs -DCMAKE_INSTALL_PREFIX=/home/student/aruco_realsense/install/realsense2_camera_msgs
[0.573s] INFO:colcon.colcon_core.task.python.build:Building Python package in '/home/student/aruco_realsense/src/aruco_rs2'
[0.575s] INFO:colcon.colcon_core.shell:Skip shell extension 'powershell' for command environment: Not usable outside of PowerShell
[0.575s] DEBUG:colcon.colcon_core.shell:Skip shell extension 'dsv' for command environment
[0.788s] INFO:colcon.colcon_core.task.python.build:Building Python package in '/home/student/aruco_realsense/src/ros2_aruco/ros2_aruco'
[0.790s] INFO:colcon.colcon_core.shell:Skip shell extension 'powershell' for command environment: Not usable outside of PowerShell
[0.790s] DEBUG:colcon.colcon_core.shell:Skip shell extension 'dsv' for command environment
[0.811s] DEBUG:colcon.colcon_core.event_handler.log_command:Invoking command in '/home/student/aruco_realsense/build/ros2_aruco_interfaces': CMAKE_PREFIX_PATH=${CMAKE_PREFIX_PATH}:/home/student/aruco_realsense/install/aruco_rs2:/home/student/aruco_realsense/install/ros2_aruco:/opt/ros/galactic /usr/bin/cmake /home/student/aruco_realsense/src/ros2_aruco/ros2_aruco_interfaces -DCMAKE_INSTALL_PREFIX=/home/student/aruco_realsense/install/ros2_aruco_interfaces
[1.229s] DEBUG:colcon.colcon_core.event_handler.log_command:Invoking command in '/home/student/aruco_realsense/src/aruco_rs2': PYTHONPATH=/home/student/aruco_realsense/install/aruco_rs2/lib/python3.8/site-packages:${PYTHONPATH} /usr/bin/python3 setup.py egg_info --egg-base ../../build/aruco_rs2 build --build-base /home/student/aruco_realsense/build/aruco_rs2/build install --prefix /home/student/aruco_realsense/install/aruco_rs2 --record /home/student/aruco_realsense/build/aruco_rs2/install.log --single-version-externally-managed
[1.235s] DEBUG:colcon.colcon_core.event_handler.log_command:Invoking command in '/home/student/aruco_realsense/src/ros2_aruco/ros2_aruco': PYTHONPATH=/home/student/aruco_realsense/install/ros2_aruco/lib/python3.8/site-packages:${PYTHONPATH} /usr/bin/python3 setup.py egg_info --egg-base ../../../build/ros2_aruco build --build-base /home/student/aruco_realsense/build/ros2_aruco/build install --prefix /home/student/aruco_realsense/install/ros2_aruco --record /home/student/aruco_realsense/build/ros2_aruco/install.log --single-version-externally-managed
[1.515s] DEBUG:colcon.colcon_core.event_handler.log_command:Invoked command in '/home/student/aruco_realsense/src/aruco_rs2' returned '0': PYTHONPATH=/home/student/aruco_realsense/install/aruco_rs2/lib/python3.8/site-packages:${PYTHONPATH} /usr/bin/python3 setup.py egg_info --egg-base ../../build/aruco_rs2 build --build-base /home/student/aruco_realsense/build/aruco_rs2/build install --prefix /home/student/aruco_realsense/install/aruco_rs2 --record /home/student/aruco_realsense/build/aruco_rs2/install.log --single-version-externally-managed
[1.523s] Level 1:colcon.colcon_core.environment:checking '/home/student/aruco_realsense/install/aruco_rs2' for CMake module files
[1.524s] Level 1:colcon.colcon_core.environment:checking '/home/student/aruco_realsense/install/aruco_rs2' for CMake config files
[1.525s] Level 1:colcon.colcon_core.environment:checking '/home/student/aruco_realsense/install/aruco_rs2/lib'
[1.525s] Level 1:colcon.colcon_core.environment:checking '/home/student/aruco_realsense/install/aruco_rs2/bin'
[1.525s] Level 1:colcon.colcon_core.environment:checking '/home/student/aruco_realsense/install/aruco_rs2/lib/pkgconfig/aruco_rs2.pc'
[1.525s] Level 1:colcon.colcon_core.environment:checking '/home/student/aruco_realsense/install/aruco_rs2/lib/python3.8/site-packages'
[1.525s] Level 1:colcon.colcon_core.shell:create_environment_hook('aruco_rs2', 'pythonpath')
[1.528s] INFO:colcon.colcon_core.shell:Creating environment hook '/home/student/aruco_realsense/install/aruco_rs2/share/aruco_rs2/hook/pythonpath.ps1'
[1.529s] INFO:colcon.colcon_core.shell:Creating environment descriptor '/home/student/aruco_realsense/install/aruco_rs2/share/aruco_rs2/hook/pythonpath.dsv'
[1.529s] INFO:colcon.colcon_core.shell:Creating environment hook '/home/student/aruco_realsense/install/aruco_rs2/share/aruco_rs2/hook/pythonpath.sh'
[1.530s] Level 1:colcon.colcon_core.environment:checking '/home/student/aruco_realsense/install/aruco_rs2/bin'
[1.530s] Level 1:colcon.colcon_core.environment:create_environment_scripts_only(aruco_rs2)
[1.532s] INFO:colcon.colcon_core.shell:Creating package script '/home/student/aruco_realsense/install/aruco_rs2/share/aruco_rs2/package.ps1'
[1.533s] INFO:colcon.colcon_core.shell:Creating package descriptor '/home/student/aruco_realsense/install/aruco_rs2/share/aruco_rs2/package.dsv'
[1.534s] INFO:colcon.colcon_core.shell:Creating package script '/home/student/aruco_realsense/install/aruco_rs2/share/aruco_rs2/package.sh'
[1.535s] INFO:colcon.colcon_core.shell:Creating package script '/home/student/aruco_realsense/install/aruco_rs2/share/aruco_rs2/package.bash'
[1.536s] INFO:colcon.colcon_core.shell:Creating package script '/home/student/aruco_realsense/install/aruco_rs2/share/aruco_rs2/package.zsh'
[1.537s] Level 1:colcon.colcon_core.environment:create_file_with_runtime_dependencies(/home/student/aruco_realsense/install/aruco_rs2/share/colcon-core/packages/aruco_rs2)
[1.564s] Level 1:colcon.colcon_core.environment:checking '/home/student/aruco_realsense/install/ros2_aruco' for CMake module files
[1.565s] DEBUG:colcon.colcon_core.event_handler.log_command:Invoked command in '/home/student/aruco_realsense/src/ros2_aruco/ros2_aruco' returned '0': PYTHONPATH=/home/student/aruco_realsense/install/ros2_aruco/lib/python3.8/site-packages:${PYTHONPATH} /usr/bin/python3 setup.py egg_info --egg-base ../../../build/ros2_aruco build --build-base /home/student/aruco_realsense/build/ros2_aruco/build install --prefix /home/student/aruco_realsense/install/ros2_aruco --record /home/student/aruco_realsense/build/ros2_aruco/install.log --single-version-externally-managed
[1.565s] Level 1:colcon.colcon_core.environment:checking '/home/student/aruco_realsense/install/ros2_aruco' for CMake config files
[1.566s] Level 1:colcon.colcon_core.environment:checking '/home/student/aruco_realsense/install/ros2_aruco/lib'
[1.566s] Level 1:colcon.colcon_core.environment:checking '/home/student/aruco_realsense/install/ros2_aruco/bin'
[1.566s] Level 1:colcon.colcon_core.environment:checking '/home/student/aruco_realsense/install/ros2_aruco/lib/pkgconfig/ros2_aruco.pc'
[1.566s] Level 1:colcon.colcon_core.environment:checking '/home/student/aruco_realsense/install/ros2_aruco/lib/python3.8/site-packages'
[1.566s] Level 1:colcon.colcon_core.shell:create_environment_hook('ros2_aruco', 'pythonpath')
[1.569s] INFO:colcon.colcon_core.shell:Creating environment hook '/home/student/aruco_realsense/install/ros2_aruco/share/ros2_aruco/hook/pythonpath.ps1'
[1.569s] INFO:colcon.colcon_core.shell:Creating environment descriptor '/home/student/aruco_realsense/install/ros2_aruco/share/ros2_aruco/hook/pythonpath.dsv'
[1.570s] INFO:colcon.colcon_core.shell:Creating environment hook '/home/student/aruco_realsense/install/ros2_aruco/share/ros2_aruco/hook/pythonpath.sh'
[1.570s] Level 1:colcon.colcon_core.environment:checking '/home/student/aruco_realsense/install/ros2_aruco/bin'
[1.570s] Level 1:colcon.colcon_core.environment:create_environment_scripts_only(ros2_aruco)
[1.573s] INFO:colcon.colcon_core.shell:Creating package script '/home/student/aruco_realsense/install/ros2_aruco/share/ros2_aruco/package.ps1'
[1.574s] INFO:colcon.colcon_core.shell:Creating package descriptor '/home/student/aruco_realsense/install/ros2_aruco/share/ros2_aruco/package.dsv'
[1.574s] INFO:colcon.colcon_core.shell:Creating package script '/home/student/aruco_realsense/install/ros2_aruco/share/ros2_aruco/package.sh'
[1.575s] INFO:colcon.colcon_core.shell:Creating package script '/home/student/aruco_realsense/install/ros2_aruco/share/ros2_aruco/package.bash'
[1.575s] INFO:colcon.colcon_core.shell:Creating package script '/home/student/aruco_realsense/install/ros2_aruco/share/ros2_aruco/package.zsh'
[1.575s] Level 1:colcon.colcon_core.environment:create_file_with_runtime_dependencies(/home/student/aruco_realsense/install/ros2_aruco/share/colcon-core/packages/ros2_aruco)
[1.852s] DEBUG:colcon.colcon_core.event_handler.log_command:Invoked command in '/home/student/aruco_realsense/build/realsense2_camera_msgs' returned '0': CMAKE_PREFIX_PATH=${CMAKE_PREFIX_PATH}:/home/student/aruco_realsense/install/aruco_rs2:/home/student/aruco_realsense/install/ros2_aruco:/opt/ros/galactic /usr/bin/cmake /home/student/aruco_realsense/src/realsense-ros/realsense2_camera_msgs -DCMAKE_INSTALL_PREFIX=/home/student/aruco_realsense/install/realsense2_camera_msgs
[1.854s] DEBUG:colcon.colcon_core.event_handler.log_command:Invoking command in '/home/student/aruco_realsense/build/realsense2_camera_msgs': CMAKE_PREFIX_PATH=${CMAKE_PREFIX_PATH}:/home/student/aruco_realsense/install/aruco_rs2:/home/student/aruco_realsense/install/ros2_aruco:/opt/ros/galactic /usr/bin/cmake --build /home/student/aruco_realsense/build/realsense2_camera_msgs -- -j12 -l12
[2.581s] DEBUG:colcon.colcon_core.event_handler.log_command:Invoked command in '/home/student/aruco_realsense/build/ros2_aruco_interfaces' returned '0': CMAKE_PREFIX_PATH=${CMAKE_PREFIX_PATH}:/home/student/aruco_realsense/install/aruco_rs2:/home/student/aruco_realsense/install/ros2_aruco:/opt/ros/galactic /usr/bin/cmake /home/student/aruco_realsense/src/ros2_aruco/ros2_aruco_interfaces -DCMAKE_INSTALL_PREFIX=/home/student/aruco_realsense/install/ros2_aruco_interfaces
[2.585s] DEBUG:colcon.colcon_core.event_handler.log_command:Invoking command in '/home/student/aruco_realsense/build/ros2_aruco_interfaces': CMAKE_PREFIX_PATH=${CMAKE_PREFIX_PATH}:/home/student/aruco_realsense/install/aruco_rs2:/home/student/aruco_realsense/install/ros2_aruco:/opt/ros/galactic /usr/bin/cmake --build /home/student/aruco_realsense/build/ros2_aruco_interfaces -- -j12 -l12
[6.622s] DEBUG:colcon.colcon_core.event_handler.log_command:Invoked command in '/home/student/aruco_realsense/build/ros2_aruco_interfaces' returned '0': CMAKE_PREFIX_PATH=${CMAKE_PREFIX_PATH}:/home/student/aruco_realsense/install/aruco_rs2:/home/student/aruco_realsense/install/ros2_aruco:/opt/ros/galactic /usr/bin/cmake --build /home/student/aruco_realsense/build/ros2_aruco_interfaces -- -j12 -l12
[6.682s] DEBUG:colcon.colcon_core.event_handler.log_command:Invoking command in '/home/student/aruco_realsense/build/ros2_aruco_interfaces': CMAKE_PREFIX_PATH=${CMAKE_PREFIX_PATH}:/home/student/aruco_realsense/install/aruco_rs2:/home/student/aruco_realsense/install/ros2_aruco:/opt/ros/galactic /usr/bin/cmake --install /home/student/aruco_realsense/build/ros2_aruco_interfaces
[6.746s] Level 1:colcon.colcon_core.environment:create_environment_scripts_only(ros2_aruco_interfaces)
[6.746s] DEBUG:colcon.colcon_core.event_handler.log_command:Invoked command in '/home/student/aruco_realsense/build/ros2_aruco_interfaces' returned '0': CMAKE_PREFIX_PATH=${CMAKE_PREFIX_PATH}:/home/student/aruco_realsense/install/aruco_rs2:/home/student/aruco_realsense/install/ros2_aruco:/opt/ros/galactic /usr/bin/cmake --install /home/student/aruco_realsense/build/ros2_aruco_interfaces
[6.748s] Level 1:colcon.colcon_core.environment:checking '/home/student/aruco_realsense/install/ros2_aruco_interfaces' for CMake module files
[6.749s] Level 1:colcon.colcon_core.environment:checking '/home/student/aruco_realsense/install/ros2_aruco_interfaces' for CMake config files
[6.749s] Level 1:colcon.colcon_core.shell:create_environment_hook('ros2_aruco_interfaces', 'cmake_prefix_path')
[6.750s] INFO:colcon.colcon_core.shell:Creating environment hook '/home/student/aruco_realsense/install/ros2_aruco_interfaces/share/ros2_aruco_interfaces/hook/cmake_prefix_path.ps1'
[6.751s] INFO:colcon.colcon_core.shell:Creating environment descriptor '/home/student/aruco_realsense/install/ros2_aruco_interfaces/share/ros2_aruco_interfaces/hook/cmake_prefix_path.dsv'
[6.751s] INFO:colcon.colcon_core.shell:Creating environment hook '/home/student/aruco_realsense/install/ros2_aruco_interfaces/share/ros2_aruco_interfaces/hook/cmake_prefix_path.sh'
[6.752s] Level 1:colcon.colcon_core.environment:checking '/home/student/aruco_realsense/install/ros2_aruco_interfaces/lib'
[6.752s] Level 1:colcon.colcon_core.shell:create_environment_hook('ros2_aruco_interfaces', 'ld_library_path_lib')
[6.753s] INFO:colcon.colcon_core.shell:Creating environment hook '/home/student/aruco_realsense/install/ros2_aruco_interfaces/share/ros2_aruco_interfaces/hook/ld_library_path_lib.ps1'
[6.753s] INFO:colcon.colcon_core.shell:Creating environment descriptor '/home/student/aruco_realsense/install/ros2_aruco_interfaces/share/ros2_aruco_interfaces/hook/ld_library_path_lib.dsv'
[6.754s] INFO:colcon.colcon_core.shell:Creating environment hook '/home/student/aruco_realsense/install/ros2_aruco_interfaces/share/ros2_aruco_interfaces/hook/ld_library_path_lib.sh'
[6.754s] Level 1:colcon.colcon_core.environment:checking '/home/student/aruco_realsense/install/ros2_aruco_interfaces/bin'
[6.754s] Level 1:colcon.colcon_core.environment:checking '/home/student/aruco_realsense/install/ros2_aruco_interfaces/lib/pkgconfig/ros2_aruco_interfaces.pc'
[6.754s] Level 1:colcon.colcon_core.environment:checking '/home/student/aruco_realsense/install/ros2_aruco_interfaces/lib/python3.8/site-packages'
[6.754s] Level 1:colcon.colcon_core.shell:create_environment_hook('ros2_aruco_interfaces', 'pythonpath')
[6.755s] INFO:colcon.colcon_core.shell:Creating environment hook '/home/student/aruco_realsense/install/ros2_aruco_interfaces/share/ros2_aruco_interfaces/hook/pythonpath.ps1'
[6.756s] INFO:colcon.colcon_core.shell:Creating environment descriptor '/home/student/aruco_realsense/install/ros2_aruco_interfaces/share/ros2_aruco_interfaces/hook/pythonpath.dsv'
[6.756s] INFO:colcon.colcon_core.shell:Creating environment hook '/home/student/aruco_realsense/install/ros2_aruco_interfaces/share/ros2_aruco_interfaces/hook/pythonpath.sh'
[6.756s] Level 1:colcon.colcon_core.environment:checking '/home/student/aruco_realsense/install/ros2_aruco_interfaces/bin'
[6.758s] INFO:colcon.colcon_core.shell:Creating package script '/home/student/aruco_realsense/install/ros2_aruco_interfaces/share/ros2_aruco_interfaces/package.ps1'
[6.758s] INFO:colcon.colcon_core.shell:Creating package descriptor '/home/student/aruco_realsense/install/ros2_aruco_interfaces/share/ros2_aruco_interfaces/package.dsv'
[6.758s] INFO:colcon.colcon_core.shell:Creating package script '/home/student/aruco_realsense/install/ros2_aruco_interfaces/share/ros2_aruco_interfaces/package.sh'
[6.759s] INFO:colcon.colcon_core.shell:Creating package script '/home/student/aruco_realsense/install/ros2_aruco_interfaces/share/ros2_aruco_interfaces/package.bash'
[6.759s] INFO:colcon.colcon_core.shell:Creating package script '/home/student/aruco_realsense/install/ros2_aruco_interfaces/share/ros2_aruco_interfaces/package.zsh'
[6.759s] Level 1:colcon.colcon_core.environment:create_file_with_runtime_dependencies(/home/student/aruco_realsense/install/ros2_aruco_interfaces/share/colcon-core/packages/ros2_aruco_interfaces)
[6.773s] DEBUG:colcon.colcon_core.event_handler.log_command:Invoked command in '/home/student/aruco_realsense/build/realsense2_camera_msgs' returned '0': CMAKE_PREFIX_PATH=${CMAKE_PREFIX_PATH}:/home/student/aruco_realsense/install/aruco_rs2:/home/student/aruco_realsense/install/ros2_aruco:/opt/ros/galactic /usr/bin/cmake --build /home/student/aruco_realsense/build/realsense2_camera_msgs -- -j12 -l12
[6.806s] Level 1:colcon.colcon_core.environment:create_environment_scripts_only(ros2_aruco_interfaces)
[6.807s] Level 1:colcon.colcon_core.environment:checking '/home/student/aruco_realsense/install/ros2_aruco_interfaces' for CMake module files
[6.808s] Level 1:colcon.colcon_core.environment:checking '/home/student/aruco_realsense/install/ros2_aruco_interfaces' for CMake config files
[6.808s] Level 1:colcon.colcon_core.shell:create_environment_hook('ros2_aruco_interfaces', 'cmake_prefix_path')
[6.809s] INFO:colcon.colcon_core.shell:Creating environment hook '/home/student/aruco_realsense/install/ros2_aruco_interfaces/share/ros2_aruco_interfaces/hook/cmake_prefix_path.ps1'
[6.810s] INFO:colcon.colcon_core.shell:Creating environment descriptor '/home/student/aruco_realsense/install/ros2_aruco_interfaces/share/ros2_aruco_interfaces/hook/cmake_prefix_path.dsv'
[6.810s] INFO:colcon.colcon_core.shell:Creating environment hook '/home/student/aruco_realsense/install/ros2_aruco_interfaces/share/ros2_aruco_interfaces/hook/cmake_prefix_path.sh'
[6.810s] Level 1:colcon.colcon_core.environment:checking '/home/student/aruco_realsense/install/ros2_aruco_interfaces/lib'
[6.811s] Level 1:colcon.colcon_core.shell:create_environment_hook('ros2_aruco_interfaces', 'ld_library_path_lib')
[6.812s] INFO:colcon.colcon_core.shell:Creating environment hook '/home/student/aruco_realsense/install/ros2_aruco_interfaces/share/ros2_aruco_interfaces/hook/ld_library_path_lib.ps1'
[6.812s] INFO:colcon.colcon_core.shell:Creating environment descriptor '/home/student/aruco_realsense/install/ros2_aruco_interfaces/share/ros2_aruco_interfaces/hook/ld_library_path_lib.dsv'
[6.812s] INFO:colcon.colcon_core.shell:Creating environment hook '/home/student/aruco_realsense/install/ros2_aruco_interfaces/share/ros2_aruco_interfaces/hook/ld_library_path_lib.sh'
[6.813s] Level 1:colcon.colcon_core.environment:checking '/home/student/aruco_realsense/install/ros2_aruco_interfaces/bin'
[6.813s] Level 1:colcon.colcon_core.environment:checking '/home/student/aruco_realsense/install/ros2_aruco_interfaces/lib/pkgconfig/ros2_aruco_interfaces.pc'
[6.813s] Level 1:colcon.colcon_core.environment:checking '/home/student/aruco_realsense/install/ros2_aruco_interfaces/lib/python3.8/site-packages'
[6.814s] Level 1:colcon.colcon_core.shell:create_environment_hook('ros2_aruco_interfaces', 'pythonpath')
[6.816s] INFO:colcon.colcon_core.shell:Creating environment hook '/home/student/aruco_realsense/install/ros2_aruco_interfaces/share/ros2_aruco_interfaces/hook/pythonpath.ps1'
[6.816s] INFO:colcon.colcon_core.shell:Creating environment descriptor '/home/student/aruco_realsense/install/ros2_aruco_interfaces/share/ros2_aruco_interfaces/hook/pythonpath.dsv'
[6.817s] INFO:colcon.colcon_core.shell:Creating environment hook '/home/student/aruco_realsense/install/ros2_aruco_interfaces/share/ros2_aruco_interfaces/hook/pythonpath.sh'
[6.817s] Level 1:colcon.colcon_core.environment:checking '/home/student/aruco_realsense/install/ros2_aruco_interfaces/bin'
[6.818s] INFO:colcon.colcon_core.shell:Creating package script '/home/student/aruco_realsense/install/ros2_aruco_interfaces/share/ros2_aruco_interfaces/package.ps1'
[6.819s] INFO:colcon.colcon_core.shell:Creating package descriptor '/home/student/aruco_realsense/install/ros2_aruco_interfaces/share/ros2_aruco_interfaces/package.dsv'
[6.819s] INFO:colcon.colcon_core.shell:Creating package script '/home/student/aruco_realsense/install/ros2_aruco_interfaces/share/ros2_aruco_interfaces/package.sh'
[6.820s] INFO:colcon.colcon_core.shell:Creating package script '/home/student/aruco_realsense/install/ros2_aruco_interfaces/share/ros2_aruco_interfaces/package.bash'
[6.820s] INFO:colcon.colcon_core.shell:Creating package script '/home/student/aruco_realsense/install/ros2_aruco_interfaces/share/ros2_aruco_interfaces/package.zsh'
[6.820s] Level 1:colcon.colcon_core.environment:create_file_with_runtime_dependencies(/home/student/aruco_realsense/install/ros2_aruco_interfaces/share/colcon-core/packages/ros2_aruco_interfaces)
[6.858s] DEBUG:colcon.colcon_core.event_handler.log_command:Invoking command in '/home/student/aruco_realsense/build/realsense2_camera_msgs': CMAKE_PREFIX_PATH=${CMAKE_PREFIX_PATH}:/home/student/aruco_realsense/install/aruco_rs2:/home/student/aruco_realsense/install/ros2_aruco:/opt/ros/galactic /usr/bin/cmake --install /home/student/aruco_realsense/build/realsense2_camera_msgs
[6.918s] Level 1:colcon.colcon_core.environment:create_environment_scripts_only(realsense2_camera_msgs)
[6.921s] Level 1:colcon.colcon_core.environment:checking '/home/student/aruco_realsense/install/realsense2_camera_msgs' for CMake module files
[6.921s] DEBUG:colcon.colcon_core.event_handler.log_command:Invoked command in '/home/student/aruco_realsense/build/realsense2_camera_msgs' returned '0': CMAKE_PREFIX_PATH=${CMAKE_PREFIX_PATH}:/home/student/aruco_realsense/install/aruco_rs2:/home/student/aruco_realsense/install/ros2_aruco:/opt/ros/galactic /usr/bin/cmake --install /home/student/aruco_realsense/build/realsense2_camera_msgs
[6.921s] Level 1:colcon.colcon_core.environment:checking '/home/student/aruco_realsense/install/realsense2_camera_msgs' for CMake config files
[6.922s] Level 1:colcon.colcon_core.shell:create_environment_hook('realsense2_camera_msgs', 'cmake_prefix_path')
[6.923s] INFO:colcon.colcon_core.shell:Creating environment hook '/home/student/aruco_realsense/install/realsense2_camera_msgs/share/realsense2_camera_msgs/hook/cmake_prefix_path.ps1'
[6.923s] INFO:colcon.colcon_core.shell:Creating environment descriptor '/home/student/aruco_realsense/install/realsense2_camera_msgs/share/realsense2_camera_msgs/hook/cmake_prefix_path.dsv'
[6.924s] INFO:colcon.colcon_core.shell:Creating environment hook '/home/student/aruco_realsense/install/realsense2_camera_msgs/share/realsense2_camera_msgs/hook/cmake_prefix_path.sh'
[6.924s] Level 1:colcon.colcon_core.environment:checking '/home/student/aruco_realsense/install/realsense2_camera_msgs/lib'
[6.924s] Level 1:colcon.colcon_core.shell:create_environment_hook('realsense2_camera_msgs', 'ld_library_path_lib')
[6.926s] INFO:colcon.colcon_core.shell:Creating environment hook '/home/student/aruco_realsense/install/realsense2_camera_msgs/share/realsense2_camera_msgs/hook/ld_library_path_lib.ps1'
[6.926s] INFO:colcon.colcon_core.shell:Creating environment descriptor '/home/student/aruco_realsense/install/realsense2_camera_msgs/share/realsense2_camera_msgs/hook/ld_library_path_lib.dsv'
[6.926s] INFO:colcon.colcon_core.shell:Creating environment hook '/home/student/aruco_realsense/install/realsense2_camera_msgs/share/realsense2_camera_msgs/hook/ld_library_path_lib.sh'
[6.926s] Level 1:colcon.colcon_core.environment:checking '/home/student/aruco_realsense/install/realsense2_camera_msgs/bin'
[6.926s] Level 1:colcon.colcon_core.environment:checking '/home/student/aruco_realsense/install/realsense2_camera_msgs/lib/pkgconfig/realsense2_camera_msgs.pc'
[6.927s] Level 1:colcon.colcon_core.environment:checking '/home/student/aruco_realsense/install/realsense2_camera_msgs/lib/python3.8/site-packages'
[6.927s] Level 1:colcon.colcon_core.shell:create_environment_hook('realsense2_camera_msgs', 'pythonpath')
[6.928s] INFO:colcon.colcon_core.shell:Creating environment hook '/home/student/aruco_realsense/install/realsense2_camera_msgs/share/realsense2_camera_msgs/hook/pythonpath.ps1'
[6.928s] INFO:colcon.colcon_core.shell:Creating environment descriptor '/home/student/aruco_realsense/install/realsense2_camera_msgs/share/realsense2_camera_msgs/hook/pythonpath.dsv'
[6.929s] INFO:colcon.colcon_core.shell:Creating environment hook '/home/student/aruco_realsense/install/realsense2_camera_msgs/share/realsense2_camera_msgs/hook/pythonpath.sh'
[6.929s] Level 1:colcon.colcon_core.environment:checking '/home/student/aruco_realsense/install/realsense2_camera_msgs/bin'
[6.931s] INFO:colcon.colcon_core.shell:Creating package script '/home/student/aruco_realsense/install/realsense2_camera_msgs/share/realsense2_camera_msgs/package.ps1'
[6.931s] INFO:colcon.colcon_core.shell:Creating package descriptor '/home/student/aruco_realsense/install/realsense2_camera_msgs/share/realsense2_camera_msgs/package.dsv'
[6.931s] INFO:colcon.colcon_core.shell:Creating package script '/home/student/aruco_realsense/install/realsense2_camera_msgs/share/realsense2_camera_msgs/package.sh'
[6.932s] INFO:colcon.colcon_core.shell:Creating package script '/home/student/aruco_realsense/install/realsense2_camera_msgs/share/realsense2_camera_msgs/package.bash'
[6.932s] INFO:colcon.colcon_core.shell:Creating package script '/home/student/aruco_realsense/install/realsense2_camera_msgs/share/realsense2_camera_msgs/package.zsh'
[6.932s] Level 1:colcon.colcon_core.environment:create_file_with_runtime_dependencies(/home/student/aruco_realsense/install/realsense2_camera_msgs/share/colcon-core/packages/realsense2_camera_msgs)
[7.029s] Level 1:colcon.colcon_core.environment:create_environment_scripts_only(realsense2_camera_msgs)
[7.032s] Level 1:colcon.colcon_core.environment:checking '/home/student/aruco_realsense/install/realsense2_camera_msgs' for CMake module files
[7.033s] Level 1:colcon.colcon_core.environment:checking '/home/student/aruco_realsense/install/realsense2_camera_msgs' for CMake config files
[7.033s] Level 1:colcon.colcon_core.shell:create_environment_hook('realsense2_camera_msgs', 'cmake_prefix_path')
[7.034s] INFO:colcon.colcon_core.shell:Creating environment hook '/home/student/aruco_realsense/install/realsense2_camera_msgs/share/realsense2_camera_msgs/hook/cmake_prefix_path.ps1'
[7.035s] INFO:colcon.colcon_core.shell:Creating environment descriptor '/home/student/aruco_realsense/install/realsense2_camera_msgs/share/realsense2_camera_msgs/hook/cmake_prefix_path.dsv'
[7.035s] INFO:colcon.colcon_core.shell:Creating environment hook '/home/student/aruco_realsense/install/realsense2_camera_msgs/share/realsense2_camera_msgs/hook/cmake_prefix_path.sh'
[7.036s] Level 1:colcon.colcon_core.environment:checking '/home/student/aruco_realsense/install/realsense2_camera_msgs/lib'
[7.036s] Level 1:colcon.colcon_core.shell:create_environment_hook('realsense2_camera_msgs', 'ld_library_path_lib')
[7.037s] INFO:colcon.colcon_core.shell:Creating environment hook '/home/student/aruco_realsense/install/realsense2_camera_msgs/share/realsense2_camera_msgs/hook/ld_library_path_lib.ps1'
[7.037s] INFO:colcon.colcon_core.shell:Creating environment descriptor '/home/student/aruco_realsense/install/realsense2_camera_msgs/share/realsense2_camera_msgs/hook/ld_library_path_lib.dsv'
[7.038s] INFO:colcon.colcon_core.shell:Creating environment hook '/home/student/aruco_realsense/install/realsense2_camera_msgs/share/realsense2_camera_msgs/hook/ld_library_path_lib.sh'
[7.038s] Level 1:colcon.colcon_core.environment:checking '/home/student/aruco_realsense/install/realsense2_camera_msgs/bin'
[7.038s] Level 1:colcon.colcon_core.environment:checking '/home/student/aruco_realsense/install/realsense2_camera_msgs/lib/pkgconfig/realsense2_camera_msgs.pc'
[7.038s] Level 1:colcon.colcon_core.environment:checking '/home/student/aruco_realsense/install/realsense2_camera_msgs/lib/python3.8/site-packages'
[7.038s] Level 1:colcon.colcon_core.shell:create_environment_hook('realsense2_camera_msgs', 'pythonpath')
[7.040s] INFO:colcon.colcon_core.shell:Creating environment hook '/home/student/aruco_realsense/install/realsense2_camera_msgs/share/realsense2_camera_msgs/hook/pythonpath.ps1'
[7.040s] INFO:colcon.colcon_core.shell:Creating environment descriptor '/home/student/aruco_realsense/install/realsense2_camera_msgs/share/realsense2_camera_msgs/hook/pythonpath.dsv'
[7.041s] INFO:colcon.colcon_core.shell:Creating environment hook '/home/student/aruco_realsense/install/realsense2_camera_msgs/share/realsense2_camera_msgs/hook/pythonpath.sh'
[7.041s] Level 1:colcon.colcon_core.environment:checking '/home/student/aruco_realsense/install/realsense2_camera_msgs/bin'
[7.043s] INFO:colcon.colcon_core.shell:Creating package script '/home/student/aruco_realsense/install/realsense2_camera_msgs/share/realsense2_camera_msgs/package.ps1'
[7.043s] INFO:colcon.colcon_core.shell:Creating package descriptor '/home/student/aruco_realsense/install/realsense2_camera_msgs/share/realsense2_camera_msgs/package.dsv'
[7.044s] INFO:colcon.colcon_core.shell:Creating package script '/home/student/aruco_realsense/install/realsense2_camera_msgs/share/realsense2_camera_msgs/package.sh'
[7.044s] INFO:colcon.colcon_core.shell:Creating package script '/home/student/aruco_realsense/install/realsense2_camera_msgs/share/realsense2_camera_msgs/package.bash'
[7.045s] INFO:colcon.colcon_core.shell:Creating package script '/home/student/aruco_realsense/install/realsense2_camera_msgs/share/realsense2_camera_msgs/package.zsh'
[7.045s] Level 1:colcon.colcon_core.environment:create_file_with_runtime_dependencies(/home/student/aruco_realsense/install/realsense2_camera_msgs/share/colcon-core/packages/realsense2_camera_msgs)
[7.045s] INFO:colcon.colcon_ros.task.ament_cmake.build:Building ROS package in '/home/student/aruco_realsense/src/realsense-ros/realsense2_camera' with build type 'ament_cmake'
[7.046s] INFO:colcon.colcon_cmake.task.cmake.build:Building CMake package in '/home/student/aruco_realsense/src/realsense-ros/realsense2_camera'
[7.047s] INFO:colcon.colcon_core.shell:Skip shell extension 'powershell' for command environment: Not usable outside of PowerShell
[7.047s] DEBUG:colcon.colcon_core.shell:Skip shell extension 'dsv' for command environment
[7.054s] INFO:colcon.colcon_ros.task.ament_cmake.build:Building ROS package in '/home/student/aruco_realsense/src/realsense-ros/realsense2_description' with build type 'ament_cmake'
[7.054s] INFO:colcon.colcon_cmake.task.cmake.build:Building CMake package in '/home/student/aruco_realsense/src/realsense-ros/realsense2_description'
[7.055s] INFO:colcon.colcon_core.shell:Skip shell extension 'powershell' for command environment: Not usable outside of PowerShell
[7.055s] DEBUG:colcon.colcon_core.shell:Skip shell extension 'dsv' for command environment
[7.066s] DEBUG:colcon.colcon_core.event_handler.log_command:Invoking command in '/home/student/aruco_realsense/build/realsense2_camera': CMAKE_PREFIX_PATH=/home/student/aruco_realsense/install/realsense2_camera_msgs:/home/student/aruco_realsense/install/aruco_rs:/home/student/aruco_realsense/install/ros2_aruco_interfaces:/home/student/aruco_realsense/install/realsense2_description:/home/student/aruco_realsense/install/realsense2_camera:/home/student/aruco_realsense/install/aruco_rs2:/home/student/aruco_realsense/install/ros2_aruco:/opt/ros/galactic LD_LIBRARY_PATH=/home/student/aruco_realsense/install/realsense2_camera_msgs/lib:/home/student/aruco_realsense/install/ros2_aruco_interfaces/lib:/home/student/aruco_realsense/install/realsense2_camera/lib:/opt/ros/galactic/opt/yaml_cpp_vendor/lib:/opt/ros/galactic/opt/rviz_ogre_vendor/lib:/opt/ros/galactic/lib/x86_64-linux-gnu:/opt/ros/galactic/lib:/usr/local/cuda-11.1/lib64: PYTHONPATH=/home/student/aruco_realsense/install/realsense2_camera_msgs/lib/python3.8/site-packages:/home/student/aruco_realsense/install/aruco_rs2/lib/python3.8/site-packages:/home/student/aruco_realsense/install/ros2_aruco_interfaces/lib/python3.8/site-packages:/home/student/aruco_realsense/install/ros2_aruco/lib/python3.8/site-packages:/opt/ros/galactic/lib/python3.8/site-packages /usr/bin/cmake /home/student/aruco_realsense/src/realsense-ros/realsense2_camera -DCMAKE_INSTALL_PREFIX=/home/student/aruco_realsense/install/realsense2_camera
[7.070s] DEBUG:colcon.colcon_core.event_handler.log_command:Invoking command in '/home/student/aruco_realsense/build/realsense2_description': CMAKE_PREFIX_PATH=/home/student/aruco_realsense/install/realsense2_camera_msgs:/home/student/aruco_realsense/install/aruco_rs:/home/student/aruco_realsense/install/ros2_aruco_interfaces:/home/student/aruco_realsense/install/realsense2_description:/home/student/aruco_realsense/install/realsense2_camera:/home/student/aruco_realsense/install/aruco_rs2:/home/student/aruco_realsense/install/ros2_aruco:/opt/ros/galactic LD_LIBRARY_PATH=/home/student/aruco_realsense/install/realsense2_camera_msgs/lib:/home/student/aruco_realsense/install/ros2_aruco_interfaces/lib:/home/student/aruco_realsense/install/realsense2_camera/lib:/opt/ros/galactic/opt/yaml_cpp_vendor/lib:/opt/ros/galactic/opt/rviz_ogre_vendor/lib:/opt/ros/galactic/lib/x86_64-linux-gnu:/opt/ros/galactic/lib:/usr/local/cuda-11.1/lib64: PYTHONPATH=/home/student/aruco_realsense/install/realsense2_camera_msgs/lib/python3.8/site-packages:/home/student/aruco_realsense/install/aruco_rs2/lib/python3.8/site-packages:/home/student/aruco_realsense/install/ros2_aruco_interfaces/lib/python3.8/site-packages:/home/student/aruco_realsense/install/ros2_aruco/lib/python3.8/site-packages:/opt/ros/galactic/lib/python3.8/site-packages /usr/bin/cmake /home/student/aruco_realsense/src/realsense-ros/realsense2_description -DCMAKE_INSTALL_PREFIX=/home/student/aruco_realsense/install/realsense2_description
[7.594s] DEBUG:colcon.colcon_core.event_handler.log_command:Invoked command in '/home/student/aruco_realsense/build/realsense2_description' returned '0': CMAKE_PREFIX_PATH=/home/student/aruco_realsense/install/realsense2_camera_msgs:/home/student/aruco_realsense/install/aruco_rs:/home/student/aruco_realsense/install/ros2_aruco_interfaces:/home/student/aruco_realsense/install/realsense2_description:/home/student/aruco_realsense/install/realsense2_camera:/home/student/aruco_realsense/install/aruco_rs2:/home/student/aruco_realsense/install/ros2_aruco:/opt/ros/galactic LD_LIBRARY_PATH=/home/student/aruco_realsense/install/realsense2_camera_msgs/lib:/home/student/aruco_realsense/install/ros2_aruco_interfaces/lib:/home/student/aruco_realsense/install/realsense2_camera/lib:/opt/ros/galactic/opt/yaml_cpp_vendor/lib:/opt/ros/galactic/opt/rviz_ogre_vendor/lib:/opt/ros/galactic/lib/x86_64-linux-gnu:/opt/ros/galactic/lib:/usr/local/cuda-11.1/lib64: PYTHONPATH=/home/student/aruco_realsense/install/realsense2_camera_msgs/lib/python3.8/site-packages:/home/student/aruco_realsense/install/aruco_rs2/lib/python3.8/site-packages:/home/student/aruco_realsense/install/ros2_aruco_interfaces/lib/python3.8/site-packages:/home/student/aruco_realsense/install/ros2_aruco/lib/python3.8/site-packages:/opt/ros/galactic/lib/python3.8/site-packages /usr/bin/cmake /home/student/aruco_realsense/src/realsense-ros/realsense2_description -DCMAKE_INSTALL_PREFIX=/home/student/aruco_realsense/install/realsense2_description
[7.597s] DEBUG:colcon.colcon_core.event_handler.log_command:Invoking command in '/home/student/aruco_realsense/build/realsense2_description': CMAKE_PREFIX_PATH=/home/student/aruco_realsense/install/realsense2_camera_msgs:/home/student/aruco_realsense/install/aruco_rs:/home/student/aruco_realsense/install/ros2_aruco_interfaces:/home/student/aruco_realsense/install/realsense2_description:/home/student/aruco_realsense/install/realsense2_camera:/home/student/aruco_realsense/install/aruco_rs2:/home/student/aruco_realsense/install/ros2_aruco:/opt/ros/galactic LD_LIBRARY_PATH=/home/student/aruco_realsense/install/realsense2_camera_msgs/lib:/home/student/aruco_realsense/install/ros2_aruco_interfaces/lib:/home/student/aruco_realsense/install/realsense2_camera/lib:/opt/ros/galactic/opt/yaml_cpp_vendor/lib:/opt/ros/galactic/opt/rviz_ogre_vendor/lib:/opt/ros/galactic/lib/x86_64-linux-gnu:/opt/ros/galactic/lib:/usr/local/cuda-11.1/lib64: PYTHONPATH=/home/student/aruco_realsense/install/realsense2_camera_msgs/lib/python3.8/site-packages:/home/student/aruco_realsense/install/aruco_rs2/lib/python3.8/site-packages:/home/student/aruco_realsense/install/ros2_aruco_interfaces/lib/python3.8/site-packages:/home/student/aruco_realsense/install/ros2_aruco/lib/python3.8/site-packages:/opt/ros/galactic/lib/python3.8/site-packages /usr/bin/cmake --build /home/student/aruco_realsense/build/realsense2_description -- -j12 -l12
[7.633s] DEBUG:colcon.colcon_core.event_handler.log_command:Invoked command in '/home/student/aruco_realsense/build/realsense2_description' returned '0': CMAKE_PREFIX_PATH=/home/student/aruco_realsense/install/realsense2_camera_msgs:/home/student/aruco_realsense/install/aruco_rs:/home/student/aruco_realsense/install/ros2_aruco_interfaces:/home/student/aruco_realsense/install/realsense2_description:/home/student/aruco_realsense/install/realsense2_camera:/home/student/aruco_realsense/install/aruco_rs2:/home/student/aruco_realsense/install/ros2_aruco:/opt/ros/galactic LD_LIBRARY_PATH=/home/student/aruco_realsense/install/realsense2_camera_msgs/lib:/home/student/aruco_realsense/install/ros2_aruco_interfaces/lib:/home/student/aruco_realsense/install/realsense2_camera/lib:/opt/ros/galactic/opt/yaml_cpp_vendor/lib:/opt/ros/galactic/opt/rviz_ogre_vendor/lib:/opt/ros/galactic/lib/x86_64-linux-gnu:/opt/ros/galactic/lib:/usr/local/cuda-11.1/lib64: PYTHONPATH=/home/student/aruco_realsense/install/realsense2_camera_msgs/lib/python3.8/site-packages:/home/student/aruco_realsense/install/aruco_rs2/lib/python3.8/site-packages:/home/student/aruco_realsense/install/ros2_aruco_interfaces/lib/python3.8/site-packages:/home/student/aruco_realsense/install/ros2_aruco/lib/python3.8/site-packages:/opt/ros/galactic/lib/python3.8/site-packages /usr/bin/cmake --build /home/student/aruco_realsense/build/realsense2_description -- -j12 -l12
[7.655s] DEBUG:colcon.colcon_core.event_handler.log_command:Invoking command in '/home/student/aruco_realsense/build/realsense2_description': CMAKE_PREFIX_PATH=/home/student/aruco_realsense/install/realsense2_camera_msgs:/home/student/aruco_realsense/install/aruco_rs:/home/student/aruco_realsense/install/ros2_aruco_interfaces:/home/student/aruco_realsense/install/realsense2_description:/home/student/aruco_realsense/install/realsense2_camera:/home/student/aruco_realsense/install/aruco_rs2:/home/student/aruco_realsense/install/ros2_aruco:/opt/ros/galactic LD_LIBRARY_PATH=/home/student/aruco_realsense/install/realsense2_camera_msgs/lib:/home/student/aruco_realsense/install/ros2_aruco_interfaces/lib:/home/student/aruco_realsense/install/realsense2_camera/lib:/opt/ros/galactic/opt/yaml_cpp_vendor/lib:/opt/ros/galactic/opt/rviz_ogre_vendor/lib:/opt/ros/galactic/lib/x86_64-linux-gnu:/opt/ros/galactic/lib:/usr/local/cuda-11.1/lib64: PYTHONPATH=/home/student/aruco_realsense/install/realsense2_camera_msgs/lib/python3.8/site-packages:/home/student/aruco_realsense/install/aruco_rs2/lib/python3.8/site-packages:/home/student/aruco_realsense/install/ros2_aruco_interfaces/lib/python3.8/site-packages:/home/student/aruco_realsense/install/ros2_aruco/lib/python3.8/site-packages:/opt/ros/galactic/lib/python3.8/site-packages /usr/bin/cmake --install /home/student/aruco_realsense/build/realsense2_description
[7.728s] Level 1:colcon.colcon_core.environment:create_environment_scripts_only(realsense2_description)
[7.730s] Level 1:colcon.colcon_core.environment:checking '/home/student/aruco_realsense/install/realsense2_description' for CMake module files
[7.730s] DEBUG:colcon.colcon_core.event_handler.log_command:Invoked command in '/home/student/aruco_realsense/build/realsense2_description' returned '0': CMAKE_PREFIX_PATH=/home/student/aruco_realsense/install/realsense2_camera_msgs:/home/student/aruco_realsense/install/aruco_rs:/home/student/aruco_realsense/install/ros2_aruco_interfaces:/home/student/aruco_realsense/install/realsense2_description:/home/student/aruco_realsense/install/realsense2_camera:/home/student/aruco_realsense/install/aruco_rs2:/home/student/aruco_realsense/install/ros2_aruco:/opt/ros/galactic LD_LIBRARY_PATH=/home/student/aruco_realsense/install/realsense2_camera_msgs/lib:/home/student/aruco_realsense/install/ros2_aruco_interfaces/lib:/home/student/aruco_realsense/install/realsense2_camera/lib:/opt/ros/galactic/opt/yaml_cpp_vendor/lib:/opt/ros/galactic/opt/rviz_ogre_vendor/lib:/opt/ros/galactic/lib/x86_64-linux-gnu:/opt/ros/galactic/lib:/usr/local/cuda-11.1/lib64: PYTHONPATH=/home/student/aruco_realsense/install/realsense2_camera_msgs/lib/python3.8/site-packages:/home/student/aruco_realsense/install/aruco_rs2/lib/python3.8/site-packages:/home/student/aruco_realsense/install/ros2_aruco_interfaces/lib/python3.8/site-packages:/home/student/aruco_realsense/install/ros2_aruco/lib/python3.8/site-packages:/opt/ros/galactic/lib/python3.8/site-packages /usr/bin/cmake --install /home/student/aruco_realsense/build/realsense2_description
[7.731s] Level 1:colcon.colcon_core.environment:checking '/home/student/aruco_realsense/install/realsense2_description' for CMake config files
[7.731s] Level 1:colcon.colcon_core.shell:create_environment_hook('realsense2_description', 'cmake_prefix_path')
[7.732s] INFO:colcon.colcon_core.shell:Creating environment hook '/home/student/aruco_realsense/install/realsense2_description/share/realsense2_description/hook/cmake_prefix_path.ps1'
[7.732s] INFO:colcon.colcon_core.shell:Creating environment descriptor '/home/student/aruco_realsense/install/realsense2_description/share/realsense2_description/hook/cmake_prefix_path.dsv'
[7.733s] INFO:colcon.colcon_core.shell:Creating environment hook '/home/student/aruco_realsense/install/realsense2_description/share/realsense2_description/hook/cmake_prefix_path.sh'
[7.733s] Level 1:colcon.colcon_core.environment:checking '/home/student/aruco_realsense/install/realsense2_description/bin'
[7.733s] Level 1:colcon.colcon_core.environment:checking '/home/student/aruco_realsense/install/realsense2_description/lib/pkgconfig/realsense2_description.pc'
[7.733s] Level 1:colcon.colcon_core.environment:checking '/home/student/aruco_realsense/install/realsense2_description/lib/python3.8/site-packages'
[7.734s] Level 1:colcon.colcon_core.environment:checking '/home/student/aruco_realsense/install/realsense2_description/bin'
[7.735s] INFO:colcon.colcon_core.shell:Creating package script '/home/student/aruco_realsense/install/realsense2_description/share/realsense2_description/package.ps1'
[7.735s] INFO:colcon.colcon_core.shell:Creating package descriptor '/home/student/aruco_realsense/install/realsense2_description/share/realsense2_description/package.dsv'
[7.736s] INFO:colcon.colcon_core.shell:Creating package script '/home/student/aruco_realsense/install/realsense2_description/share/realsense2_description/package.sh'
[7.736s] INFO:colcon.colcon_core.shell:Creating package script '/home/student/aruco_realsense/install/realsense2_description/share/realsense2_description/package.bash'
[7.736s] INFO:colcon.colcon_core.shell:Creating package script '/home/student/aruco_realsense/install/realsense2_description/share/realsense2_description/package.zsh'
[7.736s] Level 1:colcon.colcon_core.environment:create_file_with_runtime_dependencies(/home/student/aruco_realsense/install/realsense2_description/share/colcon-core/packages/realsense2_description)
[7.758s] Level 1:colcon.colcon_core.environment:create_environment_scripts_only(realsense2_description)
[7.760s] Level 1:colcon.colcon_core.environment:checking '/home/student/aruco_realsense/install/realsense2_description' for CMake module files
[7.761s] Level 1:colcon.colcon_core.environment:checking '/home/student/aruco_realsense/install/realsense2_description' for CMake config files
[7.761s] Level 1:colcon.colcon_core.shell:create_environment_hook('realsense2_description', 'cmake_prefix_path')
[7.762s] INFO:colcon.colcon_core.shell:Creating environment hook '/home/student/aruco_realsense/install/realsense2_description/share/realsense2_description/hook/cmake_prefix_path.ps1'
[7.763s] INFO:colcon.colcon_core.shell:Creating environment descriptor '/home/student/aruco_realsense/install/realsense2_description/share/realsense2_description/hook/cmake_prefix_path.dsv'
[7.763s] INFO:colcon.colcon_core.shell:Creating environment hook '/home/student/aruco_realsense/install/realsense2_description/share/realsense2_description/hook/cmake_prefix_path.sh'
[7.763s] Level 1:colcon.colcon_core.environment:checking '/home/student/aruco_realsense/install/realsense2_description/bin'
[7.763s] Level 1:colcon.colcon_core.environment:checking '/home/student/aruco_realsense/install/realsense2_description/lib/pkgconfig/realsense2_description.pc'
[7.764s] Level 1:colcon.colcon_core.environment:checking '/home/student/aruco_realsense/install/realsense2_description/lib/python3.8/site-packages'
[7.764s] Level 1:colcon.colcon_core.environment:checking '/home/student/aruco_realsense/install/realsense2_description/bin'
[7.765s] INFO:colcon.colcon_core.shell:Creating package script '/home/student/aruco_realsense/install/realsense2_description/share/realsense2_description/package.ps1'
[7.765s] INFO:colcon.colcon_core.shell:Creating package descriptor '/home/student/aruco_realsense/install/realsense2_description/share/realsense2_description/package.dsv'
[7.766s] INFO:colcon.colcon_core.shell:Creating package script '/home/student/aruco_realsense/install/realsense2_description/share/realsense2_description/package.sh'
[7.766s] INFO:colcon.colcon_core.shell:Creating package script '/home/student/aruco_realsense/install/realsense2_description/share/realsense2_description/package.bash'
[7.767s] INFO:colcon.colcon_core.shell:Creating package script '/home/student/aruco_realsense/install/realsense2_description/share/realsense2_description/package.zsh'
[7.767s] Level 1:colcon.colcon_core.environment:create_file_with_runtime_dependencies(/home/student/aruco_realsense/install/realsense2_description/share/colcon-core/packages/realsense2_description)
[9.171s] DEBUG:colcon.colcon_core.event_handler.log_command:Invoked command in '/home/student/aruco_realsense/build/realsense2_camera' returned '0': CMAKE_PREFIX_PATH=/home/student/aruco_realsense/install/realsense2_camera_msgs:/home/student/aruco_realsense/install/aruco_rs:/home/student/aruco_realsense/install/ros2_aruco_interfaces:/home/student/aruco_realsense/install/realsense2_description:/home/student/aruco_realsense/install/realsense2_camera:/home/student/aruco_realsense/install/aruco_rs2:/home/student/aruco_realsense/install/ros2_aruco:/opt/ros/galactic LD_LIBRARY_PATH=/home/student/aruco_realsense/install/realsense2_camera_msgs/lib:/home/student/aruco_realsense/install/ros2_aruco_interfaces/lib:/home/student/aruco_realsense/install/realsense2_camera/lib:/opt/ros/galactic/opt/yaml_cpp_vendor/lib:/opt/ros/galactic/opt/rviz_ogre_vendor/lib:/opt/ros/galactic/lib/x86_64-linux-gnu:/opt/ros/galactic/lib:/usr/local/cuda-11.1/lib64: PYTHONPATH=/home/student/aruco_realsense/install/realsense2_camera_msgs/lib/python3.8/site-packages:/home/student/aruco_realsense/install/aruco_rs2/lib/python3.8/site-packages:/home/student/aruco_realsense/install/ros2_aruco_interfaces/lib/python3.8/site-packages:/home/student/aruco_realsense/install/ros2_aruco/lib/python3.8/site-packages:/opt/ros/galactic/lib/python3.8/site-packages /usr/bin/cmake /home/student/aruco_realsense/src/realsense-ros/realsense2_camera -DCMAKE_INSTALL_PREFIX=/home/student/aruco_realsense/install/realsense2_camera
[9.173s] DEBUG:colcon.colcon_core.event_handler.log_command:Invoking command in '/home/student/aruco_realsense/build/realsense2_camera': CMAKE_PREFIX_PATH=/home/student/aruco_realsense/install/realsense2_camera_msgs:/home/student/aruco_realsense/install/aruco_rs:/home/student/aruco_realsense/install/ros2_aruco_interfaces:/home/student/aruco_realsense/install/realsense2_description:/home/student/aruco_realsense/install/realsense2_camera:/home/student/aruco_realsense/install/aruco_rs2:/home/student/aruco_realsense/install/ros2_aruco:/opt/ros/galactic LD_LIBRARY_PATH=/home/student/aruco_realsense/install/realsense2_camera_msgs/lib:/home/student/aruco_realsense/install/ros2_aruco_interfaces/lib:/home/student/aruco_realsense/install/realsense2_camera/lib:/opt/ros/galactic/opt/yaml_cpp_vendor/lib:/opt/ros/galactic/opt/rviz_ogre_vendor/lib:/opt/ros/galactic/lib/x86_64-linux-gnu:/opt/ros/galactic/lib:/usr/local/cuda-11.1/lib64: PYTHONPATH=/home/student/aruco_realsense/install/realsense2_camera_msgs/lib/python3.8/site-packages:/home/student/aruco_realsense/install/aruco_rs2/lib/python3.8/site-packages:/home/student/aruco_realsense/install/ros2_aruco_interfaces/lib/python3.8/site-packages:/home/student/aruco_realsense/install/ros2_aruco/lib/python3.8/site-packages:/opt/ros/galactic/lib/python3.8/site-packages /usr/bin/cmake --build /home/student/aruco_realsense/build/realsense2_camera -- -j12 -l12
[33.160s] DEBUG:colcon.colcon_core.event_handler.log_command:Invoked command in '/home/student/aruco_realsense/build/realsense2_camera' returned '0': CMAKE_PREFIX_PATH=/home/student/aruco_realsense/install/realsense2_camera_msgs:/home/student/aruco_realsense/install/aruco_rs:/home/student/aruco_realsense/install/ros2_aruco_interfaces:/home/student/aruco_realsense/install/realsense2_description:/home/student/aruco_realsense/install/realsense2_camera:/home/student/aruco_realsense/install/aruco_rs2:/home/student/aruco_realsense/install/ros2_aruco:/opt/ros/galactic LD_LIBRARY_PATH=/home/student/aruco_realsense/install/realsense2_camera_msgs/lib:/home/student/aruco_realsense/install/ros2_aruco_interfaces/lib:/home/student/aruco_realsense/install/realsense2_camera/lib:/opt/ros/galactic/opt/yaml_cpp_vendor/lib:/opt/ros/galactic/opt/rviz_ogre_vendor/lib:/opt/ros/galactic/lib/x86_64-linux-gnu:/opt/ros/galactic/lib:/usr/local/cuda-11.1/lib64: PYTHONPATH=/home/student/aruco_realsense/install/realsense2_camera_msgs/lib/python3.8/site-packages:/home/student/aruco_realsense/install/aruco_rs2/lib/python3.8/site-packages:/home/student/aruco_realsense/install/ros2_aruco_interfaces/lib/python3.8/site-packages:/home/student/aruco_realsense/install/ros2_aruco/lib/python3.8/site-packages:/opt/ros/galactic/lib/python3.8/site-packages /usr/bin/cmake --build /home/student/aruco_realsense/build/realsense2_camera -- -j12 -l12
[33.250s] DEBUG:colcon.colcon_core.event_handler.log_command:Invoking command in '/home/student/aruco_realsense/build/realsense2_camera': CMAKE_PREFIX_PATH=/home/student/aruco_realsense/install/realsense2_camera_msgs:/home/student/aruco_realsense/install/aruco_rs:/home/student/aruco_realsense/install/ros2_aruco_interfaces:/home/student/aruco_realsense/install/realsense2_description:/home/student/aruco_realsense/install/realsense2_camera:/home/student/aruco_realsense/install/aruco_rs2:/home/student/aruco_realsense/install/ros2_aruco:/opt/ros/galactic LD_LIBRARY_PATH=/home/student/aruco_realsense/install/realsense2_camera_msgs/lib:/home/student/aruco_realsense/install/ros2_aruco_interfaces/lib:/home/student/aruco_realsense/install/realsense2_camera/lib:/opt/ros/galactic/opt/yaml_cpp_vendor/lib:/opt/ros/galactic/opt/rviz_ogre_vendor/lib:/opt/ros/galactic/lib/x86_64-linux-gnu:/opt/ros/galactic/lib:/usr/local/cuda-11.1/lib64: PYTHONPATH=/home/student/aruco_realsense/install/realsense2_camera_msgs/lib/python3.8/site-packages:/home/student/aruco_realsense/install/aruco_rs2/lib/python3.8/site-packages:/home/student/aruco_realsense/install/ros2_aruco_interfaces/lib/python3.8/site-packages:/home/student/aruco_realsense/install/ros2_aruco/lib/python3.8/site-packages:/opt/ros/galactic/lib/python3.8/site-packages /usr/bin/cmake --install /home/student/aruco_realsense/build/realsense2_camera
[33.291s] Level 1:colcon.colcon_core.environment:create_environment_scripts_only(realsense2_camera)
[33.294s] Level 1:colcon.colcon_core.environment:checking '/home/student/aruco_realsense/install/realsense2_camera' for CMake module files
[33.295s] DEBUG:colcon.colcon_core.event_handler.log_command:Invoked command in '/home/student/aruco_realsense/build/realsense2_camera' returned '0': CMAKE_PREFIX_PATH=/home/student/aruco_realsense/install/realsense2_camera_msgs:/home/student/aruco_realsense/install/aruco_rs:/home/student/aruco_realsense/install/ros2_aruco_interfaces:/home/student/aruco_realsense/install/realsense2_description:/home/student/aruco_realsense/install/realsense2_camera:/home/student/aruco_realsense/install/aruco_rs2:/home/student/aruco_realsense/install/ros2_aruco:/opt/ros/galactic LD_LIBRARY_PATH=/home/student/aruco_realsense/install/realsense2_camera_msgs/lib:/home/student/aruco_realsense/install/ros2_aruco_interfaces/lib:/home/student/aruco_realsense/install/realsense2_camera/lib:/opt/ros/galactic/opt/yaml_cpp_vendor/lib:/opt/ros/galactic/opt/rviz_ogre_vendor/lib:/opt/ros/galactic/lib/x86_64-linux-gnu:/opt/ros/galactic/lib:/usr/local/cuda-11.1/lib64: PYTHONPATH=/home/student/aruco_realsense/install/realsense2_camera_msgs/lib/python3.8/site-packages:/home/student/aruco_realsense/install/aruco_rs2/lib/python3.8/site-packages:/home/student/aruco_realsense/install/ros2_aruco_interfaces/lib/python3.8/site-packages:/home/student/aruco_realsense/install/ros2_aruco/lib/python3.8/site-packages:/opt/ros/galactic/lib/python3.8/site-packages /usr/bin/cmake --install /home/student/aruco_realsense/build/realsense2_camera
[33.295s] Level 1:colcon.colcon_core.environment:checking '/home/student/aruco_realsense/install/realsense2_camera' for CMake config files
[33.295s] Level 1:colcon.colcon_core.shell:create_environment_hook('realsense2_camera', 'cmake_prefix_path')
[33.297s] INFO:colcon.colcon_core.shell:Creating environment hook '/home/student/aruco_realsense/install/realsense2_camera/share/realsense2_camera/hook/cmake_prefix_path.ps1'
[33.297s] INFO:colcon.colcon_core.shell:Creating environment descriptor '/home/student/aruco_realsense/install/realsense2_camera/share/realsense2_camera/hook/cmake_prefix_path.dsv'
[33.298s] INFO:colcon.colcon_core.shell:Creating environment hook '/home/student/aruco_realsense/install/realsense2_camera/share/realsense2_camera/hook/cmake_prefix_path.sh'
[33.298s] Level 1:colcon.colcon_core.environment:checking '/home/student/aruco_realsense/install/realsense2_camera/lib'
[33.298s] Level 1:colcon.colcon_core.shell:create_environment_hook('realsense2_camera', 'ld_library_path_lib')
[33.300s] INFO:colcon.colcon_core.shell:Creating environment hook '/home/student/aruco_realsense/install/realsense2_camera/share/realsense2_camera/hook/ld_library_path_lib.ps1'
[33.300s] INFO:colcon.colcon_core.shell:Creating environment descriptor '/home/student/aruco_realsense/install/realsense2_camera/share/realsense2_camera/hook/ld_library_path_lib.dsv'
[33.300s] INFO:colcon.colcon_core.shell:Creating environment hook '/home/student/aruco_realsense/install/realsense2_camera/share/realsense2_camera/hook/ld_library_path_lib.sh'
[33.301s] Level 1:colcon.colcon_core.environment:checking '/home/student/aruco_realsense/install/realsense2_camera/bin'
[33.301s] Level 1:colcon.colcon_core.environment:checking '/home/student/aruco_realsense/install/realsense2_camera/lib/pkgconfig/realsense2_camera.pc'
[33.301s] Level 1:colcon.colcon_core.environment:checking '/home/student/aruco_realsense/install/realsense2_camera/lib/python3.8/site-packages'
[33.301s] Level 1:colcon.colcon_core.environment:checking '/home/student/aruco_realsense/install/realsense2_camera/bin'
[33.303s] INFO:colcon.colcon_core.shell:Creating package script '/home/student/aruco_realsense/install/realsense2_camera/share/realsense2_camera/package.ps1'
[33.303s] INFO:colcon.colcon_core.shell:Creating package descriptor '/home/student/aruco_realsense/install/realsense2_camera/share/realsense2_camera/package.dsv'
[33.304s] INFO:colcon.colcon_core.shell:Creating package script '/home/student/aruco_realsense/install/realsense2_camera/share/realsense2_camera/package.sh'
[33.304s] INFO:colcon.colcon_core.shell:Creating package script '/home/student/aruco_realsense/install/realsense2_camera/share/realsense2_camera/package.bash'
[33.304s] INFO:colcon.colcon_core.shell:Creating package script '/home/student/aruco_realsense/install/realsense2_camera/share/realsense2_camera/package.zsh'
[33.305s] Level 1:colcon.colcon_core.environment:create_file_with_runtime_dependencies(/home/student/aruco_realsense/install/realsense2_camera/share/colcon-core/packages/realsense2_camera)
[33.343s] Level 1:colcon.colcon_core.environment:create_environment_scripts_only(realsense2_camera)
[33.345s] Level 1:colcon.colcon_core.environment:checking '/home/student/aruco_realsense/install/realsense2_camera' for CMake module files
[33.368s] Level 1:colcon.colcon_core.environment:checking '/home/student/aruco_realsense/install/realsense2_camera' for CMake config files
[33.369s] Level 1:colcon.colcon_core.shell:create_environment_hook('realsense2_camera', 'cmake_prefix_path')
[33.372s] INFO:colcon.colcon_core.shell:Creating environment hook '/home/student/aruco_realsense/install/realsense2_camera/share/realsense2_camera/hook/cmake_prefix_path.ps1'
[33.373s] INFO:colcon.colcon_core.shell:Creating environment descriptor '/home/student/aruco_realsense/install/realsense2_camera/share/realsense2_camera/hook/cmake_prefix_path.dsv'
[33.374s] INFO:colcon.colcon_core.shell:Creating environment hook '/home/student/aruco_realsense/install/realsense2_camera/share/realsense2_camera/hook/cmake_prefix_path.sh'
[33.375s] Level 1:colcon.colcon_core.environment:checking '/home/student/aruco_realsense/install/realsense2_camera/lib'
[33.375s] Level 1:colcon.colcon_core.shell:create_environment_hook('realsense2_camera', 'ld_library_path_lib')
[33.378s] INFO:colcon.colcon_core.shell:Creating environment hook '/home/student/aruco_realsense/install/realsense2_camera/share/realsense2_camera/hook/ld_library_path_lib.ps1'
[33.378s] INFO:colcon.colcon_core.shell:Creating environment descriptor '/home/student/aruco_realsense/install/realsense2_camera/share/realsense2_camera/hook/ld_library_path_lib.dsv'
[33.379s] INFO:colcon.colcon_core.shell:Creating environment hook '/home/student/aruco_realsense/install/realsense2_camera/share/realsense2_camera/hook/ld_library_path_lib.sh'
[33.380s] Level 1:colcon.colcon_core.environment:checking '/home/student/aruco_realsense/install/realsense2_camera/bin'
[33.380s] Level 1:colcon.colcon_core.environment:checking '/home/student/aruco_realsense/install/realsense2_camera/lib/pkgconfig/realsense2_camera.pc'
[33.380s] Level 1:colcon.colcon_core.environment:checking '/home/student/aruco_realsense/install/realsense2_camera/lib/python3.8/site-packages'
[33.381s] Level 1:colcon.colcon_core.environment:checking '/home/student/aruco_realsense/install/realsense2_camera/bin'
[33.384s] INFO:colcon.colcon_core.shell:Creating package script '/home/student/aruco_realsense/install/realsense2_camera/share/realsense2_camera/package.ps1'
[33.385s] INFO:colcon.colcon_core.shell:Creating package descriptor '/home/student/aruco_realsense/install/realsense2_camera/share/realsense2_camera/package.dsv'
[33.386s] INFO:colcon.colcon_core.shell:Creating package script '/home/student/aruco_realsense/install/realsense2_camera/share/realsense2_camera/package.sh'
[33.386s] INFO:colcon.colcon_core.shell:Creating package script '/home/student/aruco_realsense/install/realsense2_camera/share/realsense2_camera/package.bash'
[33.387s] INFO:colcon.colcon_core.shell:Creating package script '/home/student/aruco_realsense/install/realsense2_camera/share/realsense2_camera/package.zsh'
[33.388s] Level 1:colcon.colcon_core.environment:create_file_with_runtime_dependencies(/home/student/aruco_realsense/install/realsense2_camera/share/colcon-core/packages/realsense2_camera)
[33.389s] DEBUG:colcon.colcon_parallel_executor.executor.parallel:closing loop
[33.390s] DEBUG:colcon.colcon_parallel_executor.executor.parallel:loop closed
[33.390s] DEBUG:colcon.colcon_parallel_executor.executor.parallel:run_until_complete finished with '0'
[33.390s] DEBUG:colcon.colcon_core.event_reactor:joining thread
[33.401s] INFO:colcon.colcon_core.plugin_system:Skipping extension 'colcon_notification.desktop_notification.terminal_notifier': Not used on non-Darwin systems
[33.401s] INFO:colcon.colcon_core.plugin_system:Skipping extension 'colcon_notification.desktop_notification.win32': Not used on non-Windows systems
[33.401s] INFO:colcon.colcon_notification.desktop_notification:Sending desktop notification using 'notify2'
[33.416s] DEBUG:colcon.colcon_core.event_reactor:joined thread
[33.417s] INFO:colcon.colcon_core.shell:Creating prefix script '/home/student/aruco_realsense/install/local_setup.ps1'
[33.418s] INFO:colcon.colcon_core.shell:Creating prefix util module '/home/student/aruco_realsense/install/_local_setup_util_ps1.py'
[33.419s] INFO:colcon.colcon_core.shell:Creating prefix chain script '/home/student/aruco_realsense/install/setup.ps1'
[33.420s] INFO:colcon.colcon_core.shell:Creating prefix script '/home/student/aruco_realsense/install/local_setup.sh'
[33.421s] INFO:colcon.colcon_core.shell:Creating prefix util module '/home/student/aruco_realsense/install/_local_setup_util_sh.py'
[33.421s] INFO:colcon.colcon_core.shell:Creating prefix chain script '/home/student/aruco_realsense/install/setup.sh'
[33.422s] INFO:colcon.colcon_core.shell:Creating prefix script '/home/student/aruco_realsense/install/local_setup.bash'
[33.423s] INFO:colcon.colcon_core.shell:Creating prefix chain script '/home/student/aruco_realsense/install/setup.bash'
[33.424s] INFO:colcon.colcon_core.shell:Creating prefix script '/home/student/aruco_realsense/install/local_setup.zsh'
[33.424s] INFO:colcon.colcon_core.shell:Creating prefix chain script '/home/student/aruco_realsense/install/setup.zsh'
