[0.361s] Invoking command in '/home/student/aruco_realsense/build/ur_description': /usr/bin/cmake /home/student/aruco_realsense/src/Universal_Robots_ROS2_Description -DCMAKE_INSTALL_PREFIX=/home/student/aruco_realsense/install/ur_description
[0.392s] CMake Error at CMakeLists.txt:4 (find_package):
[0.393s]   By not providing "Findament_cmake.cmake" in CMAKE_MODULE_PATH this project
[0.393s]   has asked CMake to find a package configuration file provided by
[0.393s]   "ament_cmake", but CMake did not find one.
[0.393s] 
[0.394s]   Could not find a package configuration file provided by "ament_cmake" with
[0.394s]   any of the following names:
[0.394s] 
[0.395s]     ament_cmakeConfig.cmake
[0.395s]     ament_cmake-config.cmake
[0.395s] 
[0.395s]   Add the installation prefix of "ament_cmake" to CMAKE_PREFIX_PATH or set
[0.396s]   "ament_cmake_DIR" to a directory containing one of the above files.  If
[0.396s]   "ament_cmake" provides a separate development package or SDK, be sure it
[0.396s]   has been installed.
[0.396s] 
[0.397s] 
[0.397s] -- Configuring incomplete, errors occurred!
[0.397s] See also "/home/student/aruco_realsense/build/ur_description/CMakeFiles/CMakeOutput.log".
