[0.363s] Invoking command in '/home/student/aruco_realsense/build/ros2_aruco_interfaces': /usr/bin/cmake /home/student/aruco_realsense/src/ros2_aruco/ros2_aruco_interfaces -DCMAKE_INSTALL_PREFIX=/home/student/aruco_realsense/install/ros2_aruco_interfaces
[0.388s] CMake Error at CMakeLists.txt:19 (find_package):
[0.388s]   By not providing "Findament_cmake.cmake" in CMAKE_MODULE_PATH this project
[0.388s]   has asked CMake to find a package configuration file provided by
[0.389s]   "ament_cmake", but CMake did not find one.
[0.389s] 
[0.389s]   Could not find a package configuration file provided by "ament_cmake" with
[0.389s]   any of the following names:
[0.389s] 
[0.389s]     ament_cmakeConfig.cmake
[0.390s]     ament_cmake-config.cmake
[0.390s] 
[0.390s]   Add the installation prefix of "ament_cmake" to CMAKE_PREFIX_PATH or set
[0.391s]   "ament_cmake_DIR" to a directory containing one of the above files.  If
[0.391s]   "ament_cmake" provides a separate development package or SDK, be sure it
[0.391s]   has been installed.
[0.391s] 
[0.391s] 
[0.391s] -- Configuring incomplete, errors occurred!
[0.392s] See also "/home/student/aruco_realsense/build/ros2_aruco_interfaces/CMakeFiles/CMakeOutput.log".
