[0.108s] Invoking command in '/home/student/aruco_realsense/build/realsense2_camera_msgs': CMAKE_PREFIX_PATH=${CMAKE_PREFIX_PATH}:/home/student/aruco_realsense/install/ros2_aruco:/home/student/aruco_realsense/install/aruco_rs2:/opt/ros/galactic /usr/bin/cmake --build /home/student/aruco_realsense/build/realsense2_camera_msgs -- -j12 -l12
[0.656s] [  1%] Built target realsense2_camera_msgs__cpp
[0.656s] [ 12%] Built target realsense2_camera_msgs__rosidl_generator_c
[0.657s] [ 56%] Built target realsense2_camera_msgs__rosidl_typesupport_introspection_cpp
[0.657s] [ 56%] Built target realsense2_camera_msgs__rosidl_typesupport_cpp
[0.659s] [ 56%] Built target realsense2_camera_msgs__rosidl_typesupport_c
[0.661s] [ 56%] Built target realsense2_camera_msgs__rosidl_typesupport_introspection_c
[0.662s] [ 67%] Built target realsense2_camera_msgs__rosidl_typesupport_fastrtps_cpp
[0.663s] [ 78%] Built target realsense2_camera_msgs__rosidl_typesupport_fastrtps_c
[0.663s] [ 78%] Built target realsense2_camera_msgs
[0.664s] [ 80%] Built target realsense2_camera_msgs__py
[0.666s] [ 89%] Built target realsense2_camera_msgs__python
[0.666s] [ 96%] Built target realsense2_camera_msgs__rosidl_typesupport_introspection_c__pyext
[0.667s] [ 98%] Built target realsense2_camera_msgs__rosidl_typesupport_fastrtps_c__pyext
[0.667s] [100%] Built target realsense2_camera_msgs__rosidl_typesupport_c__pyext
[0.667s] Invoked command in '/home/student/aruco_realsense/build/realsense2_camera_msgs' returned '0': CMAKE_PREFIX_PATH=${CMAKE_PREFIX_PATH}:/home/student/aruco_realsense/install/ros2_aruco:/home/student/aruco_realsense/install/aruco_rs2:/opt/ros/galactic /usr/bin/cmake --build /home/student/aruco_realsense/build/realsense2_camera_msgs -- -j12 -l12
[0.996s] Invoking command in '/home/student/aruco_realsense/build/realsense2_camera_msgs': CMAKE_PREFIX_PATH=${CMAKE_PREFIX_PATH}:/home/student/aruco_realsense/install/ros2_aruco:/home/student/aruco_realsense/install/aruco_rs2:/opt/ros/galactic /usr/bin/cmake --install /home/student/aruco_realsense/build/realsense2_camera_msgs
[1.023s] -- Install configuration: ""
[1.025s] -- Up-to-date: /home/student/aruco_realsense/install/realsense2_camera_msgs/share/ament_index/resource_index/rosidl_interfaces/realsense2_camera_msgs
[1.026s] -- Up-to-date: /home/student/aruco_realsense/install/realsense2_camera_msgs/include/realsense2_camera_msgs
[1.028s] -- Up-to-date: /home/student/aruco_realsense/install/realsense2_camera_msgs/include/realsense2_camera_msgs/srv
[1.030s] -- Up-to-date: /home/student/aruco_realsense/install/realsense2_camera_msgs/include/realsense2_camera_msgs/srv/detail
[1.032s] -- Up-to-date: /home/student/aruco_realsense/install/realsense2_camera_msgs/include/realsense2_camera_msgs/srv/detail/device_info__functions.c
[1.033s] -- Up-to-date: /home/student/aruco_realsense/install/realsense2_camera_msgs/include/realsense2_camera_msgs/srv/detail/device_info__functions.h
[1.034s] -- Up-to-date: /home/student/aruco_realsense/install/realsense2_camera_msgs/include/realsense2_camera_msgs/srv/detail/device_info__struct.h
[1.036s] -- Up-to-date: /home/student/aruco_realsense/install/realsense2_camera_msgs/include/realsense2_camera_msgs/srv/detail/device_info__type_support.h
[1.037s] -- Up-to-date: /home/student/aruco_realsense/install/realsense2_camera_msgs/include/realsense2_camera_msgs/srv/device_info.h
[1.038s] -- Up-to-date: /home/student/aruco_realsense/install/realsense2_camera_msgs/include/realsense2_camera_msgs/msg
[1.038s] -- Up-to-date: /home/student/aruco_realsense/install/realsense2_camera_msgs/include/realsense2_camera_msgs/msg/detail
[1.039s] -- Up-to-date: /home/student/aruco_realsense/install/realsense2_camera_msgs/include/realsense2_camera_msgs/msg/detail/imu_info__functions.h
[1.040s] -- Up-to-date: /home/student/aruco_realsense/install/realsense2_camera_msgs/include/realsense2_camera_msgs/msg/detail/imu_info__functions.c
[1.041s] -- Up-to-date: /home/student/aruco_realsense/install/realsense2_camera_msgs/include/realsense2_camera_msgs/msg/detail/extrinsics__struct.h
[1.042s] -- Up-to-date: /home/student/aruco_realsense/install/realsense2_camera_msgs/include/realsense2_camera_msgs/msg/detail/metadata__functions.h
[1.044s] -- Up-to-date: /home/student/aruco_realsense/install/realsense2_camera_msgs/include/realsense2_camera_msgs/msg/detail/metadata__functions.c
[1.045s] -- Up-to-date: /home/student/aruco_realsense/install/realsense2_camera_msgs/include/realsense2_camera_msgs/msg/detail/extrinsics__functions.h
[1.046s] -- Up-to-date: /home/student/aruco_realsense/install/realsense2_camera_msgs/include/realsense2_camera_msgs/msg/detail/metadata__type_support.h
[1.047s] -- Up-to-date: /home/student/aruco_realsense/install/realsense2_camera_msgs/include/realsense2_camera_msgs/msg/detail/imu_info__type_support.h
[1.048s] -- Up-to-date: /home/student/aruco_realsense/install/realsense2_camera_msgs/include/realsense2_camera_msgs/msg/detail/extrinsics__type_support.h
[1.049s] -- Up-to-date: /home/student/aruco_realsense/install/realsense2_camera_msgs/include/realsense2_camera_msgs/msg/detail/imu_info__struct.h
[1.049s] -- Up-to-date: /home/student/aruco_realsense/install/realsense2_camera_msgs/include/realsense2_camera_msgs/msg/detail/metadata__struct.h
[1.050s] -- Up-to-date: /home/student/aruco_realsense/install/realsense2_camera_msgs/include/realsense2_camera_msgs/msg/detail/extrinsics__functions.c
[1.051s] -- Up-to-date: /home/student/aruco_realsense/install/realsense2_camera_msgs/include/realsense2_camera_msgs/msg/imu_info.h
[1.052s] -- Up-to-date: /home/student/aruco_realsense/install/realsense2_camera_msgs/include/realsense2_camera_msgs/msg/rosidl_generator_c__visibility_control.h
[1.064s] -- Up-to-date: /home/student/aruco_realsense/install/realsense2_camera_msgs/include/realsense2_camera_msgs/msg/metadata.h
[1.066s] -- Up-to-date: /home/student/aruco_realsense/install/realsense2_camera_msgs/include/realsense2_camera_msgs/msg/extrinsics.h
[1.069s] -- Up-to-date: /home/student/aruco_realsense/install/realsense2_camera_msgs/share/realsense2_camera_msgs/environment/library_path.sh
[1.070s] -- Up-to-date: /home/student/aruco_realsense/install/realsense2_camera_msgs/share/realsense2_camera_msgs/environment/library_path.dsv
[1.071s] -- Up-to-date: /home/student/aruco_realsense/install/realsense2_camera_msgs/lib/librealsense2_camera_msgs__rosidl_generator_c.so
[1.072s] -- Up-to-date: /home/student/aruco_realsense/install/realsense2_camera_msgs/include/realsense2_camera_msgs
[1.075s] -- Up-to-date: /home/student/aruco_realsense/install/realsense2_camera_msgs/include/realsense2_camera_msgs/srv
[1.076s] -- Up-to-date: /home/student/aruco_realsense/install/realsense2_camera_msgs/include/realsense2_camera_msgs/srv/detail
[1.077s] -- Up-to-date: /home/student/aruco_realsense/install/realsense2_camera_msgs/include/realsense2_camera_msgs/srv/detail/device_info__rosidl_typesupport_fastrtps_c.h
[1.078s] -- Up-to-date: /home/student/aruco_realsense/install/realsense2_camera_msgs/include/realsense2_camera_msgs/msg
[1.082s] -- Up-to-date: /home/student/aruco_realsense/install/realsense2_camera_msgs/include/realsense2_camera_msgs/msg/detail
[1.089s] -- Up-to-date: /home/student/aruco_realsense/install/realsense2_camera_msgs/include/realsense2_camera_msgs/msg/detail/extrinsics__rosidl_typesupport_fastrtps_c.h
[1.091s] -- Up-to-date: /home/student/aruco_realsense/install/realsense2_camera_msgs/include/realsense2_camera_msgs/msg/detail/imu_info__rosidl_typesupport_fastrtps_c.h
[1.092s] -- Up-to-date: /home/student/aruco_realsense/install/realsense2_camera_msgs/include/realsense2_camera_msgs/msg/detail/metadata__rosidl_typesupport_fastrtps_c.h
[1.093s] -- Up-to-date: /home/student/aruco_realsense/install/realsense2_camera_msgs/include/realsense2_camera_msgs/msg/rosidl_typesupport_fastrtps_c__visibility_control.h
[1.096s] -- Up-to-date: /home/student/aruco_realsense/install/realsense2_camera_msgs/lib/librealsense2_camera_msgs__rosidl_typesupport_fastrtps_c.so
[1.097s] -- Up-to-date: /home/student/aruco_realsense/install/realsense2_camera_msgs/include/realsense2_camera_msgs
[1.099s] -- Up-to-date: /home/student/aruco_realsense/install/realsense2_camera_msgs/include/realsense2_camera_msgs/srv
[1.101s] -- Up-to-date: /home/student/aruco_realsense/install/realsense2_camera_msgs/include/realsense2_camera_msgs/srv/detail
[1.103s] -- Up-to-date: /home/student/aruco_realsense/install/realsense2_camera_msgs/include/realsense2_camera_msgs/srv/detail/device_info__rosidl_typesupport_fastrtps_cpp.hpp
[1.104s] -- Up-to-date: /home/student/aruco_realsense/install/realsense2_camera_msgs/include/realsense2_camera_msgs/srv/detail/dds_fastrtps
[1.105s] -- Up-to-date: /home/student/aruco_realsense/install/realsense2_camera_msgs/include/realsense2_camera_msgs/msg
[1.107s] -- Up-to-date: /home/student/aruco_realsense/install/realsense2_camera_msgs/include/realsense2_camera_msgs/msg/rosidl_typesupport_fastrtps_cpp__visibility_control.h
[1.109s] -- Up-to-date: /home/student/aruco_realsense/install/realsense2_camera_msgs/include/realsense2_camera_msgs/msg/detail
[1.111s] -- Up-to-date: /home/student/aruco_realsense/install/realsense2_camera_msgs/include/realsense2_camera_msgs/msg/detail/metadata__rosidl_typesupport_fastrtps_cpp.hpp
[1.112s] -- Up-to-date: /home/student/aruco_realsense/install/realsense2_camera_msgs/include/realsense2_camera_msgs/msg/detail/imu_info__rosidl_typesupport_fastrtps_cpp.hpp
[1.114s] -- Up-to-date: /home/student/aruco_realsense/install/realsense2_camera_msgs/include/realsense2_camera_msgs/msg/detail/extrinsics__rosidl_typesupport_fastrtps_cpp.hpp
[1.114s] -- Up-to-date: /home/student/aruco_realsense/install/realsense2_camera_msgs/include/realsense2_camera_msgs/msg/detail/dds_fastrtps
[1.115s] -- Up-to-date: /home/student/aruco_realsense/install/realsense2_camera_msgs/lib/librealsense2_camera_msgs__rosidl_typesupport_fastrtps_cpp.so
[1.116s] -- Up-to-date: /home/student/aruco_realsense/install/realsense2_camera_msgs/include/realsense2_camera_msgs
[1.116s] -- Up-to-date: /home/student/aruco_realsense/install/realsense2_camera_msgs/include/realsense2_camera_msgs/srv
[1.117s] -- Up-to-date: /home/student/aruco_realsense/install/realsense2_camera_msgs/include/realsense2_camera_msgs/srv/detail
[1.118s] -- Up-to-date: /home/student/aruco_realsense/install/realsense2_camera_msgs/include/realsense2_camera_msgs/srv/detail/device_info__rosidl_typesupport_introspection_c.h
[1.118s] -- Up-to-date: /home/student/aruco_realsense/install/realsense2_camera_msgs/include/realsense2_camera_msgs/srv/detail/device_info__type_support.c
[1.119s] -- Up-to-date: /home/student/aruco_realsense/install/realsense2_camera_msgs/include/realsense2_camera_msgs/msg
[1.120s] -- Up-to-date: /home/student/aruco_realsense/install/realsense2_camera_msgs/include/realsense2_camera_msgs/msg/detail
[1.120s] -- Up-to-date: /home/student/aruco_realsense/install/realsense2_camera_msgs/include/realsense2_camera_msgs/msg/detail/extrinsics__rosidl_typesupport_introspection_c.h
[1.121s] -- Up-to-date: /home/student/aruco_realsense/install/realsense2_camera_msgs/include/realsense2_camera_msgs/msg/detail/imu_info__type_support.c
[1.122s] -- Up-to-date: /home/student/aruco_realsense/install/realsense2_camera_msgs/include/realsense2_camera_msgs/msg/detail/imu_info__rosidl_typesupport_introspection_c.h
[1.122s] -- Up-to-date: /home/student/aruco_realsense/install/realsense2_camera_msgs/include/realsense2_camera_msgs/msg/detail/metadata__type_support.c
[1.123s] -- Up-to-date: /home/student/aruco_realsense/install/realsense2_camera_msgs/include/realsense2_camera_msgs/msg/detail/extrinsics__type_support.c
[1.124s] -- Up-to-date: /home/student/aruco_realsense/install/realsense2_camera_msgs/include/realsense2_camera_msgs/msg/detail/metadata__rosidl_typesupport_introspection_c.h
[1.125s] -- Up-to-date: /home/student/aruco_realsense/install/realsense2_camera_msgs/include/realsense2_camera_msgs/msg/rosidl_typesupport_introspection_c__visibility_control.h
[1.126s] -- Up-to-date: /home/student/aruco_realsense/install/realsense2_camera_msgs/lib/librealsense2_camera_msgs__rosidl_typesupport_introspection_c.so
[1.126s] -- Up-to-date: /home/student/aruco_realsense/install/realsense2_camera_msgs/lib/librealsense2_camera_msgs__rosidl_typesupport_c.so
[1.127s] -- Up-to-date: /home/student/aruco_realsense/install/realsense2_camera_msgs/include/realsense2_camera_msgs
[1.128s] -- Up-to-date: /home/student/aruco_realsense/install/realsense2_camera_msgs/include/realsense2_camera_msgs/srv
[1.129s] -- Up-to-date: /home/student/aruco_realsense/install/realsense2_camera_msgs/include/realsense2_camera_msgs/srv/detail
[1.129s] -- Up-to-date: /home/student/aruco_realsense/install/realsense2_camera_msgs/include/realsense2_camera_msgs/srv/detail/device_info__traits.hpp
[1.130s] -- Up-to-date: /home/student/aruco_realsense/install/realsense2_camera_msgs/include/realsense2_camera_msgs/srv/detail/device_info__builder.hpp
[1.131s] -- Up-to-date: /home/student/aruco_realsense/install/realsense2_camera_msgs/include/realsense2_camera_msgs/srv/detail/device_info__struct.hpp
[1.131s] -- Up-to-date: /home/student/aruco_realsense/install/realsense2_camera_msgs/include/realsense2_camera_msgs/srv/device_info.hpp
[1.132s] -- Up-to-date: /home/student/aruco_realsense/install/realsense2_camera_msgs/include/realsense2_camera_msgs/msg
[1.133s] -- Up-to-date: /home/student/aruco_realsense/install/realsense2_camera_msgs/include/realsense2_camera_msgs/msg/detail
[1.133s] -- Up-to-date: /home/student/aruco_realsense/install/realsense2_camera_msgs/include/realsense2_camera_msgs/msg/detail/extrinsics__struct.hpp
[1.134s] -- Up-to-date: /home/student/aruco_realsense/install/realsense2_camera_msgs/include/realsense2_camera_msgs/msg/detail/imu_info__traits.hpp
[1.134s] -- Up-to-date: /home/student/aruco_realsense/install/realsense2_camera_msgs/include/realsense2_camera_msgs/msg/detail/metadata__struct.hpp
[1.135s] -- Up-to-date: /home/student/aruco_realsense/install/realsense2_camera_msgs/include/realsense2_camera_msgs/msg/detail/extrinsics__traits.hpp
[1.135s] -- Up-to-date: /home/student/aruco_realsense/install/realsense2_camera_msgs/include/realsense2_camera_msgs/msg/detail/imu_info__struct.hpp
[1.136s] -- Up-to-date: /home/student/aruco_realsense/install/realsense2_camera_msgs/include/realsense2_camera_msgs/msg/detail/imu_info__builder.hpp
[1.137s] -- Up-to-date: /home/student/aruco_realsense/install/realsense2_camera_msgs/include/realsense2_camera_msgs/msg/detail/metadata__builder.hpp
[1.137s] -- Up-to-date: /home/student/aruco_realsense/install/realsense2_camera_msgs/include/realsense2_camera_msgs/msg/detail/metadata__traits.hpp
[1.138s] -- Up-to-date: /home/student/aruco_realsense/install/realsense2_camera_msgs/include/realsense2_camera_msgs/msg/detail/extrinsics__builder.hpp
[1.139s] -- Up-to-date: /home/student/aruco_realsense/install/realsense2_camera_msgs/include/realsense2_camera_msgs/msg/imu_info.hpp
[1.139s] -- Up-to-date: /home/student/aruco_realsense/install/realsense2_camera_msgs/include/realsense2_camera_msgs/msg/extrinsics.hpp
[1.140s] -- Up-to-date: /home/student/aruco_realsense/install/realsense2_camera_msgs/include/realsense2_camera_msgs/msg/metadata.hpp
[1.141s] -- Up-to-date: /home/student/aruco_realsense/install/realsense2_camera_msgs/include/realsense2_camera_msgs
[1.141s] -- Up-to-date: /home/student/aruco_realsense/install/realsense2_camera_msgs/include/realsense2_camera_msgs/srv
[1.142s] -- Up-to-date: /home/student/aruco_realsense/install/realsense2_camera_msgs/include/realsense2_camera_msgs/srv/detail
[1.142s] -- Up-to-date: /home/student/aruco_realsense/install/realsense2_camera_msgs/include/realsense2_camera_msgs/srv/detail/device_info__type_support.cpp
[1.143s] -- Up-to-date: /home/student/aruco_realsense/install/realsense2_camera_msgs/include/realsense2_camera_msgs/srv/detail/device_info__rosidl_typesupport_introspection_cpp.hpp
[1.144s] -- Up-to-date: /home/student/aruco_realsense/install/realsense2_camera_msgs/include/realsense2_camera_msgs/msg
[1.145s] -- Up-to-date: /home/student/aruco_realsense/install/realsense2_camera_msgs/include/realsense2_camera_msgs/msg/detail
[1.145s] -- Up-to-date: /home/student/aruco_realsense/install/realsense2_camera_msgs/include/realsense2_camera_msgs/msg/detail/metadata__type_support.cpp
[1.146s] -- Up-to-date: /home/student/aruco_realsense/install/realsense2_camera_msgs/include/realsense2_camera_msgs/msg/detail/extrinsics__rosidl_typesupport_introspection_cpp.hpp
[1.146s] -- Up-to-date: /home/student/aruco_realsense/install/realsense2_camera_msgs/include/realsense2_camera_msgs/msg/detail/imu_info__rosidl_typesupport_introspection_cpp.hpp
[1.147s] -- Up-to-date: /home/student/aruco_realsense/install/realsense2_camera_msgs/include/realsense2_camera_msgs/msg/detail/metadata__rosidl_typesupport_introspection_cpp.hpp
[1.148s] -- Up-to-date: /home/student/aruco_realsense/install/realsense2_camera_msgs/include/realsense2_camera_msgs/msg/detail/extrinsics__type_support.cpp
[1.148s] -- Up-to-date: /home/student/aruco_realsense/install/realsense2_camera_msgs/include/realsense2_camera_msgs/msg/detail/imu_info__type_support.cpp
[1.149s] -- Up-to-date: /home/student/aruco_realsense/install/realsense2_camera_msgs/lib/librealsense2_camera_msgs__rosidl_typesupport_introspection_cpp.so
[1.150s] -- Up-to-date: /home/student/aruco_realsense/install/realsense2_camera_msgs/lib/librealsense2_camera_msgs__rosidl_typesupport_cpp.so
[1.150s] -- Up-to-date: /home/student/aruco_realsense/install/realsense2_camera_msgs/share/realsense2_camera_msgs/environment/pythonpath.sh
[1.151s] -- Up-to-date: /home/student/aruco_realsense/install/realsense2_camera_msgs/share/realsense2_camera_msgs/environment/pythonpath.dsv
[1.152s] -- Up-to-date: /home/student/aruco_realsense/install/realsense2_camera_msgs/lib/python3.8/site-packages/realsense2_camera_msgs/__init__.py
[1.213s] -- Up-to-date: /home/student/aruco_realsense/install/realsense2_camera_msgs/lib/python3.8/site-packages/realsense2_camera_msgs/msg
[1.214s] -- Up-to-date: /home/student/aruco_realsense/install/realsense2_camera_msgs/lib/python3.8/site-packages/realsense2_camera_msgs/msg/_extrinsics.py
[1.214s] -- Up-to-date: /home/student/aruco_realsense/install/realsense2_camera_msgs/lib/python3.8/site-packages/realsense2_camera_msgs/msg/__init__.py
[1.215s] -- Up-to-date: /home/student/aruco_realsense/install/realsense2_camera_msgs/lib/python3.8/site-packages/realsense2_camera_msgs/msg/_imu_info_s.c
[1.216s] -- Up-to-date: /home/student/aruco_realsense/install/realsense2_camera_msgs/lib/python3.8/site-packages/realsense2_camera_msgs/msg/_metadata_s.c
[1.217s] -- Up-to-date: /home/student/aruco_realsense/install/realsense2_camera_msgs/lib/python3.8/site-packages/realsense2_camera_msgs/msg/_imu_info.py
[1.217s] -- Up-to-date: /home/student/aruco_realsense/install/realsense2_camera_msgs/lib/python3.8/site-packages/realsense2_camera_msgs/msg/_extrinsics_s.c
[1.218s] -- Up-to-date: /home/student/aruco_realsense/install/realsense2_camera_msgs/lib/python3.8/site-packages/realsense2_camera_msgs/msg/_metadata.py
[1.219s] -- Up-to-date: /home/student/aruco_realsense/install/realsense2_camera_msgs/lib/python3.8/site-packages/realsense2_camera_msgs/srv
[1.219s] -- Up-to-date: /home/student/aruco_realsense/install/realsense2_camera_msgs/lib/python3.8/site-packages/realsense2_camera_msgs/srv/_device_info.py
[1.220s] -- Up-to-date: /home/student/aruco_realsense/install/realsense2_camera_msgs/lib/python3.8/site-packages/realsense2_camera_msgs/srv/__init__.py
[1.221s] -- Up-to-date: /home/student/aruco_realsense/install/realsense2_camera_msgs/lib/python3.8/site-packages/realsense2_camera_msgs/srv/_device_info_s.c
[1.221s] -- Up-to-date: /home/student/aruco_realsense/install/realsense2_camera_msgs/lib/python3.8/site-packages/realsense2_camera_msgs/realsense2_camera_msgs_s__rosidl_typesupport_fastrtps_c.cpython-38-x86_64-linux-gnu.so
[1.222s] -- Up-to-date: /home/student/aruco_realsense/install/realsense2_camera_msgs/lib/python3.8/site-packages/realsense2_camera_msgs/realsense2_camera_msgs_s__rosidl_typesupport_introspection_c.cpython-38-x86_64-linux-gnu.so
[1.223s] -- Up-to-date: /home/student/aruco_realsense/install/realsense2_camera_msgs/lib/python3.8/site-packages/realsense2_camera_msgs/realsense2_camera_msgs_s__rosidl_typesupport_c.cpython-38-x86_64-linux-gnu.so
[1.225s] -- Up-to-date: /home/student/aruco_realsense/install/realsense2_camera_msgs/lib/librealsense2_camera_msgs__python.so
[1.226s] -- Up-to-date: /home/student/aruco_realsense/install/realsense2_camera_msgs/share/realsense2_camera_msgs/msg/IMUInfo.idl
[1.228s] -- Up-to-date: /home/student/aruco_realsense/install/realsense2_camera_msgs/share/realsense2_camera_msgs/msg/Extrinsics.idl
[1.229s] -- Up-to-date: /home/student/aruco_realsense/install/realsense2_camera_msgs/share/realsense2_camera_msgs/msg/Metadata.idl
[1.230s] -- Up-to-date: /home/student/aruco_realsense/install/realsense2_camera_msgs/share/realsense2_camera_msgs/srv/DeviceInfo.idl
[1.231s] -- Up-to-date: /home/student/aruco_realsense/install/realsense2_camera_msgs/share/realsense2_camera_msgs/msg/IMUInfo.msg
[1.232s] -- Up-to-date: /home/student/aruco_realsense/install/realsense2_camera_msgs/share/realsense2_camera_msgs/msg/Extrinsics.msg
[1.233s] -- Up-to-date: /home/student/aruco_realsense/install/realsense2_camera_msgs/share/realsense2_camera_msgs/msg/Metadata.msg
[1.234s] -- Up-to-date: /home/student/aruco_realsense/install/realsense2_camera_msgs/share/realsense2_camera_msgs/srv/DeviceInfo.srv
[1.234s] -- Up-to-date: /home/student/aruco_realsense/install/realsense2_camera_msgs/share/realsense2_camera_msgs/srv/DeviceInfo_Request.msg
[1.235s] -- Up-to-date: /home/student/aruco_realsense/install/realsense2_camera_msgs/share/realsense2_camera_msgs/srv/DeviceInfo_Response.msg
[1.236s] -- Up-to-date: /home/student/aruco_realsense/install/realsense2_camera_msgs/share/ament_index/resource_index/package_run_dependencies/realsense2_camera_msgs
[1.237s] -- Up-to-date: /home/student/aruco_realsense/install/realsense2_camera_msgs/share/ament_index/resource_index/parent_prefix_path/realsense2_camera_msgs
[1.237s] -- Up-to-date: /home/student/aruco_realsense/install/realsense2_camera_msgs/share/realsense2_camera_msgs/environment/ament_prefix_path.sh
[1.238s] -- Up-to-date: /home/student/aruco_realsense/install/realsense2_camera_msgs/share/realsense2_camera_msgs/environment/ament_prefix_path.dsv
[1.238s] -- Up-to-date: /home/student/aruco_realsense/install/realsense2_camera_msgs/share/realsense2_camera_msgs/environment/path.sh
[1.239s] -- Up-to-date: /home/student/aruco_realsense/install/realsense2_camera_msgs/share/realsense2_camera_msgs/environment/path.dsv
[1.240s] -- Up-to-date: /home/student/aruco_realsense/install/realsense2_camera_msgs/share/realsense2_camera_msgs/local_setup.bash
[1.241s] -- Up-to-date: /home/student/aruco_realsense/install/realsense2_camera_msgs/share/realsense2_camera_msgs/local_setup.sh
[1.242s] -- Up-to-date: /home/student/aruco_realsense/install/realsense2_camera_msgs/share/realsense2_camera_msgs/local_setup.zsh
[1.243s] -- Up-to-date: /home/student/aruco_realsense/install/realsense2_camera_msgs/share/realsense2_camera_msgs/local_setup.dsv
[1.244s] -- Installing: /home/student/aruco_realsense/install/realsense2_camera_msgs/share/realsense2_camera_msgs/package.dsv
[1.245s] -- Up-to-date: /home/student/aruco_realsense/install/realsense2_camera_msgs/share/ament_index/resource_index/packages/realsense2_camera_msgs
[1.245s] -- Up-to-date: /home/student/aruco_realsense/install/realsense2_camera_msgs/share/realsense2_camera_msgs/cmake/realsense2_camera_msgs__rosidl_generator_cExport.cmake
[1.246s] -- Up-to-date: /home/student/aruco_realsense/install/realsense2_camera_msgs/share/realsense2_camera_msgs/cmake/realsense2_camera_msgs__rosidl_generator_cExport-noconfig.cmake
[1.247s] -- Up-to-date: /home/student/aruco_realsense/install/realsense2_camera_msgs/share/realsense2_camera_msgs/cmake/realsense2_camera_msgs__rosidl_typesupport_introspection_cExport.cmake
[1.248s] -- Up-to-date: /home/student/aruco_realsense/install/realsense2_camera_msgs/share/realsense2_camera_msgs/cmake/realsense2_camera_msgs__rosidl_typesupport_introspection_cExport-noconfig.cmake
[1.248s] -- Up-to-date: /home/student/aruco_realsense/install/realsense2_camera_msgs/share/realsense2_camera_msgs/cmake/realsense2_camera_msgs__rosidl_typesupport_cExport.cmake
[1.249s] -- Up-to-date: /home/student/aruco_realsense/install/realsense2_camera_msgs/share/realsense2_camera_msgs/cmake/realsense2_camera_msgs__rosidl_typesupport_cExport-noconfig.cmake
[1.252s] -- Up-to-date: /home/student/aruco_realsense/install/realsense2_camera_msgs/share/realsense2_camera_msgs/cmake/realsense2_camera_msgs__rosidl_generator_cppExport.cmake
[1.264s] -- Up-to-date: /home/student/aruco_realsense/install/realsense2_camera_msgs/share/realsense2_camera_msgs/cmake/realsense2_camera_msgs__rosidl_typesupport_introspection_cppExport.cmake
[1.265s] -- Up-to-date: /home/student/aruco_realsense/install/realsense2_camera_msgs/share/realsense2_camera_msgs/cmake/realsense2_camera_msgs__rosidl_typesupport_introspection_cppExport-noconfig.cmake
[1.265s] -- Up-to-date: /home/student/aruco_realsense/install/realsense2_camera_msgs/share/realsense2_camera_msgs/cmake/realsense2_camera_msgs__rosidl_typesupport_cppExport.cmake
[1.266s] -- Up-to-date: /home/student/aruco_realsense/install/realsense2_camera_msgs/share/realsense2_camera_msgs/cmake/realsense2_camera_msgs__rosidl_typesupport_cppExport-noconfig.cmake
[1.268s] -- Up-to-date: /home/student/aruco_realsense/install/realsense2_camera_msgs/share/realsense2_camera_msgs/cmake/rosidl_cmake-extras.cmake
[1.269s] -- Up-to-date: /home/student/aruco_realsense/install/realsense2_camera_msgs/share/realsense2_camera_msgs/cmake/ament_cmake_export_dependencies-extras.cmake
[1.270s] -- Up-to-date: /home/student/aruco_realsense/install/realsense2_camera_msgs/share/realsense2_camera_msgs/cmake/ament_cmake_export_libraries-extras.cmake
[1.271s] -- Up-to-date: /home/student/aruco_realsense/install/realsense2_camera_msgs/share/realsense2_camera_msgs/cmake/ament_cmake_export_targets-extras.cmake
[1.272s] -- Up-to-date: /home/student/aruco_realsense/install/realsense2_camera_msgs/share/realsense2_camera_msgs/cmake/ament_cmake_export_include_directories-extras.cmake
[1.273s] -- Up-to-date: /home/student/aruco_realsense/install/realsense2_camera_msgs/share/realsense2_camera_msgs/cmake/rosidl_cmake_export_typesupport_libraries-extras.cmake
[1.274s] -- Up-to-date: /home/student/aruco_realsense/install/realsense2_camera_msgs/share/realsense2_camera_msgs/cmake/rosidl_cmake_export_typesupport_targets-extras.cmake
[1.274s] -- Up-to-date: /home/student/aruco_realsense/install/realsense2_camera_msgs/share/realsense2_camera_msgs/cmake/realsense2_camera_msgsConfig.cmake
[1.275s] -- Up-to-date: /home/student/aruco_realsense/install/realsense2_camera_msgs/share/realsense2_camera_msgs/cmake/realsense2_camera_msgsConfig-version.cmake
[1.276s] -- Up-to-date: /home/student/aruco_realsense/install/realsense2_camera_msgs/share/realsense2_camera_msgs/package.xml
[1.277s] Invoked command in '/home/student/aruco_realsense/build/realsense2_camera_msgs' returned '0': CMAKE_PREFIX_PATH=${CMAKE_PREFIX_PATH}:/home/student/aruco_realsense/install/ros2_aruco:/home/student/aruco_realsense/install/aruco_rs2:/opt/ros/galactic /usr/bin/cmake --install /home/student/aruco_realsense/build/realsense2_camera_msgs
