[0.101s] Invoking command in '/home/student/aruco_realsense/build/realsense2_camera_msgs': /usr/bin/cmake /home/student/aruco_realsense/src/realsense-ros/realsense2_camera_msgs -DCMAKE_INSTALL_PREFIX=/home/student/aruco_realsense/install/realsense2_camera_msgs
[0.518s] -- The C compiler identification is GNU 9.4.0
[0.519s] -- The CXX compiler identification is GNU 9.4.0
[0.520s] -- Check for working C compiler: /usr/bin/cc
[0.532s] -- Check for working C compiler: /usr/bin/cc -- works
[0.533s] -- Detecting C compiler ABI info
[0.611s] -- Detecting C compiler ABI info - done
[0.632s] -- Detecting C compile features
[0.633s] -- Detecting C compile features - done
[0.637s] -- Check for working CXX compiler: /usr/bin/c++
[0.718s] -- Check for working CXX compiler: /usr/bin/c++ -- works
[0.720s] -- Detecting CXX compiler ABI info
[0.801s] -- Detecting CXX compiler ABI info - done
[0.812s] -- Detecting CXX compile features
[0.813s] -- Detecting CXX compile features - done
[0.825s] CMake Error at CMakeLists.txt:13 (find_package):
[0.826s]   By not providing "Findament_cmake.cmake" in CMAKE_MODULE_PATH this project
[0.826s]   has asked CMake to find a package configuration file provided by
[0.826s]   "ament_cmake", but CMake did not find one.
[0.826s] 
[0.826s]   Could not find a package configuration file provided by "ament_cmake" with
[0.826s]   any of the following names:
[0.826s] 
[0.827s]     ament_cmakeConfig.cmake
[0.827s]     ament_cmake-config.cmake
[0.827s] 
[0.829s]   Add the installation prefix of "ament_cmake" to CMAKE_PREFIX_PATH or set
[0.829s]   "ament_cmake_DIR" to a directory containing one of the above files.  If
[0.830s]   "ament_cmake" provides a separate development package or SDK, be sure it
[0.830s]   has been installed.
[0.830s] 
[0.830s] 
[0.831s] -- Configuring incomplete, errors occurred!
[0.831s] See also "/home/student/aruco_realsense/build/realsense2_camera_msgs/CMakeFiles/CMakeOutput.log".
[0.831s] Invoked command in '/home/student/aruco_realsense/build/realsense2_camera_msgs' returned '1': /usr/bin/cmake /home/student/aruco_realsense/src/realsense-ros/realsense2_camera_msgs -DCMAKE_INSTALL_PREFIX=/home/student/aruco_realsense/install/realsense2_camera_msgs
