[1.263s] Invoking command in '/home/student/aruco_realsense/src/ros2_aruco/ros2_aruco': PYTHONPATH=/home/student/aruco_realsense/install/ros2_aruco/lib/python3.8/site-packages:${PYTHONPATH} /usr/bin/python3 setup.py egg_info --egg-base ../../../build/ros2_aruco build --build-base /home/student/aruco_realsense/build/ros2_aruco/build install --prefix /home/student/aruco_realsense/install/ros2_aruco --record /home/student/aruco_realsense/build/ros2_aruco/install.log --single-version-externally-managed
[1.946s] running egg_info
[1.947s] writing ../../../build/ros2_aruco/ros2_aruco.egg-info/PKG-INFO
[1.948s] writing dependency_links to ../../../build/ros2_aruco/ros2_aruco.egg-info/dependency_links.txt
[1.948s] writing entry points to ../../../build/ros2_aruco/ros2_aruco.egg-info/entry_points.txt
[1.948s] writing requirements to ../../../build/ros2_aruco/ros2_aruco.egg-info/requires.txt
[1.948s] writing top-level names to ../../../build/ros2_aruco/ros2_aruco.egg-info/top_level.txt
[1.976s] reading manifest file '../../../build/ros2_aruco/ros2_aruco.egg-info/SOURCES.txt'
[1.977s] writing manifest file '../../../build/ros2_aruco/ros2_aruco.egg-info/SOURCES.txt'
[1.977s] running build
[1.977s] running build_py
[1.977s] running install
[1.978s] running install_lib
[1.979s] running install_data
[1.980s] running install_egg_info
[1.981s] removing '/home/student/aruco_realsense/install/ros2_aruco/lib/python3.8/site-packages/ros2_aruco-0.1.0-py3.8.egg-info' (and everything under it)
[1.981s] Copying ../../../build/ros2_aruco/ros2_aruco.egg-info to /home/student/aruco_realsense/install/ros2_aruco/lib/python3.8/site-packages/ros2_aruco-0.1.0-py3.8.egg-info
[1.982s] running install_scripts
[1.996s] Installing aruco_generate_marker script to /home/student/aruco_realsense/install/ros2_aruco/lib/ros2_aruco
[1.996s] Installing aruco_node script to /home/student/aruco_realsense/install/ros2_aruco/lib/ros2_aruco
[1.996s] writing list of installed files to '/home/student/aruco_realsense/build/ros2_aruco/install.log'
[2.014s] Invoked command in '/home/student/aruco_realsense/src/ros2_aruco/ros2_aruco' returned '0': PYTHONPATH=/home/student/aruco_realsense/install/ros2_aruco/lib/python3.8/site-packages:${PYTHONPATH} /usr/bin/python3 setup.py egg_info --egg-base ../../../build/ros2_aruco build --build-base /home/student/aruco_realsense/build/ros2_aruco/build install --prefix /home/student/aruco_realsense/install/ros2_aruco --record /home/student/aruco_realsense/build/ros2_aruco/install.log --single-version-externally-managed
