[0.024s] Invoking command in '/home/student/aruco_realsense/build/realsense2_description': CMAKE_PREFIX_PATH=/home/student/aruco_realsense/install/realsense2_camera_msgs:/home/student/aruco_realsense/install/aruco_rs:/home/student/aruco_realsense/install/ros2_aruco_interfaces:/home/student/aruco_realsense/install/realsense2_description:/home/student/aruco_realsense/install/realsense2_camera:/home/student/aruco_realsense/install/aruco_rs2:/home/student/aruco_realsense/install/ros2_aruco:/opt/ros/galactic LD_LIBRARY_PATH=/home/student/aruco_realsense/install/realsense2_camera_msgs/lib:/home/student/aruco_realsense/install/ros2_aruco_interfaces/lib:/home/student/aruco_realsense/install/realsense2_camera/lib:/opt/ros/galactic/opt/yaml_cpp_vendor/lib:/opt/ros/galactic/opt/rviz_ogre_vendor/lib:/opt/ros/galactic/lib/x86_64-linux-gnu:/opt/ros/galactic/lib:/usr/local/cuda-11.1/lib64: PYTHONPATH=/home/student/aruco_realsense/install/realsense2_camera_msgs/lib/python3.8/site-packages:/home/student/aruco_realsense/install/aruco_rs2/lib/python3.8/site-packages:/home/student/aruco_realsense/install/ros2_aruco_interfaces/lib/python3.8/site-packages:/home/student/aruco_realsense/install/ros2_aruco/lib/python3.8/site-packages:/opt/ros/galactic/lib/python3.8/site-packages /usr/bin/cmake --build /home/student/aruco_realsense/build/realsense2_description -- -j12 -l12
[0.139s] Invoked command in '/home/student/aruco_realsense/build/realsense2_description' returned '0': CMAKE_PREFIX_PATH=/home/student/aruco_realsense/install/realsense2_camera_msgs:/home/student/aruco_realsense/install/aruco_rs:/home/student/aruco_realsense/install/ros2_aruco_interfaces:/home/student/aruco_realsense/install/realsense2_description:/home/student/aruco_realsense/install/realsense2_camera:/home/student/aruco_realsense/install/aruco_rs2:/home/student/aruco_realsense/install/ros2_aruco:/opt/ros/galactic LD_LIBRARY_PATH=/home/student/aruco_realsense/install/realsense2_camera_msgs/lib:/home/student/aruco_realsense/install/ros2_aruco_interfaces/lib:/home/student/aruco_realsense/install/realsense2_camera/lib:/opt/ros/galactic/opt/yaml_cpp_vendor/lib:/opt/ros/galactic/opt/rviz_ogre_vendor/lib:/opt/ros/galactic/lib/x86_64-linux-gnu:/opt/ros/galactic/lib:/usr/local/cuda-11.1/lib64: PYTHONPATH=/home/student/aruco_realsense/install/realsense2_camera_msgs/lib/python3.8/site-packages:/home/student/aruco_realsense/install/aruco_rs2/lib/python3.8/site-packages:/home/student/aruco_realsense/install/ros2_aruco_interfaces/lib/python3.8/site-packages:/home/student/aruco_realsense/install/ros2_aruco/lib/python3.8/site-packages:/opt/ros/galactic/lib/python3.8/site-packages /usr/bin/cmake --build /home/student/aruco_realsense/build/realsense2_description -- -j12 -l12
[0.297s] Invoking command in '/home/student/aruco_realsense/build/realsense2_description': CMAKE_PREFIX_PATH=/home/student/aruco_realsense/install/realsense2_camera_msgs:/home/student/aruco_realsense/install/aruco_rs:/home/student/aruco_realsense/install/ros2_aruco_interfaces:/home/student/aruco_realsense/install/realsense2_description:/home/student/aruco_realsense/install/realsense2_camera:/home/student/aruco_realsense/install/aruco_rs2:/home/student/aruco_realsense/install/ros2_aruco:/opt/ros/galactic LD_LIBRARY_PATH=/home/student/aruco_realsense/install/realsense2_camera_msgs/lib:/home/student/aruco_realsense/install/ros2_aruco_interfaces/lib:/home/student/aruco_realsense/install/realsense2_camera/lib:/opt/ros/galactic/opt/yaml_cpp_vendor/lib:/opt/ros/galactic/opt/rviz_ogre_vendor/lib:/opt/ros/galactic/lib/x86_64-linux-gnu:/opt/ros/galactic/lib:/usr/local/cuda-11.1/lib64: PYTHONPATH=/home/student/aruco_realsense/install/realsense2_camera_msgs/lib/python3.8/site-packages:/home/student/aruco_realsense/install/aruco_rs2/lib/python3.8/site-packages:/home/student/aruco_realsense/install/ros2_aruco_interfaces/lib/python3.8/site-packages:/home/student/aruco_realsense/install/ros2_aruco/lib/python3.8/site-packages:/opt/ros/galactic/lib/python3.8/site-packages /usr/bin/cmake --install /home/student/aruco_realsense/build/realsense2_description
[0.324s] -- Install configuration: ""
[0.325s] -- Up-to-date: /home/student/aruco_realsense/install/realsense2_description/share/realsense2_description/launch
[0.327s] -- Up-to-date: /home/student/aruco_realsense/install/realsense2_description/share/realsense2_description/launch/launch_utils.py
[0.328s] -- Up-to-date: /home/student/aruco_realsense/install/realsense2_description/share/realsense2_description/launch/view_model.launch.py
[0.329s] -- Up-to-date: /home/student/aruco_realsense/install/realsense2_description/share/realsense2_description/meshes
[0.330s] -- Up-to-date: /home/student/aruco_realsense/install/realsense2_description/share/realsense2_description/meshes/d435.dae
[0.331s] -- Up-to-date: /home/student/aruco_realsense/install/realsense2_description/share/realsense2_description/meshes/l515.dae
[0.332s] -- Up-to-date: /home/student/aruco_realsense/install/realsense2_description/share/realsense2_description/meshes/d415.stl
[0.332s] -- Up-to-date: /home/student/aruco_realsense/install/realsense2_description/share/realsense2_description/meshes/plug_collision.stl
[0.333s] -- Up-to-date: /home/student/aruco_realsense/install/realsense2_description/share/realsense2_description/meshes/plug.stl
[0.334s] -- Up-to-date: /home/student/aruco_realsense/install/realsense2_description/share/realsense2_description/meshes/d455.stl
[0.335s] -- Up-to-date: /home/student/aruco_realsense/install/realsense2_description/share/realsense2_description/rviz
[0.335s] -- Up-to-date: /home/student/aruco_realsense/install/realsense2_description/share/realsense2_description/rviz/urdf.rviz
[0.337s] -- Up-to-date: /home/student/aruco_realsense/install/realsense2_description/share/realsense2_description/urdf
[0.343s] -- Up-to-date: /home/student/aruco_realsense/install/realsense2_description/share/realsense2_description/urdf/_d435i.urdf.xacro
[0.344s] -- Up-to-date: /home/student/aruco_realsense/install/realsense2_description/share/realsense2_description/urdf/_d435i_imu_modules.urdf.xacro
[0.350s] -- Up-to-date: /home/student/aruco_realsense/install/realsense2_description/share/realsense2_description/urdf/_d415.urdf.xacro
[0.351s] -- Up-to-date: /home/student/aruco_realsense/install/realsense2_description/share/realsense2_description/urdf/_d435.urdf.xacro
[0.351s] -- Up-to-date: /home/student/aruco_realsense/install/realsense2_description/share/realsense2_description/urdf/_usb_plug.urdf.xacro
[0.352s] -- Up-to-date: /home/student/aruco_realsense/install/realsense2_description/share/realsense2_description/urdf/test_d435i_camera.urdf.xacro
[0.354s] -- Up-to-date: /home/student/aruco_realsense/install/realsense2_description/share/realsense2_description/urdf/_r430.urdf.xacro
[0.354s] -- Up-to-date: /home/student/aruco_realsense/install/realsense2_description/share/realsense2_description/urdf/test_r410_camera.urdf.xacro
[0.355s] -- Up-to-date: /home/student/aruco_realsense/install/realsense2_description/share/realsense2_description/urdf/test_d435_camera.urdf.xacro
[0.356s] -- Up-to-date: /home/student/aruco_realsense/install/realsense2_description/share/realsense2_description/urdf/test_d415_camera.urdf.xacro
[0.357s] -- Up-to-date: /home/student/aruco_realsense/install/realsense2_description/share/realsense2_description/urdf/test_l515_camera.urdf.xacro
[0.358s] -- Up-to-date: /home/student/aruco_realsense/install/realsense2_description/share/realsense2_description/urdf/_r410.urdf.xacro
[0.359s] -- Up-to-date: /home/student/aruco_realsense/install/realsense2_description/share/realsense2_description/urdf/test_r430_camera.urdf.xacro
[0.360s] -- Up-to-date: /home/student/aruco_realsense/install/realsense2_description/share/realsense2_description/urdf/test_d435_multiple_cameras.urdf.xacro
[0.361s] -- Up-to-date: /home/student/aruco_realsense/install/realsense2_description/share/realsense2_description/urdf/_materials.urdf.xacro
[0.361s] -- Up-to-date: /home/student/aruco_realsense/install/realsense2_description/share/realsense2_description/urdf/_l515.urdf.xacro
[0.362s] -- Up-to-date: /home/student/aruco_realsense/install/realsense2_description/share/realsense2_description/urdf/test_d455_camera.urdf.xacro
[0.363s] -- Up-to-date: /home/student/aruco_realsense/install/realsense2_description/share/realsense2_description/urdf/_d455.urdf.xacro
[0.363s] -- Up-to-date: /home/student/aruco_realsense/install/realsense2_description/share/ament_index/resource_index/package_run_dependencies/realsense2_description
[0.364s] -- Up-to-date: /home/student/aruco_realsense/install/realsense2_description/share/ament_index/resource_index/parent_prefix_path/realsense2_description
[0.365s] -- Up-to-date: /home/student/aruco_realsense/install/realsense2_description/share/realsense2_description/environment/ament_prefix_path.sh
[0.365s] -- Up-to-date: /home/student/aruco_realsense/install/realsense2_description/share/realsense2_description/environment/ament_prefix_path.dsv
[0.366s] -- Up-to-date: /home/student/aruco_realsense/install/realsense2_description/share/realsense2_description/environment/path.sh
[0.366s] -- Up-to-date: /home/student/aruco_realsense/install/realsense2_description/share/realsense2_description/environment/path.dsv
[0.373s] -- Up-to-date: /home/student/aruco_realsense/install/realsense2_description/share/realsense2_description/local_setup.bash
[0.375s] -- Up-to-date: /home/student/aruco_realsense/install/realsense2_description/share/realsense2_description/local_setup.sh
[0.375s] -- Up-to-date: /home/student/aruco_realsense/install/realsense2_description/share/realsense2_description/local_setup.zsh
[0.377s] -- Up-to-date: /home/student/aruco_realsense/install/realsense2_description/share/realsense2_description/local_setup.dsv
[0.379s] -- Installing: /home/student/aruco_realsense/install/realsense2_description/share/realsense2_description/package.dsv
[0.380s] -- Up-to-date: /home/student/aruco_realsense/install/realsense2_description/share/ament_index/resource_index/packages/realsense2_description
[0.381s] -- Up-to-date: /home/student/aruco_realsense/install/realsense2_description/share/realsense2_description/cmake/realsense2_descriptionConfig.cmake
[0.382s] -- Up-to-date: /home/student/aruco_realsense/install/realsense2_description/share/realsense2_description/cmake/realsense2_descriptionConfig-version.cmake
[0.390s] -- Up-to-date: /home/student/aruco_realsense/install/realsense2_description/share/realsense2_description/package.xml
[0.391s] Invoked command in '/home/student/aruco_realsense/build/realsense2_description' returned '0': CMAKE_PREFIX_PATH=/home/student/aruco_realsense/install/realsense2_camera_msgs:/home/student/aruco_realsense/install/aruco_rs:/home/student/aruco_realsense/install/ros2_aruco_interfaces:/home/student/aruco_realsense/install/realsense2_description:/home/student/aruco_realsense/install/realsense2_camera:/home/student/aruco_realsense/install/aruco_rs2:/home/student/aruco_realsense/install/ros2_aruco:/opt/ros/galactic LD_LIBRARY_PATH=/home/student/aruco_realsense/install/realsense2_camera_msgs/lib:/home/student/aruco_realsense/install/ros2_aruco_interfaces/lib:/home/student/aruco_realsense/install/realsense2_camera/lib:/opt/ros/galactic/opt/yaml_cpp_vendor/lib:/opt/ros/galactic/opt/rviz_ogre_vendor/lib:/opt/ros/galactic/lib/x86_64-linux-gnu:/opt/ros/galactic/lib:/usr/local/cuda-11.1/lib64: PYTHONPATH=/home/student/aruco_realsense/install/realsense2_camera_msgs/lib/python3.8/site-packages:/home/student/aruco_realsense/install/aruco_rs2/lib/python3.8/site-packages:/home/student/aruco_realsense/install/ros2_aruco_interfaces/lib/python3.8/site-packages:/home/student/aruco_realsense/install/ros2_aruco/lib/python3.8/site-packages:/opt/ros/galactic/lib/python3.8/site-packages /usr/bin/cmake --install /home/student/aruco_realsense/build/realsense2_description
