[0.030s] Invoking command in '/home/student/aruco_realsense/build/realsense2_camera': CMAKE_PREFIX_PATH=/home/student/aruco_realsense/install/realsense2_camera_msgs:/home/student/aruco_realsense/install/aruco_rs:/home/student/aruco_realsense/install/ros2_aruco_interfaces:/home/student/aruco_realsense/install/realsense2_description:/home/student/aruco_realsense/install/realsense2_camera:/home/student/aruco_realsense/install/aruco_rs2:/home/student/aruco_realsense/install/ros2_aruco:/opt/ros/galactic LD_LIBRARY_PATH=/home/student/aruco_realsense/install/realsense2_camera_msgs/lib:/home/student/aruco_realsense/install/ros2_aruco_interfaces/lib:/home/student/aruco_realsense/install/realsense2_camera/lib:/opt/ros/galactic/opt/yaml_cpp_vendor/lib:/opt/ros/galactic/opt/rviz_ogre_vendor/lib:/opt/ros/galactic/lib/x86_64-linux-gnu:/opt/ros/galactic/lib:/usr/local/cuda-11.1/lib64: PYTHONPATH=/home/student/aruco_realsense/install/realsense2_camera_msgs/lib/python3.8/site-packages:/home/student/aruco_realsense/install/aruco_rs2/lib/python3.8/site-packages:/home/student/aruco_realsense/install/ros2_aruco_interfaces/lib/python3.8/site-packages:/home/student/aruco_realsense/install/ros2_aruco/lib/python3.8/site-packages:/opt/ros/galactic/lib/python3.8/site-packages /usr/bin/cmake --build /home/student/aruco_realsense/build/realsense2_camera -- -j12 -l12
[0.100s] [ 25%] Built target realsense2_camera_node
[0.179s] [100%] Built target realsense2_camera
[0.322s] Invoked command in '/home/student/aruco_realsense/build/realsense2_camera' returned '0': CMAKE_PREFIX_PATH=/home/student/aruco_realsense/install/realsense2_camera_msgs:/home/student/aruco_realsense/install/aruco_rs:/home/student/aruco_realsense/install/ros2_aruco_interfaces:/home/student/aruco_realsense/install/realsense2_description:/home/student/aruco_realsense/install/realsense2_camera:/home/student/aruco_realsense/install/aruco_rs2:/home/student/aruco_realsense/install/ros2_aruco:/opt/ros/galactic LD_LIBRARY_PATH=/home/student/aruco_realsense/install/realsense2_camera_msgs/lib:/home/student/aruco_realsense/install/ros2_aruco_interfaces/lib:/home/student/aruco_realsense/install/realsense2_camera/lib:/opt/ros/galactic/opt/yaml_cpp_vendor/lib:/opt/ros/galactic/opt/rviz_ogre_vendor/lib:/opt/ros/galactic/lib/x86_64-linux-gnu:/opt/ros/galactic/lib:/usr/local/cuda-11.1/lib64: PYTHONPATH=/home/student/aruco_realsense/install/realsense2_camera_msgs/lib/python3.8/site-packages:/home/student/aruco_realsense/install/aruco_rs2/lib/python3.8/site-packages:/home/student/aruco_realsense/install/ros2_aruco_interfaces/lib/python3.8/site-packages:/home/student/aruco_realsense/install/ros2_aruco/lib/python3.8/site-packages:/opt/ros/galactic/lib/python3.8/site-packages /usr/bin/cmake --build /home/student/aruco_realsense/build/realsense2_camera -- -j12 -l12
[0.489s] Invoking command in '/home/student/aruco_realsense/build/realsense2_camera': CMAKE_PREFIX_PATH=/home/student/aruco_realsense/install/realsense2_camera_msgs:/home/student/aruco_realsense/install/aruco_rs:/home/student/aruco_realsense/install/ros2_aruco_interfaces:/home/student/aruco_realsense/install/realsense2_description:/home/student/aruco_realsense/install/realsense2_camera:/home/student/aruco_realsense/install/aruco_rs2:/home/student/aruco_realsense/install/ros2_aruco:/opt/ros/galactic LD_LIBRARY_PATH=/home/student/aruco_realsense/install/realsense2_camera_msgs/lib:/home/student/aruco_realsense/install/ros2_aruco_interfaces/lib:/home/student/aruco_realsense/install/realsense2_camera/lib:/opt/ros/galactic/opt/yaml_cpp_vendor/lib:/opt/ros/galactic/opt/rviz_ogre_vendor/lib:/opt/ros/galactic/lib/x86_64-linux-gnu:/opt/ros/galactic/lib:/usr/local/cuda-11.1/lib64: PYTHONPATH=/home/student/aruco_realsense/install/realsense2_camera_msgs/lib/python3.8/site-packages:/home/student/aruco_realsense/install/aruco_rs2/lib/python3.8/site-packages:/home/student/aruco_realsense/install/ros2_aruco_interfaces/lib/python3.8/site-packages:/home/student/aruco_realsense/install/ros2_aruco/lib/python3.8/site-packages:/opt/ros/galactic/lib/python3.8/site-packages /usr/bin/cmake --install /home/student/aruco_realsense/build/realsense2_camera
[0.519s] -- Install configuration: "Release"
[0.520s] -- Up-to-date: /home/student/aruco_realsense/install/realsense2_camera/lib/realsense2_camera/realsense2_camera_node
[0.522s] -- Up-to-date: /home/student/aruco_realsense/install/realsense2_camera/lib/librealsense2_camera.so
[0.523s] -- Up-to-date: /home/student/aruco_realsense/install/realsense2_camera/include
[0.524s] -- Up-to-date: /home/student/aruco_realsense/install/realsense2_camera/include/realsense_node_factory.h
[0.525s] -- Up-to-date: /home/student/aruco_realsense/install/realsense2_camera/include/base_realsense_node.h
[0.526s] -- Up-to-date: /home/student/aruco_realsense/install/realsense2_camera/include/dynamic_params.h
[0.527s] -- Up-to-date: /home/student/aruco_realsense/install/realsense2_camera/include/ros_param_backend.h
[0.527s] -- Up-to-date: /home/student/aruco_realsense/install/realsense2_camera/include/constants.h
[0.528s] -- Up-to-date: /home/student/aruco_realsense/install/realsense2_camera/include/t265_realsense_node.h
[0.529s] -- Up-to-date: /home/student/aruco_realsense/install/realsense2_camera/share/realsense2_camera/launch
[0.530s] -- Up-to-date: /home/student/aruco_realsense/install/realsense2_camera/share/realsense2_camera/launch/rs_launch.py
[0.530s] -- Up-to-date: /home/student/aruco_realsense/install/realsense2_camera/share/realsense2_camera/launch/demo_pointcloud_launch.py
[0.531s] -- Up-to-date: /home/student/aruco_realsense/install/realsense2_camera/share/realsense2_camera/launch/rs_t265_launch.py
[0.531s] -- Up-to-date: /home/student/aruco_realsense/install/realsense2_camera/share/realsense2_camera/launch/demo_t265_launch.py
[0.532s] -- Up-to-date: /home/student/aruco_realsense/install/realsense2_camera/share/realsense2_camera/launch/rs_d400_and_t265_launch.py
[0.532s] -- Up-to-date: /home/student/aruco_realsense/install/realsense2_camera/share/realsense2_camera/launch/rs_multi_camera_launch.py
[0.533s] -- Up-to-date: /home/student/aruco_realsense/install/realsense2_camera/share/realsense2_camera/launch/default.rviz
[0.534s] -- Up-to-date: /home/student/aruco_realsense/install/realsense2_camera/share/realsense2_camera/config
[0.535s] -- Up-to-date: /home/student/aruco_realsense/install/realsense2_camera/share/realsense2_camera/config/d435i.yaml
[0.548s] -- Up-to-date: /home/student/aruco_realsense/install/realsense2_camera/share/realsense2_camera/rviz
[0.549s] -- Up-to-date: /home/student/aruco_realsense/install/realsense2_camera/share/realsense2_camera/rviz/pointcloud.rviz
[0.550s] -- Up-to-date: /home/student/aruco_realsense/install/realsense2_camera/share/realsense2_camera/rviz/t265.rviz
[0.550s] -- Up-to-date: /home/student/aruco_realsense/install/realsense2_camera/share/realsense2_camera/environment/library_path.sh
[0.551s] -- Up-to-date: /home/student/aruco_realsense/install/realsense2_camera/share/realsense2_camera/environment/library_path.dsv
[0.552s] -- Up-to-date: /home/student/aruco_realsense/install/realsense2_camera/share/ament_index/resource_index/package_run_dependencies/realsense2_camera
[0.553s] -- Up-to-date: /home/student/aruco_realsense/install/realsense2_camera/share/ament_index/resource_index/parent_prefix_path/realsense2_camera
[0.553s] -- Up-to-date: /home/student/aruco_realsense/install/realsense2_camera/share/realsense2_camera/environment/ament_prefix_path.sh
[0.554s] -- Up-to-date: /home/student/aruco_realsense/install/realsense2_camera/share/realsense2_camera/environment/ament_prefix_path.dsv
[0.555s] -- Up-to-date: /home/student/aruco_realsense/install/realsense2_camera/share/realsense2_camera/environment/path.sh
[0.556s] -- Up-to-date: /home/student/aruco_realsense/install/realsense2_camera/share/realsense2_camera/environment/path.dsv
[0.556s] -- Up-to-date: /home/student/aruco_realsense/install/realsense2_camera/share/realsense2_camera/local_setup.bash
[0.557s] -- Up-to-date: /home/student/aruco_realsense/install/realsense2_camera/share/realsense2_camera/local_setup.sh
[0.557s] -- Up-to-date: /home/student/aruco_realsense/install/realsense2_camera/share/realsense2_camera/local_setup.zsh
[0.558s] -- Up-to-date: /home/student/aruco_realsense/install/realsense2_camera/share/realsense2_camera/local_setup.dsv
[0.559s] -- Installing: /home/student/aruco_realsense/install/realsense2_camera/share/realsense2_camera/package.dsv
[0.559s] -- Up-to-date: /home/student/aruco_realsense/install/realsense2_camera/share/ament_index/resource_index/packages/realsense2_camera
[0.560s] -- Up-to-date: /home/student/aruco_realsense/install/realsense2_camera/share/ament_index/resource_index/rclcpp_components/realsense2_camera
[0.560s] -- Up-to-date: /home/student/aruco_realsense/install/realsense2_camera/share/realsense2_camera/cmake/ament_cmake_export_include_directories-extras.cmake
[0.561s] -- Up-to-date: /home/student/aruco_realsense/install/realsense2_camera/share/realsense2_camera/cmake/ament_cmake_export_libraries-extras.cmake
[0.562s] -- Up-to-date: /home/student/aruco_realsense/install/realsense2_camera/share/realsense2_camera/cmake/ament_cmake_export_dependencies-extras.cmake
[0.562s] -- Up-to-date: /home/student/aruco_realsense/install/realsense2_camera/share/realsense2_camera/cmake/realsense2_cameraConfig.cmake
[0.568s] -- Up-to-date: /home/student/aruco_realsense/install/realsense2_camera/share/realsense2_camera/cmake/realsense2_cameraConfig-version.cmake
[0.571s] -- Up-to-date: /home/student/aruco_realsense/install/realsense2_camera/share/realsense2_camera/package.xml
[0.572s] Invoked command in '/home/student/aruco_realsense/build/realsense2_camera' returned '0': CMAKE_PREFIX_PATH=/home/student/aruco_realsense/install/realsense2_camera_msgs:/home/student/aruco_realsense/install/aruco_rs:/home/student/aruco_realsense/install/ros2_aruco_interfaces:/home/student/aruco_realsense/install/realsense2_description:/home/student/aruco_realsense/install/realsense2_camera:/home/student/aruco_realsense/install/aruco_rs2:/home/student/aruco_realsense/install/ros2_aruco:/opt/ros/galactic LD_LIBRARY_PATH=/home/student/aruco_realsense/install/realsense2_camera_msgs/lib:/home/student/aruco_realsense/install/ros2_aruco_interfaces/lib:/home/student/aruco_realsense/install/realsense2_camera/lib:/opt/ros/galactic/opt/yaml_cpp_vendor/lib:/opt/ros/galactic/opt/rviz_ogre_vendor/lib:/opt/ros/galactic/lib/x86_64-linux-gnu:/opt/ros/galactic/lib:/usr/local/cuda-11.1/lib64: PYTHONPATH=/home/student/aruco_realsense/install/realsense2_camera_msgs/lib/python3.8/site-packages:/home/student/aruco_realsense/install/aruco_rs2/lib/python3.8/site-packages:/home/student/aruco_realsense/install/ros2_aruco_interfaces/lib/python3.8/site-packages:/home/student/aruco_realsense/install/ros2_aruco/lib/python3.8/site-packages:/opt/ros/galactic/lib/python3.8/site-packages /usr/bin/cmake --install /home/student/aruco_realsense/build/realsense2_camera
