[0.016s] Invoking command in '/home/student/aruco_realsense/build/realsense2_camera': AMENT_PREFIX_PATH=/home/student/aruco_realsense/install/realsense2_camera_msgs:${AMENT_PREFIX_PATH} CMAKE_PREFIX_PATH=/home/student/aruco_realsense/install/realsense2_camera_msgs:/opt/ros/galactic LD_LIBRARY_PATH=/home/student/aruco_realsense/install/realsense2_camera_msgs/lib:/opt/ros/galactic/opt/yaml_cpp_vendor/lib:/opt/ros/galactic/opt/rviz_ogre_vendor/lib:/opt/ros/galactic/lib/x86_64-linux-gnu:/opt/ros/galactic/lib:/usr/local/cuda-11.1/lib64: PYTHONPATH=/home/student/aruco_realsense/install/realsense2_camera_msgs/lib/python3.8/site-packages:${PYTHONPATH} /usr/bin/cmake /home/student/aruco_realsense/src/realsense-ros/realsense2_camera -DCMAKE_INSTALL_PREFIX=/home/student/aruco_realsense/install/realsense2_camera
[0.061s] -- The C compiler identification is GNU 9.4.0
[0.105s] -- The CXX compiler identification is GNU 9.4.0
[0.109s] -- Check for working C compiler: /usr/bin/cc
[0.166s] -- Check for working C compiler: /usr/bin/cc -- works
[0.167s] -- Detecting C compiler ABI info
[0.224s] -- Detecting C compiler ABI info - done
[0.233s] -- Detecting C compile features
[0.233s] -- Detecting C compile features - done
[0.236s] -- Check for working CXX compiler: /usr/bin/c++
[0.302s] -- Check for working CXX compiler: /usr/bin/c++ -- works
[0.303s] -- Detecting CXX compiler ABI info
[0.377s] -- Detecting CXX compiler ABI info - done
[0.388s] -- Detecting CXX compile features
[0.389s] -- Detecting CXX compile features - done
[0.389s] -- Create Release Build.
[0.391s] -- Found ament_cmake: 1.1.5 (/opt/ros/galactic/share/ament_cmake/cmake)
[0.415s] -- Found PythonInterp: /usr/bin/python3 (found suitable version "3.8.10", minimum required is "3") 
[0.415s] -- Using PYTHON_EXECUTABLE: /usr/bin/python3
[0.481s] -- Found builtin_interfaces: 1.0.3 (/opt/ros/galactic/share/builtin_interfaces/cmake)
[0.503s] -- Using all available rosidl_typesupport_c: rosidl_typesupport_fastrtps_c;rosidl_typesupport_introspection_c
[0.509s] -- Found rosidl_adapter: 2.2.2 (/opt/ros/galactic/share/rosidl_adapter/cmake)
[0.580s] -- Found OpenSSL: /usr/lib/x86_64-linux-gnu/libcrypto.so (found version "1.1.1f")  
[0.607s] -- Found FastRTPS: /opt/ros/galactic/include  
[0.672s] -- Using all available rosidl_typesupport_cpp: rosidl_typesupport_fastrtps_cpp;rosidl_typesupport_introspection_cpp
[0.808s] -- Found cv_bridge: 2.2.1 (/opt/ros/galactic/share/cv_bridge/cmake)
[0.855s] -- Found image_transport: 2.3.1 (/opt/ros/galactic/share/image_transport/cmake)
[0.924s] -- Found rmw_implementation_cmake: 3.3.1 (/opt/ros/galactic/share/rmw_implementation_cmake/cmake)
[0.926s] -- Found rmw_cyclonedds_cpp: 0.22.5 (/opt/ros/galactic/share/rmw_cyclonedds_cpp/cmake)
[0.946s] -- Using RMW implementation 'rmw_cyclonedds_cpp' as default
[0.947s] -- Looking for pthread.h
[1.006s] -- Looking for pthread.h - found
[1.007s] -- Performing Test CMAKE_HAVE_LIBC_PTHREAD
[1.082s] -- Performing Test CMAKE_HAVE_LIBC_PTHREAD - Failed
[1.082s] -- Looking for pthread_create in pthreads
[1.146s] -- Looking for pthread_create in pthreads - not found
[1.146s] -- Looking for pthread_create in pthread
[1.222s] -- Looking for pthread_create in pthread - found
[1.223s] -- Found Threads: TRUE  
[1.531s] -- Found rclcpp_components: 9.2.1 (/opt/ros/galactic/share/rclcpp_components/cmake)
[1.580s] -- Found realsense2_camera_msgs: 3.2.3 (/home/student/aruco_realsense/install/realsense2_camera_msgs/share/realsense2_camera_msgs/cmake)
[1.615s] -- Found std_srvs: 2.2.4 (/opt/ros/galactic/share/std_srvs/cmake)
[1.626s] -- Found nav_msgs: 2.2.4 (/opt/ros/galactic/share/nav_msgs/cmake)
[1.694s] -- Found tf2_ros: 0.17.3 (/opt/ros/galactic/share/tf2_ros/cmake)
[1.966s] -- Found diagnostic_updater: 2.1.3 (/opt/ros/galactic/share/diagnostic_updater/cmake)
[2.026s] -- Build for ROS2 Galactic
[2.097s] -- Found ament_lint_auto: 0.10.7 (/opt/ros/galactic/share/ament_lint_auto/cmake)
[2.102s] -- Found OpenCV: /usr (found version "4.2.0") 
[2.173s] -- Added test 'copyright' to check source files copyright and LICENSE
[2.174s] -- Added test 'cppcheck' to perform static code analysis on C / C++ code
[2.175s] -- Configured cppcheck include dirs: /home/student/aruco_realsense/src/realsense-ros/realsense2_camera/include
[2.175s] -- Configured cppcheck exclude dirs and/or files: 
[2.177s] -- Added test 'cpplint' to check C / C++ code against the Google style
[2.177s] -- Configured cpplint exclude dirs and/or files: 
[2.177s] -- Added test 'flake8' to check Python code syntax and style conventions
[2.178s] -- Added test 'lint_cmake' to check CMake code style
[2.179s] -- Added test 'pep257' to check Python code against some of the style conventions in PEP 257
[2.180s] -- Added test 'uncrustify' to check C / C++ code style
[2.180s] -- Configured uncrustify additional arguments: 
[2.181s] -- Added test 'xmllint' to check XML markup files
[2.185s] -- Configuring done
[2.226s] -- Generating done
[2.228s] -- Build files have been written to: /home/student/aruco_realsense/build/realsense2_camera
[2.236s] Invoked command in '/home/student/aruco_realsense/build/realsense2_camera' returned '0': AMENT_PREFIX_PATH=/home/student/aruco_realsense/install/realsense2_camera_msgs:${AMENT_PREFIX_PATH} CMAKE_PREFIX_PATH=/home/student/aruco_realsense/install/realsense2_camera_msgs:/opt/ros/galactic LD_LIBRARY_PATH=/home/student/aruco_realsense/install/realsense2_camera_msgs/lib:/opt/ros/galactic/opt/yaml_cpp_vendor/lib:/opt/ros/galactic/opt/rviz_ogre_vendor/lib:/opt/ros/galactic/lib/x86_64-linux-gnu:/opt/ros/galactic/lib:/usr/local/cuda-11.1/lib64: PYTHONPATH=/home/student/aruco_realsense/install/realsense2_camera_msgs/lib/python3.8/site-packages:${PYTHONPATH} /usr/bin/cmake /home/student/aruco_realsense/src/realsense-ros/realsense2_camera -DCMAKE_INSTALL_PREFIX=/home/student/aruco_realsense/install/realsense2_camera
[2.238s] Invoking command in '/home/student/aruco_realsense/build/realsense2_camera': AMENT_PREFIX_PATH=/home/student/aruco_realsense/install/realsense2_camera_msgs:${AMENT_PREFIX_PATH} CMAKE_PREFIX_PATH=/home/student/aruco_realsense/install/realsense2_camera_msgs:/opt/ros/galactic LD_LIBRARY_PATH=/home/student/aruco_realsense/install/realsense2_camera_msgs/lib:/opt/ros/galactic/opt/yaml_cpp_vendor/lib:/opt/ros/galactic/opt/rviz_ogre_vendor/lib:/opt/ros/galactic/lib/x86_64-linux-gnu:/opt/ros/galactic/lib:/usr/local/cuda-11.1/lib64: PYTHONPATH=/home/student/aruco_realsense/install/realsense2_camera_msgs/lib/python3.8/site-packages:${PYTHONPATH} /usr/bin/cmake --build /home/student/aruco_realsense/build/realsense2_camera -- -j12 -l12
[2.273s] [35m[1mScanning dependencies of target realsense2_camera_node[0m
[2.273s] [35m[1mScanning dependencies of target realsense2_camera[0m
[2.340s] [ 12%] [32mBuilding CXX object CMakeFiles/realsense2_camera_node.dir/rclcpp_components/node_main_realsense2_camera_node.cpp.o[0m
[2.401s] [ 37%] [32mBuilding CXX object CMakeFiles/realsense2_camera.dir/src/t265_realsense_node.cpp.o[0m
[2.401s] [ 37%] [32mBuilding CXX object CMakeFiles/realsense2_camera.dir/src/base_realsense_node.cpp.o[0m
[2.401s] [ 50%] [32mBuilding CXX object CMakeFiles/realsense2_camera.dir/src/dynamic_params.cpp.o[0m
[2.403s] [ 62%] [32mBuilding CXX object CMakeFiles/realsense2_camera.dir/src/realsense_node_factory.cpp.o[0m
[2.405s] [ 75%] [32mBuilding CXX object CMakeFiles/realsense2_camera.dir/src/ros_param_backend_foxy.cpp.o[0m
[5.583s] [ 87%] [32m[1mLinking CXX executable realsense2_camera_node[0m
[5.733s] [ 87%] Built target realsense2_camera_node
[26.197s] [100%] [32m[1mLinking CXX shared library librealsense2_camera.so[0m
[27.058s] [100%] Built target realsense2_camera
[27.126s] Invoked command in '/home/student/aruco_realsense/build/realsense2_camera' returned '0': AMENT_PREFIX_PATH=/home/student/aruco_realsense/install/realsense2_camera_msgs:${AMENT_PREFIX_PATH} CMAKE_PREFIX_PATH=/home/student/aruco_realsense/install/realsense2_camera_msgs:/opt/ros/galactic LD_LIBRARY_PATH=/home/student/aruco_realsense/install/realsense2_camera_msgs/lib:/opt/ros/galactic/opt/yaml_cpp_vendor/lib:/opt/ros/galactic/opt/rviz_ogre_vendor/lib:/opt/ros/galactic/lib/x86_64-linux-gnu:/opt/ros/galactic/lib:/usr/local/cuda-11.1/lib64: PYTHONPATH=/home/student/aruco_realsense/install/realsense2_camera_msgs/lib/python3.8/site-packages:${PYTHONPATH} /usr/bin/cmake --build /home/student/aruco_realsense/build/realsense2_camera -- -j12 -l12
[27.207s] Invoking command in '/home/student/aruco_realsense/build/realsense2_camera': AMENT_PREFIX_PATH=/home/student/aruco_realsense/install/realsense2_camera_msgs:${AMENT_PREFIX_PATH} CMAKE_PREFIX_PATH=/home/student/aruco_realsense/install/realsense2_camera_msgs:/opt/ros/galactic LD_LIBRARY_PATH=/home/student/aruco_realsense/install/realsense2_camera_msgs/lib:/opt/ros/galactic/opt/yaml_cpp_vendor/lib:/opt/ros/galactic/opt/rviz_ogre_vendor/lib:/opt/ros/galactic/lib/x86_64-linux-gnu:/opt/ros/galactic/lib:/usr/local/cuda-11.1/lib64: PYTHONPATH=/home/student/aruco_realsense/install/realsense2_camera_msgs/lib/python3.8/site-packages:${PYTHONPATH} /usr/bin/cmake --install /home/student/aruco_realsense/build/realsense2_camera
[27.233s] -- Install configuration: "Release"
[27.234s] -- Installing: /home/student/aruco_realsense/install/realsense2_camera/lib/realsense2_camera/realsense2_camera_node
[27.235s] -- Set runtime path of "/home/student/aruco_realsense/install/realsense2_camera/lib/realsense2_camera/realsense2_camera_node" to ""
[27.235s] -- Installing: /home/student/aruco_realsense/install/realsense2_camera/lib/librealsense2_camera.so
[27.240s] -- Set runtime path of "/home/student/aruco_realsense/install/realsense2_camera/lib/librealsense2_camera.so" to ""
[27.240s] -- Installing: /home/student/aruco_realsense/install/realsense2_camera/include
[27.240s] -- Installing: /home/student/aruco_realsense/install/realsense2_camera/include/realsense_node_factory.h
[27.241s] -- Installing: /home/student/aruco_realsense/install/realsense2_camera/include/base_realsense_node.h
[27.241s] -- Installing: /home/student/aruco_realsense/install/realsense2_camera/include/dynamic_params.h
[27.241s] -- Installing: /home/student/aruco_realsense/install/realsense2_camera/include/ros_param_backend.h
[27.241s] -- Installing: /home/student/aruco_realsense/install/realsense2_camera/include/constants.h
[27.241s] -- Installing: /home/student/aruco_realsense/install/realsense2_camera/include/t265_realsense_node.h
[27.241s] -- Installing: /home/student/aruco_realsense/install/realsense2_camera/share/realsense2_camera/launch
[27.241s] -- Installing: /home/student/aruco_realsense/install/realsense2_camera/share/realsense2_camera/launch/rs_launch.py
[27.242s] -- Installing: /home/student/aruco_realsense/install/realsense2_camera/share/realsense2_camera/launch/demo_pointcloud_launch.py
[27.243s] -- Installing: /home/student/aruco_realsense/install/realsense2_camera/share/realsense2_camera/launch/rs_t265_launch.py
[27.243s] -- Installing: /home/student/aruco_realsense/install/realsense2_camera/share/realsense2_camera/launch/demo_t265_launch.py
[27.244s] -- Installing: /home/student/aruco_realsense/install/realsense2_camera/share/realsense2_camera/launch/rs_d400_and_t265_launch.py
[27.244s] -- Installing: /home/student/aruco_realsense/install/realsense2_camera/share/realsense2_camera/launch/rs_multi_camera_launch.py
[27.245s] -- Installing: /home/student/aruco_realsense/install/realsense2_camera/share/realsense2_camera/launch/default.rviz
[27.245s] -- Installing: /home/student/aruco_realsense/install/realsense2_camera/share/realsense2_camera/config
[27.245s] -- Installing: /home/student/aruco_realsense/install/realsense2_camera/share/realsense2_camera/config/d435i.yaml
[27.246s] -- Installing: /home/student/aruco_realsense/install/realsense2_camera/share/realsense2_camera/rviz
[27.246s] -- Installing: /home/student/aruco_realsense/install/realsense2_camera/share/realsense2_camera/rviz/pointcloud.rviz
[27.246s] -- Installing: /home/student/aruco_realsense/install/realsense2_camera/share/realsense2_camera/rviz/t265.rviz
[27.247s] -- Installing: /home/student/aruco_realsense/install/realsense2_camera/share/realsense2_camera/environment/library_path.sh
[27.247s] -- Installing: /home/student/aruco_realsense/install/realsense2_camera/share/realsense2_camera/environment/library_path.dsv
[27.247s] -- Installing: /home/student/aruco_realsense/install/realsense2_camera/share/ament_index/resource_index/package_run_dependencies/realsense2_camera
[27.247s] -- Installing: /home/student/aruco_realsense/install/realsense2_camera/share/ament_index/resource_index/parent_prefix_path/realsense2_camera
[27.248s] -- Installing: /home/student/aruco_realsense/install/realsense2_camera/share/realsense2_camera/environment/ament_prefix_path.sh
[27.248s] -- Installing: /home/student/aruco_realsense/install/realsense2_camera/share/realsense2_camera/environment/ament_prefix_path.dsv
[27.248s] -- Installing: /home/student/aruco_realsense/install/realsense2_camera/share/realsense2_camera/environment/path.sh
[27.248s] -- Installing: /home/student/aruco_realsense/install/realsense2_camera/share/realsense2_camera/environment/path.dsv
[27.248s] -- Installing: /home/student/aruco_realsense/install/realsense2_camera/share/realsense2_camera/local_setup.bash
[27.249s] -- Installing: /home/student/aruco_realsense/install/realsense2_camera/share/realsense2_camera/local_setup.sh
[27.249s] -- Installing: /home/student/aruco_realsense/install/realsense2_camera/share/realsense2_camera/local_setup.zsh
[27.249s] -- Installing: /home/student/aruco_realsense/install/realsense2_camera/share/realsense2_camera/local_setup.dsv
[27.249s] -- Installing: /home/student/aruco_realsense/install/realsense2_camera/share/realsense2_camera/package.dsv
[27.249s] -- Installing: /home/student/aruco_realsense/install/realsense2_camera/share/ament_index/resource_index/packages/realsense2_camera
[27.249s] -- Installing: /home/student/aruco_realsense/install/realsense2_camera/share/ament_index/resource_index/rclcpp_components/realsense2_camera
[27.250s] -- Installing: /home/student/aruco_realsense/install/realsense2_camera/share/realsense2_camera/cmake/ament_cmake_export_include_directories-extras.cmake
[27.250s] -- Installing: /home/student/aruco_realsense/install/realsense2_camera/share/realsense2_camera/cmake/ament_cmake_export_libraries-extras.cmake
[27.250s] -- Installing: /home/student/aruco_realsense/install/realsense2_camera/share/realsense2_camera/cmake/ament_cmake_export_dependencies-extras.cmake
[27.250s] -- Installing: /home/student/aruco_realsense/install/realsense2_camera/share/realsense2_camera/cmake/realsense2_cameraConfig.cmake
[27.250s] -- Installing: /home/student/aruco_realsense/install/realsense2_camera/share/realsense2_camera/cmake/realsense2_cameraConfig-version.cmake
[27.251s] -- Installing: /home/student/aruco_realsense/install/realsense2_camera/share/realsense2_camera/package.xml
[27.255s] Invoked command in '/home/student/aruco_realsense/build/realsense2_camera' returned '0': AMENT_PREFIX_PATH=/home/student/aruco_realsense/install/realsense2_camera_msgs:${AMENT_PREFIX_PATH} CMAKE_PREFIX_PATH=/home/student/aruco_realsense/install/realsense2_camera_msgs:/opt/ros/galactic LD_LIBRARY_PATH=/home/student/aruco_realsense/install/realsense2_camera_msgs/lib:/opt/ros/galactic/opt/yaml_cpp_vendor/lib:/opt/ros/galactic/opt/rviz_ogre_vendor/lib:/opt/ros/galactic/lib/x86_64-linux-gnu:/opt/ros/galactic/lib:/usr/local/cuda-11.1/lib64: PYTHONPATH=/home/student/aruco_realsense/install/realsense2_camera_msgs/lib/python3.8/site-packages:${PYTHONPATH} /usr/bin/cmake --install /home/student/aruco_realsense/build/realsense2_camera
