[0.105s] Invoking command in '/home/student/aruco_realsense/build/ur_description': CMAKE_PREFIX_PATH=${CMAKE_PREFIX_PATH}:/home/student/aruco_realsense/install/ros2_aruco:/home/student/aruco_realsense/install/aruco_rs2:/opt/ros/galactic /usr/bin/cmake --build /home/student/aruco_realsense/build/ur_description -- -j12 -l12
[0.659s] Invoked command in '/home/student/aruco_realsense/build/ur_description' returned '0': CMAKE_PREFIX_PATH=${CMAKE_PREFIX_PATH}:/home/student/aruco_realsense/install/ros2_aruco:/home/student/aruco_realsense/install/aruco_rs2:/opt/ros/galactic /usr/bin/cmake --build /home/student/aruco_realsense/build/ur_description -- -j12 -l12
[0.697s] Invoking command in '/home/student/aruco_realsense/build/ur_description': CMAKE_PREFIX_PATH=${CMAKE_PREFIX_PATH}:/home/student/aruco_realsense/install/ros2_aruco:/home/student/aruco_realsense/install/aruco_rs2:/opt/ros/galactic /usr/bin/cmake --install /home/student/aruco_realsense/build/ur_description
[0.712s] -- Install configuration: ""
[0.713s] -- Up-to-date: /home/student/aruco_realsense/install/ur_description/share/ur_description/config
[0.713s] -- Up-to-date: /home/student/aruco_realsense/install/ur_description/share/ur_description/config/ur3e
[0.713s] -- Up-to-date: /home/student/aruco_realsense/install/ur_description/share/ur_description/config/ur3e/visual_parameters.yaml
[0.714s] -- Up-to-date: /home/student/aruco_realsense/install/ur_description/share/ur_description/config/ur3e/joint_limits.yaml
[0.714s] -- Up-to-date: /home/student/aruco_realsense/install/ur_description/share/ur_description/config/ur3e/physical_parameters.yaml
[0.715s] -- Up-to-date: /home/student/aruco_realsense/install/ur_description/share/ur_description/config/ur3e/default_kinematics.yaml
[0.715s] -- Up-to-date: /home/student/aruco_realsense/install/ur_description/share/ur_description/config/ur16e
[0.715s] -- Up-to-date: /home/student/aruco_realsense/install/ur_description/share/ur_description/config/ur16e/visual_parameters.yaml
[0.715s] -- Up-to-date: /home/student/aruco_realsense/install/ur_description/share/ur_description/config/ur16e/joint_limits.yaml
[0.716s] -- Up-to-date: /home/student/aruco_realsense/install/ur_description/share/ur_description/config/ur16e/physical_parameters.yaml
[0.716s] -- Up-to-date: /home/student/aruco_realsense/install/ur_description/share/ur_description/config/ur16e/default_kinematics.yaml
[0.716s] -- Up-to-date: /home/student/aruco_realsense/install/ur_description/share/ur_description/config/ur10e
[0.716s] -- Up-to-date: /home/student/aruco_realsense/install/ur_description/share/ur_description/config/ur10e/visual_parameters.yaml
[0.717s] -- Up-to-date: /home/student/aruco_realsense/install/ur_description/share/ur_description/config/ur10e/joint_limits.yaml
[0.718s] -- Up-to-date: /home/student/aruco_realsense/install/ur_description/share/ur_description/config/ur10e/physical_parameters.yaml
[0.719s] -- Up-to-date: /home/student/aruco_realsense/install/ur_description/share/ur_description/config/ur10e/default_kinematics.yaml
[0.721s] -- Up-to-date: /home/student/aruco_realsense/install/ur_description/share/ur_description/config/initial_positions.yaml
[0.721s] -- Up-to-date: /home/student/aruco_realsense/install/ur_description/share/ur_description/config/ur3
[0.722s] -- Up-to-date: /home/student/aruco_realsense/install/ur_description/share/ur_description/config/ur3/visual_parameters.yaml
[0.722s] -- Up-to-date: /home/student/aruco_realsense/install/ur_description/share/ur_description/config/ur3/joint_limits.yaml
[0.723s] -- Up-to-date: /home/student/aruco_realsense/install/ur_description/share/ur_description/config/ur3/physical_parameters.yaml
[0.724s] -- Up-to-date: /home/student/aruco_realsense/install/ur_description/share/ur_description/config/ur3/default_kinematics.yaml
[0.726s] -- Up-to-date: /home/student/aruco_realsense/install/ur_description/share/ur_description/config/ur5e
[0.738s] -- Up-to-date: /home/student/aruco_realsense/install/ur_description/share/ur_description/config/ur5e/visual_parameters.yaml
[0.740s] -- Up-to-date: /home/student/aruco_realsense/install/ur_description/share/ur_description/config/ur5e/joint_limits.yaml
[0.742s] -- Up-to-date: /home/student/aruco_realsense/install/ur_description/share/ur_description/config/ur5e/physical_parameters.yaml
[0.744s] -- Up-to-date: /home/student/aruco_realsense/install/ur_description/share/ur_description/config/ur5e/default_kinematics.yaml
[0.746s] -- Up-to-date: /home/student/aruco_realsense/install/ur_description/share/ur_description/config/ur5
[0.757s] -- Up-to-date: /home/student/aruco_realsense/install/ur_description/share/ur_description/config/ur5/visual_parameters.yaml
[0.758s] -- Up-to-date: /home/student/aruco_realsense/install/ur_description/share/ur_description/config/ur5/joint_limits.yaml
[0.759s] -- Up-to-date: /home/student/aruco_realsense/install/ur_description/share/ur_description/config/ur5/physical_parameters.yaml
[0.759s] -- Up-to-date: /home/student/aruco_realsense/install/ur_description/share/ur_description/config/ur5/default_kinematics.yaml
[0.760s] -- Up-to-date: /home/student/aruco_realsense/install/ur_description/share/ur_description/config/ur10
[0.760s] -- Up-to-date: /home/student/aruco_realsense/install/ur_description/share/ur_description/config/ur10/visual_parameters.yaml
[0.761s] -- Up-to-date: /home/student/aruco_realsense/install/ur_description/share/ur_description/config/ur10/joint_limits.yaml
[0.761s] -- Up-to-date: /home/student/aruco_realsense/install/ur_description/share/ur_description/config/ur10/physical_parameters.yaml
[0.779s] -- Up-to-date: /home/student/aruco_realsense/install/ur_description/share/ur_description/config/ur10/default_kinematics.yaml
[0.780s] -- Up-to-date: /home/student/aruco_realsense/install/ur_description/share/ur_description/launch
[0.780s] -- Up-to-date: /home/student/aruco_realsense/install/ur_description/share/ur_description/launch/view_ur.launch.py
[0.781s] -- Up-to-date: /home/student/aruco_realsense/install/ur_description/share/ur_description/meshes
[0.781s] -- Up-to-date: /home/student/aruco_realsense/install/ur_description/share/ur_description/meshes/ur3e
[0.782s] -- Up-to-date: /home/student/aruco_realsense/install/ur_description/share/ur_description/meshes/ur3e/collision
[0.782s] -- Up-to-date: /home/student/aruco_realsense/install/ur_description/share/ur_description/meshes/ur3e/collision/shoulder.stl
[0.783s] -- Up-to-date: /home/student/aruco_realsense/install/ur_description/share/ur_description/meshes/ur3e/collision/wrist3.stl
[0.783s] -- Up-to-date: /home/student/aruco_realsense/install/ur_description/share/ur_description/meshes/ur3e/collision/wrist1.stl
[0.784s] -- Up-to-date: /home/student/aruco_realsense/install/ur_description/share/ur_description/meshes/ur3e/collision/wrist2.stl
[0.784s] -- Up-to-date: /home/student/aruco_realsense/install/ur_description/share/ur_description/meshes/ur3e/collision/forearm.stl
[0.785s] -- Up-to-date: /home/student/aruco_realsense/install/ur_description/share/ur_description/meshes/ur3e/collision/upperarm.stl
[0.785s] -- Up-to-date: /home/student/aruco_realsense/install/ur_description/share/ur_description/meshes/ur3e/collision/base.stl
[0.786s] -- Up-to-date: /home/student/aruco_realsense/install/ur_description/share/ur_description/meshes/ur3e/visual
[0.788s] -- Up-to-date: /home/student/aruco_realsense/install/ur_description/share/ur_description/meshes/ur3e/visual/shoulder.dae
[0.789s] -- Up-to-date: /home/student/aruco_realsense/install/ur_description/share/ur_description/meshes/ur3e/visual/base.dae
[0.797s] -- Up-to-date: /home/student/aruco_realsense/install/ur_description/share/ur_description/meshes/ur3e/visual/wrist2.dae
[0.803s] -- Up-to-date: /home/student/aruco_realsense/install/ur_description/share/ur_description/meshes/ur3e/visual/wrist3.dae
[0.803s] -- Up-to-date: /home/student/aruco_realsense/install/ur_description/share/ur_description/meshes/ur3e/visual/wrist1.dae
[0.804s] -- Up-to-date: /home/student/aruco_realsense/install/ur_description/share/ur_description/meshes/ur3e/visual/upperarm.dae
[0.805s] -- Up-to-date: /home/student/aruco_realsense/install/ur_description/share/ur_description/meshes/ur3e/visual/forearm.dae
[0.805s] -- Up-to-date: /home/student/aruco_realsense/install/ur_description/share/ur_description/meshes/ur16e
[0.806s] -- Up-to-date: /home/student/aruco_realsense/install/ur_description/share/ur_description/meshes/ur16e/collision
[0.806s] -- Up-to-date: /home/student/aruco_realsense/install/ur_description/share/ur_description/meshes/ur16e/collision/forearm.stl
[0.810s] -- Up-to-date: /home/student/aruco_realsense/install/ur_description/share/ur_description/meshes/ur16e/collision/upperarm.stl
[0.811s] -- Up-to-date: /home/student/aruco_realsense/install/ur_description/share/ur_description/meshes/ur16e/visual
[0.821s] -- Up-to-date: /home/student/aruco_realsense/install/ur_description/share/ur_description/meshes/ur16e/visual/upperarm.dae
[0.823s] -- Up-to-date: /home/student/aruco_realsense/install/ur_description/share/ur_description/meshes/ur16e/visual/forearm.dae
[0.827s] -- Up-to-date: /home/student/aruco_realsense/install/ur_description/share/ur_description/meshes/ur10e
[0.828s] -- Up-to-date: /home/student/aruco_realsense/install/ur_description/share/ur_description/meshes/ur10e/collision
[0.829s] -- Up-to-date: /home/student/aruco_realsense/install/ur_description/share/ur_description/meshes/ur10e/collision/shoulder.stl
[0.850s] -- Up-to-date: /home/student/aruco_realsense/install/ur_description/share/ur_description/meshes/ur10e/collision/wrist3.stl
[0.856s] -- Up-to-date: /home/student/aruco_realsense/install/ur_description/share/ur_description/meshes/ur10e/collision/wrist1.stl
[0.857s] -- Up-to-date: /home/student/aruco_realsense/install/ur_description/share/ur_description/meshes/ur10e/collision/wrist2.stl
[0.859s] -- Up-to-date: /home/student/aruco_realsense/install/ur_description/share/ur_description/meshes/ur10e/collision/forearm.stl
[0.863s] -- Up-to-date: /home/student/aruco_realsense/install/ur_description/share/ur_description/meshes/ur10e/collision/upperarm.stl
[0.864s] -- Up-to-date: /home/student/aruco_realsense/install/ur_description/share/ur_description/meshes/ur10e/collision/base.stl
[0.869s] -- Up-to-date: /home/student/aruco_realsense/install/ur_description/share/ur_description/meshes/ur10e/visual
[0.870s] -- Up-to-date: /home/student/aruco_realsense/install/ur_description/share/ur_description/meshes/ur10e/visual/shoulder.dae
[0.876s] -- Up-to-date: /home/student/aruco_realsense/install/ur_description/share/ur_description/meshes/ur10e/visual/base.dae
[0.877s] -- Up-to-date: /home/student/aruco_realsense/install/ur_description/share/ur_description/meshes/ur10e/visual/wrist2.dae
[0.878s] -- Up-to-date: /home/student/aruco_realsense/install/ur_description/share/ur_description/meshes/ur10e/visual/wrist3.dae
[0.878s] -- Up-to-date: /home/student/aruco_realsense/install/ur_description/share/ur_description/meshes/ur10e/visual/wrist1.dae
[0.879s] -- Up-to-date: /home/student/aruco_realsense/install/ur_description/share/ur_description/meshes/ur10e/visual/upperarm.dae
[0.879s] -- Up-to-date: /home/student/aruco_realsense/install/ur_description/share/ur_description/meshes/ur10e/visual/forearm.dae
[0.880s] -- Up-to-date: /home/student/aruco_realsense/install/ur_description/share/ur_description/meshes/ur3
[0.880s] -- Up-to-date: /home/student/aruco_realsense/install/ur_description/share/ur_description/meshes/ur3/collision
[0.881s] -- Up-to-date: /home/student/aruco_realsense/install/ur_description/share/ur_description/meshes/ur3/collision/shoulder.stl
[0.881s] -- Up-to-date: /home/student/aruco_realsense/install/ur_description/share/ur_description/meshes/ur3/collision/wrist3.stl
[0.882s] -- Up-to-date: /home/student/aruco_realsense/install/ur_description/share/ur_description/meshes/ur3/collision/wrist1.stl
[0.883s] -- Up-to-date: /home/student/aruco_realsense/install/ur_description/share/ur_description/meshes/ur3/collision/wrist2.stl
[0.885s] -- Up-to-date: /home/student/aruco_realsense/install/ur_description/share/ur_description/meshes/ur3/collision/forearm.stl
[0.889s] -- Up-to-date: /home/student/aruco_realsense/install/ur_description/share/ur_description/meshes/ur3/collision/upperarm.stl
[0.891s] -- Up-to-date: /home/student/aruco_realsense/install/ur_description/share/ur_description/meshes/ur3/collision/base.stl
[0.892s] -- Up-to-date: /home/student/aruco_realsense/install/ur_description/share/ur_description/meshes/ur3/visual
[0.893s] -- Up-to-date: /home/student/aruco_realsense/install/ur_description/share/ur_description/meshes/ur3/visual/shoulder.dae
[0.895s] -- Up-to-date: /home/student/aruco_realsense/install/ur_description/share/ur_description/meshes/ur3/visual/base.dae
[0.902s] -- Up-to-date: /home/student/aruco_realsense/install/ur_description/share/ur_description/meshes/ur3/visual/wrist2.dae
[0.908s] -- Up-to-date: /home/student/aruco_realsense/install/ur_description/share/ur_description/meshes/ur3/visual/wrist3.dae
[0.909s] -- Up-to-date: /home/student/aruco_realsense/install/ur_description/share/ur_description/meshes/ur3/visual/wrist1.dae
[0.910s] -- Up-to-date: /home/student/aruco_realsense/install/ur_description/share/ur_description/meshes/ur3/visual/upperarm.dae
[0.910s] -- Up-to-date: /home/student/aruco_realsense/install/ur_description/share/ur_description/meshes/ur3/visual/forearm.dae
[0.911s] -- Up-to-date: /home/student/aruco_realsense/install/ur_description/share/ur_description/meshes/ur5e
[0.911s] -- Up-to-date: /home/student/aruco_realsense/install/ur_description/share/ur_description/meshes/ur5e/collision
[0.911s] -- Up-to-date: /home/student/aruco_realsense/install/ur_description/share/ur_description/meshes/ur5e/collision/shoulder.stl
[0.912s] -- Up-to-date: /home/student/aruco_realsense/install/ur_description/share/ur_description/meshes/ur5e/collision/wrist3.stl
[0.912s] -- Up-to-date: /home/student/aruco_realsense/install/ur_description/share/ur_description/meshes/ur5e/collision/wrist1.stl
[0.913s] -- Up-to-date: /home/student/aruco_realsense/install/ur_description/share/ur_description/meshes/ur5e/collision/wrist2.stl
[0.914s] -- Up-to-date: /home/student/aruco_realsense/install/ur_description/share/ur_description/meshes/ur5e/collision/forearm.stl
[0.914s] -- Up-to-date: /home/student/aruco_realsense/install/ur_description/share/ur_description/meshes/ur5e/collision/upperarm.stl
[0.915s] -- Up-to-date: /home/student/aruco_realsense/install/ur_description/share/ur_description/meshes/ur5e/collision/base.stl
[0.915s] -- Up-to-date: /home/student/aruco_realsense/install/ur_description/share/ur_description/meshes/ur5e/visual
[0.916s] -- Up-to-date: /home/student/aruco_realsense/install/ur_description/share/ur_description/meshes/ur5e/visual/shoulder.dae
[0.917s] -- Up-to-date: /home/student/aruco_realsense/install/ur_description/share/ur_description/meshes/ur5e/visual/base.dae
[0.917s] -- Up-to-date: /home/student/aruco_realsense/install/ur_description/share/ur_description/meshes/ur5e/visual/wrist2.dae
[0.918s] -- Up-to-date: /home/student/aruco_realsense/install/ur_description/share/ur_description/meshes/ur5e/visual/wrist3.dae
[0.919s] -- Up-to-date: /home/student/aruco_realsense/install/ur_description/share/ur_description/meshes/ur5e/visual/wrist1.dae
[0.920s] -- Up-to-date: /home/student/aruco_realsense/install/ur_description/share/ur_description/meshes/ur5e/visual/upperarm.dae
[0.920s] -- Up-to-date: /home/student/aruco_realsense/install/ur_description/share/ur_description/meshes/ur5e/visual/forearm.dae
[0.921s] -- Up-to-date: /home/student/aruco_realsense/install/ur_description/share/ur_description/meshes/ur5
[0.921s] -- Up-to-date: /home/student/aruco_realsense/install/ur_description/share/ur_description/meshes/ur5/collision
[0.922s] -- Up-to-date: /home/student/aruco_realsense/install/ur_description/share/ur_description/meshes/ur5/collision/shoulder.stl
[0.923s] -- Up-to-date: /home/student/aruco_realsense/install/ur_description/share/ur_description/meshes/ur5/collision/wrist3.stl
[0.923s] -- Up-to-date: /home/student/aruco_realsense/install/ur_description/share/ur_description/meshes/ur5/collision/wrist1.stl
[0.924s] -- Up-to-date: /home/student/aruco_realsense/install/ur_description/share/ur_description/meshes/ur5/collision/wrist2.stl
[0.924s] -- Up-to-date: /home/student/aruco_realsense/install/ur_description/share/ur_description/meshes/ur5/collision/forearm.stl
[0.924s] -- Up-to-date: /home/student/aruco_realsense/install/ur_description/share/ur_description/meshes/ur5/collision/upperarm.stl
[0.925s] -- Up-to-date: /home/student/aruco_realsense/install/ur_description/share/ur_description/meshes/ur5/collision/base.stl
[0.925s] -- Up-to-date: /home/student/aruco_realsense/install/ur_description/share/ur_description/meshes/ur5/visual
[0.925s] -- Up-to-date: /home/student/aruco_realsense/install/ur_description/share/ur_description/meshes/ur5/visual/shoulder.dae
[0.926s] -- Up-to-date: /home/student/aruco_realsense/install/ur_description/share/ur_description/meshes/ur5/visual/base.dae
[0.927s] -- Up-to-date: /home/student/aruco_realsense/install/ur_description/share/ur_description/meshes/ur5/visual/wrist2.dae
[0.927s] -- Up-to-date: /home/student/aruco_realsense/install/ur_description/share/ur_description/meshes/ur5/visual/wrist3.dae
[0.928s] -- Up-to-date: /home/student/aruco_realsense/install/ur_description/share/ur_description/meshes/ur5/visual/wrist1.dae
[0.929s] -- Up-to-date: /home/student/aruco_realsense/install/ur_description/share/ur_description/meshes/ur5/visual/upperarm.dae
[0.930s] -- Up-to-date: /home/student/aruco_realsense/install/ur_description/share/ur_description/meshes/ur5/visual/forearm.dae
[0.930s] -- Up-to-date: /home/student/aruco_realsense/install/ur_description/share/ur_description/meshes/ur10
[0.931s] -- Up-to-date: /home/student/aruco_realsense/install/ur_description/share/ur_description/meshes/ur10/collision
[0.932s] -- Up-to-date: /home/student/aruco_realsense/install/ur_description/share/ur_description/meshes/ur10/collision/shoulder.stl
[0.933s] -- Up-to-date: /home/student/aruco_realsense/install/ur_description/share/ur_description/meshes/ur10/collision/wrist3.stl
[0.933s] -- Up-to-date: /home/student/aruco_realsense/install/ur_description/share/ur_description/meshes/ur10/collision/wrist1.stl
[0.934s] -- Up-to-date: /home/student/aruco_realsense/install/ur_description/share/ur_description/meshes/ur10/collision/wrist2.stl
[0.934s] -- Up-to-date: /home/student/aruco_realsense/install/ur_description/share/ur_description/meshes/ur10/collision/forearm.stl
[0.936s] -- Up-to-date: /home/student/aruco_realsense/install/ur_description/share/ur_description/meshes/ur10/collision/upperarm.stl
[0.940s] -- Up-to-date: /home/student/aruco_realsense/install/ur_description/share/ur_description/meshes/ur10/collision/base.stl
[0.949s] -- Up-to-date: /home/student/aruco_realsense/install/ur_description/share/ur_description/meshes/ur10/visual
[0.951s] -- Up-to-date: /home/student/aruco_realsense/install/ur_description/share/ur_description/meshes/ur10/visual/shoulder.dae
[0.957s] -- Up-to-date: /home/student/aruco_realsense/install/ur_description/share/ur_description/meshes/ur10/visual/base.dae
[0.958s] -- Up-to-date: /home/student/aruco_realsense/install/ur_description/share/ur_description/meshes/ur10/visual/wrist2.dae
[0.958s] -- Up-to-date: /home/student/aruco_realsense/install/ur_description/share/ur_description/meshes/ur10/visual/wrist3.dae
[0.959s] -- Up-to-date: /home/student/aruco_realsense/install/ur_description/share/ur_description/meshes/ur10/visual/wrist1.dae
[0.960s] -- Up-to-date: /home/student/aruco_realsense/install/ur_description/share/ur_description/meshes/ur10/visual/upperarm.dae
[0.960s] -- Up-to-date: /home/student/aruco_realsense/install/ur_description/share/ur_description/meshes/ur10/visual/forearm.dae
[0.961s] -- Up-to-date: /home/student/aruco_realsense/install/ur_description/share/ur_description/rviz
[0.961s] -- Up-to-date: /home/student/aruco_realsense/install/ur_description/share/ur_description/rviz/view_robot.rviz
[0.962s] -- Up-to-date: /home/student/aruco_realsense/install/ur_description/share/ur_description/urdf
[0.962s] -- Up-to-date: /home/student/aruco_realsense/install/ur_description/share/ur_description/urdf/ur.urdf.xacro
[0.963s] -- Up-to-date: /home/student/aruco_realsense/install/ur_description/share/ur_description/urdf/ur.ros2_control.xacro
[0.964s] -- Up-to-date: /home/student/aruco_realsense/install/ur_description/share/ur_description/urdf/inc
[0.964s] -- Up-to-date: /home/student/aruco_realsense/install/ur_description/share/ur_description/urdf/inc/ur_transmissions.xacro
[0.965s] -- Up-to-date: /home/student/aruco_realsense/install/ur_description/share/ur_description/urdf/inc/ur_common.xacro
[0.966s] -- Up-to-date: /home/student/aruco_realsense/install/ur_description/share/ur_description/urdf/ur_macro.xacro
[0.966s] -- Up-to-date: /home/student/aruco_realsense/install/ur_description/share/ur_description/test
[0.967s] -- Up-to-date: /home/student/aruco_realsense/install/ur_description/share/ur_description/test/test_view_ur_launch.py
[0.967s] -- Up-to-date: /home/student/aruco_realsense/install/ur_description/share/ur_description/test/test_ur_urdf_xacro.py
[0.968s] -- Up-to-date: /home/student/aruco_realsense/install/ur_description/share/ament_index/resource_index/package_run_dependencies/ur_description
[0.969s] -- Up-to-date: /home/student/aruco_realsense/install/ur_description/share/ament_index/resource_index/parent_prefix_path/ur_description
[0.969s] -- Up-to-date: /home/student/aruco_realsense/install/ur_description/share/ur_description/environment/ament_prefix_path.sh
[0.970s] -- Up-to-date: /home/student/aruco_realsense/install/ur_description/share/ur_description/environment/ament_prefix_path.dsv
[0.971s] -- Up-to-date: /home/student/aruco_realsense/install/ur_description/share/ur_description/environment/path.sh
[0.972s] -- Up-to-date: /home/student/aruco_realsense/install/ur_description/share/ur_description/environment/path.dsv
[0.972s] -- Up-to-date: /home/student/aruco_realsense/install/ur_description/share/ur_description/local_setup.bash
[0.973s] -- Up-to-date: /home/student/aruco_realsense/install/ur_description/share/ur_description/local_setup.sh
[0.974s] -- Up-to-date: /home/student/aruco_realsense/install/ur_description/share/ur_description/local_setup.zsh
[0.974s] -- Up-to-date: /home/student/aruco_realsense/install/ur_description/share/ur_description/local_setup.dsv
[0.975s] -- Installing: /home/student/aruco_realsense/install/ur_description/share/ur_description/package.dsv
[0.975s] -- Up-to-date: /home/student/aruco_realsense/install/ur_description/share/ament_index/resource_index/packages/ur_description
[0.976s] -- Up-to-date: /home/student/aruco_realsense/install/ur_description/share/ur_description/cmake/ur_descriptionConfig.cmake
[0.977s] -- Up-to-date: /home/student/aruco_realsense/install/ur_description/share/ur_description/cmake/ur_descriptionConfig-version.cmake
[0.977s] -- Up-to-date: /home/student/aruco_realsense/install/ur_description/share/ur_description/package.xml
[0.979s] Invoked command in '/home/student/aruco_realsense/build/ur_description' returned '0': CMAKE_PREFIX_PATH=${CMAKE_PREFIX_PATH}:/home/student/aruco_realsense/install/ros2_aruco:/home/student/aruco_realsense/install/aruco_rs2:/opt/ros/galactic /usr/bin/cmake --install /home/student/aruco_realsense/build/ur_description
