[0.096s] Invoking command in '/home/student/aruco_realsense/build/workcell_description': CMAKE_PREFIX_PATH=/home/student/aruco_realsense/install/realsense2_description:/home/student/aruco_realsense/install/ur_description:/home/student/aruco_realsense/install/realsense2_camera_msgs:/home/student/aruco_realsense/install/workcell_description:/home/student/aruco_realsense/install/ros2_aruco_interfaces:/home/student/aruco_realsense/install/realsense2_camera:/home/student/aruco_realsense/install/ros2_aruco:/home/student/aruco_realsense/install/aruco_rs2:/opt/ros/galactic LD_LIBRARY_PATH=/home/student/aruco_realsense/install/realsense2_camera_msgs/lib:/home/student/aruco_realsense/install/ros2_aruco_interfaces/lib:/home/student/aruco_realsense/install/realsense2_camera/lib:/opt/ros/galactic/opt/yaml_cpp_vendor/lib:/opt/ros/galactic/opt/rviz_ogre_vendor/lib:/opt/ros/galactic/lib/x86_64-linux-gnu:/opt/ros/galactic/lib:/usr/local/cuda-11.1/lib64: PYTHONPATH=/home/student/aruco_realsense/install/realsense2_camera_msgs/lib/python3.8/site-packages:/home/student/aruco_realsense/install/ros2_aruco_interfaces/lib/python3.8/site-packages:/home/student/aruco_realsense/install/ros2_aruco/lib/python3.8/site-packages:/home/student/aruco_realsense/install/aruco_rs2/lib/python3.8/site-packages:/opt/ros/galactic/lib/python3.8/site-packages /usr/bin/cmake --build /home/student/aruco_realsense/build/workcell_description -- -j12 -l12
[0.268s] Invoked command in '/home/student/aruco_realsense/build/workcell_description' returned '0': CMAKE_PREFIX_PATH=/home/student/aruco_realsense/install/realsense2_description:/home/student/aruco_realsense/install/ur_description:/home/student/aruco_realsense/install/realsense2_camera_msgs:/home/student/aruco_realsense/install/workcell_description:/home/student/aruco_realsense/install/ros2_aruco_interfaces:/home/student/aruco_realsense/install/realsense2_camera:/home/student/aruco_realsense/install/ros2_aruco:/home/student/aruco_realsense/install/aruco_rs2:/opt/ros/galactic LD_LIBRARY_PATH=/home/student/aruco_realsense/install/realsense2_camera_msgs/lib:/home/student/aruco_realsense/install/ros2_aruco_interfaces/lib:/home/student/aruco_realsense/install/realsense2_camera/lib:/opt/ros/galactic/opt/yaml_cpp_vendor/lib:/opt/ros/galactic/opt/rviz_ogre_vendor/lib:/opt/ros/galactic/lib/x86_64-linux-gnu:/opt/ros/galactic/lib:/usr/local/cuda-11.1/lib64: PYTHONPATH=/home/student/aruco_realsense/install/realsense2_camera_msgs/lib/python3.8/site-packages:/home/student/aruco_realsense/install/ros2_aruco_interfaces/lib/python3.8/site-packages:/home/student/aruco_realsense/install/ros2_aruco/lib/python3.8/site-packages:/home/student/aruco_realsense/install/aruco_rs2/lib/python3.8/site-packages:/opt/ros/galactic/lib/python3.8/site-packages /usr/bin/cmake --build /home/student/aruco_realsense/build/workcell_description -- -j12 -l12
[0.372s] Invoking command in '/home/student/aruco_realsense/build/workcell_description': CMAKE_PREFIX_PATH=/home/student/aruco_realsense/install/realsense2_description:/home/student/aruco_realsense/install/ur_description:/home/student/aruco_realsense/install/realsense2_camera_msgs:/home/student/aruco_realsense/install/workcell_description:/home/student/aruco_realsense/install/ros2_aruco_interfaces:/home/student/aruco_realsense/install/realsense2_camera:/home/student/aruco_realsense/install/ros2_aruco:/home/student/aruco_realsense/install/aruco_rs2:/opt/ros/galactic LD_LIBRARY_PATH=/home/student/aruco_realsense/install/realsense2_camera_msgs/lib:/home/student/aruco_realsense/install/ros2_aruco_interfaces/lib:/home/student/aruco_realsense/install/realsense2_camera/lib:/opt/ros/galactic/opt/yaml_cpp_vendor/lib:/opt/ros/galactic/opt/rviz_ogre_vendor/lib:/opt/ros/galactic/lib/x86_64-linux-gnu:/opt/ros/galactic/lib:/usr/local/cuda-11.1/lib64: PYTHONPATH=/home/student/aruco_realsense/install/realsense2_camera_msgs/lib/python3.8/site-packages:/home/student/aruco_realsense/install/ros2_aruco_interfaces/lib/python3.8/site-packages:/home/student/aruco_realsense/install/ros2_aruco/lib/python3.8/site-packages:/home/student/aruco_realsense/install/aruco_rs2/lib/python3.8/site-packages:/opt/ros/galactic/lib/python3.8/site-packages /usr/bin/cmake --install /home/student/aruco_realsense/build/workcell_description
[0.413s] -- Install configuration: ""
[0.414s] -- Up-to-date: /home/student/aruco_realsense/install/workcell_description/share/workcell_description//launch
[0.415s] -- Up-to-date: /home/student/aruco_realsense/install/workcell_description/share/workcell_description//launch/simulation.launch.py
[0.416s] -- Up-to-date: /home/student/aruco_realsense/install/workcell_description/share/workcell_description//launch/workcell_bringup.launch.py
[0.417s] -- Up-to-date: /home/student/aruco_realsense/install/workcell_description/share/workcell_description//launch/gazebo_bringup.launch.py
[0.418s] -- Up-to-date: /home/student/aruco_realsense/install/workcell_description/share/workcell_description//urdf
[0.419s] -- Up-to-date: /home/student/aruco_realsense/install/workcell_description/share/workcell_description//urdf/workcell.urdf.xacro
[0.420s] -- Up-to-date: /home/student/aruco_realsense/install/workcell_description/share/workcell_description//urdf/workcell.urdf
[0.421s] -- Up-to-date: /home/student/aruco_realsense/install/workcell_description/share/workcell_description//urdf/robot.xacro
[0.422s] -- Up-to-date: /home/student/aruco_realsense/install/workcell_description/share/workcell_description//urdf/camera.xacro
[0.423s] -- Up-to-date: /home/student/aruco_realsense/install/workcell_description/share/workcell_description//urdf/grippy.xacro
[0.424s] -- Up-to-date: /home/student/aruco_realsense/install/workcell_description/share/workcell_description//urdf/gazebo_control.xacro
[0.425s] -- Up-to-date: /home/student/aruco_realsense/install/workcell_description/share/workcell_description//urdf/robotcell.xacro
[0.426s] -- Up-to-date: /home/student/aruco_realsense/install/workcell_description/share/workcell_description//urdf/shunk_egp50.xacro
[0.426s] -- Up-to-date: /home/student/aruco_realsense/install/workcell_description/share/workcell_description//urdf/gripper.xacro
[0.427s] -- Up-to-date: /home/student/aruco_realsense/install/workcell_description/share/workcell_description//urdf/inertial_macros.xacro
[0.428s] -- Up-to-date: /home/student/aruco_realsense/install/workcell_description/share/workcell_description//meshes
[0.428s] -- Up-to-date: /home/student/aruco_realsense/install/workcell_description/share/workcell_description//meshes/Gripper.stl
[0.429s] -- Up-to-date: /home/student/aruco_realsense/install/workcell_description/share/workcell_description//meshes/Pincer_1.stl
[0.430s] -- Up-to-date: /home/student/aruco_realsense/install/workcell_description/share/workcell_description//meshes/Robotcell.stl
[0.431s] -- Up-to-date: /home/student/aruco_realsense/install/workcell_description/share/workcell_description//meshes/Pincer_2.stl
[0.432s] -- Up-to-date: /home/student/aruco_realsense/install/workcell_description/share/workcell_description//config
[0.438s] -- Up-to-date: /home/student/aruco_realsense/install/workcell_description/share/workcell_description//config/config.rviz
[0.446s] -- Up-to-date: /home/student/aruco_realsense/install/workcell_description/share/ament_index/resource_index/package_run_dependencies/workcell_description
[0.448s] -- Up-to-date: /home/student/aruco_realsense/install/workcell_description/share/ament_index/resource_index/parent_prefix_path/workcell_description
[0.449s] -- Up-to-date: /home/student/aruco_realsense/install/workcell_description/share/workcell_description/environment/ament_prefix_path.sh
[0.450s] -- Up-to-date: /home/student/aruco_realsense/install/workcell_description/share/workcell_description/environment/ament_prefix_path.dsv
[0.452s] -- Up-to-date: /home/student/aruco_realsense/install/workcell_description/share/workcell_description/environment/path.sh
[0.453s] -- Up-to-date: /home/student/aruco_realsense/install/workcell_description/share/workcell_description/environment/path.dsv
[0.454s] -- Up-to-date: /home/student/aruco_realsense/install/workcell_description/share/workcell_description/local_setup.bash
[0.456s] -- Up-to-date: /home/student/aruco_realsense/install/workcell_description/share/workcell_description/local_setup.sh
[0.457s] -- Up-to-date: /home/student/aruco_realsense/install/workcell_description/share/workcell_description/local_setup.zsh
[0.459s] -- Up-to-date: /home/student/aruco_realsense/install/workcell_description/share/workcell_description/local_setup.dsv
[0.460s] -- Installing: /home/student/aruco_realsense/install/workcell_description/share/workcell_description/package.dsv
[0.466s] -- Up-to-date: /home/student/aruco_realsense/install/workcell_description/share/ament_index/resource_index/packages/workcell_description
[0.471s] -- Up-to-date: /home/student/aruco_realsense/install/workcell_description/share/workcell_description/cmake/workcell_descriptionConfig.cmake
[0.471s] -- Up-to-date: /home/student/aruco_realsense/install/workcell_description/share/workcell_description/cmake/workcell_descriptionConfig-version.cmake
[0.473s] -- Up-to-date: /home/student/aruco_realsense/install/workcell_description/share/workcell_description/package.xml
[0.511s] Invoked command in '/home/student/aruco_realsense/build/workcell_description' returned '0': CMAKE_PREFIX_PATH=/home/student/aruco_realsense/install/realsense2_description:/home/student/aruco_realsense/install/ur_description:/home/student/aruco_realsense/install/realsense2_camera_msgs:/home/student/aruco_realsense/install/workcell_description:/home/student/aruco_realsense/install/ros2_aruco_interfaces:/home/student/aruco_realsense/install/realsense2_camera:/home/student/aruco_realsense/install/ros2_aruco:/home/student/aruco_realsense/install/aruco_rs2:/opt/ros/galactic LD_LIBRARY_PATH=/home/student/aruco_realsense/install/realsense2_camera_msgs/lib:/home/student/aruco_realsense/install/ros2_aruco_interfaces/lib:/home/student/aruco_realsense/install/realsense2_camera/lib:/opt/ros/galactic/opt/yaml_cpp_vendor/lib:/opt/ros/galactic/opt/rviz_ogre_vendor/lib:/opt/ros/galactic/lib/x86_64-linux-gnu:/opt/ros/galactic/lib:/usr/local/cuda-11.1/lib64: PYTHONPATH=/home/student/aruco_realsense/install/realsense2_camera_msgs/lib/python3.8/site-packages:/home/student/aruco_realsense/install/ros2_aruco_interfaces/lib/python3.8/site-packages:/home/student/aruco_realsense/install/ros2_aruco/lib/python3.8/site-packages:/home/student/aruco_realsense/install/aruco_rs2/lib/python3.8/site-packages:/opt/ros/galactic/lib/python3.8/site-packages /usr/bin/cmake --install /home/student/aruco_realsense/build/workcell_description
