[1.031s] Invoking command in '/home/student/aruco_realsense/src/aruco_rs2': PYTHONPATH=/home/student/aruco_realsense/install/aruco_rs2/lib/python3.8/site-packages:${PYTHONPATH} /usr/bin/python3 setup.py egg_info --egg-base ../../build/aruco_rs2 build --build-base /home/student/aruco_realsense/build/aruco_rs2/build install --prefix /home/student/aruco_realsense/install/aruco_rs2 --record /home/student/aruco_realsense/build/aruco_rs2/install.log --single-version-externally-managed
[1.227s] running egg_info
[1.227s] writing ../../build/aruco_rs2/aruco_rs2.egg-info/PKG-INFO
[1.228s] writing dependency_links to ../../build/aruco_rs2/aruco_rs2.egg-info/dependency_links.txt
[1.228s] writing entry points to ../../build/aruco_rs2/aruco_rs2.egg-info/entry_points.txt
[1.228s] writing requirements to ../../build/aruco_rs2/aruco_rs2.egg-info/requires.txt
[1.228s] writing top-level names to ../../build/aruco_rs2/aruco_rs2.egg-info/top_level.txt
[1.259s] reading manifest file '../../build/aruco_rs2/aruco_rs2.egg-info/SOURCES.txt'
[1.260s] writing manifest file '../../build/aruco_rs2/aruco_rs2.egg-info/SOURCES.txt'
[1.260s] running build
[1.260s] running build_py
[1.261s] running install
[1.262s] running install_lib
[1.262s] running install_data
[1.263s] copying launch/rs_aruco.launch.py -> /home/student/aruco_realsense/install/aruco_rs2/share/aruco_rs2
[1.263s] running install_egg_info
[1.263s] removing '/home/student/aruco_realsense/install/aruco_rs2/lib/python3.8/site-packages/aruco_rs2-0.0.0-py3.8.egg-info' (and everything under it)
[1.263s] Copying ../../build/aruco_rs2/aruco_rs2.egg-info to /home/student/aruco_realsense/install/aruco_rs2/lib/python3.8/site-packages/aruco_rs2-0.0.0-py3.8.egg-info
[1.263s] running install_scripts
[1.277s] writing list of installed files to '/home/student/aruco_realsense/build/aruco_rs2/install.log'
[1.294s] Invoked command in '/home/student/aruco_realsense/src/aruco_rs2' returned '0': PYTHONPATH=/home/student/aruco_realsense/install/aruco_rs2/lib/python3.8/site-packages:${PYTHONPATH} /usr/bin/python3 setup.py egg_info --egg-base ../../build/aruco_rs2 build --build-base /home/student/aruco_realsense/build/aruco_rs2/build install --prefix /home/student/aruco_realsense/install/aruco_rs2 --record /home/student/aruco_realsense/build/aruco_rs2/install.log --single-version-externally-managed
