[0.039s] Invoking command in '/home/student/aruco_realsense/build/realsense2_camera_msgs': CMAKE_PREFIX_PATH=${CMAKE_PREFIX_PATH}:/home/student/aruco_realsense/install/aruco_rs2:/home/student/aruco_realsense/install/ros2_aruco:/opt/ros/galactic /usr/bin/cmake --build /home/student/aruco_realsense/build/realsense2_camera_msgs -- -j12 -l12
[0.454s] [  1%] Built target realsense2_camera_msgs__cpp
[0.455s] [ 12%] Built target realsense2_camera_msgs__rosidl_generator_c
[0.455s] [ 34%] Built target realsense2_camera_msgs__rosidl_typesupport_cpp
[0.456s] [ 34%] Built target realsense2_camera_msgs__rosidl_typesupport_introspection_cpp
[0.456s] [ 45%] Built target realsense2_camera_msgs__rosidl_typesupport_fastrtps_cpp
[0.457s] [ 63%] Built target realsense2_camera_msgs__rosidl_typesupport_introspection_c
[0.457s] [ 67%] Built target realsense2_camera_msgs__rosidl_typesupport_c
[0.457s] [ 78%] Built target realsense2_camera_msgs__rosidl_typesupport_fastrtps_c
[0.457s] [ 78%] Built target realsense2_camera_msgs
[0.458s] [ 80%] Built target realsense2_camera_msgs__py
[0.459s] [ 89%] Built target realsense2_camera_msgs__python
[0.460s] [100%] Built target realsense2_camera_msgs__rosidl_typesupport_c__pyext
[0.463s] [100%] Built target realsense2_camera_msgs__rosidl_typesupport_fastrtps_c__pyext
[0.463s] [100%] Built target realsense2_camera_msgs__rosidl_typesupport_introspection_c__pyext
[0.468s] Invoked command in '/home/student/aruco_realsense/build/realsense2_camera_msgs' returned '0': CMAKE_PREFIX_PATH=${CMAKE_PREFIX_PATH}:/home/student/aruco_realsense/install/aruco_rs2:/home/student/aruco_realsense/install/ros2_aruco:/opt/ros/galactic /usr/bin/cmake --build /home/student/aruco_realsense/build/realsense2_camera_msgs -- -j12 -l12
[0.578s] Invoking command in '/home/student/aruco_realsense/build/realsense2_camera_msgs': CMAKE_PREFIX_PATH=${CMAKE_PREFIX_PATH}:/home/student/aruco_realsense/install/aruco_rs2:/home/student/aruco_realsense/install/ros2_aruco:/opt/ros/galactic /usr/bin/cmake --install /home/student/aruco_realsense/build/realsense2_camera_msgs
[0.590s] -- Install configuration: ""
[0.590s] -- Up-to-date: /home/student/aruco_realsense/install/realsense2_camera_msgs/share/ament_index/resource_index/rosidl_interfaces/realsense2_camera_msgs
[0.590s] -- Up-to-date: /home/student/aruco_realsense/install/realsense2_camera_msgs/include/realsense2_camera_msgs
[0.590s] -- Up-to-date: /home/student/aruco_realsense/install/realsense2_camera_msgs/include/realsense2_camera_msgs/srv
[0.591s] -- Up-to-date: /home/student/aruco_realsense/install/realsense2_camera_msgs/include/realsense2_camera_msgs/srv/detail
[0.591s] -- Up-to-date: /home/student/aruco_realsense/install/realsense2_camera_msgs/include/realsense2_camera_msgs/srv/detail/device_info__functions.c
[0.591s] -- Up-to-date: /home/student/aruco_realsense/install/realsense2_camera_msgs/include/realsense2_camera_msgs/srv/detail/device_info__functions.h
[0.591s] -- Up-to-date: /home/student/aruco_realsense/install/realsense2_camera_msgs/include/realsense2_camera_msgs/srv/detail/device_info__struct.h
[0.591s] -- Up-to-date: /home/student/aruco_realsense/install/realsense2_camera_msgs/include/realsense2_camera_msgs/srv/detail/device_info__type_support.h
[0.591s] -- Up-to-date: /home/student/aruco_realsense/install/realsense2_camera_msgs/include/realsense2_camera_msgs/srv/device_info.h
[0.592s] -- Up-to-date: /home/student/aruco_realsense/install/realsense2_camera_msgs/include/realsense2_camera_msgs/msg
[0.592s] -- Up-to-date: /home/student/aruco_realsense/install/realsense2_camera_msgs/include/realsense2_camera_msgs/msg/detail
[0.592s] -- Up-to-date: /home/student/aruco_realsense/install/realsense2_camera_msgs/include/realsense2_camera_msgs/msg/detail/imu_info__functions.h
[0.592s] -- Up-to-date: /home/student/aruco_realsense/install/realsense2_camera_msgs/include/realsense2_camera_msgs/msg/detail/imu_info__functions.c
[0.592s] -- Up-to-date: /home/student/aruco_realsense/install/realsense2_camera_msgs/include/realsense2_camera_msgs/msg/detail/extrinsics__struct.h
[0.592s] -- Up-to-date: /home/student/aruco_realsense/install/realsense2_camera_msgs/include/realsense2_camera_msgs/msg/detail/metadata__functions.h
[0.593s] -- Up-to-date: /home/student/aruco_realsense/install/realsense2_camera_msgs/include/realsense2_camera_msgs/msg/detail/metadata__functions.c
[0.593s] -- Up-to-date: /home/student/aruco_realsense/install/realsense2_camera_msgs/include/realsense2_camera_msgs/msg/detail/extrinsics__functions.h
[0.593s] -- Up-to-date: /home/student/aruco_realsense/install/realsense2_camera_msgs/include/realsense2_camera_msgs/msg/detail/metadata__type_support.h
[0.593s] -- Up-to-date: /home/student/aruco_realsense/install/realsense2_camera_msgs/include/realsense2_camera_msgs/msg/detail/imu_info__type_support.h
[0.593s] -- Up-to-date: /home/student/aruco_realsense/install/realsense2_camera_msgs/include/realsense2_camera_msgs/msg/detail/extrinsics__type_support.h
[0.593s] -- Up-to-date: /home/student/aruco_realsense/install/realsense2_camera_msgs/include/realsense2_camera_msgs/msg/detail/imu_info__struct.h
[0.593s] -- Up-to-date: /home/student/aruco_realsense/install/realsense2_camera_msgs/include/realsense2_camera_msgs/msg/detail/metadata__struct.h
[0.593s] -- Up-to-date: /home/student/aruco_realsense/install/realsense2_camera_msgs/include/realsense2_camera_msgs/msg/detail/extrinsics__functions.c
[0.593s] -- Up-to-date: /home/student/aruco_realsense/install/realsense2_camera_msgs/include/realsense2_camera_msgs/msg/imu_info.h
[0.594s] -- Up-to-date: /home/student/aruco_realsense/install/realsense2_camera_msgs/include/realsense2_camera_msgs/msg/rosidl_generator_c__visibility_control.h
[0.594s] -- Up-to-date: /home/student/aruco_realsense/install/realsense2_camera_msgs/include/realsense2_camera_msgs/msg/metadata.h
[0.594s] -- Up-to-date: /home/student/aruco_realsense/install/realsense2_camera_msgs/include/realsense2_camera_msgs/msg/extrinsics.h
[0.594s] -- Up-to-date: /home/student/aruco_realsense/install/realsense2_camera_msgs/share/realsense2_camera_msgs/environment/library_path.sh
[0.595s] -- Up-to-date: /home/student/aruco_realsense/install/realsense2_camera_msgs/share/realsense2_camera_msgs/environment/library_path.dsv
[0.595s] -- Up-to-date: /home/student/aruco_realsense/install/realsense2_camera_msgs/lib/librealsense2_camera_msgs__rosidl_generator_c.so
[0.595s] -- Up-to-date: /home/student/aruco_realsense/install/realsense2_camera_msgs/include/realsense2_camera_msgs
[0.595s] -- Up-to-date: /home/student/aruco_realsense/install/realsense2_camera_msgs/include/realsense2_camera_msgs/srv
[0.595s] -- Up-to-date: /home/student/aruco_realsense/install/realsense2_camera_msgs/include/realsense2_camera_msgs/srv/detail
[0.595s] -- Up-to-date: /home/student/aruco_realsense/install/realsense2_camera_msgs/include/realsense2_camera_msgs/srv/detail/device_info__rosidl_typesupport_fastrtps_c.h
[0.595s] -- Up-to-date: /home/student/aruco_realsense/install/realsense2_camera_msgs/include/realsense2_camera_msgs/msg
[0.595s] -- Up-to-date: /home/student/aruco_realsense/install/realsense2_camera_msgs/include/realsense2_camera_msgs/msg/detail
[0.596s] -- Up-to-date: /home/student/aruco_realsense/install/realsense2_camera_msgs/include/realsense2_camera_msgs/msg/detail/extrinsics__rosidl_typesupport_fastrtps_c.h
[0.596s] -- Up-to-date: /home/student/aruco_realsense/install/realsense2_camera_msgs/include/realsense2_camera_msgs/msg/detail/imu_info__rosidl_typesupport_fastrtps_c.h
[0.596s] -- Up-to-date: /home/student/aruco_realsense/install/realsense2_camera_msgs/include/realsense2_camera_msgs/msg/detail/metadata__rosidl_typesupport_fastrtps_c.h
[0.596s] -- Up-to-date: /home/student/aruco_realsense/install/realsense2_camera_msgs/include/realsense2_camera_msgs/msg/rosidl_typesupport_fastrtps_c__visibility_control.h
[0.596s] -- Up-to-date: /home/student/aruco_realsense/install/realsense2_camera_msgs/lib/librealsense2_camera_msgs__rosidl_typesupport_fastrtps_c.so
[0.596s] -- Up-to-date: /home/student/aruco_realsense/install/realsense2_camera_msgs/include/realsense2_camera_msgs
[0.596s] -- Up-to-date: /home/student/aruco_realsense/install/realsense2_camera_msgs/include/realsense2_camera_msgs/srv
[0.597s] -- Up-to-date: /home/student/aruco_realsense/install/realsense2_camera_msgs/include/realsense2_camera_msgs/srv/detail
[0.597s] -- Up-to-date: /home/student/aruco_realsense/install/realsense2_camera_msgs/include/realsense2_camera_msgs/srv/detail/device_info__rosidl_typesupport_fastrtps_cpp.hpp
[0.597s] -- Up-to-date: /home/student/aruco_realsense/install/realsense2_camera_msgs/include/realsense2_camera_msgs/srv/detail/dds_fastrtps
[0.597s] -- Up-to-date: /home/student/aruco_realsense/install/realsense2_camera_msgs/include/realsense2_camera_msgs/msg
[0.597s] -- Up-to-date: /home/student/aruco_realsense/install/realsense2_camera_msgs/include/realsense2_camera_msgs/msg/rosidl_typesupport_fastrtps_cpp__visibility_control.h
[0.597s] -- Up-to-date: /home/student/aruco_realsense/install/realsense2_camera_msgs/include/realsense2_camera_msgs/msg/detail
[0.597s] -- Up-to-date: /home/student/aruco_realsense/install/realsense2_camera_msgs/include/realsense2_camera_msgs/msg/detail/metadata__rosidl_typesupport_fastrtps_cpp.hpp
[0.597s] -- Up-to-date: /home/student/aruco_realsense/install/realsense2_camera_msgs/include/realsense2_camera_msgs/msg/detail/imu_info__rosidl_typesupport_fastrtps_cpp.hpp
[0.598s] -- Up-to-date: /home/student/aruco_realsense/install/realsense2_camera_msgs/include/realsense2_camera_msgs/msg/detail/extrinsics__rosidl_typesupport_fastrtps_cpp.hpp
[0.598s] -- Up-to-date: /home/student/aruco_realsense/install/realsense2_camera_msgs/include/realsense2_camera_msgs/msg/detail/dds_fastrtps
[0.598s] -- Up-to-date: /home/student/aruco_realsense/install/realsense2_camera_msgs/lib/librealsense2_camera_msgs__rosidl_typesupport_fastrtps_cpp.so
[0.598s] -- Up-to-date: /home/student/aruco_realsense/install/realsense2_camera_msgs/include/realsense2_camera_msgs
[0.598s] -- Up-to-date: /home/student/aruco_realsense/install/realsense2_camera_msgs/include/realsense2_camera_msgs/srv
[0.598s] -- Up-to-date: /home/student/aruco_realsense/install/realsense2_camera_msgs/include/realsense2_camera_msgs/srv/detail
[0.598s] -- Up-to-date: /home/student/aruco_realsense/install/realsense2_camera_msgs/include/realsense2_camera_msgs/srv/detail/device_info__rosidl_typesupport_introspection_c.h
[0.599s] -- Up-to-date: /home/student/aruco_realsense/install/realsense2_camera_msgs/include/realsense2_camera_msgs/srv/detail/device_info__type_support.c
[0.599s] -- Up-to-date: /home/student/aruco_realsense/install/realsense2_camera_msgs/include/realsense2_camera_msgs/msg
[0.599s] -- Up-to-date: /home/student/aruco_realsense/install/realsense2_camera_msgs/include/realsense2_camera_msgs/msg/detail
[0.599s] -- Up-to-date: /home/student/aruco_realsense/install/realsense2_camera_msgs/include/realsense2_camera_msgs/msg/detail/extrinsics__rosidl_typesupport_introspection_c.h
[0.599s] -- Up-to-date: /home/student/aruco_realsense/install/realsense2_camera_msgs/include/realsense2_camera_msgs/msg/detail/imu_info__type_support.c
[0.599s] -- Up-to-date: /home/student/aruco_realsense/install/realsense2_camera_msgs/include/realsense2_camera_msgs/msg/detail/imu_info__rosidl_typesupport_introspection_c.h
[0.599s] -- Up-to-date: /home/student/aruco_realsense/install/realsense2_camera_msgs/include/realsense2_camera_msgs/msg/detail/metadata__type_support.c
[0.599s] -- Up-to-date: /home/student/aruco_realsense/install/realsense2_camera_msgs/include/realsense2_camera_msgs/msg/detail/extrinsics__type_support.c
[0.600s] -- Up-to-date: /home/student/aruco_realsense/install/realsense2_camera_msgs/include/realsense2_camera_msgs/msg/detail/metadata__rosidl_typesupport_introspection_c.h
[0.600s] -- Up-to-date: /home/student/aruco_realsense/install/realsense2_camera_msgs/include/realsense2_camera_msgs/msg/rosidl_typesupport_introspection_c__visibility_control.h
[0.600s] -- Up-to-date: /home/student/aruco_realsense/install/realsense2_camera_msgs/lib/librealsense2_camera_msgs__rosidl_typesupport_introspection_c.so
[0.600s] -- Up-to-date: /home/student/aruco_realsense/install/realsense2_camera_msgs/lib/librealsense2_camera_msgs__rosidl_typesupport_c.so
[0.600s] -- Up-to-date: /home/student/aruco_realsense/install/realsense2_camera_msgs/include/realsense2_camera_msgs
[0.600s] -- Up-to-date: /home/student/aruco_realsense/install/realsense2_camera_msgs/include/realsense2_camera_msgs/srv
[0.601s] -- Up-to-date: /home/student/aruco_realsense/install/realsense2_camera_msgs/include/realsense2_camera_msgs/srv/detail
[0.601s] -- Up-to-date: /home/student/aruco_realsense/install/realsense2_camera_msgs/include/realsense2_camera_msgs/srv/detail/device_info__traits.hpp
[0.601s] -- Up-to-date: /home/student/aruco_realsense/install/realsense2_camera_msgs/include/realsense2_camera_msgs/srv/detail/device_info__builder.hpp
[0.601s] -- Up-to-date: /home/student/aruco_realsense/install/realsense2_camera_msgs/include/realsense2_camera_msgs/srv/detail/device_info__struct.hpp
[0.601s] -- Up-to-date: /home/student/aruco_realsense/install/realsense2_camera_msgs/include/realsense2_camera_msgs/srv/device_info.hpp
[0.601s] -- Up-to-date: /home/student/aruco_realsense/install/realsense2_camera_msgs/include/realsense2_camera_msgs/msg
[0.601s] -- Up-to-date: /home/student/aruco_realsense/install/realsense2_camera_msgs/include/realsense2_camera_msgs/msg/detail
[0.601s] -- Up-to-date: /home/student/aruco_realsense/install/realsense2_camera_msgs/include/realsense2_camera_msgs/msg/detail/extrinsics__struct.hpp
[0.602s] -- Up-to-date: /home/student/aruco_realsense/install/realsense2_camera_msgs/include/realsense2_camera_msgs/msg/detail/imu_info__traits.hpp
[0.602s] -- Up-to-date: /home/student/aruco_realsense/install/realsense2_camera_msgs/include/realsense2_camera_msgs/msg/detail/metadata__struct.hpp
[0.602s] -- Up-to-date: /home/student/aruco_realsense/install/realsense2_camera_msgs/include/realsense2_camera_msgs/msg/detail/extrinsics__traits.hpp
[0.602s] -- Up-to-date: /home/student/aruco_realsense/install/realsense2_camera_msgs/include/realsense2_camera_msgs/msg/detail/imu_info__struct.hpp
[0.602s] -- Up-to-date: /home/student/aruco_realsense/install/realsense2_camera_msgs/include/realsense2_camera_msgs/msg/detail/imu_info__builder.hpp
[0.602s] -- Up-to-date: /home/student/aruco_realsense/install/realsense2_camera_msgs/include/realsense2_camera_msgs/msg/detail/metadata__builder.hpp
[0.602s] -- Up-to-date: /home/student/aruco_realsense/install/realsense2_camera_msgs/include/realsense2_camera_msgs/msg/detail/metadata__traits.hpp
[0.602s] -- Up-to-date: /home/student/aruco_realsense/install/realsense2_camera_msgs/include/realsense2_camera_msgs/msg/detail/extrinsics__builder.hpp
[0.603s] -- Up-to-date: /home/student/aruco_realsense/install/realsense2_camera_msgs/include/realsense2_camera_msgs/msg/imu_info.hpp
[0.603s] -- Up-to-date: /home/student/aruco_realsense/install/realsense2_camera_msgs/include/realsense2_camera_msgs/msg/extrinsics.hpp
[0.603s] -- Up-to-date: /home/student/aruco_realsense/install/realsense2_camera_msgs/include/realsense2_camera_msgs/msg/metadata.hpp
[0.603s] -- Up-to-date: /home/student/aruco_realsense/install/realsense2_camera_msgs/include/realsense2_camera_msgs
[0.603s] -- Up-to-date: /home/student/aruco_realsense/install/realsense2_camera_msgs/include/realsense2_camera_msgs/srv
[0.603s] -- Up-to-date: /home/student/aruco_realsense/install/realsense2_camera_msgs/include/realsense2_camera_msgs/srv/detail
[0.603s] -- Up-to-date: /home/student/aruco_realsense/install/realsense2_camera_msgs/include/realsense2_camera_msgs/srv/detail/device_info__type_support.cpp
[0.603s] -- Up-to-date: /home/student/aruco_realsense/install/realsense2_camera_msgs/include/realsense2_camera_msgs/srv/detail/device_info__rosidl_typesupport_introspection_cpp.hpp
[0.604s] -- Up-to-date: /home/student/aruco_realsense/install/realsense2_camera_msgs/include/realsense2_camera_msgs/msg
[0.604s] -- Up-to-date: /home/student/aruco_realsense/install/realsense2_camera_msgs/include/realsense2_camera_msgs/msg/detail
[0.604s] -- Up-to-date: /home/student/aruco_realsense/install/realsense2_camera_msgs/include/realsense2_camera_msgs/msg/detail/metadata__type_support.cpp
[0.604s] -- Up-to-date: /home/student/aruco_realsense/install/realsense2_camera_msgs/include/realsense2_camera_msgs/msg/detail/extrinsics__rosidl_typesupport_introspection_cpp.hpp
[0.604s] -- Up-to-date: /home/student/aruco_realsense/install/realsense2_camera_msgs/include/realsense2_camera_msgs/msg/detail/imu_info__rosidl_typesupport_introspection_cpp.hpp
[0.604s] -- Up-to-date: /home/student/aruco_realsense/install/realsense2_camera_msgs/include/realsense2_camera_msgs/msg/detail/metadata__rosidl_typesupport_introspection_cpp.hpp
[0.604s] -- Up-to-date: /home/student/aruco_realsense/install/realsense2_camera_msgs/include/realsense2_camera_msgs/msg/detail/extrinsics__type_support.cpp
[0.604s] -- Up-to-date: /home/student/aruco_realsense/install/realsense2_camera_msgs/include/realsense2_camera_msgs/msg/detail/imu_info__type_support.cpp
[0.605s] -- Up-to-date: /home/student/aruco_realsense/install/realsense2_camera_msgs/lib/librealsense2_camera_msgs__rosidl_typesupport_introspection_cpp.so
[0.605s] -- Up-to-date: /home/student/aruco_realsense/install/realsense2_camera_msgs/lib/librealsense2_camera_msgs__rosidl_typesupport_cpp.so
[0.605s] -- Up-to-date: /home/student/aruco_realsense/install/realsense2_camera_msgs/share/realsense2_camera_msgs/environment/pythonpath.sh
[0.605s] -- Up-to-date: /home/student/aruco_realsense/install/realsense2_camera_msgs/share/realsense2_camera_msgs/environment/pythonpath.dsv
[0.605s] -- Up-to-date: /home/student/aruco_realsense/install/realsense2_camera_msgs/lib/python3.8/site-packages/realsense2_camera_msgs/__init__.py
[0.628s] -- Up-to-date: /home/student/aruco_realsense/install/realsense2_camera_msgs/lib/python3.8/site-packages/realsense2_camera_msgs/msg
[0.628s] -- Up-to-date: /home/student/aruco_realsense/install/realsense2_camera_msgs/lib/python3.8/site-packages/realsense2_camera_msgs/msg/_extrinsics.py
[0.628s] -- Up-to-date: /home/student/aruco_realsense/install/realsense2_camera_msgs/lib/python3.8/site-packages/realsense2_camera_msgs/msg/__init__.py
[0.628s] -- Up-to-date: /home/student/aruco_realsense/install/realsense2_camera_msgs/lib/python3.8/site-packages/realsense2_camera_msgs/msg/_imu_info_s.c
[0.629s] -- Up-to-date: /home/student/aruco_realsense/install/realsense2_camera_msgs/lib/python3.8/site-packages/realsense2_camera_msgs/msg/_metadata_s.c
[0.629s] -- Up-to-date: /home/student/aruco_realsense/install/realsense2_camera_msgs/lib/python3.8/site-packages/realsense2_camera_msgs/msg/_imu_info.py
[0.629s] -- Up-to-date: /home/student/aruco_realsense/install/realsense2_camera_msgs/lib/python3.8/site-packages/realsense2_camera_msgs/msg/_extrinsics_s.c
[0.629s] -- Up-to-date: /home/student/aruco_realsense/install/realsense2_camera_msgs/lib/python3.8/site-packages/realsense2_camera_msgs/msg/_metadata.py
[0.629s] -- Up-to-date: /home/student/aruco_realsense/install/realsense2_camera_msgs/lib/python3.8/site-packages/realsense2_camera_msgs/srv
[0.629s] -- Up-to-date: /home/student/aruco_realsense/install/realsense2_camera_msgs/lib/python3.8/site-packages/realsense2_camera_msgs/srv/_device_info.py
[0.629s] -- Up-to-date: /home/student/aruco_realsense/install/realsense2_camera_msgs/lib/python3.8/site-packages/realsense2_camera_msgs/srv/__init__.py
[0.630s] -- Up-to-date: /home/student/aruco_realsense/install/realsense2_camera_msgs/lib/python3.8/site-packages/realsense2_camera_msgs/srv/_device_info_s.c
[0.630s] -- Up-to-date: /home/student/aruco_realsense/install/realsense2_camera_msgs/lib/python3.8/site-packages/realsense2_camera_msgs/realsense2_camera_msgs_s__rosidl_typesupport_fastrtps_c.cpython-38-x86_64-linux-gnu.so
[0.630s] -- Up-to-date: /home/student/aruco_realsense/install/realsense2_camera_msgs/lib/python3.8/site-packages/realsense2_camera_msgs/realsense2_camera_msgs_s__rosidl_typesupport_introspection_c.cpython-38-x86_64-linux-gnu.so
[0.630s] -- Up-to-date: /home/student/aruco_realsense/install/realsense2_camera_msgs/lib/python3.8/site-packages/realsense2_camera_msgs/realsense2_camera_msgs_s__rosidl_typesupport_c.cpython-38-x86_64-linux-gnu.so
[0.631s] -- Up-to-date: /home/student/aruco_realsense/install/realsense2_camera_msgs/lib/librealsense2_camera_msgs__python.so
[0.631s] -- Up-to-date: /home/student/aruco_realsense/install/realsense2_camera_msgs/share/realsense2_camera_msgs/msg/IMUInfo.idl
[0.631s] -- Up-to-date: /home/student/aruco_realsense/install/realsense2_camera_msgs/share/realsense2_camera_msgs/msg/Extrinsics.idl
[0.632s] -- Up-to-date: /home/student/aruco_realsense/install/realsense2_camera_msgs/share/realsense2_camera_msgs/msg/Metadata.idl
[0.632s] -- Up-to-date: /home/student/aruco_realsense/install/realsense2_camera_msgs/share/realsense2_camera_msgs/srv/DeviceInfo.idl
[0.632s] -- Up-to-date: /home/student/aruco_realsense/install/realsense2_camera_msgs/share/realsense2_camera_msgs/msg/IMUInfo.msg
[0.632s] -- Up-to-date: /home/student/aruco_realsense/install/realsense2_camera_msgs/share/realsense2_camera_msgs/msg/Extrinsics.msg
[0.632s] -- Up-to-date: /home/student/aruco_realsense/install/realsense2_camera_msgs/share/realsense2_camera_msgs/msg/Metadata.msg
[0.632s] -- Up-to-date: /home/student/aruco_realsense/install/realsense2_camera_msgs/share/realsense2_camera_msgs/srv/DeviceInfo.srv
[0.633s] -- Up-to-date: /home/student/aruco_realsense/install/realsense2_camera_msgs/share/realsense2_camera_msgs/srv/DeviceInfo_Request.msg
[0.633s] -- Up-to-date: /home/student/aruco_realsense/install/realsense2_camera_msgs/share/realsense2_camera_msgs/srv/DeviceInfo_Response.msg
[0.633s] -- Up-to-date: /home/student/aruco_realsense/install/realsense2_camera_msgs/share/ament_index/resource_index/package_run_dependencies/realsense2_camera_msgs
[0.633s] -- Up-to-date: /home/student/aruco_realsense/install/realsense2_camera_msgs/share/ament_index/resource_index/parent_prefix_path/realsense2_camera_msgs
[0.633s] -- Up-to-date: /home/student/aruco_realsense/install/realsense2_camera_msgs/share/realsense2_camera_msgs/environment/ament_prefix_path.sh
[0.633s] -- Up-to-date: /home/student/aruco_realsense/install/realsense2_camera_msgs/share/realsense2_camera_msgs/environment/ament_prefix_path.dsv
[0.633s] -- Up-to-date: /home/student/aruco_realsense/install/realsense2_camera_msgs/share/realsense2_camera_msgs/environment/path.sh
[0.634s] -- Up-to-date: /home/student/aruco_realsense/install/realsense2_camera_msgs/share/realsense2_camera_msgs/environment/path.dsv
[0.634s] -- Up-to-date: /home/student/aruco_realsense/install/realsense2_camera_msgs/share/realsense2_camera_msgs/local_setup.bash
[0.634s] -- Up-to-date: /home/student/aruco_realsense/install/realsense2_camera_msgs/share/realsense2_camera_msgs/local_setup.sh
[0.634s] -- Up-to-date: /home/student/aruco_realsense/install/realsense2_camera_msgs/share/realsense2_camera_msgs/local_setup.zsh
[0.634s] -- Up-to-date: /home/student/aruco_realsense/install/realsense2_camera_msgs/share/realsense2_camera_msgs/local_setup.dsv
[0.634s] -- Installing: /home/student/aruco_realsense/install/realsense2_camera_msgs/share/realsense2_camera_msgs/package.dsv
[0.635s] -- Up-to-date: /home/student/aruco_realsense/install/realsense2_camera_msgs/share/ament_index/resource_index/packages/realsense2_camera_msgs
[0.635s] -- Up-to-date: /home/student/aruco_realsense/install/realsense2_camera_msgs/share/realsense2_camera_msgs/cmake/realsense2_camera_msgs__rosidl_generator_cExport.cmake
[0.635s] -- Up-to-date: /home/student/aruco_realsense/install/realsense2_camera_msgs/share/realsense2_camera_msgs/cmake/realsense2_camera_msgs__rosidl_generator_cExport-noconfig.cmake
[0.635s] -- Up-to-date: /home/student/aruco_realsense/install/realsense2_camera_msgs/share/realsense2_camera_msgs/cmake/realsense2_camera_msgs__rosidl_typesupport_introspection_cExport.cmake
[0.635s] -- Up-to-date: /home/student/aruco_realsense/install/realsense2_camera_msgs/share/realsense2_camera_msgs/cmake/realsense2_camera_msgs__rosidl_typesupport_introspection_cExport-noconfig.cmake
[0.635s] -- Up-to-date: /home/student/aruco_realsense/install/realsense2_camera_msgs/share/realsense2_camera_msgs/cmake/realsense2_camera_msgs__rosidl_typesupport_cExport.cmake
[0.635s] -- Up-to-date: /home/student/aruco_realsense/install/realsense2_camera_msgs/share/realsense2_camera_msgs/cmake/realsense2_camera_msgs__rosidl_typesupport_cExport-noconfig.cmake
[0.636s] -- Up-to-date: /home/student/aruco_realsense/install/realsense2_camera_msgs/share/realsense2_camera_msgs/cmake/realsense2_camera_msgs__rosidl_generator_cppExport.cmake
[0.636s] -- Up-to-date: /home/student/aruco_realsense/install/realsense2_camera_msgs/share/realsense2_camera_msgs/cmake/realsense2_camera_msgs__rosidl_typesupport_introspection_cppExport.cmake
[0.636s] -- Up-to-date: /home/student/aruco_realsense/install/realsense2_camera_msgs/share/realsense2_camera_msgs/cmake/realsense2_camera_msgs__rosidl_typesupport_introspection_cppExport-noconfig.cmake
[0.636s] -- Up-to-date: /home/student/aruco_realsense/install/realsense2_camera_msgs/share/realsense2_camera_msgs/cmake/realsense2_camera_msgs__rosidl_typesupport_cppExport.cmake
[0.636s] -- Up-to-date: /home/student/aruco_realsense/install/realsense2_camera_msgs/share/realsense2_camera_msgs/cmake/realsense2_camera_msgs__rosidl_typesupport_cppExport-noconfig.cmake
[0.636s] -- Up-to-date: /home/student/aruco_realsense/install/realsense2_camera_msgs/share/realsense2_camera_msgs/cmake/rosidl_cmake-extras.cmake
[0.637s] -- Up-to-date: /home/student/aruco_realsense/install/realsense2_camera_msgs/share/realsense2_camera_msgs/cmake/ament_cmake_export_dependencies-extras.cmake
[0.637s] -- Up-to-date: /home/student/aruco_realsense/install/realsense2_camera_msgs/share/realsense2_camera_msgs/cmake/ament_cmake_export_libraries-extras.cmake
[0.638s] -- Up-to-date: /home/student/aruco_realsense/install/realsense2_camera_msgs/share/realsense2_camera_msgs/cmake/ament_cmake_export_targets-extras.cmake
[0.639s] -- Up-to-date: /home/student/aruco_realsense/install/realsense2_camera_msgs/share/realsense2_camera_msgs/cmake/ament_cmake_export_include_directories-extras.cmake
[0.640s] -- Up-to-date: /home/student/aruco_realsense/install/realsense2_camera_msgs/share/realsense2_camera_msgs/cmake/rosidl_cmake_export_typesupport_libraries-extras.cmake
[0.640s] -- Up-to-date: /home/student/aruco_realsense/install/realsense2_camera_msgs/share/realsense2_camera_msgs/cmake/rosidl_cmake_export_typesupport_targets-extras.cmake
[0.640s] -- Up-to-date: /home/student/aruco_realsense/install/realsense2_camera_msgs/share/realsense2_camera_msgs/cmake/realsense2_camera_msgsConfig.cmake
[0.640s] -- Up-to-date: /home/student/aruco_realsense/install/realsense2_camera_msgs/share/realsense2_camera_msgs/cmake/realsense2_camera_msgsConfig-version.cmake
[0.641s] -- Up-to-date: /home/student/aruco_realsense/install/realsense2_camera_msgs/share/realsense2_camera_msgs/package.xml
[0.642s] Invoked command in '/home/student/aruco_realsense/build/realsense2_camera_msgs' returned '0': CMAKE_PREFIX_PATH=${CMAKE_PREFIX_PATH}:/home/student/aruco_realsense/install/aruco_rs2:/home/student/aruco_realsense/install/ros2_aruco:/opt/ros/galactic /usr/bin/cmake --install /home/student/aruco_realsense/build/realsense2_camera_msgs
