[0.041s] Invoking command in '/home/student/aruco_realsense/build/realsense2_camera': CMAKE_PREFIX_PATH=/home/student/aruco_realsense/install/realsense2_camera_msgs:/home/student/aruco_realsense/install/workcell_description:/home/student/aruco_realsense/install/ur_description:/home/student/aruco_realsense/install/ros2_aruco_interfaces:/home/student/aruco_realsense/install/realsense2_description:/home/student/aruco_realsense/install/realsense2_camera:/home/student/aruco_realsense/install/ros2_aruco:/home/student/aruco_realsense/install/aruco_rs2:/opt/ros/galactic LD_LIBRARY_PATH=/home/student/aruco_realsense/install/realsense2_camera_msgs/lib:/home/student/aruco_realsense/install/ros2_aruco_interfaces/lib:/home/student/aruco_realsense/install/realsense2_camera/lib:/opt/ros/galactic/opt/yaml_cpp_vendor/lib:/opt/ros/galactic/opt/rviz_ogre_vendor/lib:/opt/ros/galactic/lib/x86_64-linux-gnu:/opt/ros/galactic/lib:/usr/local/cuda-11.1/lib64: PYTHONPATH=/home/student/aruco_realsense/install/realsense2_camera_msgs/lib/python3.8/site-packages:/home/student/aruco_realsense/install/ros2_aruco_interfaces/lib/python3.8/site-packages:/home/student/aruco_realsense/install/ros2_aruco/lib/python3.8/site-packages:/home/student/aruco_realsense/install/aruco_rs2/lib/python3.8/site-packages:/opt/ros/galactic/lib/python3.8/site-packages /usr/bin/cmake --build /home/student/aruco_realsense/build/realsense2_camera -- -j12 -l12
[0.138s] [ 25%] Built target realsense2_camera_node
[0.195s] [100%] Built target realsense2_camera
[0.206s] Invoked command in '/home/student/aruco_realsense/build/realsense2_camera' returned '0': CMAKE_PREFIX_PATH=/home/student/aruco_realsense/install/realsense2_camera_msgs:/home/student/aruco_realsense/install/workcell_description:/home/student/aruco_realsense/install/ur_description:/home/student/aruco_realsense/install/ros2_aruco_interfaces:/home/student/aruco_realsense/install/realsense2_description:/home/student/aruco_realsense/install/realsense2_camera:/home/student/aruco_realsense/install/ros2_aruco:/home/student/aruco_realsense/install/aruco_rs2:/opt/ros/galactic LD_LIBRARY_PATH=/home/student/aruco_realsense/install/realsense2_camera_msgs/lib:/home/student/aruco_realsense/install/ros2_aruco_interfaces/lib:/home/student/aruco_realsense/install/realsense2_camera/lib:/opt/ros/galactic/opt/yaml_cpp_vendor/lib:/opt/ros/galactic/opt/rviz_ogre_vendor/lib:/opt/ros/galactic/lib/x86_64-linux-gnu:/opt/ros/galactic/lib:/usr/local/cuda-11.1/lib64: PYTHONPATH=/home/student/aruco_realsense/install/realsense2_camera_msgs/lib/python3.8/site-packages:/home/student/aruco_realsense/install/ros2_aruco_interfaces/lib/python3.8/site-packages:/home/student/aruco_realsense/install/ros2_aruco/lib/python3.8/site-packages:/home/student/aruco_realsense/install/aruco_rs2/lib/python3.8/site-packages:/opt/ros/galactic/lib/python3.8/site-packages /usr/bin/cmake --build /home/student/aruco_realsense/build/realsense2_camera -- -j12 -l12
[0.360s] Invoking command in '/home/student/aruco_realsense/build/realsense2_camera': CMAKE_PREFIX_PATH=/home/student/aruco_realsense/install/realsense2_camera_msgs:/home/student/aruco_realsense/install/workcell_description:/home/student/aruco_realsense/install/ur_description:/home/student/aruco_realsense/install/ros2_aruco_interfaces:/home/student/aruco_realsense/install/realsense2_description:/home/student/aruco_realsense/install/realsense2_camera:/home/student/aruco_realsense/install/ros2_aruco:/home/student/aruco_realsense/install/aruco_rs2:/opt/ros/galactic LD_LIBRARY_PATH=/home/student/aruco_realsense/install/realsense2_camera_msgs/lib:/home/student/aruco_realsense/install/ros2_aruco_interfaces/lib:/home/student/aruco_realsense/install/realsense2_camera/lib:/opt/ros/galactic/opt/yaml_cpp_vendor/lib:/opt/ros/galactic/opt/rviz_ogre_vendor/lib:/opt/ros/galactic/lib/x86_64-linux-gnu:/opt/ros/galactic/lib:/usr/local/cuda-11.1/lib64: PYTHONPATH=/home/student/aruco_realsense/install/realsense2_camera_msgs/lib/python3.8/site-packages:/home/student/aruco_realsense/install/ros2_aruco_interfaces/lib/python3.8/site-packages:/home/student/aruco_realsense/install/ros2_aruco/lib/python3.8/site-packages:/home/student/aruco_realsense/install/aruco_rs2/lib/python3.8/site-packages:/opt/ros/galactic/lib/python3.8/site-packages /usr/bin/cmake --install /home/student/aruco_realsense/build/realsense2_camera
[0.405s] -- Install configuration: "Release"
[0.414s] -- Up-to-date: /home/student/aruco_realsense/install/realsense2_camera/lib/realsense2_camera/realsense2_camera_node
[0.418s] -- Up-to-date: /home/student/aruco_realsense/install/realsense2_camera/lib/librealsense2_camera.so
[0.420s] -- Up-to-date: /home/student/aruco_realsense/install/realsense2_camera/include
[0.421s] -- Up-to-date: /home/student/aruco_realsense/install/realsense2_camera/include/realsense_node_factory.h
[0.421s] -- Up-to-date: /home/student/aruco_realsense/install/realsense2_camera/include/base_realsense_node.h
[0.425s] -- Up-to-date: /home/student/aruco_realsense/install/realsense2_camera/include/dynamic_params.h
[0.432s] -- Up-to-date: /home/student/aruco_realsense/install/realsense2_camera/include/ros_param_backend.h
[0.434s] -- Up-to-date: /home/student/aruco_realsense/install/realsense2_camera/include/constants.h
[0.436s] -- Up-to-date: /home/student/aruco_realsense/install/realsense2_camera/include/t265_realsense_node.h
[0.437s] -- Up-to-date: /home/student/aruco_realsense/install/realsense2_camera/share/realsense2_camera/launch
[0.438s] -- Up-to-date: /home/student/aruco_realsense/install/realsense2_camera/share/realsense2_camera/launch/rs_launch.py
[0.439s] -- Up-to-date: /home/student/aruco_realsense/install/realsense2_camera/share/realsense2_camera/launch/demo_pointcloud_launch.py
[0.440s] -- Up-to-date: /home/student/aruco_realsense/install/realsense2_camera/share/realsense2_camera/launch/rs_t265_launch.py
[0.442s] -- Up-to-date: /home/student/aruco_realsense/install/realsense2_camera/share/realsense2_camera/launch/demo_t265_launch.py
[0.451s] -- Up-to-date: /home/student/aruco_realsense/install/realsense2_camera/share/realsense2_camera/launch/rs_d400_and_t265_launch.py
[0.460s] -- Up-to-date: /home/student/aruco_realsense/install/realsense2_camera/share/realsense2_camera/launch/rs_multi_camera_launch.py
[0.475s] -- Up-to-date: /home/student/aruco_realsense/install/realsense2_camera/share/realsense2_camera/launch/default.rviz
[0.476s] -- Up-to-date: /home/student/aruco_realsense/install/realsense2_camera/share/realsense2_camera/config
[0.477s] -- Up-to-date: /home/student/aruco_realsense/install/realsense2_camera/share/realsense2_camera/config/d435i.yaml
[0.477s] -- Up-to-date: /home/student/aruco_realsense/install/realsense2_camera/share/realsense2_camera/rviz
[0.478s] -- Up-to-date: /home/student/aruco_realsense/install/realsense2_camera/share/realsense2_camera/rviz/pointcloud.rviz
[0.479s] -- Up-to-date: /home/student/aruco_realsense/install/realsense2_camera/share/realsense2_camera/rviz/t265.rviz
[0.480s] -- Up-to-date: /home/student/aruco_realsense/install/realsense2_camera/share/realsense2_camera/environment/library_path.sh
[0.481s] -- Up-to-date: /home/student/aruco_realsense/install/realsense2_camera/share/realsense2_camera/environment/library_path.dsv
[0.482s] -- Up-to-date: /home/student/aruco_realsense/install/realsense2_camera/share/ament_index/resource_index/package_run_dependencies/realsense2_camera
[0.483s] -- Up-to-date: /home/student/aruco_realsense/install/realsense2_camera/share/ament_index/resource_index/parent_prefix_path/realsense2_camera
[0.484s] -- Up-to-date: /home/student/aruco_realsense/install/realsense2_camera/share/realsense2_camera/environment/ament_prefix_path.sh
[0.485s] -- Up-to-date: /home/student/aruco_realsense/install/realsense2_camera/share/realsense2_camera/environment/ament_prefix_path.dsv
[0.486s] -- Up-to-date: /home/student/aruco_realsense/install/realsense2_camera/share/realsense2_camera/environment/path.sh
[0.487s] -- Up-to-date: /home/student/aruco_realsense/install/realsense2_camera/share/realsense2_camera/environment/path.dsv
[0.487s] -- Up-to-date: /home/student/aruco_realsense/install/realsense2_camera/share/realsense2_camera/local_setup.bash
[0.488s] -- Up-to-date: /home/student/aruco_realsense/install/realsense2_camera/share/realsense2_camera/local_setup.sh
[0.489s] -- Up-to-date: /home/student/aruco_realsense/install/realsense2_camera/share/realsense2_camera/local_setup.zsh
[0.490s] -- Up-to-date: /home/student/aruco_realsense/install/realsense2_camera/share/realsense2_camera/local_setup.dsv
[0.491s] -- Installing: /home/student/aruco_realsense/install/realsense2_camera/share/realsense2_camera/package.dsv
[0.491s] -- Up-to-date: /home/student/aruco_realsense/install/realsense2_camera/share/ament_index/resource_index/packages/realsense2_camera
[0.492s] -- Up-to-date: /home/student/aruco_realsense/install/realsense2_camera/share/ament_index/resource_index/rclcpp_components/realsense2_camera
[0.493s] -- Up-to-date: /home/student/aruco_realsense/install/realsense2_camera/share/realsense2_camera/cmake/ament_cmake_export_include_directories-extras.cmake
[0.493s] -- Up-to-date: /home/student/aruco_realsense/install/realsense2_camera/share/realsense2_camera/cmake/ament_cmake_export_libraries-extras.cmake
[0.494s] -- Up-to-date: /home/student/aruco_realsense/install/realsense2_camera/share/realsense2_camera/cmake/ament_cmake_export_dependencies-extras.cmake
[0.495s] -- Up-to-date: /home/student/aruco_realsense/install/realsense2_camera/share/realsense2_camera/cmake/realsense2_cameraConfig.cmake
[0.506s] -- Up-to-date: /home/student/aruco_realsense/install/realsense2_camera/share/realsense2_camera/cmake/realsense2_cameraConfig-version.cmake
[0.509s] -- Up-to-date: /home/student/aruco_realsense/install/realsense2_camera/share/realsense2_camera/package.xml
[0.531s] Invoked command in '/home/student/aruco_realsense/build/realsense2_camera' returned '0': CMAKE_PREFIX_PATH=/home/student/aruco_realsense/install/realsense2_camera_msgs:/home/student/aruco_realsense/install/workcell_description:/home/student/aruco_realsense/install/ur_description:/home/student/aruco_realsense/install/ros2_aruco_interfaces:/home/student/aruco_realsense/install/realsense2_description:/home/student/aruco_realsense/install/realsense2_camera:/home/student/aruco_realsense/install/ros2_aruco:/home/student/aruco_realsense/install/aruco_rs2:/opt/ros/galactic LD_LIBRARY_PATH=/home/student/aruco_realsense/install/realsense2_camera_msgs/lib:/home/student/aruco_realsense/install/ros2_aruco_interfaces/lib:/home/student/aruco_realsense/install/realsense2_camera/lib:/opt/ros/galactic/opt/yaml_cpp_vendor/lib:/opt/ros/galactic/opt/rviz_ogre_vendor/lib:/opt/ros/galactic/lib/x86_64-linux-gnu:/opt/ros/galactic/lib:/usr/local/cuda-11.1/lib64: PYTHONPATH=/home/student/aruco_realsense/install/realsense2_camera_msgs/lib/python3.8/site-packages:/home/student/aruco_realsense/install/ros2_aruco_interfaces/lib/python3.8/site-packages:/home/student/aruco_realsense/install/ros2_aruco/lib/python3.8/site-packages:/home/student/aruco_realsense/install/aruco_rs2/lib/python3.8/site-packages:/opt/ros/galactic/lib/python3.8/site-packages /usr/bin/cmake --install /home/student/aruco_realsense/build/realsense2_camera
