[1.524s] Invoking command in '/home/student/aruco_realsense/src/aruco_rs2': PYTHONPATH=/home/student/aruco_realsense/install/aruco_rs2/lib/python3.8/site-packages:${PYTHONPATH} /usr/bin/python3 setup.py egg_info --egg-base ../../build/aruco_rs2 build --build-base /home/student/aruco_realsense/build/aruco_rs2/build install --prefix /home/student/aruco_realsense/install/aruco_rs2 --record /home/student/aruco_realsense/build/aruco_rs2/install.log --single-version-externally-managed
[2.205s] running egg_info
[2.206s] writing ../../build/aruco_rs2/aruco_rs2.egg-info/PKG-INFO
[2.206s] writing dependency_links to ../../build/aruco_rs2/aruco_rs2.egg-info/dependency_links.txt
[2.206s] writing entry points to ../../build/aruco_rs2/aruco_rs2.egg-info/entry_points.txt
[2.207s] writing requirements to ../../build/aruco_rs2/aruco_rs2.egg-info/requires.txt
[2.207s] writing top-level names to ../../build/aruco_rs2/aruco_rs2.egg-info/top_level.txt
[2.239s] reading manifest file '../../build/aruco_rs2/aruco_rs2.egg-info/SOURCES.txt'
[2.240s] writing manifest file '../../build/aruco_rs2/aruco_rs2.egg-info/SOURCES.txt'
[2.240s] running build
[2.241s] running build_py
[2.241s] running install
[2.241s] running install_lib
[2.243s] running install_data
[2.243s] copying launch/rs_aruco.launch.py -> /home/student/aruco_realsense/install/aruco_rs2/share/aruco_rs2
[2.244s] running install_egg_info
[2.245s] removing '/home/student/aruco_realsense/install/aruco_rs2/lib/python3.8/site-packages/aruco_rs2-0.0.0-py3.8.egg-info' (and everything under it)
[2.246s] Copying ../../build/aruco_rs2/aruco_rs2.egg-info to /home/student/aruco_realsense/install/aruco_rs2/lib/python3.8/site-packages/aruco_rs2-0.0.0-py3.8.egg-info
[2.247s] running install_scripts
[2.265s] writing list of installed files to '/home/student/aruco_realsense/build/aruco_rs2/install.log'
[2.293s] Invoked command in '/home/student/aruco_realsense/src/aruco_rs2' returned '0': PYTHONPATH=/home/student/aruco_realsense/install/aruco_rs2/lib/python3.8/site-packages:${PYTHONPATH} /usr/bin/python3 setup.py egg_info --egg-base ../../build/aruco_rs2 build --build-base /home/student/aruco_realsense/build/aruco_rs2/build install --prefix /home/student/aruco_realsense/install/aruco_rs2 --record /home/student/aruco_realsense/build/aruco_rs2/install.log --single-version-externally-managed
