[2.017s] Invoking command in '/home/student/aruco_realsense/src/aruco_rs2': PYTHONPATH=/home/student/aruco_realsense/install/aruco_rs2/lib/python3.8/site-packages:${PYTHONPATH} /usr/bin/python3 setup.py egg_info --egg-base ../../build/aruco_rs2 build --build-base /home/student/aruco_realsense/build/aruco_rs2/build install --prefix /home/student/aruco_realsense/install/aruco_rs2 --record /home/student/aruco_realsense/build/aruco_rs2/install.log --single-version-externally-managed
[2.337s] running egg_info
[2.338s] writing ../../build/aruco_rs2/aruco_rs2.egg-info/PKG-INFO
[2.338s] writing dependency_links to ../../build/aruco_rs2/aruco_rs2.egg-info/dependency_links.txt
[2.339s] writing entry points to ../../build/aruco_rs2/aruco_rs2.egg-info/entry_points.txt
[2.339s] writing requirements to ../../build/aruco_rs2/aruco_rs2.egg-info/requires.txt
[2.339s] writing top-level names to ../../build/aruco_rs2/aruco_rs2.egg-info/top_level.txt
[2.374s] reading manifest file '../../build/aruco_rs2/aruco_rs2.egg-info/SOURCES.txt'
[2.375s] writing manifest file '../../build/aruco_rs2/aruco_rs2.egg-info/SOURCES.txt'
[2.375s] running build
[2.375s] running build_py
[2.375s] running install
[2.376s] running install_lib
[2.377s] running install_data
[2.378s] copying launch/rs_aruco.launch.py -> /home/student/aruco_realsense/install/aruco_rs2/share/aruco_rs2
[2.378s] running install_egg_info
[2.380s] removing '/home/student/aruco_realsense/install/aruco_rs2/lib/python3.8/site-packages/aruco_rs2-0.0.0-py3.8.egg-info' (and everything under it)
[2.380s] Copying ../../build/aruco_rs2/aruco_rs2.egg-info to /home/student/aruco_realsense/install/aruco_rs2/lib/python3.8/site-packages/aruco_rs2-0.0.0-py3.8.egg-info
[2.381s] running install_scripts
[2.397s] writing list of installed files to '/home/student/aruco_realsense/build/aruco_rs2/install.log'
[2.421s] Invoked command in '/home/student/aruco_realsense/src/aruco_rs2' returned '0': PYTHONPATH=/home/student/aruco_realsense/install/aruco_rs2/lib/python3.8/site-packages:${PYTHONPATH} /usr/bin/python3 setup.py egg_info --egg-base ../../build/aruco_rs2 build --build-base /home/student/aruco_realsense/build/aruco_rs2/build install --prefix /home/student/aruco_realsense/install/aruco_rs2 --record /home/student/aruco_realsense/build/aruco_rs2/install.log --single-version-externally-managed
