running egg_info
writing ../../../build/ros2_aruco/ros2_aruco.egg-info/PKG-INFO
writing dependency_links to ../../../build/ros2_aruco/ros2_aruco.egg-info/dependency_links.txt
writing entry points to ../../../build/ros2_aruco/ros2_aruco.egg-info/entry_points.txt
writing requirements to ../../../build/ros2_aruco/ros2_aruco.egg-info/requires.txt
writing top-level names to ../../../build/ros2_aruco/ros2_aruco.egg-info/top_level.txt
reading manifest file '../../../build/ros2_aruco/ros2_aruco.egg-info/SOURCES.txt'
writing manifest file '../../../build/ros2_aruco/ros2_aruco.egg-info/SOURCES.txt'
running build
running build_py
copying ros2_aruco/aruco_node.py -> /home/student/aruco_realsense/build/ros2_aruco/build/lib/ros2_aruco
running install
running install_lib
copying /home/student/aruco_realsense/build/ros2_aruco/build/lib/ros2_aruco/aruco_node.py -> /home/student/aruco_realsense/install/ros2_aruco/lib/python3.8/site-packages/ros2_aruco
byte-compiling /home/student/aruco_realsense/install/ros2_aruco/lib/python3.8/site-packages/ros2_aruco/aruco_node.py to aruco_node.cpython-38.pyc
running install_data
copying params/aruco_node.yaml -> /home/student/aruco_realsense/install/ros2_aruco/share/ros2_aruco/params
running install_egg_info
removing '/home/student/aruco_realsense/install/ros2_aruco/lib/python3.8/site-packages/ros2_aruco-0.1.0-py3.8.egg-info' (and everything under it)
Copying ../../../build/ros2_aruco/ros2_aruco.egg-info to /home/student/aruco_realsense/install/ros2_aruco/lib/python3.8/site-packages/ros2_aruco-0.1.0-py3.8.egg-info
running install_scripts
Installing aruco_generate_marker script to /home/student/aruco_realsense/install/ros2_aruco/lib/ros2_aruco
Installing aruco_node script to /home/student/aruco_realsense/install/ros2_aruco/lib/ros2_aruco
writing list of installed files to '/home/student/aruco_realsense/build/ros2_aruco/install.log'
