[0.159s] Invoking command in '/home/student/aruco_realsense/build/workcell_description': CMAKE_PREFIX_PATH=/home/student/aruco_realsense/install/realsense2_description:/home/student/aruco_realsense/install/ur_description:/home/student/aruco_realsense/install/realsense2_camera_msgs:/home/student/aruco_realsense/install/workcell_description:/home/student/aruco_realsense/install/ros2_aruco_interfaces:/home/student/aruco_realsense/install/realsense2_camera:/home/student/aruco_realsense/install/ros2_aruco:/home/student/aruco_realsense/install/aruco_rs2:/opt/ros/galactic LD_LIBRARY_PATH=/home/student/aruco_realsense/install/realsense2_camera_msgs/lib:/home/student/aruco_realsense/install/ros2_aruco_interfaces/lib:/home/student/aruco_realsense/install/realsense2_camera/lib:/opt/ros/galactic/opt/yaml_cpp_vendor/lib:/opt/ros/galactic/opt/rviz_ogre_vendor/lib:/opt/ros/galactic/lib/x86_64-linux-gnu:/opt/ros/galactic/lib:/usr/local/cuda-11.1/lib64: PYTHONPATH=/home/student/aruco_realsense/install/realsense2_camera_msgs/lib/python3.8/site-packages:/home/student/aruco_realsense/install/ros2_aruco_interfaces/lib/python3.8/site-packages:/home/student/aruco_realsense/install/ros2_aruco/lib/python3.8/site-packages:/home/student/aruco_realsense/install/aruco_rs2/lib/python3.8/site-packages:/opt/ros/galactic/lib/python3.8/site-packages /usr/bin/cmake --build /home/student/aruco_realsense/build/workcell_description -- -j12 -l12
[0.255s] Invoked command in '/home/student/aruco_realsense/build/workcell_description' returned '0': CMAKE_PREFIX_PATH=/home/student/aruco_realsense/install/realsense2_description:/home/student/aruco_realsense/install/ur_description:/home/student/aruco_realsense/install/realsense2_camera_msgs:/home/student/aruco_realsense/install/workcell_description:/home/student/aruco_realsense/install/ros2_aruco_interfaces:/home/student/aruco_realsense/install/realsense2_camera:/home/student/aruco_realsense/install/ros2_aruco:/home/student/aruco_realsense/install/aruco_rs2:/opt/ros/galactic LD_LIBRARY_PATH=/home/student/aruco_realsense/install/realsense2_camera_msgs/lib:/home/student/aruco_realsense/install/ros2_aruco_interfaces/lib:/home/student/aruco_realsense/install/realsense2_camera/lib:/opt/ros/galactic/opt/yaml_cpp_vendor/lib:/opt/ros/galactic/opt/rviz_ogre_vendor/lib:/opt/ros/galactic/lib/x86_64-linux-gnu:/opt/ros/galactic/lib:/usr/local/cuda-11.1/lib64: PYTHONPATH=/home/student/aruco_realsense/install/realsense2_camera_msgs/lib/python3.8/site-packages:/home/student/aruco_realsense/install/ros2_aruco_interfaces/lib/python3.8/site-packages:/home/student/aruco_realsense/install/ros2_aruco/lib/python3.8/site-packages:/home/student/aruco_realsense/install/aruco_rs2/lib/python3.8/site-packages:/opt/ros/galactic/lib/python3.8/site-packages /usr/bin/cmake --build /home/student/aruco_realsense/build/workcell_description -- -j12 -l12
[0.380s] Invoking command in '/home/student/aruco_realsense/build/workcell_description': CMAKE_PREFIX_PATH=/home/student/aruco_realsense/install/realsense2_description:/home/student/aruco_realsense/install/ur_description:/home/student/aruco_realsense/install/realsense2_camera_msgs:/home/student/aruco_realsense/install/workcell_description:/home/student/aruco_realsense/install/ros2_aruco_interfaces:/home/student/aruco_realsense/install/realsense2_camera:/home/student/aruco_realsense/install/ros2_aruco:/home/student/aruco_realsense/install/aruco_rs2:/opt/ros/galactic LD_LIBRARY_PATH=/home/student/aruco_realsense/install/realsense2_camera_msgs/lib:/home/student/aruco_realsense/install/ros2_aruco_interfaces/lib:/home/student/aruco_realsense/install/realsense2_camera/lib:/opt/ros/galactic/opt/yaml_cpp_vendor/lib:/opt/ros/galactic/opt/rviz_ogre_vendor/lib:/opt/ros/galactic/lib/x86_64-linux-gnu:/opt/ros/galactic/lib:/usr/local/cuda-11.1/lib64: PYTHONPATH=/home/student/aruco_realsense/install/realsense2_camera_msgs/lib/python3.8/site-packages:/home/student/aruco_realsense/install/ros2_aruco_interfaces/lib/python3.8/site-packages:/home/student/aruco_realsense/install/ros2_aruco/lib/python3.8/site-packages:/home/student/aruco_realsense/install/aruco_rs2/lib/python3.8/site-packages:/opt/ros/galactic/lib/python3.8/site-packages /usr/bin/cmake --install /home/student/aruco_realsense/build/workcell_description
[0.420s] -- Install configuration: ""
[0.422s] -- Up-to-date: /home/student/aruco_realsense/install/workcell_description/share/workcell_description//launch
[0.424s] -- Up-to-date: /home/student/aruco_realsense/install/workcell_description/share/workcell_description//launch/simulation.launch.py
[0.425s] -- Up-to-date: /home/student/aruco_realsense/install/workcell_description/share/workcell_description//launch/workcell_bringup.launch.py
[0.426s] -- Up-to-date: /home/student/aruco_realsense/install/workcell_description/share/workcell_description//launch/gazebo_bringup.launch.py
[0.427s] -- Up-to-date: /home/student/aruco_realsense/install/workcell_description/share/workcell_description//urdf
[0.428s] -- Up-to-date: /home/student/aruco_realsense/install/workcell_description/share/workcell_description//urdf/workcell.urdf.xacro
[0.429s] -- Up-to-date: /home/student/aruco_realsense/install/workcell_description/share/workcell_description//urdf/workcell.urdf
[0.429s] -- Up-to-date: /home/student/aruco_realsense/install/workcell_description/share/workcell_description//urdf/robot.xacro
[0.430s] -- Up-to-date: /home/student/aruco_realsense/install/workcell_description/share/workcell_description//urdf/camera.xacro
[0.431s] -- Up-to-date: /home/student/aruco_realsense/install/workcell_description/share/workcell_description//urdf/grippy.xacro
[0.431s] -- Up-to-date: /home/student/aruco_realsense/install/workcell_description/share/workcell_description//urdf/gazebo_control.xacro
[0.432s] -- Up-to-date: /home/student/aruco_realsense/install/workcell_description/share/workcell_description//urdf/robotcell.xacro
[0.433s] -- Up-to-date: /home/student/aruco_realsense/install/workcell_description/share/workcell_description//urdf/shunk_egp50.xacro
[0.433s] -- Up-to-date: /home/student/aruco_realsense/install/workcell_description/share/workcell_description//urdf/gripper.xacro
[0.434s] -- Up-to-date: /home/student/aruco_realsense/install/workcell_description/share/workcell_description//urdf/inertial_macros.xacro
[0.435s] -- Up-to-date: /home/student/aruco_realsense/install/workcell_description/share/workcell_description//meshes
[0.435s] -- Up-to-date: /home/student/aruco_realsense/install/workcell_description/share/workcell_description//meshes/Gripper.stl
[0.436s] -- Up-to-date: /home/student/aruco_realsense/install/workcell_description/share/workcell_description//meshes/Pincer_1.stl
[0.448s] -- Up-to-date: /home/student/aruco_realsense/install/workcell_description/share/workcell_description//meshes/Robotcell.stl
[0.449s] -- Up-to-date: /home/student/aruco_realsense/install/workcell_description/share/workcell_description//meshes/Pincer_2.stl
[0.451s] -- Up-to-date: /home/student/aruco_realsense/install/workcell_description/share/workcell_description//config
[0.454s] -- Up-to-date: /home/student/aruco_realsense/install/workcell_description/share/workcell_description//config/config.rviz
[0.455s] -- Up-to-date: /home/student/aruco_realsense/install/workcell_description/share/ament_index/resource_index/package_run_dependencies/workcell_description
[0.456s] -- Up-to-date: /home/student/aruco_realsense/install/workcell_description/share/ament_index/resource_index/parent_prefix_path/workcell_description
[0.457s] -- Up-to-date: /home/student/aruco_realsense/install/workcell_description/share/workcell_description/environment/ament_prefix_path.sh
[0.458s] -- Up-to-date: /home/student/aruco_realsense/install/workcell_description/share/workcell_description/environment/ament_prefix_path.dsv
[0.468s] -- Up-to-date: /home/student/aruco_realsense/install/workcell_description/share/workcell_description/environment/path.sh
[0.472s] -- Up-to-date: /home/student/aruco_realsense/install/workcell_description/share/workcell_description/environment/path.dsv
[0.473s] -- Up-to-date: /home/student/aruco_realsense/install/workcell_description/share/workcell_description/local_setup.bash
[0.474s] -- Up-to-date: /home/student/aruco_realsense/install/workcell_description/share/workcell_description/local_setup.sh
[0.475s] -- Up-to-date: /home/student/aruco_realsense/install/workcell_description/share/workcell_description/local_setup.zsh
[0.477s] -- Up-to-date: /home/student/aruco_realsense/install/workcell_description/share/workcell_description/local_setup.dsv
[0.478s] -- Installing: /home/student/aruco_realsense/install/workcell_description/share/workcell_description/package.dsv
[0.479s] -- Up-to-date: /home/student/aruco_realsense/install/workcell_description/share/ament_index/resource_index/packages/workcell_description
[0.488s] -- Up-to-date: /home/student/aruco_realsense/install/workcell_description/share/workcell_description/cmake/workcell_descriptionConfig.cmake
[0.496s] -- Up-to-date: /home/student/aruco_realsense/install/workcell_description/share/workcell_description/cmake/workcell_descriptionConfig-version.cmake
[0.499s] -- Up-to-date: /home/student/aruco_realsense/install/workcell_description/share/workcell_description/package.xml
[0.528s] Invoked command in '/home/student/aruco_realsense/build/workcell_description' returned '0': CMAKE_PREFIX_PATH=/home/student/aruco_realsense/install/realsense2_description:/home/student/aruco_realsense/install/ur_description:/home/student/aruco_realsense/install/realsense2_camera_msgs:/home/student/aruco_realsense/install/workcell_description:/home/student/aruco_realsense/install/ros2_aruco_interfaces:/home/student/aruco_realsense/install/realsense2_camera:/home/student/aruco_realsense/install/ros2_aruco:/home/student/aruco_realsense/install/aruco_rs2:/opt/ros/galactic LD_LIBRARY_PATH=/home/student/aruco_realsense/install/realsense2_camera_msgs/lib:/home/student/aruco_realsense/install/ros2_aruco_interfaces/lib:/home/student/aruco_realsense/install/realsense2_camera/lib:/opt/ros/galactic/opt/yaml_cpp_vendor/lib:/opt/ros/galactic/opt/rviz_ogre_vendor/lib:/opt/ros/galactic/lib/x86_64-linux-gnu:/opt/ros/galactic/lib:/usr/local/cuda-11.1/lib64: PYTHONPATH=/home/student/aruco_realsense/install/realsense2_camera_msgs/lib/python3.8/site-packages:/home/student/aruco_realsense/install/ros2_aruco_interfaces/lib/python3.8/site-packages:/home/student/aruco_realsense/install/ros2_aruco/lib/python3.8/site-packages:/home/student/aruco_realsense/install/aruco_rs2/lib/python3.8/site-packages:/opt/ros/galactic/lib/python3.8/site-packages /usr/bin/cmake --install /home/student/aruco_realsense/build/workcell_description
