[0.583s] Invoking command in '/home/student/aruco_realsense/build/ros2_aruco_interfaces': CMAKE_PREFIX_PATH=${CMAKE_PREFIX_PATH}:/home/student/aruco_realsense/install/ros2_aruco:/home/student/aruco_realsense/install/aruco_rs2:/opt/ros/galactic /usr/bin/cmake --build /home/student/aruco_realsense/build/ros2_aruco_interfaces -- -j12 -l12
[0.717s] [  3%] Built target ros2_aruco_interfaces__cpp
[0.718s] [ 12%] Built target ros2_aruco_interfaces__rosidl_generator_c
[0.721s] [ 22%] Built target ros2_aruco_interfaces__rosidl_typesupport_introspection_cpp
[0.721s] [ 32%] Built target ros2_aruco_interfaces__rosidl_typesupport_cpp
[0.721s] [ 45%] Built target ros2_aruco_interfaces__rosidl_typesupport_fastrtps_cpp
[0.722s] [ 51%] Built target ros2_aruco_interfaces__rosidl_typesupport_introspection_c
[0.725s] [ 61%] Built target ros2_aruco_interfaces__rosidl_typesupport_c
[0.759s] [ 70%] Built target ros2_aruco_interfaces__rosidl_typesupport_fastrtps_c
[0.783s] [ 70%] Built target ros2_aruco_interfaces
[0.814s] [ 74%] Built target ros2_aruco_interfaces__py
[0.845s] [ 80%] Built target ros2_aruco_interfaces__python
[0.886s] [ 87%] Built target ros2_aruco_interfaces__rosidl_typesupport_introspection_c__pyext
[0.886s] [100%] Built target ros2_aruco_interfaces__rosidl_typesupport_fastrtps_c__pyext
[0.886s] [100%] Built target ros2_aruco_interfaces__rosidl_typesupport_c__pyext
[0.901s] Invoked command in '/home/student/aruco_realsense/build/ros2_aruco_interfaces' returned '0': CMAKE_PREFIX_PATH=${CMAKE_PREFIX_PATH}:/home/student/aruco_realsense/install/ros2_aruco:/home/student/aruco_realsense/install/aruco_rs2:/opt/ros/galactic /usr/bin/cmake --build /home/student/aruco_realsense/build/ros2_aruco_interfaces -- -j12 -l12
[0.985s] Invoking command in '/home/student/aruco_realsense/build/ros2_aruco_interfaces': CMAKE_PREFIX_PATH=${CMAKE_PREFIX_PATH}:/home/student/aruco_realsense/install/ros2_aruco:/home/student/aruco_realsense/install/aruco_rs2:/opt/ros/galactic /usr/bin/cmake --install /home/student/aruco_realsense/build/ros2_aruco_interfaces
[0.997s] -- Install configuration: ""
[0.997s] -- Up-to-date: /home/student/aruco_realsense/install/ros2_aruco_interfaces/share/ament_index/resource_index/rosidl_interfaces/ros2_aruco_interfaces
[0.997s] -- Up-to-date: /home/student/aruco_realsense/install/ros2_aruco_interfaces/include/ros2_aruco_interfaces
[0.998s] -- Up-to-date: /home/student/aruco_realsense/install/ros2_aruco_interfaces/include/ros2_aruco_interfaces/msg
[0.998s] -- Up-to-date: /home/student/aruco_realsense/install/ros2_aruco_interfaces/include/ros2_aruco_interfaces/msg/detail
[1.001s] -- Up-to-date: /home/student/aruco_realsense/install/ros2_aruco_interfaces/include/ros2_aruco_interfaces/msg/detail/aruco_markers__type_support.h
[1.002s] -- Up-to-date: /home/student/aruco_realsense/install/ros2_aruco_interfaces/include/ros2_aruco_interfaces/msg/detail/aruco_markers__functions.h
[1.004s] -- Up-to-date: /home/student/aruco_realsense/install/ros2_aruco_interfaces/include/ros2_aruco_interfaces/msg/detail/aruco_markers__functions.c
[1.004s] -- Up-to-date: /home/student/aruco_realsense/install/ros2_aruco_interfaces/include/ros2_aruco_interfaces/msg/detail/aruco_markers__struct.h
[1.004s] -- Up-to-date: /home/student/aruco_realsense/install/ros2_aruco_interfaces/include/ros2_aruco_interfaces/msg/rosidl_generator_c__visibility_control.h
[1.004s] -- Up-to-date: /home/student/aruco_realsense/install/ros2_aruco_interfaces/include/ros2_aruco_interfaces/msg/aruco_markers.h
[1.004s] -- Up-to-date: /home/student/aruco_realsense/install/ros2_aruco_interfaces/share/ros2_aruco_interfaces/environment/library_path.sh
[1.004s] -- Up-to-date: /home/student/aruco_realsense/install/ros2_aruco_interfaces/share/ros2_aruco_interfaces/environment/library_path.dsv
[1.005s] -- Up-to-date: /home/student/aruco_realsense/install/ros2_aruco_interfaces/lib/libros2_aruco_interfaces__rosidl_generator_c.so
[1.005s] -- Up-to-date: /home/student/aruco_realsense/install/ros2_aruco_interfaces/include/ros2_aruco_interfaces
[1.005s] -- Up-to-date: /home/student/aruco_realsense/install/ros2_aruco_interfaces/include/ros2_aruco_interfaces/msg
[1.005s] -- Up-to-date: /home/student/aruco_realsense/install/ros2_aruco_interfaces/include/ros2_aruco_interfaces/msg/detail
[1.005s] -- Up-to-date: /home/student/aruco_realsense/install/ros2_aruco_interfaces/include/ros2_aruco_interfaces/msg/detail/aruco_markers__rosidl_typesupport_fastrtps_c.h
[1.005s] -- Up-to-date: /home/student/aruco_realsense/install/ros2_aruco_interfaces/include/ros2_aruco_interfaces/msg/rosidl_typesupport_fastrtps_c__visibility_control.h
[1.005s] -- Up-to-date: /home/student/aruco_realsense/install/ros2_aruco_interfaces/lib/libros2_aruco_interfaces__rosidl_typesupport_fastrtps_c.so
[1.006s] -- Up-to-date: /home/student/aruco_realsense/install/ros2_aruco_interfaces/include/ros2_aruco_interfaces
[1.006s] -- Up-to-date: /home/student/aruco_realsense/install/ros2_aruco_interfaces/include/ros2_aruco_interfaces/msg
[1.006s] -- Up-to-date: /home/student/aruco_realsense/install/ros2_aruco_interfaces/include/ros2_aruco_interfaces/msg/rosidl_typesupport_fastrtps_cpp__visibility_control.h
[1.006s] -- Up-to-date: /home/student/aruco_realsense/install/ros2_aruco_interfaces/include/ros2_aruco_interfaces/msg/detail
[1.006s] -- Up-to-date: /home/student/aruco_realsense/install/ros2_aruco_interfaces/include/ros2_aruco_interfaces/msg/detail/dds_fastrtps
[1.006s] -- Up-to-date: /home/student/aruco_realsense/install/ros2_aruco_interfaces/include/ros2_aruco_interfaces/msg/detail/aruco_markers__rosidl_typesupport_fastrtps_cpp.hpp
[1.008s] -- Up-to-date: /home/student/aruco_realsense/install/ros2_aruco_interfaces/lib/libros2_aruco_interfaces__rosidl_typesupport_fastrtps_cpp.so
[1.008s] -- Up-to-date: /home/student/aruco_realsense/install/ros2_aruco_interfaces/include/ros2_aruco_interfaces
[1.008s] -- Up-to-date: /home/student/aruco_realsense/install/ros2_aruco_interfaces/include/ros2_aruco_interfaces/msg
[1.008s] -- Up-to-date: /home/student/aruco_realsense/install/ros2_aruco_interfaces/include/ros2_aruco_interfaces/msg/detail
[1.008s] -- Up-to-date: /home/student/aruco_realsense/install/ros2_aruco_interfaces/include/ros2_aruco_interfaces/msg/detail/aruco_markers__type_support.c
[1.009s] -- Up-to-date: /home/student/aruco_realsense/install/ros2_aruco_interfaces/include/ros2_aruco_interfaces/msg/detail/aruco_markers__rosidl_typesupport_introspection_c.h
[1.009s] -- Up-to-date: /home/student/aruco_realsense/install/ros2_aruco_interfaces/include/ros2_aruco_interfaces/msg/rosidl_typesupport_introspection_c__visibility_control.h
[1.009s] -- Up-to-date: /home/student/aruco_realsense/install/ros2_aruco_interfaces/lib/libros2_aruco_interfaces__rosidl_typesupport_introspection_c.so
[1.009s] -- Up-to-date: /home/student/aruco_realsense/install/ros2_aruco_interfaces/lib/libros2_aruco_interfaces__rosidl_typesupport_c.so
[1.009s] -- Up-to-date: /home/student/aruco_realsense/install/ros2_aruco_interfaces/include/ros2_aruco_interfaces
[1.009s] -- Up-to-date: /home/student/aruco_realsense/install/ros2_aruco_interfaces/include/ros2_aruco_interfaces/msg
[1.009s] -- Up-to-date: /home/student/aruco_realsense/install/ros2_aruco_interfaces/include/ros2_aruco_interfaces/msg/detail
[1.009s] -- Up-to-date: /home/student/aruco_realsense/install/ros2_aruco_interfaces/include/ros2_aruco_interfaces/msg/detail/aruco_markers__traits.hpp
[1.010s] -- Up-to-date: /home/student/aruco_realsense/install/ros2_aruco_interfaces/include/ros2_aruco_interfaces/msg/detail/aruco_markers__struct.hpp
[1.010s] -- Up-to-date: /home/student/aruco_realsense/install/ros2_aruco_interfaces/include/ros2_aruco_interfaces/msg/detail/aruco_markers__builder.hpp
[1.010s] -- Up-to-date: /home/student/aruco_realsense/install/ros2_aruco_interfaces/include/ros2_aruco_interfaces/msg/aruco_markers.hpp
[1.010s] -- Up-to-date: /home/student/aruco_realsense/install/ros2_aruco_interfaces/include/ros2_aruco_interfaces
[1.010s] -- Up-to-date: /home/student/aruco_realsense/install/ros2_aruco_interfaces/include/ros2_aruco_interfaces/msg
[1.010s] -- Up-to-date: /home/student/aruco_realsense/install/ros2_aruco_interfaces/include/ros2_aruco_interfaces/msg/detail
[1.010s] -- Up-to-date: /home/student/aruco_realsense/install/ros2_aruco_interfaces/include/ros2_aruco_interfaces/msg/detail/aruco_markers__rosidl_typesupport_introspection_cpp.hpp
[1.011s] -- Up-to-date: /home/student/aruco_realsense/install/ros2_aruco_interfaces/include/ros2_aruco_interfaces/msg/detail/aruco_markers__type_support.cpp
[1.011s] -- Up-to-date: /home/student/aruco_realsense/install/ros2_aruco_interfaces/lib/libros2_aruco_interfaces__rosidl_typesupport_introspection_cpp.so
[1.011s] -- Up-to-date: /home/student/aruco_realsense/install/ros2_aruco_interfaces/lib/libros2_aruco_interfaces__rosidl_typesupport_cpp.so
[1.011s] -- Up-to-date: /home/student/aruco_realsense/install/ros2_aruco_interfaces/share/ros2_aruco_interfaces/environment/pythonpath.sh
[1.011s] -- Up-to-date: /home/student/aruco_realsense/install/ros2_aruco_interfaces/share/ros2_aruco_interfaces/environment/pythonpath.dsv
[1.011s] -- Up-to-date: /home/student/aruco_realsense/install/ros2_aruco_interfaces/lib/python3.8/site-packages/ros2_aruco_interfaces/__init__.py
[1.131s] -- Up-to-date: /home/student/aruco_realsense/install/ros2_aruco_interfaces/lib/python3.8/site-packages/ros2_aruco_interfaces/msg
[1.132s] -- Up-to-date: /home/student/aruco_realsense/install/ros2_aruco_interfaces/lib/python3.8/site-packages/ros2_aruco_interfaces/msg/__init__.py
[1.133s] -- Up-to-date: /home/student/aruco_realsense/install/ros2_aruco_interfaces/lib/python3.8/site-packages/ros2_aruco_interfaces/msg/_aruco_markers.py
[1.133s] -- Up-to-date: /home/student/aruco_realsense/install/ros2_aruco_interfaces/lib/python3.8/site-packages/ros2_aruco_interfaces/msg/_aruco_markers_s.c
[1.134s] -- Up-to-date: /home/student/aruco_realsense/install/ros2_aruco_interfaces/lib/python3.8/site-packages/ros2_aruco_interfaces/ros2_aruco_interfaces_s__rosidl_typesupport_fastrtps_c.cpython-38-x86_64-linux-gnu.so
[1.136s] -- Up-to-date: /home/student/aruco_realsense/install/ros2_aruco_interfaces/lib/python3.8/site-packages/ros2_aruco_interfaces/ros2_aruco_interfaces_s__rosidl_typesupport_introspection_c.cpython-38-x86_64-linux-gnu.so
[1.139s] -- Up-to-date: /home/student/aruco_realsense/install/ros2_aruco_interfaces/lib/python3.8/site-packages/ros2_aruco_interfaces/ros2_aruco_interfaces_s__rosidl_typesupport_c.cpython-38-x86_64-linux-gnu.so
[1.142s] -- Up-to-date: /home/student/aruco_realsense/install/ros2_aruco_interfaces/lib/libros2_aruco_interfaces__python.so
[1.143s] -- Up-to-date: /home/student/aruco_realsense/install/ros2_aruco_interfaces/share/ros2_aruco_interfaces/msg/ArucoMarkers.idl
[1.144s] -- Up-to-date: /home/student/aruco_realsense/install/ros2_aruco_interfaces/share/ros2_aruco_interfaces/msg/ArucoMarkers.msg
[1.146s] -- Up-to-date: /home/student/aruco_realsense/install/ros2_aruco_interfaces/share/ament_index/resource_index/package_run_dependencies/ros2_aruco_interfaces
[1.147s] -- Up-to-date: /home/student/aruco_realsense/install/ros2_aruco_interfaces/share/ament_index/resource_index/parent_prefix_path/ros2_aruco_interfaces
[1.147s] -- Up-to-date: /home/student/aruco_realsense/install/ros2_aruco_interfaces/share/ros2_aruco_interfaces/environment/ament_prefix_path.sh
[1.148s] -- Up-to-date: /home/student/aruco_realsense/install/ros2_aruco_interfaces/share/ros2_aruco_interfaces/environment/ament_prefix_path.dsv
[1.149s] -- Up-to-date: /home/student/aruco_realsense/install/ros2_aruco_interfaces/share/ros2_aruco_interfaces/environment/path.sh
[1.149s] -- Up-to-date: /home/student/aruco_realsense/install/ros2_aruco_interfaces/share/ros2_aruco_interfaces/environment/path.dsv
[1.151s] -- Up-to-date: /home/student/aruco_realsense/install/ros2_aruco_interfaces/share/ros2_aruco_interfaces/local_setup.bash
[1.151s] -- Up-to-date: /home/student/aruco_realsense/install/ros2_aruco_interfaces/share/ros2_aruco_interfaces/local_setup.sh
[1.152s] -- Up-to-date: /home/student/aruco_realsense/install/ros2_aruco_interfaces/share/ros2_aruco_interfaces/local_setup.zsh
[1.153s] -- Up-to-date: /home/student/aruco_realsense/install/ros2_aruco_interfaces/share/ros2_aruco_interfaces/local_setup.dsv
[1.154s] -- Installing: /home/student/aruco_realsense/install/ros2_aruco_interfaces/share/ros2_aruco_interfaces/package.dsv
[1.154s] -- Up-to-date: /home/student/aruco_realsense/install/ros2_aruco_interfaces/share/ament_index/resource_index/packages/ros2_aruco_interfaces
[1.155s] -- Up-to-date: /home/student/aruco_realsense/install/ros2_aruco_interfaces/share/ros2_aruco_interfaces/cmake/ros2_aruco_interfaces__rosidl_generator_cExport.cmake
[1.157s] -- Up-to-date: /home/student/aruco_realsense/install/ros2_aruco_interfaces/share/ros2_aruco_interfaces/cmake/ros2_aruco_interfaces__rosidl_generator_cExport-noconfig.cmake
[1.158s] -- Up-to-date: /home/student/aruco_realsense/install/ros2_aruco_interfaces/share/ros2_aruco_interfaces/cmake/ros2_aruco_interfaces__rosidl_typesupport_introspection_cExport.cmake
[1.159s] -- Up-to-date: /home/student/aruco_realsense/install/ros2_aruco_interfaces/share/ros2_aruco_interfaces/cmake/ros2_aruco_interfaces__rosidl_typesupport_introspection_cExport-noconfig.cmake
[1.160s] -- Up-to-date: /home/student/aruco_realsense/install/ros2_aruco_interfaces/share/ros2_aruco_interfaces/cmake/ros2_aruco_interfaces__rosidl_typesupport_cExport.cmake
[1.161s] -- Up-to-date: /home/student/aruco_realsense/install/ros2_aruco_interfaces/share/ros2_aruco_interfaces/cmake/ros2_aruco_interfaces__rosidl_typesupport_cExport-noconfig.cmake
[1.162s] -- Up-to-date: /home/student/aruco_realsense/install/ros2_aruco_interfaces/share/ros2_aruco_interfaces/cmake/ros2_aruco_interfaces__rosidl_generator_cppExport.cmake
[1.163s] -- Up-to-date: /home/student/aruco_realsense/install/ros2_aruco_interfaces/share/ros2_aruco_interfaces/cmake/ros2_aruco_interfaces__rosidl_typesupport_introspection_cppExport.cmake
[1.164s] -- Up-to-date: /home/student/aruco_realsense/install/ros2_aruco_interfaces/share/ros2_aruco_interfaces/cmake/ros2_aruco_interfaces__rosidl_typesupport_introspection_cppExport-noconfig.cmake
[1.164s] -- Up-to-date: /home/student/aruco_realsense/install/ros2_aruco_interfaces/share/ros2_aruco_interfaces/cmake/ros2_aruco_interfaces__rosidl_typesupport_cppExport.cmake
[1.165s] -- Up-to-date: /home/student/aruco_realsense/install/ros2_aruco_interfaces/share/ros2_aruco_interfaces/cmake/ros2_aruco_interfaces__rosidl_typesupport_cppExport-noconfig.cmake
[1.167s] -- Up-to-date: /home/student/aruco_realsense/install/ros2_aruco_interfaces/share/ros2_aruco_interfaces/cmake/rosidl_cmake-extras.cmake
[1.178s] -- Up-to-date: /home/student/aruco_realsense/install/ros2_aruco_interfaces/share/ros2_aruco_interfaces/cmake/ament_cmake_export_dependencies-extras.cmake
[1.192s] -- Up-to-date: /home/student/aruco_realsense/install/ros2_aruco_interfaces/share/ros2_aruco_interfaces/cmake/ament_cmake_export_libraries-extras.cmake
[1.193s] -- Up-to-date: /home/student/aruco_realsense/install/ros2_aruco_interfaces/share/ros2_aruco_interfaces/cmake/ament_cmake_export_targets-extras.cmake
[1.194s] -- Up-to-date: /home/student/aruco_realsense/install/ros2_aruco_interfaces/share/ros2_aruco_interfaces/cmake/ament_cmake_export_include_directories-extras.cmake
[1.195s] -- Up-to-date: /home/student/aruco_realsense/install/ros2_aruco_interfaces/share/ros2_aruco_interfaces/cmake/rosidl_cmake_export_typesupport_libraries-extras.cmake
[1.196s] -- Up-to-date: /home/student/aruco_realsense/install/ros2_aruco_interfaces/share/ros2_aruco_interfaces/cmake/rosidl_cmake_export_typesupport_targets-extras.cmake
[1.197s] -- Up-to-date: /home/student/aruco_realsense/install/ros2_aruco_interfaces/share/ros2_aruco_interfaces/cmake/ros2_aruco_interfacesConfig.cmake
[1.197s] -- Up-to-date: /home/student/aruco_realsense/install/ros2_aruco_interfaces/share/ros2_aruco_interfaces/cmake/ros2_aruco_interfacesConfig-version.cmake
[1.198s] -- Up-to-date: /home/student/aruco_realsense/install/ros2_aruco_interfaces/share/ros2_aruco_interfaces/package.xml
[1.200s] Invoked command in '/home/student/aruco_realsense/build/ros2_aruco_interfaces' returned '0': CMAKE_PREFIX_PATH=${CMAKE_PREFIX_PATH}:/home/student/aruco_realsense/install/ros2_aruco:/home/student/aruco_realsense/install/aruco_rs2:/opt/ros/galactic /usr/bin/cmake --install /home/student/aruco_realsense/build/ros2_aruco_interfaces
