/home/student/aruco_realsense/install/ros2_aruco/lib/python3.8/site-packages/ros2_aruco/aruco_node.py
/home/student/aruco_realsense/install/ros2_aruco/lib/python3.8/site-packages/ros2_aruco/transformations.py
/home/student/aruco_realsense/install/ros2_aruco/lib/python3.8/site-packages/ros2_aruco/__init__.py
/home/student/aruco_realsense/install/ros2_aruco/lib/python3.8/site-packages/ros2_aruco/aruco_generate_marker.py
/home/student/aruco_realsense/install/ros2_aruco/lib/python3.8/site-packages/ros2_aruco/__pycache__/aruco_node.cpython-38.pyc
/home/student/aruco_realsense/install/ros2_aruco/lib/python3.8/site-packages/ros2_aruco/__pycache__/transformations.cpython-38.pyc
/home/student/aruco_realsense/install/ros2_aruco/lib/python3.8/site-packages/ros2_aruco/__pycache__/__init__.cpython-38.pyc
/home/student/aruco_realsense/install/ros2_aruco/lib/python3.8/site-packages/ros2_aruco/__pycache__/aruco_generate_marker.cpython-38.pyc
/home/student/aruco_realsense/install/ros2_aruco/share/ament_index/resource_index/packages/ros2_aruco
/home/student/aruco_realsense/install/ros2_aruco/share/ros2_aruco/package.xml
/home/student/aruco_realsense/install/ros2_aruco/share/ros2_aruco/launch/usb_camera_node.launch.py
/home/student/aruco_realsense/install/ros2_aruco/share/ros2_aruco/params/camera_params.yaml
/home/student/aruco_realsense/install/ros2_aruco/share/ros2_aruco/params/camera_info.yaml
/home/student/aruco_realsense/install/ros2_aruco/share/ros2_aruco/params/aruco_node.yaml
/home/student/aruco_realsense/install/ros2_aruco/lib/python3.8/site-packages/ros2_aruco-0.1.0-py3.8.egg-info/top_level.txt
/home/student/aruco_realsense/install/ros2_aruco/lib/python3.8/site-packages/ros2_aruco-0.1.0-py3.8.egg-info/requires.txt
/home/student/aruco_realsense/install/ros2_aruco/lib/python3.8/site-packages/ros2_aruco-0.1.0-py3.8.egg-info/PKG-INFO
/home/student/aruco_realsense/install/ros2_aruco/lib/python3.8/site-packages/ros2_aruco-0.1.0-py3.8.egg-info/entry_points.txt
/home/student/aruco_realsense/install/ros2_aruco/lib/python3.8/site-packages/ros2_aruco-0.1.0-py3.8.egg-info/dependency_links.txt
/home/student/aruco_realsense/install/ros2_aruco/lib/python3.8/site-packages/ros2_aruco-0.1.0-py3.8.egg-info/SOURCES.txt
/home/student/aruco_realsense/install/ros2_aruco/lib/python3.8/site-packages/ros2_aruco-0.1.0-py3.8.egg-info/zip-safe
/home/student/aruco_realsense/install/ros2_aruco/lib/ros2_aruco/aruco_generate_marker
/home/student/aruco_realsense/install/ros2_aruco/lib/ros2_aruco/aruco_node
