[1.008s] Invoking command in '/home/student/aruco_realsense/src/aruco_rs2': PYTHONPATH=/home/student/aruco_realsense/install/aruco_rs2/lib/python3.8/site-packages:${PYTHONPATH} /usr/bin/python3 setup.py egg_info --egg-base ../../build/aruco_rs2 build --build-base /home/student/aruco_realsense/build/aruco_rs2/build install --prefix /home/student/aruco_realsense/install/aruco_rs2 --record /home/student/aruco_realsense/build/aruco_rs2/install.log --single-version-externally-managed
[1.229s] running egg_info
[1.229s] writing ../../build/aruco_rs2/aruco_rs2.egg-info/PKG-INFO
[1.230s] writing dependency_links to ../../build/aruco_rs2/aruco_rs2.egg-info/dependency_links.txt
[1.230s] writing entry points to ../../build/aruco_rs2/aruco_rs2.egg-info/entry_points.txt
[1.230s] writing requirements to ../../build/aruco_rs2/aruco_rs2.egg-info/requires.txt
[1.230s] writing top-level names to ../../build/aruco_rs2/aruco_rs2.egg-info/top_level.txt
[1.261s] reading manifest file '../../build/aruco_rs2/aruco_rs2.egg-info/SOURCES.txt'
[1.262s] writing manifest file '../../build/aruco_rs2/aruco_rs2.egg-info/SOURCES.txt'
[1.262s] running build
[1.262s] running build_py
[1.262s] running install
[1.263s] running install_lib
[1.264s] running install_data
[1.265s] running install_egg_info
[1.266s] removing '/home/student/aruco_realsense/install/aruco_rs2/lib/python3.8/site-packages/aruco_rs2-0.0.0-py3.8.egg-info' (and everything under it)
[1.266s] Copying ../../build/aruco_rs2/aruco_rs2.egg-info to /home/student/aruco_realsense/install/aruco_rs2/lib/python3.8/site-packages/aruco_rs2-0.0.0-py3.8.egg-info
[1.267s] running install_scripts
[1.282s] writing list of installed files to '/home/student/aruco_realsense/build/aruco_rs2/install.log'
[1.300s] Invoked command in '/home/student/aruco_realsense/src/aruco_rs2' returned '0': PYTHONPATH=/home/student/aruco_realsense/install/aruco_rs2/lib/python3.8/site-packages:${PYTHONPATH} /usr/bin/python3 setup.py egg_info --egg-base ../../build/aruco_rs2 build --build-base /home/student/aruco_realsense/build/aruco_rs2/build install --prefix /home/student/aruco_realsense/install/aruco_rs2 --record /home/student/aruco_realsense/build/aruco_rs2/install.log --single-version-externally-managed
