[0.019s] Invoking command in '/home/student/aruco_realsense/build/workcell_description': AMENT_PREFIX_PATH=/home/student/aruco_realsense/install/realsense2_description:/home/student/aruco_realsense/install/ur_description:/home/student/aruco_realsense/install/realsense2_camera_msgs:${AMENT_PREFIX_PATH} CMAKE_PREFIX_PATH=/home/student/aruco_realsense/install/realsense2_description:/home/student/aruco_realsense/install/ur_description:/home/student/aruco_realsense/install/realsense2_camera_msgs:/opt/ros/galactic LD_LIBRARY_PATH=/home/student/aruco_realsense/install/realsense2_camera_msgs/lib:/opt/ros/galactic/opt/yaml_cpp_vendor/lib:/opt/ros/galactic/opt/rviz_ogre_vendor/lib:/opt/ros/galactic/lib/x86_64-linux-gnu:/opt/ros/galactic/lib:/usr/local/cuda-11.1/lib64: PYTHONPATH=/home/student/aruco_realsense/install/realsense2_camera_msgs/lib/python3.8/site-packages:${PYTHONPATH} /usr/bin/cmake --build /home/student/aruco_realsense/build/workcell_description -- -j12 -l12
[0.048s] -- Found ament_cmake: 1.1.5 (/opt/ros/galactic/share/ament_cmake/cmake)
[0.071s] -- Using PYTHON_EXECUTABLE: /usr/bin/python3
[0.131s] -- Found rclcpp: 9.2.1 (/opt/ros/galactic/share/rclcpp/cmake)
[0.164s] -- Using all available rosidl_typesupport_c: rosidl_typesupport_fastrtps_c;rosidl_typesupport_introspection_c
[0.167s] -- Found rosidl_adapter: 2.2.2 (/opt/ros/galactic/share/rosidl_adapter/cmake)
[0.282s] -- Using all available rosidl_typesupport_cpp: rosidl_typesupport_fastrtps_cpp;rosidl_typesupport_introspection_cpp
[0.333s] -- Found rmw_implementation_cmake: 3.3.1 (/opt/ros/galactic/share/rmw_implementation_cmake/cmake)
[0.335s] -- Found rmw_cyclonedds_cpp: 0.22.5 (/opt/ros/galactic/share/rmw_cyclonedds_cpp/cmake)
[0.352s] -- Using RMW implementation 'rmw_cyclonedds_cpp' as default
[0.473s] -- Found rclpy: 1.9.1 (/opt/ros/galactic/share/rclpy/cmake)
[0.473s] -- Found ur_description: 2.0.0 (/home/student/aruco_realsense/install/ur_description/share/ur_description/cmake)
[0.473s] -- Found realsense2_description: 3.2.3 (/home/student/aruco_realsense/install/realsense2_description/share/realsense2_description/cmake)
[0.473s] -- Found ament_lint_auto: 0.10.7 (/opt/ros/galactic/share/ament_lint_auto/cmake)
[0.581s] -- Added test 'flake8' to check Python code syntax and style conventions
[0.582s] -- Added test 'lint_cmake' to check CMake code style
[0.583s] -- Added test 'pep257' to check Python code against some of the style conventions in PEP 257
[0.585s] -- Added test 'xmllint' to check XML markup files
[0.588s] -- Configuring done
[0.592s] -- Generating done
[0.595s] -- Build files have been written to: /home/student/aruco_realsense/build/workcell_description
[0.632s] Invoked command in '/home/student/aruco_realsense/build/workcell_description' returned '0': AMENT_PREFIX_PATH=/home/student/aruco_realsense/install/realsense2_description:/home/student/aruco_realsense/install/ur_description:/home/student/aruco_realsense/install/realsense2_camera_msgs:${AMENT_PREFIX_PATH} CMAKE_PREFIX_PATH=/home/student/aruco_realsense/install/realsense2_description:/home/student/aruco_realsense/install/ur_description:/home/student/aruco_realsense/install/realsense2_camera_msgs:/opt/ros/galactic LD_LIBRARY_PATH=/home/student/aruco_realsense/install/realsense2_camera_msgs/lib:/opt/ros/galactic/opt/yaml_cpp_vendor/lib:/opt/ros/galactic/opt/rviz_ogre_vendor/lib:/opt/ros/galactic/lib/x86_64-linux-gnu:/opt/ros/galactic/lib:/usr/local/cuda-11.1/lib64: PYTHONPATH=/home/student/aruco_realsense/install/realsense2_camera_msgs/lib/python3.8/site-packages:${PYTHONPATH} /usr/bin/cmake --build /home/student/aruco_realsense/build/workcell_description -- -j12 -l12
[0.668s] Invoking command in '/home/student/aruco_realsense/build/workcell_description': AMENT_PREFIX_PATH=/home/student/aruco_realsense/install/realsense2_description:/home/student/aruco_realsense/install/ur_description:/home/student/aruco_realsense/install/realsense2_camera_msgs:${AMENT_PREFIX_PATH} CMAKE_PREFIX_PATH=/home/student/aruco_realsense/install/realsense2_description:/home/student/aruco_realsense/install/ur_description:/home/student/aruco_realsense/install/realsense2_camera_msgs:/opt/ros/galactic LD_LIBRARY_PATH=/home/student/aruco_realsense/install/realsense2_camera_msgs/lib:/opt/ros/galactic/opt/yaml_cpp_vendor/lib:/opt/ros/galactic/opt/rviz_ogre_vendor/lib:/opt/ros/galactic/lib/x86_64-linux-gnu:/opt/ros/galactic/lib:/usr/local/cuda-11.1/lib64: PYTHONPATH=/home/student/aruco_realsense/install/realsense2_camera_msgs/lib/python3.8/site-packages:${PYTHONPATH} /usr/bin/cmake --install /home/student/aruco_realsense/build/workcell_description
[0.682s] -- Install configuration: ""
[0.682s] -- Up-to-date: /home/student/aruco_realsense/install/workcell_description/share/workcell_description//launch
[0.682s] -- Up-to-date: /home/student/aruco_realsense/install/workcell_description/share/workcell_description//launch/simulation.launch.py
[0.682s] -- Up-to-date: /home/student/aruco_realsense/install/workcell_description/share/workcell_description//launch/workcell_bringup.launch.py
[0.683s] -- Up-to-date: /home/student/aruco_realsense/install/workcell_description/share/workcell_description//launch/gazebo_bringup.launch.py
[0.683s] -- Up-to-date: /home/student/aruco_realsense/install/workcell_description/share/workcell_description//urdf
[0.683s] -- Up-to-date: /home/student/aruco_realsense/install/workcell_description/share/workcell_description//urdf/workcell.urdf.xacro
[0.683s] -- Up-to-date: /home/student/aruco_realsense/install/workcell_description/share/workcell_description//urdf/workcell.urdf
[0.683s] -- Up-to-date: /home/student/aruco_realsense/install/workcell_description/share/workcell_description//urdf/robot.xacro
[0.684s] -- Up-to-date: /home/student/aruco_realsense/install/workcell_description/share/workcell_description//urdf/camera.xacro
[0.684s] -- Up-to-date: /home/student/aruco_realsense/install/workcell_description/share/workcell_description//urdf/grippy.xacro
[0.684s] -- Up-to-date: /home/student/aruco_realsense/install/workcell_description/share/workcell_description//urdf/gazebo_control.xacro
[0.684s] -- Up-to-date: /home/student/aruco_realsense/install/workcell_description/share/workcell_description//urdf/robotcell.xacro
[0.685s] -- Up-to-date: /home/student/aruco_realsense/install/workcell_description/share/workcell_description//urdf/shunk_egp50.xacro
[0.685s] -- Up-to-date: /home/student/aruco_realsense/install/workcell_description/share/workcell_description//urdf/gripper.xacro
[0.685s] -- Up-to-date: /home/student/aruco_realsense/install/workcell_description/share/workcell_description//urdf/inertial_macros.xacro
[0.685s] -- Up-to-date: /home/student/aruco_realsense/install/workcell_description/share/workcell_description//meshes
[0.685s] -- Up-to-date: /home/student/aruco_realsense/install/workcell_description/share/workcell_description//meshes/Gripper.stl
[0.686s] -- Up-to-date: /home/student/aruco_realsense/install/workcell_description/share/workcell_description//meshes/Pincer_1.stl
[0.686s] -- Up-to-date: /home/student/aruco_realsense/install/workcell_description/share/workcell_description//meshes/Robotcell.stl
[0.686s] -- Up-to-date: /home/student/aruco_realsense/install/workcell_description/share/workcell_description//meshes/Pincer_2.stl
[0.686s] -- Up-to-date: /home/student/aruco_realsense/install/workcell_description/share/workcell_description//config
[0.686s] -- Up-to-date: /home/student/aruco_realsense/install/workcell_description/share/workcell_description//config/config.rviz
[0.686s] -- Installing: /home/student/aruco_realsense/install/workcell_description/share/ament_index/resource_index/package_run_dependencies/workcell_description
[0.687s] -- Installing: /home/student/aruco_realsense/install/workcell_description/share/ament_index/resource_index/parent_prefix_path/workcell_description
[0.687s] -- Installing: /home/student/aruco_realsense/install/workcell_description/share/workcell_description/environment/ament_prefix_path.sh
[0.687s] -- Installing: /home/student/aruco_realsense/install/workcell_description/share/workcell_description/environment/ament_prefix_path.dsv
[0.687s] -- Installing: /home/student/aruco_realsense/install/workcell_description/share/workcell_description/environment/path.sh
[0.687s] -- Installing: /home/student/aruco_realsense/install/workcell_description/share/workcell_description/environment/path.dsv
[0.688s] -- Installing: /home/student/aruco_realsense/install/workcell_description/share/workcell_description/local_setup.bash
[0.688s] -- Installing: /home/student/aruco_realsense/install/workcell_description/share/workcell_description/local_setup.sh
[0.692s] -- Installing: /home/student/aruco_realsense/install/workcell_description/share/workcell_description/local_setup.zsh
[0.692s] -- Installing: /home/student/aruco_realsense/install/workcell_description/share/workcell_description/local_setup.dsv
[0.693s] -- Installing: /home/student/aruco_realsense/install/workcell_description/share/workcell_description/package.dsv
[0.693s] -- Installing: /home/student/aruco_realsense/install/workcell_description/share/ament_index/resource_index/packages/workcell_description
[0.693s] -- Installing: /home/student/aruco_realsense/install/workcell_description/share/workcell_description/cmake/workcell_descriptionConfig.cmake
[0.694s] -- Installing: /home/student/aruco_realsense/install/workcell_description/share/workcell_description/cmake/workcell_descriptionConfig-version.cmake
[0.694s] -- Installing: /home/student/aruco_realsense/install/workcell_description/share/workcell_description/package.xml
[0.694s] Invoked command in '/home/student/aruco_realsense/build/workcell_description' returned '0': AMENT_PREFIX_PATH=/home/student/aruco_realsense/install/realsense2_description:/home/student/aruco_realsense/install/ur_description:/home/student/aruco_realsense/install/realsense2_camera_msgs:${AMENT_PREFIX_PATH} CMAKE_PREFIX_PATH=/home/student/aruco_realsense/install/realsense2_description:/home/student/aruco_realsense/install/ur_description:/home/student/aruco_realsense/install/realsense2_camera_msgs:/opt/ros/galactic LD_LIBRARY_PATH=/home/student/aruco_realsense/install/realsense2_camera_msgs/lib:/opt/ros/galactic/opt/yaml_cpp_vendor/lib:/opt/ros/galactic/opt/rviz_ogre_vendor/lib:/opt/ros/galactic/lib/x86_64-linux-gnu:/opt/ros/galactic/lib:/usr/local/cuda-11.1/lib64: PYTHONPATH=/home/student/aruco_realsense/install/realsense2_camera_msgs/lib/python3.8/site-packages:${PYTHONPATH} /usr/bin/cmake --install /home/student/aruco_realsense/build/workcell_description
