[0.450s] Invoking command in '/home/student/aruco_realsense/build/ros2_aruco_interfaces': CMAKE_PREFIX_PATH=${CMAKE_PREFIX_PATH}:/home/student/aruco_realsense/install/aruco_rs2:/home/student/aruco_realsense/install/ros2_aruco:/opt/ros/galactic /usr/bin/cmake --build /home/student/aruco_realsense/build/ros2_aruco_interfaces -- -j12 -l12
[0.503s] [  3%] Built target ros2_aruco_interfaces__cpp
[0.504s] [ 12%] Built target ros2_aruco_interfaces__rosidl_generator_c
[0.535s] [ 22%] Built target ros2_aruco_interfaces__rosidl_typesupport_cpp
[0.536s] [ 41%] Built target ros2_aruco_interfaces__rosidl_typesupport_fastrtps_cpp
[0.536s] [ 41%] Built target ros2_aruco_interfaces__rosidl_typesupport_introspection_c
[0.536s] [ 51%] Built target ros2_aruco_interfaces__rosidl_typesupport_introspection_cpp
[0.539s] [ 61%] Built target ros2_aruco_interfaces__rosidl_typesupport_c
[0.566s] [ 70%] Built target ros2_aruco_interfaces__rosidl_typesupport_fastrtps_c
[0.589s] [ 70%] Built target ros2_aruco_interfaces
[0.614s] [ 74%] Built target ros2_aruco_interfaces__py
[0.640s] [ 80%] Built target ros2_aruco_interfaces__python
[0.669s] [100%] Built target ros2_aruco_interfaces__rosidl_typesupport_introspection_c__pyext
[0.670s] [100%] Built target ros2_aruco_interfaces__rosidl_typesupport_c__pyext
[0.670s] [100%] Built target ros2_aruco_interfaces__rosidl_typesupport_fastrtps_c__pyext
[0.682s] Invoked command in '/home/student/aruco_realsense/build/ros2_aruco_interfaces' returned '0': CMAKE_PREFIX_PATH=${CMAKE_PREFIX_PATH}:/home/student/aruco_realsense/install/aruco_rs2:/home/student/aruco_realsense/install/ros2_aruco:/opt/ros/galactic /usr/bin/cmake --build /home/student/aruco_realsense/build/ros2_aruco_interfaces -- -j12 -l12
[0.782s] Invoking command in '/home/student/aruco_realsense/build/ros2_aruco_interfaces': CMAKE_PREFIX_PATH=${CMAKE_PREFIX_PATH}:/home/student/aruco_realsense/install/aruco_rs2:/home/student/aruco_realsense/install/ros2_aruco:/opt/ros/galactic /usr/bin/cmake --install /home/student/aruco_realsense/build/ros2_aruco_interfaces
[0.798s] -- Install configuration: ""
[0.799s] -- Up-to-date: /home/student/aruco_realsense/install/ros2_aruco_interfaces/share/ament_index/resource_index/rosidl_interfaces/ros2_aruco_interfaces
[0.799s] -- Up-to-date: /home/student/aruco_realsense/install/ros2_aruco_interfaces/include/ros2_aruco_interfaces
[0.799s] -- Up-to-date: /home/student/aruco_realsense/install/ros2_aruco_interfaces/include/ros2_aruco_interfaces/msg
[0.799s] -- Up-to-date: /home/student/aruco_realsense/install/ros2_aruco_interfaces/include/ros2_aruco_interfaces/msg/detail
[0.799s] -- Up-to-date: /home/student/aruco_realsense/install/ros2_aruco_interfaces/include/ros2_aruco_interfaces/msg/detail/aruco_markers__type_support.h
[0.799s] -- Up-to-date: /home/student/aruco_realsense/install/ros2_aruco_interfaces/include/ros2_aruco_interfaces/msg/detail/aruco_markers__functions.h
[0.799s] -- Up-to-date: /home/student/aruco_realsense/install/ros2_aruco_interfaces/include/ros2_aruco_interfaces/msg/detail/aruco_markers__functions.c
[0.799s] -- Up-to-date: /home/student/aruco_realsense/install/ros2_aruco_interfaces/include/ros2_aruco_interfaces/msg/detail/aruco_markers__struct.h
[0.800s] -- Up-to-date: /home/student/aruco_realsense/install/ros2_aruco_interfaces/include/ros2_aruco_interfaces/msg/rosidl_generator_c__visibility_control.h
[0.800s] -- Up-to-date: /home/student/aruco_realsense/install/ros2_aruco_interfaces/include/ros2_aruco_interfaces/msg/aruco_markers.h
[0.800s] -- Up-to-date: /home/student/aruco_realsense/install/ros2_aruco_interfaces/share/ros2_aruco_interfaces/environment/library_path.sh
[0.800s] -- Up-to-date: /home/student/aruco_realsense/install/ros2_aruco_interfaces/share/ros2_aruco_interfaces/environment/library_path.dsv
[0.800s] -- Up-to-date: /home/student/aruco_realsense/install/ros2_aruco_interfaces/lib/libros2_aruco_interfaces__rosidl_generator_c.so
[0.800s] -- Up-to-date: /home/student/aruco_realsense/install/ros2_aruco_interfaces/include/ros2_aruco_interfaces
[0.800s] -- Up-to-date: /home/student/aruco_realsense/install/ros2_aruco_interfaces/include/ros2_aruco_interfaces/msg
[0.800s] -- Up-to-date: /home/student/aruco_realsense/install/ros2_aruco_interfaces/include/ros2_aruco_interfaces/msg/detail
[0.801s] -- Up-to-date: /home/student/aruco_realsense/install/ros2_aruco_interfaces/include/ros2_aruco_interfaces/msg/detail/aruco_markers__rosidl_typesupport_fastrtps_c.h
[0.801s] -- Up-to-date: /home/student/aruco_realsense/install/ros2_aruco_interfaces/include/ros2_aruco_interfaces/msg/rosidl_typesupport_fastrtps_c__visibility_control.h
[0.801s] -- Up-to-date: /home/student/aruco_realsense/install/ros2_aruco_interfaces/lib/libros2_aruco_interfaces__rosidl_typesupport_fastrtps_c.so
[0.801s] -- Up-to-date: /home/student/aruco_realsense/install/ros2_aruco_interfaces/include/ros2_aruco_interfaces
[0.801s] -- Up-to-date: /home/student/aruco_realsense/install/ros2_aruco_interfaces/include/ros2_aruco_interfaces/msg
[0.801s] -- Up-to-date: /home/student/aruco_realsense/install/ros2_aruco_interfaces/include/ros2_aruco_interfaces/msg/rosidl_typesupport_fastrtps_cpp__visibility_control.h
[0.801s] -- Up-to-date: /home/student/aruco_realsense/install/ros2_aruco_interfaces/include/ros2_aruco_interfaces/msg/detail
[0.801s] -- Up-to-date: /home/student/aruco_realsense/install/ros2_aruco_interfaces/include/ros2_aruco_interfaces/msg/detail/dds_fastrtps
[0.801s] -- Up-to-date: /home/student/aruco_realsense/install/ros2_aruco_interfaces/include/ros2_aruco_interfaces/msg/detail/aruco_markers__rosidl_typesupport_fastrtps_cpp.hpp
[0.801s] -- Up-to-date: /home/student/aruco_realsense/install/ros2_aruco_interfaces/lib/libros2_aruco_interfaces__rosidl_typesupport_fastrtps_cpp.so
[0.801s] -- Up-to-date: /home/student/aruco_realsense/install/ros2_aruco_interfaces/include/ros2_aruco_interfaces
[0.801s] -- Up-to-date: /home/student/aruco_realsense/install/ros2_aruco_interfaces/include/ros2_aruco_interfaces/msg
[0.801s] -- Up-to-date: /home/student/aruco_realsense/install/ros2_aruco_interfaces/include/ros2_aruco_interfaces/msg/detail
[0.802s] -- Up-to-date: /home/student/aruco_realsense/install/ros2_aruco_interfaces/include/ros2_aruco_interfaces/msg/detail/aruco_markers__type_support.c
[0.802s] -- Up-to-date: /home/student/aruco_realsense/install/ros2_aruco_interfaces/include/ros2_aruco_interfaces/msg/detail/aruco_markers__rosidl_typesupport_introspection_c.h
[0.802s] -- Up-to-date: /home/student/aruco_realsense/install/ros2_aruco_interfaces/include/ros2_aruco_interfaces/msg/rosidl_typesupport_introspection_c__visibility_control.h
[0.802s] -- Up-to-date: /home/student/aruco_realsense/install/ros2_aruco_interfaces/lib/libros2_aruco_interfaces__rosidl_typesupport_introspection_c.so
[0.802s] -- Up-to-date: /home/student/aruco_realsense/install/ros2_aruco_interfaces/lib/libros2_aruco_interfaces__rosidl_typesupport_c.so
[0.802s] -- Up-to-date: /home/student/aruco_realsense/install/ros2_aruco_interfaces/include/ros2_aruco_interfaces
[0.802s] -- Up-to-date: /home/student/aruco_realsense/install/ros2_aruco_interfaces/include/ros2_aruco_interfaces/msg
[0.802s] -- Up-to-date: /home/student/aruco_realsense/install/ros2_aruco_interfaces/include/ros2_aruco_interfaces/msg/detail
[0.802s] -- Up-to-date: /home/student/aruco_realsense/install/ros2_aruco_interfaces/include/ros2_aruco_interfaces/msg/detail/aruco_markers__traits.hpp
[0.802s] -- Up-to-date: /home/student/aruco_realsense/install/ros2_aruco_interfaces/include/ros2_aruco_interfaces/msg/detail/aruco_markers__struct.hpp
[0.802s] -- Up-to-date: /home/student/aruco_realsense/install/ros2_aruco_interfaces/include/ros2_aruco_interfaces/msg/detail/aruco_markers__builder.hpp
[0.802s] -- Up-to-date: /home/student/aruco_realsense/install/ros2_aruco_interfaces/include/ros2_aruco_interfaces/msg/aruco_markers.hpp
[0.802s] -- Up-to-date: /home/student/aruco_realsense/install/ros2_aruco_interfaces/include/ros2_aruco_interfaces
[0.802s] -- Up-to-date: /home/student/aruco_realsense/install/ros2_aruco_interfaces/include/ros2_aruco_interfaces/msg
[0.802s] -- Up-to-date: /home/student/aruco_realsense/install/ros2_aruco_interfaces/include/ros2_aruco_interfaces/msg/detail
[0.803s] -- Up-to-date: /home/student/aruco_realsense/install/ros2_aruco_interfaces/include/ros2_aruco_interfaces/msg/detail/aruco_markers__rosidl_typesupport_introspection_cpp.hpp
[0.803s] -- Up-to-date: /home/student/aruco_realsense/install/ros2_aruco_interfaces/include/ros2_aruco_interfaces/msg/detail/aruco_markers__type_support.cpp
[0.803s] -- Up-to-date: /home/student/aruco_realsense/install/ros2_aruco_interfaces/lib/libros2_aruco_interfaces__rosidl_typesupport_introspection_cpp.so
[0.803s] -- Up-to-date: /home/student/aruco_realsense/install/ros2_aruco_interfaces/lib/libros2_aruco_interfaces__rosidl_typesupport_cpp.so
[0.803s] -- Up-to-date: /home/student/aruco_realsense/install/ros2_aruco_interfaces/share/ros2_aruco_interfaces/environment/pythonpath.sh
[0.803s] -- Up-to-date: /home/student/aruco_realsense/install/ros2_aruco_interfaces/share/ros2_aruco_interfaces/environment/pythonpath.dsv
[0.803s] -- Up-to-date: /home/student/aruco_realsense/install/ros2_aruco_interfaces/lib/python3.8/site-packages/ros2_aruco_interfaces/__init__.py
[0.900s] -- Up-to-date: /home/student/aruco_realsense/install/ros2_aruco_interfaces/lib/python3.8/site-packages/ros2_aruco_interfaces/msg
[0.901s] -- Up-to-date: /home/student/aruco_realsense/install/ros2_aruco_interfaces/lib/python3.8/site-packages/ros2_aruco_interfaces/msg/__init__.py
[0.902s] -- Up-to-date: /home/student/aruco_realsense/install/ros2_aruco_interfaces/lib/python3.8/site-packages/ros2_aruco_interfaces/msg/_aruco_markers.py
[0.902s] -- Up-to-date: /home/student/aruco_realsense/install/ros2_aruco_interfaces/lib/python3.8/site-packages/ros2_aruco_interfaces/msg/_aruco_markers_s.c
[0.903s] -- Up-to-date: /home/student/aruco_realsense/install/ros2_aruco_interfaces/lib/python3.8/site-packages/ros2_aruco_interfaces/ros2_aruco_interfaces_s__rosidl_typesupport_fastrtps_c.cpython-38-x86_64-linux-gnu.so
[0.906s] -- Up-to-date: /home/student/aruco_realsense/install/ros2_aruco_interfaces/lib/python3.8/site-packages/ros2_aruco_interfaces/ros2_aruco_interfaces_s__rosidl_typesupport_introspection_c.cpython-38-x86_64-linux-gnu.so
[0.910s] -- Up-to-date: /home/student/aruco_realsense/install/ros2_aruco_interfaces/lib/python3.8/site-packages/ros2_aruco_interfaces/ros2_aruco_interfaces_s__rosidl_typesupport_c.cpython-38-x86_64-linux-gnu.so
[0.914s] -- Up-to-date: /home/student/aruco_realsense/install/ros2_aruco_interfaces/lib/libros2_aruco_interfaces__python.so
[0.916s] -- Up-to-date: /home/student/aruco_realsense/install/ros2_aruco_interfaces/share/ros2_aruco_interfaces/msg/ArucoMarkers.idl
[0.921s] -- Up-to-date: /home/student/aruco_realsense/install/ros2_aruco_interfaces/share/ros2_aruco_interfaces/msg/ArucoMarkers.msg
[0.926s] -- Up-to-date: /home/student/aruco_realsense/install/ros2_aruco_interfaces/share/ament_index/resource_index/package_run_dependencies/ros2_aruco_interfaces
[0.945s] -- Up-to-date: /home/student/aruco_realsense/install/ros2_aruco_interfaces/share/ament_index/resource_index/parent_prefix_path/ros2_aruco_interfaces
[0.954s] -- Up-to-date: /home/student/aruco_realsense/install/ros2_aruco_interfaces/share/ros2_aruco_interfaces/environment/ament_prefix_path.sh
[0.955s] -- Up-to-date: /home/student/aruco_realsense/install/ros2_aruco_interfaces/share/ros2_aruco_interfaces/environment/ament_prefix_path.dsv
[0.955s] -- Up-to-date: /home/student/aruco_realsense/install/ros2_aruco_interfaces/share/ros2_aruco_interfaces/environment/path.sh
[0.956s] -- Up-to-date: /home/student/aruco_realsense/install/ros2_aruco_interfaces/share/ros2_aruco_interfaces/environment/path.dsv
[0.957s] -- Up-to-date: /home/student/aruco_realsense/install/ros2_aruco_interfaces/share/ros2_aruco_interfaces/local_setup.bash
[0.957s] -- Up-to-date: /home/student/aruco_realsense/install/ros2_aruco_interfaces/share/ros2_aruco_interfaces/local_setup.sh
[0.958s] -- Up-to-date: /home/student/aruco_realsense/install/ros2_aruco_interfaces/share/ros2_aruco_interfaces/local_setup.zsh
[0.959s] -- Up-to-date: /home/student/aruco_realsense/install/ros2_aruco_interfaces/share/ros2_aruco_interfaces/local_setup.dsv
[0.960s] -- Installing: /home/student/aruco_realsense/install/ros2_aruco_interfaces/share/ros2_aruco_interfaces/package.dsv
[0.961s] -- Up-to-date: /home/student/aruco_realsense/install/ros2_aruco_interfaces/share/ament_index/resource_index/packages/ros2_aruco_interfaces
[0.961s] -- Up-to-date: /home/student/aruco_realsense/install/ros2_aruco_interfaces/share/ros2_aruco_interfaces/cmake/ros2_aruco_interfaces__rosidl_generator_cExport.cmake
[0.962s] -- Up-to-date: /home/student/aruco_realsense/install/ros2_aruco_interfaces/share/ros2_aruco_interfaces/cmake/ros2_aruco_interfaces__rosidl_generator_cExport-noconfig.cmake
[0.963s] -- Up-to-date: /home/student/aruco_realsense/install/ros2_aruco_interfaces/share/ros2_aruco_interfaces/cmake/ros2_aruco_interfaces__rosidl_typesupport_introspection_cExport.cmake
[0.964s] -- Up-to-date: /home/student/aruco_realsense/install/ros2_aruco_interfaces/share/ros2_aruco_interfaces/cmake/ros2_aruco_interfaces__rosidl_typesupport_introspection_cExport-noconfig.cmake
[0.964s] -- Up-to-date: /home/student/aruco_realsense/install/ros2_aruco_interfaces/share/ros2_aruco_interfaces/cmake/ros2_aruco_interfaces__rosidl_typesupport_cExport.cmake
[0.965s] -- Up-to-date: /home/student/aruco_realsense/install/ros2_aruco_interfaces/share/ros2_aruco_interfaces/cmake/ros2_aruco_interfaces__rosidl_typesupport_cExport-noconfig.cmake
[0.966s] -- Up-to-date: /home/student/aruco_realsense/install/ros2_aruco_interfaces/share/ros2_aruco_interfaces/cmake/ros2_aruco_interfaces__rosidl_generator_cppExport.cmake
[0.966s] -- Up-to-date: /home/student/aruco_realsense/install/ros2_aruco_interfaces/share/ros2_aruco_interfaces/cmake/ros2_aruco_interfaces__rosidl_typesupport_introspection_cppExport.cmake
[0.967s] -- Up-to-date: /home/student/aruco_realsense/install/ros2_aruco_interfaces/share/ros2_aruco_interfaces/cmake/ros2_aruco_interfaces__rosidl_typesupport_introspection_cppExport-noconfig.cmake
[0.967s] -- Up-to-date: /home/student/aruco_realsense/install/ros2_aruco_interfaces/share/ros2_aruco_interfaces/cmake/ros2_aruco_interfaces__rosidl_typesupport_cppExport.cmake
[0.968s] -- Up-to-date: /home/student/aruco_realsense/install/ros2_aruco_interfaces/share/ros2_aruco_interfaces/cmake/ros2_aruco_interfaces__rosidl_typesupport_cppExport-noconfig.cmake
[0.968s] -- Up-to-date: /home/student/aruco_realsense/install/ros2_aruco_interfaces/share/ros2_aruco_interfaces/cmake/rosidl_cmake-extras.cmake
[0.969s] -- Up-to-date: /home/student/aruco_realsense/install/ros2_aruco_interfaces/share/ros2_aruco_interfaces/cmake/ament_cmake_export_dependencies-extras.cmake
[0.969s] -- Up-to-date: /home/student/aruco_realsense/install/ros2_aruco_interfaces/share/ros2_aruco_interfaces/cmake/ament_cmake_export_libraries-extras.cmake
[0.970s] -- Up-to-date: /home/student/aruco_realsense/install/ros2_aruco_interfaces/share/ros2_aruco_interfaces/cmake/ament_cmake_export_targets-extras.cmake
[0.970s] -- Up-to-date: /home/student/aruco_realsense/install/ros2_aruco_interfaces/share/ros2_aruco_interfaces/cmake/ament_cmake_export_include_directories-extras.cmake
[0.971s] -- Up-to-date: /home/student/aruco_realsense/install/ros2_aruco_interfaces/share/ros2_aruco_interfaces/cmake/rosidl_cmake_export_typesupport_libraries-extras.cmake
[0.972s] -- Up-to-date: /home/student/aruco_realsense/install/ros2_aruco_interfaces/share/ros2_aruco_interfaces/cmake/rosidl_cmake_export_typesupport_targets-extras.cmake
[0.973s] -- Up-to-date: /home/student/aruco_realsense/install/ros2_aruco_interfaces/share/ros2_aruco_interfaces/cmake/ros2_aruco_interfacesConfig.cmake
[0.979s] -- Up-to-date: /home/student/aruco_realsense/install/ros2_aruco_interfaces/share/ros2_aruco_interfaces/cmake/ros2_aruco_interfacesConfig-version.cmake
[0.981s] -- Up-to-date: /home/student/aruco_realsense/install/ros2_aruco_interfaces/share/ros2_aruco_interfaces/package.xml
[0.983s] Invoked command in '/home/student/aruco_realsense/build/ros2_aruco_interfaces' returned '0': CMAKE_PREFIX_PATH=${CMAKE_PREFIX_PATH}:/home/student/aruco_realsense/install/aruco_rs2:/home/student/aruco_realsense/install/ros2_aruco:/opt/ros/galactic /usr/bin/cmake --install /home/student/aruco_realsense/build/ros2_aruco_interfaces
