[0.034s] Invoking command in '/home/student/aruco_realsense/build/realsense2_camera_msgs': /usr/bin/cmake /home/student/aruco_realsense/src/realsense-ros/realsense2_camera_msgs -DCMAKE_INSTALL_PREFIX=/home/student/aruco_realsense/install/realsense2_camera_msgs
[0.390s] -- Configuring incomplete, errors occurred!
[0.391s] See also "/home/student/aruco_realsense/build/realsense2_camera_msgs/CMakeFiles/CMakeOutput.log".
[0.392s] CMake Error at CMakeLists.txt:13 (find_package):
[0.392s]   By not providing "Findament_cmake.cmake" in CMAKE_MODULE_PATH this project
[0.392s]   has asked CMake to find a package configuration file provided by
[0.393s]   "ament_cmake", but CMake did not find one.
[0.393s] 
[0.393s]   Could not find a package configuration file provided by "ament_cmake" with
[0.394s]   any of the following names:
[0.395s] 
[0.396s]     ament_cmakeConfig.cmake
[0.396s]     ament_cmake-config.cmake
[0.397s] 
[0.398s]   Add the installation prefix of "ament_cmake" to CMAKE_PREFIX_PATH or set
[0.398s]   "ament_cmake_DIR" to a directory containing one of the above files.  If
[0.400s]   "ament_cmake" provides a separate development package or SDK, be sure it
[0.401s]   has been installed.
[0.401s] 
[0.402s] 
[0.402s] Invoked command in '/home/student/aruco_realsense/build/realsense2_camera_msgs' returned '1': /usr/bin/cmake /home/student/aruco_realsense/src/realsense-ros/realsense2_camera_msgs -DCMAKE_INSTALL_PREFIX=/home/student/aruco_realsense/install/realsense2_camera_msgs
