[0.082s] Invoking command in '/home/student/aruco_realsense/build/ur_description': /usr/bin/cmake /home/student/aruco_realsense/src/Universal_Robots_ROS2_Description -DCMAKE_INSTALL_PREFIX=/home/student/aruco_realsense/install/ur_description
[0.436s] -- Configuring incomplete, errors occurred!
[0.437s] See also "/home/student/aruco_realsense/build/ur_description/CMakeFiles/CMakeOutput.log".
[0.449s] CMake Error at CMakeLists.txt:4 (find_package):
[0.450s]   By not providing "Findament_cmake.cmake" in CMAKE_MODULE_PATH this project
[0.451s]   has asked CMake to find a package configuration file provided by
[0.451s]   "ament_cmake", but CMake did not find one.
[0.451s] 
[0.452s]   Could not find a package configuration file provided by "ament_cmake" with
[0.452s]   any of the following names:
[0.454s] 
[0.455s]     ament_cmakeConfig.cmake
[0.455s]     ament_cmake-config.cmake
[0.456s] 
[0.457s]   Add the installation prefix of "ament_cmake" to CMAKE_PREFIX_PATH or set
[0.458s]   "ament_cmake_DIR" to a directory containing one of the above files.  If
[0.458s]   "ament_cmake" provides a separate development package or SDK, be sure it
[0.458s]   has been installed.
[0.459s] 
[0.459s] 
[0.461s] Invoked command in '/home/student/aruco_realsense/build/ur_description' returned '1': /usr/bin/cmake /home/student/aruco_realsense/src/Universal_Robots_ROS2_Description -DCMAKE_INSTALL_PREFIX=/home/student/aruco_realsense/install/ur_description
