[0.117s] DEBUG:colcon:Command line arguments: ['/usr/bin/colcon', 'build']
[0.117s] DEBUG:colcon:Parsed command line arguments: Namespace(allow_overriding=[], ament_cmake_args=None, base_paths=['.'], build_base='build', catkin_cmake_args=None, catkin_skip_building_tests=False, cmake_args=None, cmake_clean_cache=False, cmake_clean_first=False, cmake_force_configure=False, cmake_target=None, cmake_target_skip_unavailable=False, continue_on_error=False, event_handlers=None, executor='parallel', ignore_user_meta=False, install_base='install', log_base=None, log_level=None, main=<bound method BuildVerb.main of <colcon_core.verb.build.BuildVerb object at 0x7f5b67cb6490>>, merge_install=False, metas=['./colcon.meta'], packages_above=None, packages_above_and_dependencies=None, packages_above_depth=None, packages_end=None, packages_ignore=None, packages_ignore_regex=None, packages_select=None, packages_select_build_failed=False, packages_select_by_dep=None, packages_select_regex=None, packages_select_test_failures=False, packages_skip=None, packages_skip_build_finished=False, packages_skip_by_dep=None, packages_skip_regex=None, packages_skip_test_passed=False, packages_skip_up_to=None, packages_start=None, packages_up_to=None, packages_up_to_regex=None, parallel_workers=12, paths=None, symlink_install=False, test_result_base=None, verb_extension=<colcon_core.verb.build.BuildVerb object at 0x7f5b67cb6490>, verb_name='build', verb_parser=<colcon_defaults.argument_parser.defaults.DefaultArgumentsDecorator object at 0x7f5b67cb69d0>)
[0.137s] Level 1:colcon.colcon_core.package_discovery:discover_packages(colcon_meta) check parameters
[0.137s] Level 1:colcon.colcon_core.package_discovery:discover_packages(recursive) check parameters
[0.137s] Level 1:colcon.colcon_core.package_discovery:discover_packages(ignore) check parameters
[0.137s] Level 1:colcon.colcon_core.package_discovery:discover_packages(path) check parameters
[0.137s] Level 1:colcon.colcon_core.package_discovery:discover_packages(colcon_meta) discover
[0.138s] Level 1:colcon.colcon_core.package_discovery:discover_packages(recursive) discover
[0.138s] INFO:colcon.colcon_core.package_discovery:Crawling recursively for packages in '/home/student/aruco_realsense'
[0.138s] Level 1:colcon.colcon_core.package_identification:_identify(.) by extensions ['ignore', 'ignore_ament_install']
[0.138s] Level 1:colcon.colcon_core.package_identification:_identify(.) by extension 'ignore'
[0.138s] Level 1:colcon.colcon_core.package_identification:_identify(.) by extension 'ignore_ament_install'
[0.138s] Level 1:colcon.colcon_core.package_identification:_identify(.) by extensions ['colcon_pkg']
[0.138s] Level 1:colcon.colcon_core.package_identification:_identify(.) by extension 'colcon_pkg'
[0.138s] Level 1:colcon.colcon_core.package_identification:_identify(.) by extensions ['colcon_meta']
[0.138s] Level 1:colcon.colcon_core.package_identification:_identify(.) by extension 'colcon_meta'
[0.138s] Level 1:colcon.colcon_core.package_identification:_identify(.) by extensions ['ros']
[0.138s] Level 1:colcon.colcon_core.package_identification:_identify(.) by extension 'ros'
[0.147s] Level 1:colcon.colcon_core.package_identification:_identify(.) by extensions ['cmake', 'python']
[0.147s] Level 1:colcon.colcon_core.package_identification:_identify(.) by extension 'cmake'
[0.147s] Level 1:colcon.colcon_core.package_identification:_identify(.) by extension 'python'
[0.147s] Level 1:colcon.colcon_core.package_identification:_identify(.) by extensions ['python_setup_py']
[0.147s] Level 1:colcon.colcon_core.package_identification:_identify(.) by extension 'python_setup_py'
[0.147s] Level 1:colcon.colcon_core.package_identification:_identify(build) by extensions ['ignore', 'ignore_ament_install']
[0.147s] Level 1:colcon.colcon_core.package_identification:_identify(build) by extension 'ignore'
[0.147s] Level 1:colcon.colcon_core.package_identification:_identify(build) ignored
[0.147s] Level 1:colcon.colcon_core.package_identification:_identify(calibration) by extensions ['ignore', 'ignore_ament_install']
[0.147s] Level 1:colcon.colcon_core.package_identification:_identify(calibration) by extension 'ignore'
[0.147s] Level 1:colcon.colcon_core.package_identification:_identify(calibration) by extension 'ignore_ament_install'
[0.148s] Level 1:colcon.colcon_core.package_identification:_identify(calibration) by extensions ['colcon_pkg']
[0.148s] Level 1:colcon.colcon_core.package_identification:_identify(calibration) by extension 'colcon_pkg'
[0.148s] Level 1:colcon.colcon_core.package_identification:_identify(calibration) by extensions ['colcon_meta']
[0.148s] Level 1:colcon.colcon_core.package_identification:_identify(calibration) by extension 'colcon_meta'
[0.148s] Level 1:colcon.colcon_core.package_identification:_identify(calibration) by extensions ['ros']
[0.148s] Level 1:colcon.colcon_core.package_identification:_identify(calibration) by extension 'ros'
[0.148s] Level 1:colcon.colcon_core.package_identification:_identify(calibration) by extensions ['cmake', 'python']
[0.148s] Level 1:colcon.colcon_core.package_identification:_identify(calibration) by extension 'cmake'
[0.148s] Level 1:colcon.colcon_core.package_identification:_identify(calibration) by extension 'python'
[0.148s] Level 1:colcon.colcon_core.package_identification:_identify(calibration) by extensions ['python_setup_py']
[0.148s] Level 1:colcon.colcon_core.package_identification:_identify(calibration) by extension 'python_setup_py'
[0.148s] Level 1:colcon.colcon_core.package_identification:_identify(install) by extensions ['ignore', 'ignore_ament_install']
[0.148s] Level 1:colcon.colcon_core.package_identification:_identify(install) by extension 'ignore'
[0.148s] Level 1:colcon.colcon_core.package_identification:_identify(install) ignored
[0.148s] Level 1:colcon.colcon_core.package_identification:_identify(log) by extensions ['ignore', 'ignore_ament_install']
[0.148s] Level 1:colcon.colcon_core.package_identification:_identify(log) by extension 'ignore'
[0.148s] Level 1:colcon.colcon_core.package_identification:_identify(log) ignored
[0.148s] Level 1:colcon.colcon_core.package_identification:_identify(src) by extensions ['ignore', 'ignore_ament_install']
[0.149s] Level 1:colcon.colcon_core.package_identification:_identify(src) by extension 'ignore'
[0.149s] Level 1:colcon.colcon_core.package_identification:_identify(src) by extension 'ignore_ament_install'
[0.149s] Level 1:colcon.colcon_core.package_identification:_identify(src) by extensions ['colcon_pkg']
[0.149s] Level 1:colcon.colcon_core.package_identification:_identify(src) by extension 'colcon_pkg'
[0.149s] Level 1:colcon.colcon_core.package_identification:_identify(src) by extensions ['colcon_meta']
[0.149s] Level 1:colcon.colcon_core.package_identification:_identify(src) by extension 'colcon_meta'
[0.149s] Level 1:colcon.colcon_core.package_identification:_identify(src) by extensions ['ros']
[0.149s] Level 1:colcon.colcon_core.package_identification:_identify(src) by extension 'ros'
[0.149s] Level 1:colcon.colcon_core.package_identification:_identify(src) by extensions ['cmake', 'python']
[0.149s] Level 1:colcon.colcon_core.package_identification:_identify(src) by extension 'cmake'
[0.149s] Level 1:colcon.colcon_core.package_identification:_identify(src) by extension 'python'
[0.149s] Level 1:colcon.colcon_core.package_identification:_identify(src) by extensions ['python_setup_py']
[0.149s] Level 1:colcon.colcon_core.package_identification:_identify(src) by extension 'python_setup_py'
[0.149s] Level 1:colcon.colcon_core.package_identification:_identify(src/aruco_rs2) by extensions ['ignore', 'ignore_ament_install']
[0.149s] Level 1:colcon.colcon_core.package_identification:_identify(src/aruco_rs2) by extension 'ignore'
[0.149s] Level 1:colcon.colcon_core.package_identification:_identify(src/aruco_rs2) by extension 'ignore_ament_install'
[0.149s] Level 1:colcon.colcon_core.package_identification:_identify(src/aruco_rs2) by extensions ['colcon_pkg']
[0.149s] Level 1:colcon.colcon_core.package_identification:_identify(src/aruco_rs2) by extension 'colcon_pkg'
[0.149s] Level 1:colcon.colcon_core.package_identification:_identify(src/aruco_rs2) by extensions ['colcon_meta']
[0.149s] Level 1:colcon.colcon_core.package_identification:_identify(src/aruco_rs2) by extension 'colcon_meta'
[0.149s] Level 1:colcon.colcon_core.package_identification:_identify(src/aruco_rs2) by extensions ['ros']
[0.149s] Level 1:colcon.colcon_core.package_identification:_identify(src/aruco_rs2) by extension 'ros'
[0.151s] DEBUG:colcon.colcon_core.package_identification:Package 'src/aruco_rs2' with type 'ros.ament_python' and name 'aruco_rs2'
[0.151s] Level 1:colcon.colcon_core.package_identification:_identify(src/realsense-ros) by extensions ['ignore', 'ignore_ament_install']
[0.151s] Level 1:colcon.colcon_core.package_identification:_identify(src/realsense-ros) by extension 'ignore'
[0.151s] Level 1:colcon.colcon_core.package_identification:_identify(src/realsense-ros) by extension 'ignore_ament_install'
[0.152s] Level 1:colcon.colcon_core.package_identification:_identify(src/realsense-ros) by extensions ['colcon_pkg']
[0.152s] Level 1:colcon.colcon_core.package_identification:_identify(src/realsense-ros) by extension 'colcon_pkg'
[0.152s] Level 1:colcon.colcon_core.package_identification:_identify(src/realsense-ros) by extensions ['colcon_meta']
[0.152s] Level 1:colcon.colcon_core.package_identification:_identify(src/realsense-ros) by extension 'colcon_meta'
[0.152s] Level 1:colcon.colcon_core.package_identification:_identify(src/realsense-ros) by extensions ['ros']
[0.152s] Level 1:colcon.colcon_core.package_identification:_identify(src/realsense-ros) by extension 'ros'
[0.152s] Level 1:colcon.colcon_core.package_identification:_identify(src/realsense-ros) by extensions ['cmake', 'python']
[0.152s] Level 1:colcon.colcon_core.package_identification:_identify(src/realsense-ros) by extension 'cmake'
[0.152s] Level 1:colcon.colcon_core.package_identification:_identify(src/realsense-ros) by extension 'python'
[0.152s] Level 1:colcon.colcon_core.package_identification:_identify(src/realsense-ros) by extensions ['python_setup_py']
[0.152s] Level 1:colcon.colcon_core.package_identification:_identify(src/realsense-ros) by extension 'python_setup_py'
[0.152s] Level 1:colcon.colcon_core.package_identification:_identify(src/realsense-ros/realsense2_camera) by extensions ['ignore', 'ignore_ament_install']
[0.152s] Level 1:colcon.colcon_core.package_identification:_identify(src/realsense-ros/realsense2_camera) by extension 'ignore'
[0.152s] Level 1:colcon.colcon_core.package_identification:_identify(src/realsense-ros/realsense2_camera) by extension 'ignore_ament_install'
[0.152s] Level 1:colcon.colcon_core.package_identification:_identify(src/realsense-ros/realsense2_camera) by extensions ['colcon_pkg']
[0.152s] Level 1:colcon.colcon_core.package_identification:_identify(src/realsense-ros/realsense2_camera) by extension 'colcon_pkg'
[0.152s] Level 1:colcon.colcon_core.package_identification:_identify(src/realsense-ros/realsense2_camera) by extensions ['colcon_meta']
[0.152s] Level 1:colcon.colcon_core.package_identification:_identify(src/realsense-ros/realsense2_camera) by extension 'colcon_meta'
[0.152s] Level 1:colcon.colcon_core.package_identification:_identify(src/realsense-ros/realsense2_camera) by extensions ['ros']
[0.152s] Level 1:colcon.colcon_core.package_identification:_identify(src/realsense-ros/realsense2_camera) by extension 'ros'
[0.154s] DEBUG:colcon.colcon_core.package_identification:Package 'src/realsense-ros/realsense2_camera' with type 'ros.ament_cmake' and name 'realsense2_camera'
[0.154s] Level 1:colcon.colcon_core.package_identification:_identify(src/realsense-ros/realsense2_camera_msgs) by extensions ['ignore', 'ignore_ament_install']
[0.154s] Level 1:colcon.colcon_core.package_identification:_identify(src/realsense-ros/realsense2_camera_msgs) by extension 'ignore'
[0.154s] Level 1:colcon.colcon_core.package_identification:_identify(src/realsense-ros/realsense2_camera_msgs) by extension 'ignore_ament_install'
[0.154s] Level 1:colcon.colcon_core.package_identification:_identify(src/realsense-ros/realsense2_camera_msgs) by extensions ['colcon_pkg']
[0.154s] Level 1:colcon.colcon_core.package_identification:_identify(src/realsense-ros/realsense2_camera_msgs) by extension 'colcon_pkg'
[0.154s] Level 1:colcon.colcon_core.package_identification:_identify(src/realsense-ros/realsense2_camera_msgs) by extensions ['colcon_meta']
[0.154s] Level 1:colcon.colcon_core.package_identification:_identify(src/realsense-ros/realsense2_camera_msgs) by extension 'colcon_meta'
[0.154s] Level 1:colcon.colcon_core.package_identification:_identify(src/realsense-ros/realsense2_camera_msgs) by extensions ['ros']
[0.154s] Level 1:colcon.colcon_core.package_identification:_identify(src/realsense-ros/realsense2_camera_msgs) by extension 'ros'
[0.155s] DEBUG:colcon.colcon_core.package_identification:Package 'src/realsense-ros/realsense2_camera_msgs' with type 'ros.ament_cmake' and name 'realsense2_camera_msgs'
[0.155s] Level 1:colcon.colcon_core.package_identification:_identify(src/realsense-ros/realsense2_description) by extensions ['ignore', 'ignore_ament_install']
[0.155s] Level 1:colcon.colcon_core.package_identification:_identify(src/realsense-ros/realsense2_description) by extension 'ignore'
[0.155s] Level 1:colcon.colcon_core.package_identification:_identify(src/realsense-ros/realsense2_description) by extension 'ignore_ament_install'
[0.155s] Level 1:colcon.colcon_core.package_identification:_identify(src/realsense-ros/realsense2_description) by extensions ['colcon_pkg']
[0.155s] Level 1:colcon.colcon_core.package_identification:_identify(src/realsense-ros/realsense2_description) by extension 'colcon_pkg'
[0.155s] Level 1:colcon.colcon_core.package_identification:_identify(src/realsense-ros/realsense2_description) by extensions ['colcon_meta']
[0.155s] Level 1:colcon.colcon_core.package_identification:_identify(src/realsense-ros/realsense2_description) by extension 'colcon_meta'
[0.155s] Level 1:colcon.colcon_core.package_identification:_identify(src/realsense-ros/realsense2_description) by extensions ['ros']
[0.155s] Level 1:colcon.colcon_core.package_identification:_identify(src/realsense-ros/realsense2_description) by extension 'ros'
[0.156s] DEBUG:colcon.colcon_core.package_identification:Package 'src/realsense-ros/realsense2_description' with type 'ros.ament_cmake' and name 'realsense2_description'
[0.156s] Level 1:colcon.colcon_core.package_identification:_identify(src/ros2_aruco) by extensions ['ignore', 'ignore_ament_install']
[0.156s] Level 1:colcon.colcon_core.package_identification:_identify(src/ros2_aruco) by extension 'ignore'
[0.156s] Level 1:colcon.colcon_core.package_identification:_identify(src/ros2_aruco) by extension 'ignore_ament_install'
[0.156s] Level 1:colcon.colcon_core.package_identification:_identify(src/ros2_aruco) by extensions ['colcon_pkg']
[0.156s] Level 1:colcon.colcon_core.package_identification:_identify(src/ros2_aruco) by extension 'colcon_pkg'
[0.156s] Level 1:colcon.colcon_core.package_identification:_identify(src/ros2_aruco) by extensions ['colcon_meta']
[0.156s] Level 1:colcon.colcon_core.package_identification:_identify(src/ros2_aruco) by extension 'colcon_meta'
[0.156s] Level 1:colcon.colcon_core.package_identification:_identify(src/ros2_aruco) by extensions ['ros']
[0.156s] Level 1:colcon.colcon_core.package_identification:_identify(src/ros2_aruco) by extension 'ros'
[0.156s] Level 1:colcon.colcon_core.package_identification:_identify(src/ros2_aruco) by extensions ['cmake', 'python']
[0.156s] Level 1:colcon.colcon_core.package_identification:_identify(src/ros2_aruco) by extension 'cmake'
[0.157s] Level 1:colcon.colcon_core.package_identification:_identify(src/ros2_aruco) by extension 'python'
[0.157s] Level 1:colcon.colcon_core.package_identification:_identify(src/ros2_aruco) by extensions ['python_setup_py']
[0.157s] Level 1:colcon.colcon_core.package_identification:_identify(src/ros2_aruco) by extension 'python_setup_py'
[0.157s] Level 1:colcon.colcon_core.package_identification:_identify(src/ros2_aruco/ros2_aruco) by extensions ['ignore', 'ignore_ament_install']
[0.157s] Level 1:colcon.colcon_core.package_identification:_identify(src/ros2_aruco/ros2_aruco) by extension 'ignore'
[0.157s] Level 1:colcon.colcon_core.package_identification:_identify(src/ros2_aruco/ros2_aruco) by extension 'ignore_ament_install'
[0.157s] Level 1:colcon.colcon_core.package_identification:_identify(src/ros2_aruco/ros2_aruco) by extensions ['colcon_pkg']
[0.157s] Level 1:colcon.colcon_core.package_identification:_identify(src/ros2_aruco/ros2_aruco) by extension 'colcon_pkg'
[0.157s] Level 1:colcon.colcon_core.package_identification:_identify(src/ros2_aruco/ros2_aruco) by extensions ['colcon_meta']
[0.157s] Level 1:colcon.colcon_core.package_identification:_identify(src/ros2_aruco/ros2_aruco) by extension 'colcon_meta'
[0.157s] Level 1:colcon.colcon_core.package_identification:_identify(src/ros2_aruco/ros2_aruco) by extensions ['ros']
[0.157s] Level 1:colcon.colcon_core.package_identification:_identify(src/ros2_aruco/ros2_aruco) by extension 'ros'
[0.157s] DEBUG:colcon.colcon_core.package_identification:Package 'src/ros2_aruco/ros2_aruco' with type 'ros.ament_python' and name 'ros2_aruco'
[0.158s] Level 1:colcon.colcon_core.package_identification:_identify(src/ros2_aruco/ros2_aruco_interfaces) by extensions ['ignore', 'ignore_ament_install']
[0.158s] Level 1:colcon.colcon_core.package_identification:_identify(src/ros2_aruco/ros2_aruco_interfaces) by extension 'ignore'
[0.158s] Level 1:colcon.colcon_core.package_identification:_identify(src/ros2_aruco/ros2_aruco_interfaces) by extension 'ignore_ament_install'
[0.158s] Level 1:colcon.colcon_core.package_identification:_identify(src/ros2_aruco/ros2_aruco_interfaces) by extensions ['colcon_pkg']
[0.158s] Level 1:colcon.colcon_core.package_identification:_identify(src/ros2_aruco/ros2_aruco_interfaces) by extension 'colcon_pkg'
[0.158s] Level 1:colcon.colcon_core.package_identification:_identify(src/ros2_aruco/ros2_aruco_interfaces) by extensions ['colcon_meta']
[0.158s] Level 1:colcon.colcon_core.package_identification:_identify(src/ros2_aruco/ros2_aruco_interfaces) by extension 'colcon_meta'
[0.158s] Level 1:colcon.colcon_core.package_identification:_identify(src/ros2_aruco/ros2_aruco_interfaces) by extensions ['ros']
[0.158s] Level 1:colcon.colcon_core.package_identification:_identify(src/ros2_aruco/ros2_aruco_interfaces) by extension 'ros'
[0.158s] DEBUG:colcon.colcon_core.package_identification:Package 'src/ros2_aruco/ros2_aruco_interfaces' with type 'ros.ament_cmake' and name 'ros2_aruco_interfaces'
[0.158s] Level 1:colcon.colcon_core.package_discovery:discover_packages(recursive) using defaults
[0.158s] Level 1:colcon.colcon_core.package_discovery:discover_packages(ignore) discover
[0.158s] Level 1:colcon.colcon_core.package_discovery:discover_packages(ignore) using defaults
[0.158s] Level 1:colcon.colcon_core.package_discovery:discover_packages(path) discover
[0.159s] Level 1:colcon.colcon_core.package_discovery:discover_packages(path) using defaults
[0.182s] Level 1:colcon.colcon_core.package_discovery:discover_packages(prefix_path) check parameters
[0.182s] Level 1:colcon.colcon_core.package_discovery:discover_packages(prefix_path) discover
[0.183s] WARNING:colcon.colcon_ros.prefix_path.ament:The path '/home/student/aruco_realsense/install/aruco_rs' in the environment variable AMENT_PREFIX_PATH doesn't exist
[0.183s] WARNING:colcon.colcon_ros.prefix_path.catkin:The path '/home/student/aruco_realsense/install/aruco_rs' in the environment variable CMAKE_PREFIX_PATH doesn't exist
[0.185s] DEBUG:colcon.colcon_installed_package_information.package_discovery:Found 6 installed packages in /home/student/aruco_realsense/install
[0.186s] DEBUG:colcon.colcon_installed_package_information.package_discovery:Found 277 installed packages in /opt/ros/galactic
[0.187s] Level 1:colcon.colcon_core.package_discovery:discover_packages(prefix_path) using defaults
[0.251s] Level 5:colcon.colcon_core.verb:set package 'aruco_rs2' build argument 'cmake_args' from command line to 'None'
[0.251s] Level 5:colcon.colcon_core.verb:set package 'aruco_rs2' build argument 'cmake_target' from command line to 'None'
[0.251s] Level 5:colcon.colcon_core.verb:set package 'aruco_rs2' build argument 'cmake_target_skip_unavailable' from command line to 'False'
[0.251s] Level 5:colcon.colcon_core.verb:set package 'aruco_rs2' build argument 'cmake_clean_cache' from command line to 'False'
[0.251s] Level 5:colcon.colcon_core.verb:set package 'aruco_rs2' build argument 'cmake_clean_first' from command line to 'False'
[0.251s] Level 5:colcon.colcon_core.verb:set package 'aruco_rs2' build argument 'cmake_force_configure' from command line to 'False'
[0.251s] Level 5:colcon.colcon_core.verb:set package 'aruco_rs2' build argument 'ament_cmake_args' from command line to 'None'
[0.251s] Level 5:colcon.colcon_core.verb:set package 'aruco_rs2' build argument 'catkin_cmake_args' from command line to 'None'
[0.251s] Level 5:colcon.colcon_core.verb:set package 'aruco_rs2' build argument 'catkin_skip_building_tests' from command line to 'False'
[0.251s] DEBUG:colcon.colcon_core.verb:Building package 'aruco_rs2' with the following arguments: {'ament_cmake_args': None, 'build_base': '/home/student/aruco_realsense/build/aruco_rs2', 'catkin_cmake_args': None, 'catkin_skip_building_tests': False, 'cmake_args': None, 'cmake_clean_cache': False, 'cmake_clean_first': False, 'cmake_force_configure': False, 'cmake_target': None, 'cmake_target_skip_unavailable': False, 'install_base': '/home/student/aruco_realsense/install/aruco_rs2', 'merge_install': False, 'path': '/home/student/aruco_realsense/src/aruco_rs2', 'symlink_install': False, 'test_result_base': None}
[0.252s] Level 5:colcon.colcon_core.verb:set package 'realsense2_camera_msgs' build argument 'cmake_args' from command line to 'None'
[0.252s] Level 5:colcon.colcon_core.verb:set package 'realsense2_camera_msgs' build argument 'cmake_target' from command line to 'None'
[0.252s] Level 5:colcon.colcon_core.verb:set package 'realsense2_camera_msgs' build argument 'cmake_target_skip_unavailable' from command line to 'False'
[0.252s] Level 5:colcon.colcon_core.verb:set package 'realsense2_camera_msgs' build argument 'cmake_clean_cache' from command line to 'False'
[0.252s] Level 5:colcon.colcon_core.verb:set package 'realsense2_camera_msgs' build argument 'cmake_clean_first' from command line to 'False'
[0.252s] Level 5:colcon.colcon_core.verb:set package 'realsense2_camera_msgs' build argument 'cmake_force_configure' from command line to 'False'
[0.252s] Level 5:colcon.colcon_core.verb:set package 'realsense2_camera_msgs' build argument 'ament_cmake_args' from command line to 'None'
[0.252s] Level 5:colcon.colcon_core.verb:set package 'realsense2_camera_msgs' build argument 'catkin_cmake_args' from command line to 'None'
[0.252s] Level 5:colcon.colcon_core.verb:set package 'realsense2_camera_msgs' build argument 'catkin_skip_building_tests' from command line to 'False'
[0.252s] DEBUG:colcon.colcon_core.verb:Building package 'realsense2_camera_msgs' with the following arguments: {'ament_cmake_args': None, 'build_base': '/home/student/aruco_realsense/build/realsense2_camera_msgs', 'catkin_cmake_args': None, 'catkin_skip_building_tests': False, 'cmake_args': None, 'cmake_clean_cache': False, 'cmake_clean_first': False, 'cmake_force_configure': False, 'cmake_target': None, 'cmake_target_skip_unavailable': False, 'install_base': '/home/student/aruco_realsense/install/realsense2_camera_msgs', 'merge_install': False, 'path': '/home/student/aruco_realsense/src/realsense-ros/realsense2_camera_msgs', 'symlink_install': False, 'test_result_base': None}
[0.253s] Level 5:colcon.colcon_core.verb:set package 'ros2_aruco' build argument 'cmake_args' from command line to 'None'
[0.253s] Level 5:colcon.colcon_core.verb:set package 'ros2_aruco' build argument 'cmake_target' from command line to 'None'
[0.253s] Level 5:colcon.colcon_core.verb:set package 'ros2_aruco' build argument 'cmake_target_skip_unavailable' from command line to 'False'
[0.253s] Level 5:colcon.colcon_core.verb:set package 'ros2_aruco' build argument 'cmake_clean_cache' from command line to 'False'
[0.253s] Level 5:colcon.colcon_core.verb:set package 'ros2_aruco' build argument 'cmake_clean_first' from command line to 'False'
[0.253s] Level 5:colcon.colcon_core.verb:set package 'ros2_aruco' build argument 'cmake_force_configure' from command line to 'False'
[0.253s] Level 5:colcon.colcon_core.verb:set package 'ros2_aruco' build argument 'ament_cmake_args' from command line to 'None'
[0.253s] Level 5:colcon.colcon_core.verb:set package 'ros2_aruco' build argument 'catkin_cmake_args' from command line to 'None'
[0.253s] Level 5:colcon.colcon_core.verb:set package 'ros2_aruco' build argument 'catkin_skip_building_tests' from command line to 'False'
[0.253s] DEBUG:colcon.colcon_core.verb:Building package 'ros2_aruco' with the following arguments: {'ament_cmake_args': None, 'build_base': '/home/student/aruco_realsense/build/ros2_aruco', 'catkin_cmake_args': None, 'catkin_skip_building_tests': False, 'cmake_args': None, 'cmake_clean_cache': False, 'cmake_clean_first': False, 'cmake_force_configure': False, 'cmake_target': None, 'cmake_target_skip_unavailable': False, 'install_base': '/home/student/aruco_realsense/install/ros2_aruco', 'merge_install': False, 'path': '/home/student/aruco_realsense/src/ros2_aruco/ros2_aruco', 'symlink_install': False, 'test_result_base': None}
[0.254s] Level 5:colcon.colcon_core.verb:set package 'ros2_aruco_interfaces' build argument 'cmake_args' from command line to 'None'
[0.254s] Level 5:colcon.colcon_core.verb:set package 'ros2_aruco_interfaces' build argument 'cmake_target' from command line to 'None'
[0.254s] Level 5:colcon.colcon_core.verb:set package 'ros2_aruco_interfaces' build argument 'cmake_target_skip_unavailable' from command line to 'False'
[0.254s] Level 5:colcon.colcon_core.verb:set package 'ros2_aruco_interfaces' build argument 'cmake_clean_cache' from command line to 'False'
[0.254s] Level 5:colcon.colcon_core.verb:set package 'ros2_aruco_interfaces' build argument 'cmake_clean_first' from command line to 'False'
[0.254s] Level 5:colcon.colcon_core.verb:set package 'ros2_aruco_interfaces' build argument 'cmake_force_configure' from command line to 'False'
[0.254s] Level 5:colcon.colcon_core.verb:set package 'ros2_aruco_interfaces' build argument 'ament_cmake_args' from command line to 'None'
[0.254s] Level 5:colcon.colcon_core.verb:set package 'ros2_aruco_interfaces' build argument 'catkin_cmake_args' from command line to 'None'
[0.254s] Level 5:colcon.colcon_core.verb:set package 'ros2_aruco_interfaces' build argument 'catkin_skip_building_tests' from command line to 'False'
[0.254s] DEBUG:colcon.colcon_core.verb:Building package 'ros2_aruco_interfaces' with the following arguments: {'ament_cmake_args': None, 'build_base': '/home/student/aruco_realsense/build/ros2_aruco_interfaces', 'catkin_cmake_args': None, 'catkin_skip_building_tests': False, 'cmake_args': None, 'cmake_clean_cache': False, 'cmake_clean_first': False, 'cmake_force_configure': False, 'cmake_target': None, 'cmake_target_skip_unavailable': False, 'install_base': '/home/student/aruco_realsense/install/ros2_aruco_interfaces', 'merge_install': False, 'path': '/home/student/aruco_realsense/src/ros2_aruco/ros2_aruco_interfaces', 'symlink_install': False, 'test_result_base': None}
[0.255s] Level 5:colcon.colcon_core.verb:set package 'realsense2_camera' build argument 'cmake_args' from command line to 'None'
[0.255s] Level 5:colcon.colcon_core.verb:set package 'realsense2_camera' build argument 'cmake_target' from command line to 'None'
[0.255s] Level 5:colcon.colcon_core.verb:set package 'realsense2_camera' build argument 'cmake_target_skip_unavailable' from command line to 'False'
[0.255s] Level 5:colcon.colcon_core.verb:set package 'realsense2_camera' build argument 'cmake_clean_cache' from command line to 'False'
[0.255s] Level 5:colcon.colcon_core.verb:set package 'realsense2_camera' build argument 'cmake_clean_first' from command line to 'False'
[0.255s] Level 5:colcon.colcon_core.verb:set package 'realsense2_camera' build argument 'cmake_force_configure' from command line to 'False'
[0.255s] Level 5:colcon.colcon_core.verb:set package 'realsense2_camera' build argument 'ament_cmake_args' from command line to 'None'
[0.255s] Level 5:colcon.colcon_core.verb:set package 'realsense2_camera' build argument 'catkin_cmake_args' from command line to 'None'
[0.255s] Level 5:colcon.colcon_core.verb:set package 'realsense2_camera' build argument 'catkin_skip_building_tests' from command line to 'False'
[0.255s] DEBUG:colcon.colcon_core.verb:Building package 'realsense2_camera' with the following arguments: {'ament_cmake_args': None, 'build_base': '/home/student/aruco_realsense/build/realsense2_camera', 'catkin_cmake_args': None, 'catkin_skip_building_tests': False, 'cmake_args': None, 'cmake_clean_cache': False, 'cmake_clean_first': False, 'cmake_force_configure': False, 'cmake_target': None, 'cmake_target_skip_unavailable': False, 'install_base': '/home/student/aruco_realsense/install/realsense2_camera', 'merge_install': False, 'path': '/home/student/aruco_realsense/src/realsense-ros/realsense2_camera', 'symlink_install': False, 'test_result_base': None}
[0.256s] Level 5:colcon.colcon_core.verb:set package 'realsense2_description' build argument 'cmake_args' from command line to 'None'
[0.256s] Level 5:colcon.colcon_core.verb:set package 'realsense2_description' build argument 'cmake_target' from command line to 'None'
[0.256s] Level 5:colcon.colcon_core.verb:set package 'realsense2_description' build argument 'cmake_target_skip_unavailable' from command line to 'False'
[0.256s] Level 5:colcon.colcon_core.verb:set package 'realsense2_description' build argument 'cmake_clean_cache' from command line to 'False'
[0.256s] Level 5:colcon.colcon_core.verb:set package 'realsense2_description' build argument 'cmake_clean_first' from command line to 'False'
[0.256s] Level 5:colcon.colcon_core.verb:set package 'realsense2_description' build argument 'cmake_force_configure' from command line to 'False'
[0.256s] Level 5:colcon.colcon_core.verb:set package 'realsense2_description' build argument 'ament_cmake_args' from command line to 'None'
[0.256s] Level 5:colcon.colcon_core.verb:set package 'realsense2_description' build argument 'catkin_cmake_args' from command line to 'None'
[0.256s] Level 5:colcon.colcon_core.verb:set package 'realsense2_description' build argument 'catkin_skip_building_tests' from command line to 'False'
[0.256s] DEBUG:colcon.colcon_core.verb:Building package 'realsense2_description' with the following arguments: {'ament_cmake_args': None, 'build_base': '/home/student/aruco_realsense/build/realsense2_description', 'catkin_cmake_args': None, 'catkin_skip_building_tests': False, 'cmake_args': None, 'cmake_clean_cache': False, 'cmake_clean_first': False, 'cmake_force_configure': False, 'cmake_target': None, 'cmake_target_skip_unavailable': False, 'install_base': '/home/student/aruco_realsense/install/realsense2_description', 'merge_install': False, 'path': '/home/student/aruco_realsense/src/realsense-ros/realsense2_description', 'symlink_install': False, 'test_result_base': None}
[0.257s] INFO:colcon.colcon_core.executor:Executing jobs using 'parallel' executor
[0.260s] DEBUG:colcon.colcon_parallel_executor.executor.parallel:run_until_complete
[0.260s] INFO:colcon.colcon_ros.task.ament_cmake.build:Building ROS package in '/home/student/aruco_realsense/src/realsense-ros/realsense2_camera_msgs' with build type 'ament_cmake'
[0.261s] INFO:colcon.colcon_cmake.task.cmake.build:Building CMake package in '/home/student/aruco_realsense/src/realsense-ros/realsense2_camera_msgs'
[0.264s] INFO:colcon.colcon_core.plugin_system:Skipping extension 'colcon_core.shell.bat': Not used on non-Windows systems
[0.264s] INFO:colcon.colcon_core.shell:Skip shell extension 'powershell' for command environment: Not usable outside of PowerShell
[0.264s] DEBUG:colcon.colcon_core.shell:Skip shell extension 'dsv' for command environment
[0.270s] INFO:colcon.colcon_ros.task.ament_python.build:Building ROS package in '/home/student/aruco_realsense/src/aruco_rs2' with build type 'ament_python'
[0.270s] Level 1:colcon.colcon_core.shell:create_environment_hook('aruco_rs2', 'ament_prefix_path')
[0.271s] INFO:colcon.colcon_core.shell:Creating environment hook '/home/student/aruco_realsense/install/aruco_rs2/share/aruco_rs2/hook/ament_prefix_path.ps1'
[0.273s] INFO:colcon.colcon_core.shell:Creating environment descriptor '/home/student/aruco_realsense/install/aruco_rs2/share/aruco_rs2/hook/ament_prefix_path.dsv'
[0.273s] INFO:colcon.colcon_core.shell:Creating environment hook '/home/student/aruco_realsense/install/aruco_rs2/share/aruco_rs2/hook/ament_prefix_path.sh'
[0.275s] INFO:colcon.colcon_core.shell:Skip shell extension 'powershell' for command environment: Not usable outside of PowerShell
[0.275s] DEBUG:colcon.colcon_core.shell:Skip shell extension 'dsv' for command environment
[0.280s] INFO:colcon.colcon_ros.task.ament_python.build:Building ROS package in '/home/student/aruco_realsense/src/ros2_aruco/ros2_aruco' with build type 'ament_python'
[0.280s] Level 1:colcon.colcon_core.shell:create_environment_hook('ros2_aruco', 'ament_prefix_path')
[0.281s] INFO:colcon.colcon_core.shell:Creating environment hook '/home/student/aruco_realsense/install/ros2_aruco/share/ros2_aruco/hook/ament_prefix_path.ps1'
[0.282s] INFO:colcon.colcon_core.shell:Creating environment descriptor '/home/student/aruco_realsense/install/ros2_aruco/share/ros2_aruco/hook/ament_prefix_path.dsv'
[0.282s] INFO:colcon.colcon_core.shell:Creating environment hook '/home/student/aruco_realsense/install/ros2_aruco/share/ros2_aruco/hook/ament_prefix_path.sh'
[0.284s] INFO:colcon.colcon_core.shell:Skip shell extension 'powershell' for command environment: Not usable outside of PowerShell
[0.284s] DEBUG:colcon.colcon_core.shell:Skip shell extension 'dsv' for command environment
[0.288s] INFO:colcon.colcon_ros.task.ament_cmake.build:Building ROS package in '/home/student/aruco_realsense/src/ros2_aruco/ros2_aruco_interfaces' with build type 'ament_cmake'
[0.289s] INFO:colcon.colcon_cmake.task.cmake.build:Building CMake package in '/home/student/aruco_realsense/src/ros2_aruco/ros2_aruco_interfaces'
[0.290s] INFO:colcon.colcon_core.shell:Skip shell extension 'powershell' for command environment: Not usable outside of PowerShell
[0.290s] DEBUG:colcon.colcon_core.shell:Skip shell extension 'dsv' for command environment
[0.302s] DEBUG:colcon.colcon_core.event_handler.log_command:Invoking command in '/home/student/aruco_realsense/build/realsense2_camera_msgs': CMAKE_PREFIX_PATH=${CMAKE_PREFIX_PATH}:/home/student/aruco_realsense/install/aruco_rs2:/home/student/aruco_realsense/install/ros2_aruco:/opt/ros/galactic /usr/bin/cmake --build /home/student/aruco_realsense/build/realsense2_camera_msgs -- -j12 -l12
[0.512s] INFO:colcon.colcon_core.task.python.build:Building Python package in '/home/student/aruco_realsense/src/aruco_rs2'
[0.514s] INFO:colcon.colcon_core.shell:Skip shell extension 'powershell' for command environment: Not usable outside of PowerShell
[0.514s] DEBUG:colcon.colcon_core.shell:Skip shell extension 'dsv' for command environment
[0.708s] INFO:colcon.colcon_core.task.python.build:Building Python package in '/home/student/aruco_realsense/src/ros2_aruco/ros2_aruco'
[0.709s] INFO:colcon.colcon_core.shell:Skip shell extension 'powershell' for command environment: Not usable outside of PowerShell
[0.709s] DEBUG:colcon.colcon_core.shell:Skip shell extension 'dsv' for command environment
[0.729s] DEBUG:colcon.colcon_core.event_handler.log_command:Invoking command in '/home/student/aruco_realsense/build/ros2_aruco_interfaces': CMAKE_PREFIX_PATH=${CMAKE_PREFIX_PATH}:/home/student/aruco_realsense/install/aruco_rs2:/home/student/aruco_realsense/install/ros2_aruco:/opt/ros/galactic /usr/bin/cmake --build /home/student/aruco_realsense/build/ros2_aruco_interfaces -- -j12 -l12
[0.730s] DEBUG:colcon.colcon_core.event_handler.log_command:Invoked command in '/home/student/aruco_realsense/build/realsense2_camera_msgs' returned '0': CMAKE_PREFIX_PATH=${CMAKE_PREFIX_PATH}:/home/student/aruco_realsense/install/aruco_rs2:/home/student/aruco_realsense/install/ros2_aruco:/opt/ros/galactic /usr/bin/cmake --build /home/student/aruco_realsense/build/realsense2_camera_msgs -- -j12 -l12
[0.840s] DEBUG:colcon.colcon_core.event_handler.log_command:Invoking command in '/home/student/aruco_realsense/build/realsense2_camera_msgs': CMAKE_PREFIX_PATH=${CMAKE_PREFIX_PATH}:/home/student/aruco_realsense/install/aruco_rs2:/home/student/aruco_realsense/install/ros2_aruco:/opt/ros/galactic /usr/bin/cmake --install /home/student/aruco_realsense/build/realsense2_camera_msgs
[0.899s] Level 1:colcon.colcon_core.environment:create_environment_scripts_only(realsense2_camera_msgs)
[0.903s] DEBUG:colcon.colcon_core.event_handler.log_command:Invoked command in '/home/student/aruco_realsense/build/realsense2_camera_msgs' returned '0': CMAKE_PREFIX_PATH=${CMAKE_PREFIX_PATH}:/home/student/aruco_realsense/install/aruco_rs2:/home/student/aruco_realsense/install/ros2_aruco:/opt/ros/galactic /usr/bin/cmake --install /home/student/aruco_realsense/build/realsense2_camera_msgs
[0.907s] Level 1:colcon.colcon_core.environment:checking '/home/student/aruco_realsense/install/realsense2_camera_msgs' for CMake module files
[0.907s] Level 1:colcon.colcon_core.environment:checking '/home/student/aruco_realsense/install/realsense2_camera_msgs' for CMake config files
[0.908s] Level 1:colcon.colcon_core.shell:create_environment_hook('realsense2_camera_msgs', 'cmake_prefix_path')
[0.909s] INFO:colcon.colcon_core.shell:Creating environment hook '/home/student/aruco_realsense/install/realsense2_camera_msgs/share/realsense2_camera_msgs/hook/cmake_prefix_path.ps1'
[0.909s] INFO:colcon.colcon_core.shell:Creating environment descriptor '/home/student/aruco_realsense/install/realsense2_camera_msgs/share/realsense2_camera_msgs/hook/cmake_prefix_path.dsv'
[0.910s] INFO:colcon.colcon_core.shell:Creating environment hook '/home/student/aruco_realsense/install/realsense2_camera_msgs/share/realsense2_camera_msgs/hook/cmake_prefix_path.sh'
[0.910s] Level 1:colcon.colcon_core.environment:checking '/home/student/aruco_realsense/install/realsense2_camera_msgs/lib'
[0.910s] Level 1:colcon.colcon_core.shell:create_environment_hook('realsense2_camera_msgs', 'ld_library_path_lib')
[0.911s] INFO:colcon.colcon_core.shell:Creating environment hook '/home/student/aruco_realsense/install/realsense2_camera_msgs/share/realsense2_camera_msgs/hook/ld_library_path_lib.ps1'
[0.912s] INFO:colcon.colcon_core.shell:Creating environment descriptor '/home/student/aruco_realsense/install/realsense2_camera_msgs/share/realsense2_camera_msgs/hook/ld_library_path_lib.dsv'
[0.912s] INFO:colcon.colcon_core.shell:Creating environment hook '/home/student/aruco_realsense/install/realsense2_camera_msgs/share/realsense2_camera_msgs/hook/ld_library_path_lib.sh'
[0.913s] Level 1:colcon.colcon_core.environment:checking '/home/student/aruco_realsense/install/realsense2_camera_msgs/bin'
[0.913s] Level 1:colcon.colcon_core.environment:checking '/home/student/aruco_realsense/install/realsense2_camera_msgs/lib/pkgconfig/realsense2_camera_msgs.pc'
[0.913s] Level 1:colcon.colcon_core.environment:checking '/home/student/aruco_realsense/install/realsense2_camera_msgs/lib/python3.8/site-packages'
[0.913s] Level 1:colcon.colcon_core.shell:create_environment_hook('realsense2_camera_msgs', 'pythonpath')
[0.914s] INFO:colcon.colcon_core.shell:Creating environment hook '/home/student/aruco_realsense/install/realsense2_camera_msgs/share/realsense2_camera_msgs/hook/pythonpath.ps1'
[0.914s] INFO:colcon.colcon_core.shell:Creating environment descriptor '/home/student/aruco_realsense/install/realsense2_camera_msgs/share/realsense2_camera_msgs/hook/pythonpath.dsv'
[0.915s] INFO:colcon.colcon_core.shell:Creating environment hook '/home/student/aruco_realsense/install/realsense2_camera_msgs/share/realsense2_camera_msgs/hook/pythonpath.sh'
[0.915s] Level 1:colcon.colcon_core.environment:checking '/home/student/aruco_realsense/install/realsense2_camera_msgs/bin'
[0.917s] INFO:colcon.colcon_core.shell:Creating package script '/home/student/aruco_realsense/install/realsense2_camera_msgs/share/realsense2_camera_msgs/package.ps1'
[0.917s] INFO:colcon.colcon_core.shell:Creating package descriptor '/home/student/aruco_realsense/install/realsense2_camera_msgs/share/realsense2_camera_msgs/package.dsv'
[0.918s] INFO:colcon.colcon_core.shell:Creating package script '/home/student/aruco_realsense/install/realsense2_camera_msgs/share/realsense2_camera_msgs/package.sh'
[0.919s] INFO:colcon.colcon_core.shell:Creating package script '/home/student/aruco_realsense/install/realsense2_camera_msgs/share/realsense2_camera_msgs/package.bash'
[0.919s] INFO:colcon.colcon_core.shell:Creating package script '/home/student/aruco_realsense/install/realsense2_camera_msgs/share/realsense2_camera_msgs/package.zsh'
[0.920s] Level 1:colcon.colcon_core.environment:create_file_with_runtime_dependencies(/home/student/aruco_realsense/install/realsense2_camera_msgs/share/colcon-core/packages/realsense2_camera_msgs)
[0.977s] DEBUG:colcon.colcon_core.event_handler.log_command:Invoked command in '/home/student/aruco_realsense/build/ros2_aruco_interfaces' returned '0': CMAKE_PREFIX_PATH=${CMAKE_PREFIX_PATH}:/home/student/aruco_realsense/install/aruco_rs2:/home/student/aruco_realsense/install/ros2_aruco:/opt/ros/galactic /usr/bin/cmake --build /home/student/aruco_realsense/build/ros2_aruco_interfaces -- -j12 -l12
[1.015s] Level 1:colcon.colcon_core.environment:create_environment_scripts_only(realsense2_camera_msgs)
[1.019s] Level 1:colcon.colcon_core.environment:checking '/home/student/aruco_realsense/install/realsense2_camera_msgs' for CMake module files
[1.020s] Level 1:colcon.colcon_core.environment:checking '/home/student/aruco_realsense/install/realsense2_camera_msgs' for CMake config files
[1.020s] Level 1:colcon.colcon_core.shell:create_environment_hook('realsense2_camera_msgs', 'cmake_prefix_path')
[1.022s] INFO:colcon.colcon_core.shell:Creating environment hook '/home/student/aruco_realsense/install/realsense2_camera_msgs/share/realsense2_camera_msgs/hook/cmake_prefix_path.ps1'
[1.023s] INFO:colcon.colcon_core.shell:Creating environment descriptor '/home/student/aruco_realsense/install/realsense2_camera_msgs/share/realsense2_camera_msgs/hook/cmake_prefix_path.dsv'
[1.023s] INFO:colcon.colcon_core.shell:Creating environment hook '/home/student/aruco_realsense/install/realsense2_camera_msgs/share/realsense2_camera_msgs/hook/cmake_prefix_path.sh'
[1.024s] Level 1:colcon.colcon_core.environment:checking '/home/student/aruco_realsense/install/realsense2_camera_msgs/lib'
[1.024s] Level 1:colcon.colcon_core.shell:create_environment_hook('realsense2_camera_msgs', 'ld_library_path_lib')
[1.026s] INFO:colcon.colcon_core.shell:Creating environment hook '/home/student/aruco_realsense/install/realsense2_camera_msgs/share/realsense2_camera_msgs/hook/ld_library_path_lib.ps1'
[1.027s] INFO:colcon.colcon_core.shell:Creating environment descriptor '/home/student/aruco_realsense/install/realsense2_camera_msgs/share/realsense2_camera_msgs/hook/ld_library_path_lib.dsv'
[1.027s] INFO:colcon.colcon_core.shell:Creating environment hook '/home/student/aruco_realsense/install/realsense2_camera_msgs/share/realsense2_camera_msgs/hook/ld_library_path_lib.sh'
[1.028s] Level 1:colcon.colcon_core.environment:checking '/home/student/aruco_realsense/install/realsense2_camera_msgs/bin'
[1.028s] Level 1:colcon.colcon_core.environment:checking '/home/student/aruco_realsense/install/realsense2_camera_msgs/lib/pkgconfig/realsense2_camera_msgs.pc'
[1.028s] Level 1:colcon.colcon_core.environment:checking '/home/student/aruco_realsense/install/realsense2_camera_msgs/lib/python3.8/site-packages'
[1.028s] Level 1:colcon.colcon_core.shell:create_environment_hook('realsense2_camera_msgs', 'pythonpath')
[1.031s] INFO:colcon.colcon_core.shell:Creating environment hook '/home/student/aruco_realsense/install/realsense2_camera_msgs/share/realsense2_camera_msgs/hook/pythonpath.ps1'
[1.031s] INFO:colcon.colcon_core.shell:Creating environment descriptor '/home/student/aruco_realsense/install/realsense2_camera_msgs/share/realsense2_camera_msgs/hook/pythonpath.dsv'
[1.031s] INFO:colcon.colcon_core.shell:Creating environment hook '/home/student/aruco_realsense/install/realsense2_camera_msgs/share/realsense2_camera_msgs/hook/pythonpath.sh'
[1.032s] Level 1:colcon.colcon_core.environment:checking '/home/student/aruco_realsense/install/realsense2_camera_msgs/bin'
[1.034s] INFO:colcon.colcon_core.shell:Creating package script '/home/student/aruco_realsense/install/realsense2_camera_msgs/share/realsense2_camera_msgs/package.ps1'
[1.035s] INFO:colcon.colcon_core.shell:Creating package descriptor '/home/student/aruco_realsense/install/realsense2_camera_msgs/share/realsense2_camera_msgs/package.dsv'
[1.036s] INFO:colcon.colcon_core.shell:Creating package script '/home/student/aruco_realsense/install/realsense2_camera_msgs/share/realsense2_camera_msgs/package.sh'
[1.036s] INFO:colcon.colcon_core.shell:Creating package script '/home/student/aruco_realsense/install/realsense2_camera_msgs/share/realsense2_camera_msgs/package.bash'
[1.037s] INFO:colcon.colcon_core.shell:Creating package script '/home/student/aruco_realsense/install/realsense2_camera_msgs/share/realsense2_camera_msgs/package.zsh'
[1.038s] Level 1:colcon.colcon_core.environment:create_file_with_runtime_dependencies(/home/student/aruco_realsense/install/realsense2_camera_msgs/share/colcon-core/packages/realsense2_camera_msgs)
[1.039s] INFO:colcon.colcon_ros.task.ament_cmake.build:Building ROS package in '/home/student/aruco_realsense/src/realsense-ros/realsense2_camera' with build type 'ament_cmake'
[1.039s] INFO:colcon.colcon_cmake.task.cmake.build:Building CMake package in '/home/student/aruco_realsense/src/realsense-ros/realsense2_camera'
[1.041s] INFO:colcon.colcon_core.shell:Skip shell extension 'powershell' for command environment: Not usable outside of PowerShell
[1.041s] DEBUG:colcon.colcon_core.shell:Skip shell extension 'dsv' for command environment
[1.047s] INFO:colcon.colcon_ros.task.ament_cmake.build:Building ROS package in '/home/student/aruco_realsense/src/realsense-ros/realsense2_description' with build type 'ament_cmake'
[1.047s] INFO:colcon.colcon_cmake.task.cmake.build:Building CMake package in '/home/student/aruco_realsense/src/realsense-ros/realsense2_description'
[1.049s] INFO:colcon.colcon_core.shell:Skip shell extension 'powershell' for command environment: Not usable outside of PowerShell
[1.049s] DEBUG:colcon.colcon_core.shell:Skip shell extension 'dsv' for command environment
[1.060s] DEBUG:colcon.colcon_core.event_handler.log_command:Invoking command in '/home/student/aruco_realsense/build/ros2_aruco_interfaces': CMAKE_PREFIX_PATH=${CMAKE_PREFIX_PATH}:/home/student/aruco_realsense/install/aruco_rs2:/home/student/aruco_realsense/install/ros2_aruco:/opt/ros/galactic /usr/bin/cmake --install /home/student/aruco_realsense/build/ros2_aruco_interfaces
[1.066s] DEBUG:colcon.colcon_core.event_handler.log_command:Invoking command in '/home/student/aruco_realsense/build/realsense2_camera': CMAKE_PREFIX_PATH=/home/student/aruco_realsense/install/realsense2_camera_msgs:/home/student/aruco_realsense/install/aruco_rs:/home/student/aruco_realsense/install/ros2_aruco_interfaces:/home/student/aruco_realsense/install/realsense2_description:/home/student/aruco_realsense/install/realsense2_camera:/home/student/aruco_realsense/install/aruco_rs2:/home/student/aruco_realsense/install/ros2_aruco:/opt/ros/galactic LD_LIBRARY_PATH=/home/student/aruco_realsense/install/realsense2_camera_msgs/lib:/home/student/aruco_realsense/install/ros2_aruco_interfaces/lib:/home/student/aruco_realsense/install/realsense2_camera/lib:/opt/ros/galactic/opt/yaml_cpp_vendor/lib:/opt/ros/galactic/opt/rviz_ogre_vendor/lib:/opt/ros/galactic/lib/x86_64-linux-gnu:/opt/ros/galactic/lib:/usr/local/cuda-11.1/lib64: PYTHONPATH=/home/student/aruco_realsense/install/realsense2_camera_msgs/lib/python3.8/site-packages:/home/student/aruco_realsense/install/aruco_rs2/lib/python3.8/site-packages:/home/student/aruco_realsense/install/ros2_aruco_interfaces/lib/python3.8/site-packages:/home/student/aruco_realsense/install/ros2_aruco/lib/python3.8/site-packages:/opt/ros/galactic/lib/python3.8/site-packages /usr/bin/cmake --build /home/student/aruco_realsense/build/realsense2_camera -- -j12 -l12
[1.075s] DEBUG:colcon.colcon_core.event_handler.log_command:Invoking command in '/home/student/aruco_realsense/build/realsense2_description': CMAKE_PREFIX_PATH=/home/student/aruco_realsense/install/realsense2_camera_msgs:/home/student/aruco_realsense/install/aruco_rs:/home/student/aruco_realsense/install/ros2_aruco_interfaces:/home/student/aruco_realsense/install/realsense2_description:/home/student/aruco_realsense/install/realsense2_camera:/home/student/aruco_realsense/install/aruco_rs2:/home/student/aruco_realsense/install/ros2_aruco:/opt/ros/galactic LD_LIBRARY_PATH=/home/student/aruco_realsense/install/realsense2_camera_msgs/lib:/home/student/aruco_realsense/install/ros2_aruco_interfaces/lib:/home/student/aruco_realsense/install/realsense2_camera/lib:/opt/ros/galactic/opt/yaml_cpp_vendor/lib:/opt/ros/galactic/opt/rviz_ogre_vendor/lib:/opt/ros/galactic/lib/x86_64-linux-gnu:/opt/ros/galactic/lib:/usr/local/cuda-11.1/lib64: PYTHONPATH=/home/student/aruco_realsense/install/realsense2_camera_msgs/lib/python3.8/site-packages:/home/student/aruco_realsense/install/aruco_rs2/lib/python3.8/site-packages:/home/student/aruco_realsense/install/ros2_aruco_interfaces/lib/python3.8/site-packages:/home/student/aruco_realsense/install/ros2_aruco/lib/python3.8/site-packages:/opt/ros/galactic/lib/python3.8/site-packages /usr/bin/cmake --build /home/student/aruco_realsense/build/realsense2_description -- -j12 -l12
[1.123s] Level 1:colcon.colcon_core.environment:create_environment_scripts_only(ros2_aruco_interfaces)
[1.127s] Level 1:colcon.colcon_core.environment:checking '/home/student/aruco_realsense/install/ros2_aruco_interfaces' for CMake module files
[1.129s] Level 1:colcon.colcon_core.environment:checking '/home/student/aruco_realsense/install/ros2_aruco_interfaces' for CMake config files
[1.130s] DEBUG:colcon.colcon_core.event_handler.log_command:Invoked command in '/home/student/aruco_realsense/build/realsense2_description' returned '0': CMAKE_PREFIX_PATH=/home/student/aruco_realsense/install/realsense2_camera_msgs:/home/student/aruco_realsense/install/aruco_rs:/home/student/aruco_realsense/install/ros2_aruco_interfaces:/home/student/aruco_realsense/install/realsense2_description:/home/student/aruco_realsense/install/realsense2_camera:/home/student/aruco_realsense/install/aruco_rs2:/home/student/aruco_realsense/install/ros2_aruco:/opt/ros/galactic LD_LIBRARY_PATH=/home/student/aruco_realsense/install/realsense2_camera_msgs/lib:/home/student/aruco_realsense/install/ros2_aruco_interfaces/lib:/home/student/aruco_realsense/install/realsense2_camera/lib:/opt/ros/galactic/opt/yaml_cpp_vendor/lib:/opt/ros/galactic/opt/rviz_ogre_vendor/lib:/opt/ros/galactic/lib/x86_64-linux-gnu:/opt/ros/galactic/lib:/usr/local/cuda-11.1/lib64: PYTHONPATH=/home/student/aruco_realsense/install/realsense2_camera_msgs/lib/python3.8/site-packages:/home/student/aruco_realsense/install/aruco_rs2/lib/python3.8/site-packages:/home/student/aruco_realsense/install/ros2_aruco_interfaces/lib/python3.8/site-packages:/home/student/aruco_realsense/install/ros2_aruco/lib/python3.8/site-packages:/opt/ros/galactic/lib/python3.8/site-packages /usr/bin/cmake --build /home/student/aruco_realsense/build/realsense2_description -- -j12 -l12
[1.130s] DEBUG:colcon.colcon_core.event_handler.log_command:Invoked command in '/home/student/aruco_realsense/build/ros2_aruco_interfaces' returned '0': CMAKE_PREFIX_PATH=${CMAKE_PREFIX_PATH}:/home/student/aruco_realsense/install/aruco_rs2:/home/student/aruco_realsense/install/ros2_aruco:/opt/ros/galactic /usr/bin/cmake --install /home/student/aruco_realsense/build/ros2_aruco_interfaces
[1.131s] Level 1:colcon.colcon_core.shell:create_environment_hook('ros2_aruco_interfaces', 'cmake_prefix_path')
[1.133s] INFO:colcon.colcon_core.shell:Creating environment hook '/home/student/aruco_realsense/install/ros2_aruco_interfaces/share/ros2_aruco_interfaces/hook/cmake_prefix_path.ps1'
[1.134s] INFO:colcon.colcon_core.shell:Creating environment descriptor '/home/student/aruco_realsense/install/ros2_aruco_interfaces/share/ros2_aruco_interfaces/hook/cmake_prefix_path.dsv'
[1.134s] INFO:colcon.colcon_core.shell:Creating environment hook '/home/student/aruco_realsense/install/ros2_aruco_interfaces/share/ros2_aruco_interfaces/hook/cmake_prefix_path.sh'
[1.135s] Level 1:colcon.colcon_core.environment:checking '/home/student/aruco_realsense/install/ros2_aruco_interfaces/lib'
[1.135s] Level 1:colcon.colcon_core.shell:create_environment_hook('ros2_aruco_interfaces', 'ld_library_path_lib')
[1.136s] INFO:colcon.colcon_core.shell:Creating environment hook '/home/student/aruco_realsense/install/ros2_aruco_interfaces/share/ros2_aruco_interfaces/hook/ld_library_path_lib.ps1'
[1.137s] INFO:colcon.colcon_core.shell:Creating environment descriptor '/home/student/aruco_realsense/install/ros2_aruco_interfaces/share/ros2_aruco_interfaces/hook/ld_library_path_lib.dsv'
[1.137s] INFO:colcon.colcon_core.shell:Creating environment hook '/home/student/aruco_realsense/install/ros2_aruco_interfaces/share/ros2_aruco_interfaces/hook/ld_library_path_lib.sh'
[1.137s] Level 1:colcon.colcon_core.environment:checking '/home/student/aruco_realsense/install/ros2_aruco_interfaces/bin'
[1.137s] Level 1:colcon.colcon_core.environment:checking '/home/student/aruco_realsense/install/ros2_aruco_interfaces/lib/pkgconfig/ros2_aruco_interfaces.pc'
[1.138s] Level 1:colcon.colcon_core.environment:checking '/home/student/aruco_realsense/install/ros2_aruco_interfaces/lib/python3.8/site-packages'
[1.138s] Level 1:colcon.colcon_core.shell:create_environment_hook('ros2_aruco_interfaces', 'pythonpath')
[1.139s] INFO:colcon.colcon_core.shell:Creating environment hook '/home/student/aruco_realsense/install/ros2_aruco_interfaces/share/ros2_aruco_interfaces/hook/pythonpath.ps1'
[1.140s] INFO:colcon.colcon_core.shell:Creating environment descriptor '/home/student/aruco_realsense/install/ros2_aruco_interfaces/share/ros2_aruco_interfaces/hook/pythonpath.dsv'
[1.140s] INFO:colcon.colcon_core.shell:Creating environment hook '/home/student/aruco_realsense/install/ros2_aruco_interfaces/share/ros2_aruco_interfaces/hook/pythonpath.sh'
[1.140s] Level 1:colcon.colcon_core.environment:checking '/home/student/aruco_realsense/install/ros2_aruco_interfaces/bin'
[1.142s] INFO:colcon.colcon_core.shell:Creating package script '/home/student/aruco_realsense/install/ros2_aruco_interfaces/share/ros2_aruco_interfaces/package.ps1'
[1.142s] INFO:colcon.colcon_core.shell:Creating package descriptor '/home/student/aruco_realsense/install/ros2_aruco_interfaces/share/ros2_aruco_interfaces/package.dsv'
[1.143s] INFO:colcon.colcon_core.shell:Creating package script '/home/student/aruco_realsense/install/ros2_aruco_interfaces/share/ros2_aruco_interfaces/package.sh'
[1.143s] INFO:colcon.colcon_core.shell:Creating package script '/home/student/aruco_realsense/install/ros2_aruco_interfaces/share/ros2_aruco_interfaces/package.bash'
[1.144s] INFO:colcon.colcon_core.shell:Creating package script '/home/student/aruco_realsense/install/ros2_aruco_interfaces/share/ros2_aruco_interfaces/package.zsh'
[1.144s] Level 1:colcon.colcon_core.environment:create_file_with_runtime_dependencies(/home/student/aruco_realsense/install/ros2_aruco_interfaces/share/colcon-core/packages/ros2_aruco_interfaces)
[1.152s] DEBUG:colcon.colcon_core.event_handler.log_command:Invoking command in '/home/student/aruco_realsense/build/realsense2_description': CMAKE_PREFIX_PATH=/home/student/aruco_realsense/install/realsense2_camera_msgs:/home/student/aruco_realsense/install/aruco_rs:/home/student/aruco_realsense/install/ros2_aruco_interfaces:/home/student/aruco_realsense/install/realsense2_description:/home/student/aruco_realsense/install/realsense2_camera:/home/student/aruco_realsense/install/aruco_rs2:/home/student/aruco_realsense/install/ros2_aruco:/opt/ros/galactic LD_LIBRARY_PATH=/home/student/aruco_realsense/install/realsense2_camera_msgs/lib:/home/student/aruco_realsense/install/ros2_aruco_interfaces/lib:/home/student/aruco_realsense/install/realsense2_camera/lib:/opt/ros/galactic/opt/yaml_cpp_vendor/lib:/opt/ros/galactic/opt/rviz_ogre_vendor/lib:/opt/ros/galactic/lib/x86_64-linux-gnu:/opt/ros/galactic/lib:/usr/local/cuda-11.1/lib64: PYTHONPATH=/home/student/aruco_realsense/install/realsense2_camera_msgs/lib/python3.8/site-packages:/home/student/aruco_realsense/install/aruco_rs2/lib/python3.8/site-packages:/home/student/aruco_realsense/install/ros2_aruco_interfaces/lib/python3.8/site-packages:/home/student/aruco_realsense/install/ros2_aruco/lib/python3.8/site-packages:/opt/ros/galactic/lib/python3.8/site-packages /usr/bin/cmake --install /home/student/aruco_realsense/build/realsense2_description
[1.167s] Level 1:colcon.colcon_core.environment:create_environment_scripts_only(realsense2_description)
[1.171s] Level 1:colcon.colcon_core.environment:checking '/home/student/aruco_realsense/install/realsense2_description' for CMake module files
[1.173s] Level 1:colcon.colcon_core.environment:checking '/home/student/aruco_realsense/install/realsense2_description' for CMake config files
[1.175s] Level 1:colcon.colcon_core.shell:create_environment_hook('realsense2_description', 'cmake_prefix_path')
[1.178s] INFO:colcon.colcon_core.shell:Creating environment hook '/home/student/aruco_realsense/install/realsense2_description/share/realsense2_description/hook/cmake_prefix_path.ps1'
[1.179s] INFO:colcon.colcon_core.shell:Creating environment descriptor '/home/student/aruco_realsense/install/realsense2_description/share/realsense2_description/hook/cmake_prefix_path.dsv'
[1.180s] INFO:colcon.colcon_core.shell:Creating environment hook '/home/student/aruco_realsense/install/realsense2_description/share/realsense2_description/hook/cmake_prefix_path.sh'
[1.182s] Level 1:colcon.colcon_core.environment:checking '/home/student/aruco_realsense/install/realsense2_description/bin'
[1.182s] Level 1:colcon.colcon_core.environment:checking '/home/student/aruco_realsense/install/realsense2_description/lib/pkgconfig/realsense2_description.pc'
[1.182s] Level 1:colcon.colcon_core.environment:checking '/home/student/aruco_realsense/install/realsense2_description/lib/python3.8/site-packages'
[1.183s] Level 1:colcon.colcon_core.environment:checking '/home/student/aruco_realsense/install/realsense2_description/bin'
[1.183s] DEBUG:colcon.colcon_core.event_handler.log_command:Invoked command in '/home/student/aruco_realsense/build/realsense2_description' returned '0': CMAKE_PREFIX_PATH=/home/student/aruco_realsense/install/realsense2_camera_msgs:/home/student/aruco_realsense/install/aruco_rs:/home/student/aruco_realsense/install/ros2_aruco_interfaces:/home/student/aruco_realsense/install/realsense2_description:/home/student/aruco_realsense/install/realsense2_camera:/home/student/aruco_realsense/install/aruco_rs2:/home/student/aruco_realsense/install/ros2_aruco:/opt/ros/galactic LD_LIBRARY_PATH=/home/student/aruco_realsense/install/realsense2_camera_msgs/lib:/home/student/aruco_realsense/install/ros2_aruco_interfaces/lib:/home/student/aruco_realsense/install/realsense2_camera/lib:/opt/ros/galactic/opt/yaml_cpp_vendor/lib:/opt/ros/galactic/opt/rviz_ogre_vendor/lib:/opt/ros/galactic/lib/x86_64-linux-gnu:/opt/ros/galactic/lib:/usr/local/cuda-11.1/lib64: PYTHONPATH=/home/student/aruco_realsense/install/realsense2_camera_msgs/lib/python3.8/site-packages:/home/student/aruco_realsense/install/aruco_rs2/lib/python3.8/site-packages:/home/student/aruco_realsense/install/ros2_aruco_interfaces/lib/python3.8/site-packages:/home/student/aruco_realsense/install/ros2_aruco/lib/python3.8/site-packages:/opt/ros/galactic/lib/python3.8/site-packages /usr/bin/cmake --install /home/student/aruco_realsense/build/realsense2_description
[1.185s] INFO:colcon.colcon_core.shell:Creating package script '/home/student/aruco_realsense/install/realsense2_description/share/realsense2_description/package.ps1'
[1.186s] INFO:colcon.colcon_core.shell:Creating package descriptor '/home/student/aruco_realsense/install/realsense2_description/share/realsense2_description/package.dsv'
[1.187s] INFO:colcon.colcon_core.shell:Creating package script '/home/student/aruco_realsense/install/realsense2_description/share/realsense2_description/package.sh'
[1.187s] INFO:colcon.colcon_core.shell:Creating package script '/home/student/aruco_realsense/install/realsense2_description/share/realsense2_description/package.bash'
[1.187s] INFO:colcon.colcon_core.shell:Creating package script '/home/student/aruco_realsense/install/realsense2_description/share/realsense2_description/package.zsh'
[1.188s] Level 1:colcon.colcon_core.environment:create_file_with_runtime_dependencies(/home/student/aruco_realsense/install/realsense2_description/share/colcon-core/packages/realsense2_description)
[1.196s] DEBUG:colcon.colcon_core.event_handler.log_command:Invoked command in '/home/student/aruco_realsense/build/realsense2_camera' returned '0': CMAKE_PREFIX_PATH=/home/student/aruco_realsense/install/realsense2_camera_msgs:/home/student/aruco_realsense/install/aruco_rs:/home/student/aruco_realsense/install/ros2_aruco_interfaces:/home/student/aruco_realsense/install/realsense2_description:/home/student/aruco_realsense/install/realsense2_camera:/home/student/aruco_realsense/install/aruco_rs2:/home/student/aruco_realsense/install/ros2_aruco:/opt/ros/galactic LD_LIBRARY_PATH=/home/student/aruco_realsense/install/realsense2_camera_msgs/lib:/home/student/aruco_realsense/install/ros2_aruco_interfaces/lib:/home/student/aruco_realsense/install/realsense2_camera/lib:/opt/ros/galactic/opt/yaml_cpp_vendor/lib:/opt/ros/galactic/opt/rviz_ogre_vendor/lib:/opt/ros/galactic/lib/x86_64-linux-gnu:/opt/ros/galactic/lib:/usr/local/cuda-11.1/lib64: PYTHONPATH=/home/student/aruco_realsense/install/realsense2_camera_msgs/lib/python3.8/site-packages:/home/student/aruco_realsense/install/aruco_rs2/lib/python3.8/site-packages:/home/student/aruco_realsense/install/ros2_aruco_interfaces/lib/python3.8/site-packages:/home/student/aruco_realsense/install/ros2_aruco/lib/python3.8/site-packages:/opt/ros/galactic/lib/python3.8/site-packages /usr/bin/cmake --build /home/student/aruco_realsense/build/realsense2_camera -- -j12 -l12
[1.206s] DEBUG:colcon.colcon_core.event_handler.log_command:Invoking command in '/home/student/aruco_realsense/src/ros2_aruco/ros2_aruco': PYTHONPATH=/home/student/aruco_realsense/install/ros2_aruco/lib/python3.8/site-packages:${PYTHONPATH} /usr/bin/python3 setup.py egg_info --egg-base ../../../build/ros2_aruco build --build-base /home/student/aruco_realsense/build/ros2_aruco/build install --prefix /home/student/aruco_realsense/install/ros2_aruco --record /home/student/aruco_realsense/build/ros2_aruco/install.log --single-version-externally-managed
[1.209s] Level 1:colcon.colcon_core.environment:create_environment_scripts_only(ros2_aruco_interfaces)
[1.212s] Level 1:colcon.colcon_core.environment:checking '/home/student/aruco_realsense/install/ros2_aruco_interfaces' for CMake module files
[1.212s] Level 1:colcon.colcon_core.environment:checking '/home/student/aruco_realsense/install/ros2_aruco_interfaces' for CMake config files
[1.213s] Level 1:colcon.colcon_core.shell:create_environment_hook('ros2_aruco_interfaces', 'cmake_prefix_path')
[1.214s] INFO:colcon.colcon_core.shell:Creating environment hook '/home/student/aruco_realsense/install/ros2_aruco_interfaces/share/ros2_aruco_interfaces/hook/cmake_prefix_path.ps1'
[1.215s] INFO:colcon.colcon_core.shell:Creating environment descriptor '/home/student/aruco_realsense/install/ros2_aruco_interfaces/share/ros2_aruco_interfaces/hook/cmake_prefix_path.dsv'
[1.216s] INFO:colcon.colcon_core.shell:Creating environment hook '/home/student/aruco_realsense/install/ros2_aruco_interfaces/share/ros2_aruco_interfaces/hook/cmake_prefix_path.sh'
[1.216s] Level 1:colcon.colcon_core.environment:checking '/home/student/aruco_realsense/install/ros2_aruco_interfaces/lib'
[1.217s] Level 1:colcon.colcon_core.shell:create_environment_hook('ros2_aruco_interfaces', 'ld_library_path_lib')
[1.218s] INFO:colcon.colcon_core.shell:Creating environment hook '/home/student/aruco_realsense/install/ros2_aruco_interfaces/share/ros2_aruco_interfaces/hook/ld_library_path_lib.ps1'
[1.218s] INFO:colcon.colcon_core.shell:Creating environment descriptor '/home/student/aruco_realsense/install/ros2_aruco_interfaces/share/ros2_aruco_interfaces/hook/ld_library_path_lib.dsv'
[1.219s] INFO:colcon.colcon_core.shell:Creating environment hook '/home/student/aruco_realsense/install/ros2_aruco_interfaces/share/ros2_aruco_interfaces/hook/ld_library_path_lib.sh'
[1.219s] Level 1:colcon.colcon_core.environment:checking '/home/student/aruco_realsense/install/ros2_aruco_interfaces/bin'
[1.219s] Level 1:colcon.colcon_core.environment:checking '/home/student/aruco_realsense/install/ros2_aruco_interfaces/lib/pkgconfig/ros2_aruco_interfaces.pc'
[1.219s] Level 1:colcon.colcon_core.environment:checking '/home/student/aruco_realsense/install/ros2_aruco_interfaces/lib/python3.8/site-packages'
[1.219s] Level 1:colcon.colcon_core.shell:create_environment_hook('ros2_aruco_interfaces', 'pythonpath')
[1.221s] INFO:colcon.colcon_core.shell:Creating environment hook '/home/student/aruco_realsense/install/ros2_aruco_interfaces/share/ros2_aruco_interfaces/hook/pythonpath.ps1'
[1.221s] INFO:colcon.colcon_core.shell:Creating environment descriptor '/home/student/aruco_realsense/install/ros2_aruco_interfaces/share/ros2_aruco_interfaces/hook/pythonpath.dsv'
[1.221s] INFO:colcon.colcon_core.shell:Creating environment hook '/home/student/aruco_realsense/install/ros2_aruco_interfaces/share/ros2_aruco_interfaces/hook/pythonpath.sh'
[1.222s] Level 1:colcon.colcon_core.environment:checking '/home/student/aruco_realsense/install/ros2_aruco_interfaces/bin'
[1.223s] INFO:colcon.colcon_core.shell:Creating package script '/home/student/aruco_realsense/install/ros2_aruco_interfaces/share/ros2_aruco_interfaces/package.ps1'
[1.223s] INFO:colcon.colcon_core.shell:Creating package descriptor '/home/student/aruco_realsense/install/ros2_aruco_interfaces/share/ros2_aruco_interfaces/package.dsv'
[1.224s] INFO:colcon.colcon_core.shell:Creating package script '/home/student/aruco_realsense/install/ros2_aruco_interfaces/share/ros2_aruco_interfaces/package.sh'
[1.224s] INFO:colcon.colcon_core.shell:Creating package script '/home/student/aruco_realsense/install/ros2_aruco_interfaces/share/ros2_aruco_interfaces/package.bash'
[1.225s] INFO:colcon.colcon_core.shell:Creating package script '/home/student/aruco_realsense/install/ros2_aruco_interfaces/share/ros2_aruco_interfaces/package.zsh'
[1.225s] Level 1:colcon.colcon_core.environment:create_file_with_runtime_dependencies(/home/student/aruco_realsense/install/ros2_aruco_interfaces/share/colcon-core/packages/ros2_aruco_interfaces)
[1.228s] Level 1:colcon.colcon_core.environment:create_environment_scripts_only(realsense2_description)
[1.230s] Level 1:colcon.colcon_core.environment:checking '/home/student/aruco_realsense/install/realsense2_description' for CMake module files
[1.231s] Level 1:colcon.colcon_core.environment:checking '/home/student/aruco_realsense/install/realsense2_description' for CMake config files
[1.231s] Level 1:colcon.colcon_core.shell:create_environment_hook('realsense2_description', 'cmake_prefix_path')
[1.232s] INFO:colcon.colcon_core.shell:Creating environment hook '/home/student/aruco_realsense/install/realsense2_description/share/realsense2_description/hook/cmake_prefix_path.ps1'
[1.232s] INFO:colcon.colcon_core.shell:Creating environment descriptor '/home/student/aruco_realsense/install/realsense2_description/share/realsense2_description/hook/cmake_prefix_path.dsv'
[1.233s] INFO:colcon.colcon_core.shell:Creating environment hook '/home/student/aruco_realsense/install/realsense2_description/share/realsense2_description/hook/cmake_prefix_path.sh'
[1.233s] Level 1:colcon.colcon_core.environment:checking '/home/student/aruco_realsense/install/realsense2_description/bin'
[1.233s] Level 1:colcon.colcon_core.environment:checking '/home/student/aruco_realsense/install/realsense2_description/lib/pkgconfig/realsense2_description.pc'
[1.233s] Level 1:colcon.colcon_core.environment:checking '/home/student/aruco_realsense/install/realsense2_description/lib/python3.8/site-packages'
[1.233s] Level 1:colcon.colcon_core.environment:checking '/home/student/aruco_realsense/install/realsense2_description/bin'
[1.235s] INFO:colcon.colcon_core.shell:Creating package script '/home/student/aruco_realsense/install/realsense2_description/share/realsense2_description/package.ps1'
[1.235s] INFO:colcon.colcon_core.shell:Creating package descriptor '/home/student/aruco_realsense/install/realsense2_description/share/realsense2_description/package.dsv'
[1.235s] INFO:colcon.colcon_core.shell:Creating package script '/home/student/aruco_realsense/install/realsense2_description/share/realsense2_description/package.sh'
[1.236s] INFO:colcon.colcon_core.shell:Creating package script '/home/student/aruco_realsense/install/realsense2_description/share/realsense2_description/package.bash'
[1.236s] INFO:colcon.colcon_core.shell:Creating package script '/home/student/aruco_realsense/install/realsense2_description/share/realsense2_description/package.zsh'
[1.236s] Level 1:colcon.colcon_core.environment:create_file_with_runtime_dependencies(/home/student/aruco_realsense/install/realsense2_description/share/colcon-core/packages/realsense2_description)
[1.242s] DEBUG:colcon.colcon_core.event_handler.log_command:Invoking command in '/home/student/aruco_realsense/src/aruco_rs2': PYTHONPATH=/home/student/aruco_realsense/install/aruco_rs2/lib/python3.8/site-packages:${PYTHONPATH} /usr/bin/python3 setup.py egg_info --egg-base ../../build/aruco_rs2 build --build-base /home/student/aruco_realsense/build/aruco_rs2/build install --prefix /home/student/aruco_realsense/install/aruco_rs2 --record /home/student/aruco_realsense/build/aruco_rs2/install.log --single-version-externally-managed
[1.245s] DEBUG:colcon.colcon_core.event_handler.log_command:Invoking command in '/home/student/aruco_realsense/build/realsense2_camera': CMAKE_PREFIX_PATH=/home/student/aruco_realsense/install/realsense2_camera_msgs:/home/student/aruco_realsense/install/aruco_rs:/home/student/aruco_realsense/install/ros2_aruco_interfaces:/home/student/aruco_realsense/install/realsense2_description:/home/student/aruco_realsense/install/realsense2_camera:/home/student/aruco_realsense/install/aruco_rs2:/home/student/aruco_realsense/install/ros2_aruco:/opt/ros/galactic LD_LIBRARY_PATH=/home/student/aruco_realsense/install/realsense2_camera_msgs/lib:/home/student/aruco_realsense/install/ros2_aruco_interfaces/lib:/home/student/aruco_realsense/install/realsense2_camera/lib:/opt/ros/galactic/opt/yaml_cpp_vendor/lib:/opt/ros/galactic/opt/rviz_ogre_vendor/lib:/opt/ros/galactic/lib/x86_64-linux-gnu:/opt/ros/galactic/lib:/usr/local/cuda-11.1/lib64: PYTHONPATH=/home/student/aruco_realsense/install/realsense2_camera_msgs/lib/python3.8/site-packages:/home/student/aruco_realsense/install/aruco_rs2/lib/python3.8/site-packages:/home/student/aruco_realsense/install/ros2_aruco_interfaces/lib/python3.8/site-packages:/home/student/aruco_realsense/install/ros2_aruco/lib/python3.8/site-packages:/opt/ros/galactic/lib/python3.8/site-packages /usr/bin/cmake --install /home/student/aruco_realsense/build/realsense2_camera
[1.259s] Level 1:colcon.colcon_core.environment:create_environment_scripts_only(realsense2_camera)
[1.261s] Level 1:colcon.colcon_core.environment:checking '/home/student/aruco_realsense/install/realsense2_camera' for CMake module files
[1.263s] Level 1:colcon.colcon_core.environment:checking '/home/student/aruco_realsense/install/realsense2_camera' for CMake config files
[1.264s] Level 1:colcon.colcon_core.shell:create_environment_hook('realsense2_camera', 'cmake_prefix_path')
[1.265s] INFO:colcon.colcon_core.shell:Creating environment hook '/home/student/aruco_realsense/install/realsense2_camera/share/realsense2_camera/hook/cmake_prefix_path.ps1'
[1.266s] INFO:colcon.colcon_core.shell:Creating environment descriptor '/home/student/aruco_realsense/install/realsense2_camera/share/realsense2_camera/hook/cmake_prefix_path.dsv'
[1.266s] DEBUG:colcon.colcon_core.event_handler.log_command:Invoked command in '/home/student/aruco_realsense/build/realsense2_camera' returned '0': CMAKE_PREFIX_PATH=/home/student/aruco_realsense/install/realsense2_camera_msgs:/home/student/aruco_realsense/install/aruco_rs:/home/student/aruco_realsense/install/ros2_aruco_interfaces:/home/student/aruco_realsense/install/realsense2_description:/home/student/aruco_realsense/install/realsense2_camera:/home/student/aruco_realsense/install/aruco_rs2:/home/student/aruco_realsense/install/ros2_aruco:/opt/ros/galactic LD_LIBRARY_PATH=/home/student/aruco_realsense/install/realsense2_camera_msgs/lib:/home/student/aruco_realsense/install/ros2_aruco_interfaces/lib:/home/student/aruco_realsense/install/realsense2_camera/lib:/opt/ros/galactic/opt/yaml_cpp_vendor/lib:/opt/ros/galactic/opt/rviz_ogre_vendor/lib:/opt/ros/galactic/lib/x86_64-linux-gnu:/opt/ros/galactic/lib:/usr/local/cuda-11.1/lib64: PYTHONPATH=/home/student/aruco_realsense/install/realsense2_camera_msgs/lib/python3.8/site-packages:/home/student/aruco_realsense/install/aruco_rs2/lib/python3.8/site-packages:/home/student/aruco_realsense/install/ros2_aruco_interfaces/lib/python3.8/site-packages:/home/student/aruco_realsense/install/ros2_aruco/lib/python3.8/site-packages:/opt/ros/galactic/lib/python3.8/site-packages /usr/bin/cmake --install /home/student/aruco_realsense/build/realsense2_camera
[1.267s] INFO:colcon.colcon_core.shell:Creating environment hook '/home/student/aruco_realsense/install/realsense2_camera/share/realsense2_camera/hook/cmake_prefix_path.sh'
[1.267s] Level 1:colcon.colcon_core.environment:checking '/home/student/aruco_realsense/install/realsense2_camera/lib'
[1.267s] Level 1:colcon.colcon_core.shell:create_environment_hook('realsense2_camera', 'ld_library_path_lib')
[1.268s] INFO:colcon.colcon_core.shell:Creating environment hook '/home/student/aruco_realsense/install/realsense2_camera/share/realsense2_camera/hook/ld_library_path_lib.ps1'
[1.269s] INFO:colcon.colcon_core.shell:Creating environment descriptor '/home/student/aruco_realsense/install/realsense2_camera/share/realsense2_camera/hook/ld_library_path_lib.dsv'
[1.269s] INFO:colcon.colcon_core.shell:Creating environment hook '/home/student/aruco_realsense/install/realsense2_camera/share/realsense2_camera/hook/ld_library_path_lib.sh'
[1.269s] Level 1:colcon.colcon_core.environment:checking '/home/student/aruco_realsense/install/realsense2_camera/bin'
[1.269s] Level 1:colcon.colcon_core.environment:checking '/home/student/aruco_realsense/install/realsense2_camera/lib/pkgconfig/realsense2_camera.pc'
[1.270s] Level 1:colcon.colcon_core.environment:checking '/home/student/aruco_realsense/install/realsense2_camera/lib/python3.8/site-packages'
[1.270s] Level 1:colcon.colcon_core.environment:checking '/home/student/aruco_realsense/install/realsense2_camera/bin'
[1.271s] INFO:colcon.colcon_core.shell:Creating package script '/home/student/aruco_realsense/install/realsense2_camera/share/realsense2_camera/package.ps1'
[1.271s] INFO:colcon.colcon_core.shell:Creating package descriptor '/home/student/aruco_realsense/install/realsense2_camera/share/realsense2_camera/package.dsv'
[1.272s] INFO:colcon.colcon_core.shell:Creating package script '/home/student/aruco_realsense/install/realsense2_camera/share/realsense2_camera/package.sh'
[1.272s] INFO:colcon.colcon_core.shell:Creating package script '/home/student/aruco_realsense/install/realsense2_camera/share/realsense2_camera/package.bash'
[1.273s] INFO:colcon.colcon_core.shell:Creating package script '/home/student/aruco_realsense/install/realsense2_camera/share/realsense2_camera/package.zsh'
[1.273s] Level 1:colcon.colcon_core.environment:create_file_with_runtime_dependencies(/home/student/aruco_realsense/install/realsense2_camera/share/colcon-core/packages/realsense2_camera)
[1.306s] Level 1:colcon.colcon_core.environment:create_environment_scripts_only(realsense2_camera)
[1.308s] Level 1:colcon.colcon_core.environment:checking '/home/student/aruco_realsense/install/realsense2_camera' for CMake module files
[1.309s] Level 1:colcon.colcon_core.environment:checking '/home/student/aruco_realsense/install/realsense2_camera' for CMake config files
[1.309s] Level 1:colcon.colcon_core.shell:create_environment_hook('realsense2_camera', 'cmake_prefix_path')
[1.310s] INFO:colcon.colcon_core.shell:Creating environment hook '/home/student/aruco_realsense/install/realsense2_camera/share/realsense2_camera/hook/cmake_prefix_path.ps1'
[1.311s] INFO:colcon.colcon_core.shell:Creating environment descriptor '/home/student/aruco_realsense/install/realsense2_camera/share/realsense2_camera/hook/cmake_prefix_path.dsv'
[1.311s] INFO:colcon.colcon_core.shell:Creating environment hook '/home/student/aruco_realsense/install/realsense2_camera/share/realsense2_camera/hook/cmake_prefix_path.sh'
[1.312s] Level 1:colcon.colcon_core.environment:checking '/home/student/aruco_realsense/install/realsense2_camera/lib'
[1.312s] Level 1:colcon.colcon_core.shell:create_environment_hook('realsense2_camera', 'ld_library_path_lib')
[1.313s] INFO:colcon.colcon_core.shell:Creating environment hook '/home/student/aruco_realsense/install/realsense2_camera/share/realsense2_camera/hook/ld_library_path_lib.ps1'
[1.313s] INFO:colcon.colcon_core.shell:Creating environment descriptor '/home/student/aruco_realsense/install/realsense2_camera/share/realsense2_camera/hook/ld_library_path_lib.dsv'
[1.313s] INFO:colcon.colcon_core.shell:Creating environment hook '/home/student/aruco_realsense/install/realsense2_camera/share/realsense2_camera/hook/ld_library_path_lib.sh'
[1.314s] Level 1:colcon.colcon_core.environment:checking '/home/student/aruco_realsense/install/realsense2_camera/bin'
[1.314s] Level 1:colcon.colcon_core.environment:checking '/home/student/aruco_realsense/install/realsense2_camera/lib/pkgconfig/realsense2_camera.pc'
[1.314s] Level 1:colcon.colcon_core.environment:checking '/home/student/aruco_realsense/install/realsense2_camera/lib/python3.8/site-packages'
[1.314s] Level 1:colcon.colcon_core.environment:checking '/home/student/aruco_realsense/install/realsense2_camera/bin'
[1.315s] INFO:colcon.colcon_core.shell:Creating package script '/home/student/aruco_realsense/install/realsense2_camera/share/realsense2_camera/package.ps1'
[1.316s] INFO:colcon.colcon_core.shell:Creating package descriptor '/home/student/aruco_realsense/install/realsense2_camera/share/realsense2_camera/package.dsv'
[1.316s] INFO:colcon.colcon_core.shell:Creating package script '/home/student/aruco_realsense/install/realsense2_camera/share/realsense2_camera/package.sh'
[1.317s] INFO:colcon.colcon_core.shell:Creating package script '/home/student/aruco_realsense/install/realsense2_camera/share/realsense2_camera/package.bash'
[1.317s] INFO:colcon.colcon_core.shell:Creating package script '/home/student/aruco_realsense/install/realsense2_camera/share/realsense2_camera/package.zsh'
[1.317s] Level 1:colcon.colcon_core.environment:create_file_with_runtime_dependencies(/home/student/aruco_realsense/install/realsense2_camera/share/colcon-core/packages/realsense2_camera)
[1.486s] Level 1:colcon.colcon_core.environment:checking '/home/student/aruco_realsense/install/ros2_aruco' for CMake module files
[1.487s] Level 1:colcon.colcon_core.environment:checking '/home/student/aruco_realsense/install/ros2_aruco' for CMake config files
[1.488s] DEBUG:colcon.colcon_core.event_handler.log_command:Invoked command in '/home/student/aruco_realsense/src/ros2_aruco/ros2_aruco' returned '0': PYTHONPATH=/home/student/aruco_realsense/install/ros2_aruco/lib/python3.8/site-packages:${PYTHONPATH} /usr/bin/python3 setup.py egg_info --egg-base ../../../build/ros2_aruco build --build-base /home/student/aruco_realsense/build/ros2_aruco/build install --prefix /home/student/aruco_realsense/install/ros2_aruco --record /home/student/aruco_realsense/build/ros2_aruco/install.log --single-version-externally-managed
[1.489s] Level 1:colcon.colcon_core.environment:checking '/home/student/aruco_realsense/install/ros2_aruco/lib'
[1.489s] Level 1:colcon.colcon_core.environment:checking '/home/student/aruco_realsense/install/ros2_aruco/bin'
[1.489s] Level 1:colcon.colcon_core.environment:checking '/home/student/aruco_realsense/install/ros2_aruco/lib/pkgconfig/ros2_aruco.pc'
[1.489s] Level 1:colcon.colcon_core.environment:checking '/home/student/aruco_realsense/install/ros2_aruco/lib/python3.8/site-packages'
[1.489s] Level 1:colcon.colcon_core.shell:create_environment_hook('ros2_aruco', 'pythonpath')
[1.491s] INFO:colcon.colcon_core.shell:Creating environment hook '/home/student/aruco_realsense/install/ros2_aruco/share/ros2_aruco/hook/pythonpath.ps1'
[1.491s] INFO:colcon.colcon_core.shell:Creating environment descriptor '/home/student/aruco_realsense/install/ros2_aruco/share/ros2_aruco/hook/pythonpath.dsv'
[1.492s] INFO:colcon.colcon_core.shell:Creating environment hook '/home/student/aruco_realsense/install/ros2_aruco/share/ros2_aruco/hook/pythonpath.sh'
[1.492s] Level 1:colcon.colcon_core.environment:checking '/home/student/aruco_realsense/install/ros2_aruco/bin'
[1.492s] Level 1:colcon.colcon_core.environment:create_environment_scripts_only(ros2_aruco)
[1.493s] INFO:colcon.colcon_core.shell:Creating package script '/home/student/aruco_realsense/install/ros2_aruco/share/ros2_aruco/package.ps1'
[1.494s] INFO:colcon.colcon_core.shell:Creating package descriptor '/home/student/aruco_realsense/install/ros2_aruco/share/ros2_aruco/package.dsv'
[1.494s] INFO:colcon.colcon_core.shell:Creating package script '/home/student/aruco_realsense/install/ros2_aruco/share/ros2_aruco/package.sh'
[1.494s] INFO:colcon.colcon_core.shell:Creating package script '/home/student/aruco_realsense/install/ros2_aruco/share/ros2_aruco/package.bash'
[1.495s] INFO:colcon.colcon_core.shell:Creating package script '/home/student/aruco_realsense/install/ros2_aruco/share/ros2_aruco/package.zsh'
[1.495s] Level 1:colcon.colcon_core.environment:create_file_with_runtime_dependencies(/home/student/aruco_realsense/install/ros2_aruco/share/colcon-core/packages/ros2_aruco)
[1.521s] Level 1:colcon.colcon_core.environment:checking '/home/student/aruco_realsense/install/aruco_rs2' for CMake module files
[1.521s] DEBUG:colcon.colcon_core.event_handler.log_command:Invoked command in '/home/student/aruco_realsense/src/aruco_rs2' returned '0': PYTHONPATH=/home/student/aruco_realsense/install/aruco_rs2/lib/python3.8/site-packages:${PYTHONPATH} /usr/bin/python3 setup.py egg_info --egg-base ../../build/aruco_rs2 build --build-base /home/student/aruco_realsense/build/aruco_rs2/build install --prefix /home/student/aruco_realsense/install/aruco_rs2 --record /home/student/aruco_realsense/build/aruco_rs2/install.log --single-version-externally-managed
[1.521s] Level 1:colcon.colcon_core.environment:checking '/home/student/aruco_realsense/install/aruco_rs2' for CMake config files
[1.522s] Level 1:colcon.colcon_core.environment:checking '/home/student/aruco_realsense/install/aruco_rs2/lib'
[1.522s] Level 1:colcon.colcon_core.environment:checking '/home/student/aruco_realsense/install/aruco_rs2/bin'
[1.522s] Level 1:colcon.colcon_core.environment:checking '/home/student/aruco_realsense/install/aruco_rs2/lib/pkgconfig/aruco_rs2.pc'
[1.522s] Level 1:colcon.colcon_core.environment:checking '/home/student/aruco_realsense/install/aruco_rs2/lib/python3.8/site-packages'
[1.522s] Level 1:colcon.colcon_core.shell:create_environment_hook('aruco_rs2', 'pythonpath')
[1.523s] INFO:colcon.colcon_core.shell:Creating environment hook '/home/student/aruco_realsense/install/aruco_rs2/share/aruco_rs2/hook/pythonpath.ps1'
[1.523s] INFO:colcon.colcon_core.shell:Creating environment descriptor '/home/student/aruco_realsense/install/aruco_rs2/share/aruco_rs2/hook/pythonpath.dsv'
[1.524s] INFO:colcon.colcon_core.shell:Creating environment hook '/home/student/aruco_realsense/install/aruco_rs2/share/aruco_rs2/hook/pythonpath.sh'
[1.524s] Level 1:colcon.colcon_core.environment:checking '/home/student/aruco_realsense/install/aruco_rs2/bin'
[1.524s] Level 1:colcon.colcon_core.environment:create_environment_scripts_only(aruco_rs2)
[1.525s] INFO:colcon.colcon_core.shell:Creating package script '/home/student/aruco_realsense/install/aruco_rs2/share/aruco_rs2/package.ps1'
[1.526s] INFO:colcon.colcon_core.shell:Creating package descriptor '/home/student/aruco_realsense/install/aruco_rs2/share/aruco_rs2/package.dsv'
[1.526s] INFO:colcon.colcon_core.shell:Creating package script '/home/student/aruco_realsense/install/aruco_rs2/share/aruco_rs2/package.sh'
[1.526s] INFO:colcon.colcon_core.shell:Creating package script '/home/student/aruco_realsense/install/aruco_rs2/share/aruco_rs2/package.bash'
[1.527s] INFO:colcon.colcon_core.shell:Creating package script '/home/student/aruco_realsense/install/aruco_rs2/share/aruco_rs2/package.zsh'
[1.527s] Level 1:colcon.colcon_core.environment:create_file_with_runtime_dependencies(/home/student/aruco_realsense/install/aruco_rs2/share/colcon-core/packages/aruco_rs2)
[1.527s] DEBUG:colcon.colcon_parallel_executor.executor.parallel:closing loop
[1.527s] DEBUG:colcon.colcon_parallel_executor.executor.parallel:loop closed
[1.527s] DEBUG:colcon.colcon_parallel_executor.executor.parallel:run_until_complete finished with '0'
[1.527s] DEBUG:colcon.colcon_core.event_reactor:joining thread
[1.534s] INFO:colcon.colcon_core.plugin_system:Skipping extension 'colcon_notification.desktop_notification.terminal_notifier': Not used on non-Darwin systems
[1.534s] INFO:colcon.colcon_core.plugin_system:Skipping extension 'colcon_notification.desktop_notification.win32': Not used on non-Windows systems
[1.534s] INFO:colcon.colcon_notification.desktop_notification:Sending desktop notification using 'notify2'
[1.545s] DEBUG:colcon.colcon_core.event_reactor:joined thread
[1.546s] INFO:colcon.colcon_core.shell:Creating prefix script '/home/student/aruco_realsense/install/local_setup.ps1'
[1.547s] INFO:colcon.colcon_core.shell:Creating prefix util module '/home/student/aruco_realsense/install/_local_setup_util_ps1.py'
[1.548s] INFO:colcon.colcon_core.shell:Creating prefix chain script '/home/student/aruco_realsense/install/setup.ps1'
[1.549s] INFO:colcon.colcon_core.shell:Creating prefix script '/home/student/aruco_realsense/install/local_setup.sh'
[1.550s] INFO:colcon.colcon_core.shell:Creating prefix util module '/home/student/aruco_realsense/install/_local_setup_util_sh.py'
[1.550s] INFO:colcon.colcon_core.shell:Creating prefix chain script '/home/student/aruco_realsense/install/setup.sh'
[1.551s] INFO:colcon.colcon_core.shell:Creating prefix script '/home/student/aruco_realsense/install/local_setup.bash'
[1.551s] INFO:colcon.colcon_core.shell:Creating prefix chain script '/home/student/aruco_realsense/install/setup.bash'
[1.553s] INFO:colcon.colcon_core.shell:Creating prefix script '/home/student/aruco_realsense/install/local_setup.zsh'
[1.553s] INFO:colcon.colcon_core.shell:Creating prefix chain script '/home/student/aruco_realsense/install/setup.zsh'
