[0.035s] Invoking command in '/home/student/aruco_realsense/build/ur_description': /usr/bin/cmake /home/student/aruco_realsense/src/Universal_Robots_ROS2_Description -DCMAKE_INSTALL_PREFIX=/home/student/aruco_realsense/install/ur_description
[0.447s] -- The C compiler identification is GNU 9.4.0
[0.448s] -- The CXX compiler identification is GNU 9.4.0
[0.449s] -- Check for working C compiler: /usr/bin/cc
[0.458s] -- Check for working C compiler: /usr/bin/cc -- works
[0.458s] -- Detecting C compiler ABI info
[0.531s] -- Detecting C compiler ABI info - done
[0.543s] -- Detecting C compile features
[0.544s] -- Detecting C compile features - done
[0.547s] -- Check for working CXX compiler: /usr/bin/c++
[0.624s] -- Check for working CXX compiler: /usr/bin/c++ -- works
[0.625s] -- Detecting CXX compiler ABI info
[0.705s] -- Detecting CXX compiler ABI info - done
[0.726s] -- Detecting CXX compile features
[0.727s] -- Detecting CXX compile features - done
[0.743s] CMake Error at CMakeLists.txt:4 (find_package):
[0.744s]   By not providing "Findament_cmake.cmake" in CMAKE_MODULE_PATH this project
[0.744s]   has asked CMake to find a package configuration file provided by
[0.744s]   "ament_cmake", but CMake did not find one.
[0.744s] 
[0.744s]   Could not find a package configuration file provided by "ament_cmake" with
[0.744s]   any of the following names:
[0.744s] 
[0.744s]     ament_cmakeConfig.cmake
[0.744s]     ament_cmake-config.cmake
[0.744s] 
[0.745s]   Add the installation prefix of "ament_cmake" to CMAKE_PREFIX_PATH or set
[0.745s]   "ament_cmake_DIR" to a directory containing one of the above files.  If
[0.745s]   "ament_cmake" provides a separate development package or SDK, be sure it
[0.745s]   has been installed.
[0.745s] 
[0.745s] 
[0.745s] -- Configuring incomplete, errors occurred!
[0.745s] See also "/home/student/aruco_realsense/build/ur_description/CMakeFiles/CMakeOutput.log".
[0.749s] Invoked command in '/home/student/aruco_realsense/build/ur_description' returned '1': /usr/bin/cmake /home/student/aruco_realsense/src/Universal_Robots_ROS2_Description -DCMAKE_INSTALL_PREFIX=/home/student/aruco_realsense/install/ur_description
